[2026-06-21T21:58:25.704+0000] {local_task_job_runner.py:123} INFO - ::group::Pre task execution logs
[2026-06-21T21:58:25.762+0000] {taskinstance.py:2614} INFO - Dependencies all met for dep_context=non-requeueable deps ti=<TaskInstance: demo_tmp_celery_bug.write_4 manual__2026-06-21T21:57:48.803111+00:00 [queued]>
[2026-06-21T21:58:25.801+0000] {taskinstance.py:2614} INFO - Dependencies all met for dep_context=requeueable deps ti=<TaskInstance: demo_tmp_celery_bug.write_4 manual__2026-06-21T21:57:48.803111+00:00 [queued]>
[2026-06-21T21:58:25.805+0000] {taskinstance.py:2867} INFO - Starting attempt 1 of 1
[2026-06-21T21:58:25.888+0000] {taskinstance.py:2890} INFO - Executing <Task(PythonOperator): write_4> on 2026-06-21 21:57:48.803111+00:00
[2026-06-21T21:58:25.928+0000] {warnings.py:112} WARNING - /home/***/.local/lib/python3.12/site-packages/***/task/task_runner/standard_task_runner.py:70: DeprecationWarning: This process (pid=681) is multi-threaded, use of fork() may lead to deadlocks in the child.
  pid = os.fork()

[2026-06-21T21:58:25.942+0000] {standard_task_runner.py:72} INFO - Started process 695 to run task
[2026-06-21T21:58:25.948+0000] {standard_task_runner.py:104} INFO - Running: ['***', 'tasks', 'run', 'demo_tmp_celery_bug', 'write_4', 'manual__2026-06-21T21:57:48.803111+00:00', '--job-id', '356', '--raw', '--subdir', 'DAGS_FOLDER/demo_tmp_celery_bug.py', '--cfg-path', '/tmp/tmp9l1hxepr']
[2026-06-21T21:58:25.961+0000] {standard_task_runner.py:105} INFO - Job 356: Subtask write_4
[2026-06-21T21:58:26.296+0000] {task_command.py:467} INFO - Running <TaskInstance: demo_tmp_celery_bug.write_4 manual__2026-06-21T21:57:48.803111+00:00 [running]> on host 3f8339d18026
[2026-06-21T21:58:26.987+0000] {taskinstance.py:3134} INFO - Exporting env vars: AIRFLOW_CTX_DAG_OWNER='***' AIRFLOW_CTX_DAG_ID='demo_tmp_celery_bug' AIRFLOW_CTX_TASK_ID='write_4' AIRFLOW_CTX_EXECUTION_DATE='2026-06-21T21:57:48.803111+00:00' AIRFLOW_CTX_TRY_NUMBER='1' AIRFLOW_CTX_DAG_RUN_ID='manual__2026-06-21T21:57:48.803111+00:00'
[2026-06-21T21:58:27.001+0000] {taskinstance.py:732} INFO - ::endgroup::
[2026-06-21T21:58:27.228+0000] {logging_mixin.py:190} INFO - ======================================================================
[2026-06-21T21:58:27.232+0000] {logging_mixin.py:190} INFO - [WRITE 4] Arquivo criado em: /tmp/celery_demo/data_4.txt
[2026-06-21T21:58:27.235+0000] {logging_mixin.py:190} INFO - [WRITE 4] ESTE WORKER -> hostname=3f8339d18026 pid=695
[2026-06-21T21:58:27.247+0000] {logging_mixin.py:190} INFO - ======================================================================
[2026-06-21T21:58:27.255+0000] {logging_mixin.py:190} INFO - [WRITE 4] Se a read_4 cair em OUTRO worker, ela NÃO vai encontrar este arquivo.
[2026-06-21T21:58:27.265+0000] {python.py:240} INFO - Done. Returned value was: None
[2026-06-21T21:58:27.364+0000] {taskinstance.py:341} INFO - ::group::Post task execution logs
[2026-06-21T21:58:27.378+0000] {taskinstance.py:353} INFO - Marking task as SUCCESS. dag_id=demo_tmp_celery_bug, task_id=write_4, run_id=manual__2026-06-21T21:57:48.803111+00:00, execution_date=20260621T215748, start_date=20260621T215825, end_date=20260621T215827
[2026-06-21T21:58:27.830+0000] {local_task_job_runner.py:266} INFO - Task exited with return code 0
[2026-06-21T21:58:27.924+0000] {local_task_job_runner.py:245} INFO - ::endgroup::
