[2026-06-21T22:01:47.505+0000] {local_task_job_runner.py:123} INFO - ::group::Pre task execution logs
[2026-06-21T22:01:47.533+0000] {taskinstance.py:2614} INFO - Dependencies all met for dep_context=non-requeueable deps ti=<TaskInstance: demo_tmp_celery_bug.write_4 manual__2026-06-21T22:01:45.763339+00:00 [queued]>
[2026-06-21T22:01:47.548+0000] {taskinstance.py:2614} INFO - Dependencies all met for dep_context=requeueable deps ti=<TaskInstance: demo_tmp_celery_bug.write_4 manual__2026-06-21T22:01:45.763339+00:00 [queued]>
[2026-06-21T22:01:47.551+0000] {taskinstance.py:2867} INFO - Starting attempt 1 of 1
[2026-06-21T22:01:47.578+0000] {taskinstance.py:2890} INFO - Executing <Task(PythonOperator): write_4> on 2026-06-21 22:01:45.763339+00:00
[2026-06-21T22:01:47.601+0000] {warnings.py:112} WARNING - /home/***/.local/lib/python3.12/site-packages/***/task/task_runner/standard_task_runner.py:70: DeprecationWarning: This process (pid=225) is multi-threaded, use of fork() may lead to deadlocks in the child.
  pid = os.fork()

[2026-06-21T22:01:47.605+0000] {standard_task_runner.py:72} INFO - Started process 240 to run task
[2026-06-21T22:01:47.610+0000] {standard_task_runner.py:104} INFO - Running: ['***', 'tasks', 'run', 'demo_tmp_celery_bug', 'write_4', 'manual__2026-06-21T22:01:45.763339+00:00', '--job-id', '595', '--raw', '--subdir', 'DAGS_FOLDER/demo_tmp_celery_bug.py', '--cfg-path', '/tmp/tmpoog0ico_']
[2026-06-21T22:01:47.618+0000] {standard_task_runner.py:105} INFO - Job 595: Subtask write_4
[2026-06-21T22:01:47.719+0000] {task_command.py:467} INFO - Running <TaskInstance: demo_tmp_celery_bug.write_4 manual__2026-06-21T22:01:45.763339+00:00 [running]> on host 3f8339d18026
[2026-06-21T22:01:47.870+0000] {taskinstance.py:3134} INFO - Exporting env vars: AIRFLOW_CTX_DAG_OWNER='***' AIRFLOW_CTX_DAG_ID='demo_tmp_celery_bug' AIRFLOW_CTX_TASK_ID='write_4' AIRFLOW_CTX_EXECUTION_DATE='2026-06-21T22:01:45.763339+00:00' AIRFLOW_CTX_TRY_NUMBER='1' AIRFLOW_CTX_DAG_RUN_ID='manual__2026-06-21T22:01:45.763339+00:00'
[2026-06-21T22:01:47.872+0000] {taskinstance.py:732} INFO - ::endgroup::
[2026-06-21T22:01:47.895+0000] {logging_mixin.py:190} INFO - ======================================================================
[2026-06-21T22:01:47.896+0000] {logging_mixin.py:190} INFO - [WRITE 4] Arquivo criado em: /tmp/celery_demo/data_4.txt
[2026-06-21T22:01:47.897+0000] {logging_mixin.py:190} INFO - [WRITE 4] ESTE WORKER -> hostname=3f8339d18026 pid=240
[2026-06-21T22:01:47.898+0000] {logging_mixin.py:190} INFO - ======================================================================
[2026-06-21T22:01:47.899+0000] {logging_mixin.py:190} INFO - [WRITE 4] Se a read_4 cair em OUTRO worker, ela NÃO vai encontrar este arquivo.
[2026-06-21T22:01:47.901+0000] {python.py:240} INFO - Done. Returned value was: None
[2026-06-21T22:01:47.914+0000] {taskinstance.py:341} INFO - ::group::Post task execution logs
[2026-06-21T22:01:47.916+0000] {taskinstance.py:353} INFO - Marking task as SUCCESS. dag_id=demo_tmp_celery_bug, task_id=write_4, run_id=manual__2026-06-21T22:01:45.763339+00:00, execution_date=20260621T220145, start_date=20260621T220147, end_date=20260621T220147
[2026-06-21T22:01:47.996+0000] {local_task_job_runner.py:266} INFO - Task exited with return code 0
[2026-06-21T22:01:48.080+0000] {taskinstance.py:3901} INFO - 1 downstream tasks scheduled from follow-on schedule check
[2026-06-21T22:01:48.084+0000] {local_task_job_runner.py:245} INFO - ::endgroup::
