[2026-06-21T21:58:57.823+0000] {local_task_job_runner.py:123} INFO - ::group::Pre task execution logs
[2026-06-21T21:58:57.957+0000] {taskinstance.py:2614} INFO - Dependencies all met for dep_context=non-requeueable deps ti=<TaskInstance: demo_tmp_celery_bug.write_3 manual__2026-06-21T21:57:50.225100+00:00 [queued]>
[2026-06-21T21:58:58.002+0000] {taskinstance.py:2614} INFO - Dependencies all met for dep_context=requeueable deps ti=<TaskInstance: demo_tmp_celery_bug.write_3 manual__2026-06-21T21:57:50.225100+00:00 [queued]>
[2026-06-21T21:58:58.006+0000] {taskinstance.py:2867} INFO - Starting attempt 1 of 1
[2026-06-21T21:58:58.061+0000] {taskinstance.py:2890} INFO - Executing <Task(PythonOperator): write_3> on 2026-06-21 21:57:50.225100+00:00
[2026-06-21T21:58:58.210+0000] {standard_task_runner.py:104} INFO - Running: ['***', 'tasks', 'run', 'demo_tmp_celery_bug', 'write_3', 'manual__2026-06-21T21:57:50.225100+00:00', '--job-id', '442', '--raw', '--subdir', 'DAGS_FOLDER/demo_tmp_celery_bug.py', '--cfg-path', '/tmp/tmp3wq2qhav']
[2026-06-21T21:58:58.229+0000] {standard_task_runner.py:105} INFO - Job 442: Subtask write_3
[2026-06-21T21:58:58.250+0000] {warnings.py:112} WARNING - /home/***/.local/lib/python3.12/site-packages/***/task/task_runner/standard_task_runner.py:70: DeprecationWarning: This process (pid=825) is multi-threaded, use of fork() may lead to deadlocks in the child.
  pid = os.fork()

[2026-06-21T21:58:58.293+0000] {standard_task_runner.py:72} INFO - Started process 839 to run task
[2026-06-21T21:58:58.679+0000] {task_command.py:467} INFO - Running <TaskInstance: demo_tmp_celery_bug.write_3 manual__2026-06-21T21:57:50.225100+00:00 [running]> on host 3f8339d18026
[2026-06-21T21:59:00.104+0000] {taskinstance.py:3134} INFO - Exporting env vars: AIRFLOW_CTX_DAG_OWNER='***' AIRFLOW_CTX_DAG_ID='demo_tmp_celery_bug' AIRFLOW_CTX_TASK_ID='write_3' AIRFLOW_CTX_EXECUTION_DATE='2026-06-21T21:57:50.225100+00:00' AIRFLOW_CTX_TRY_NUMBER='1' AIRFLOW_CTX_DAG_RUN_ID='manual__2026-06-21T21:57:50.225100+00:00'
[2026-06-21T21:59:00.118+0000] {taskinstance.py:732} INFO - ::endgroup::
[2026-06-21T21:59:00.252+0000] {logging_mixin.py:190} INFO - ======================================================================
[2026-06-21T21:59:00.266+0000] {logging_mixin.py:190} INFO - [WRITE 3] Arquivo criado em: /tmp/celery_demo/data_3.txt
[2026-06-21T21:59:00.280+0000] {logging_mixin.py:190} INFO - [WRITE 3] ESTE WORKER -> hostname=3f8339d18026 pid=839
[2026-06-21T21:59:00.296+0000] {logging_mixin.py:190} INFO - ======================================================================
[2026-06-21T21:59:00.300+0000] {logging_mixin.py:190} INFO - [WRITE 3] Se a read_3 cair em OUTRO worker, ela NÃO vai encontrar este arquivo.
[2026-06-21T21:59:00.302+0000] {python.py:240} INFO - Done. Returned value was: None
[2026-06-21T21:59:00.373+0000] {taskinstance.py:341} INFO - ::group::Post task execution logs
[2026-06-21T21:59:00.381+0000] {taskinstance.py:353} INFO - Marking task as SUCCESS. dag_id=demo_tmp_celery_bug, task_id=write_3, run_id=manual__2026-06-21T21:57:50.225100+00:00, execution_date=20260621T215750, start_date=20260621T215857, end_date=20260621T215900
[2026-06-21T21:59:00.765+0000] {local_task_job_runner.py:266} INFO - Task exited with return code 0
[2026-06-21T21:59:01.009+0000] {taskinstance.py:3901} INFO - 1 downstream tasks scheduled from follow-on schedule check
[2026-06-21T21:59:01.033+0000] {local_task_job_runner.py:245} INFO - ::endgroup::
