[2026-06-21T21:57:47.842+0000] {local_task_job_runner.py:123} INFO - ::group::Pre task execution logs
[2026-06-21T21:57:47.977+0000] {taskinstance.py:2614} INFO - Dependencies all met for dep_context=non-requeueable deps ti=<TaskInstance: demo_tmp_celery_bug.read_2 manual__2026-06-21T21:57:41.492403+00:00 [queued]>
[2026-06-21T21:57:48.058+0000] {taskinstance.py:2614} INFO - Dependencies all met for dep_context=requeueable deps ti=<TaskInstance: demo_tmp_celery_bug.read_2 manual__2026-06-21T21:57:41.492403+00:00 [queued]>
[2026-06-21T21:57:48.063+0000] {taskinstance.py:2867} INFO - Starting attempt 1 of 1
[2026-06-21T21:57:48.187+0000] {taskinstance.py:2890} INFO - Executing <Task(PythonOperator): read_2> on 2026-06-21 21:57:41.492403+00:00
[2026-06-21T21:57:48.219+0000] {warnings.py:112} WARNING - /home/***/.local/lib/python3.12/site-packages/***/task/task_runner/standard_task_runner.py:70: DeprecationWarning: This process (pid=557) is multi-threaded, use of fork() may lead to deadlocks in the child.
  pid = os.fork()

[2026-06-21T21:57:48.236+0000] {standard_task_runner.py:72} INFO - Started process 558 to run task
[2026-06-21T21:57:48.245+0000] {standard_task_runner.py:104} INFO - Running: ['***', 'tasks', 'run', 'demo_tmp_celery_bug', 'read_2', 'manual__2026-06-21T21:57:41.492403+00:00', '--job-id', '262', '--raw', '--subdir', 'DAGS_FOLDER/demo_tmp_celery_bug.py', '--cfg-path', '/tmp/tmp13oovi6r']
[2026-06-21T21:57:48.293+0000] {standard_task_runner.py:105} INFO - Job 262: Subtask read_2
[2026-06-21T21:57:48.634+0000] {task_command.py:467} INFO - Running <TaskInstance: demo_tmp_celery_bug.read_2 manual__2026-06-21T21:57:41.492403+00:00 [running]> on host 3f8339d18026
[2026-06-21T21:57:49.335+0000] {taskinstance.py:3134} INFO - Exporting env vars: AIRFLOW_CTX_DAG_OWNER='***' AIRFLOW_CTX_DAG_ID='demo_tmp_celery_bug' AIRFLOW_CTX_TASK_ID='read_2' AIRFLOW_CTX_EXECUTION_DATE='2026-06-21T21:57:41.492403+00:00' AIRFLOW_CTX_TRY_NUMBER='1' AIRFLOW_CTX_DAG_RUN_ID='manual__2026-06-21T21:57:41.492403+00:00'
[2026-06-21T21:57:49.345+0000] {taskinstance.py:732} INFO - ::endgroup::
[2026-06-21T21:57:49.418+0000] {logging_mixin.py:190} INFO - ======================================================================
[2026-06-21T21:57:49.421+0000] {logging_mixin.py:190} INFO - [READ 2] ESTE WORKER -> hostname=3f8339d18026 pid=558
[2026-06-21T21:57:49.424+0000] {logging_mixin.py:190} INFO - [READ 2] Procurando arquivo: /tmp/celery_demo/data_2.txt
[2026-06-21T21:57:49.429+0000] {logging_mixin.py:190} INFO - ======================================================================
[2026-06-21T21:57:49.432+0000] {logging_mixin.py:190} INFO - [READ 2] SUCESSO — arquivo encontrado neste worker.
[2026-06-21T21:57:49.439+0000] {logging_mixin.py:190} INFO - [READ 2] Conteúdo: Arquivo 2 escrito por: hostname=3f8339d18026 pid=548
[2026-06-21T21:57:49.441+0000] {logging_mixin.py:190} INFO - [READ 2] (write e read caíram no MESMO worker desta vez — por isso funcionou)
[2026-06-21T21:57:49.447+0000] {python.py:240} INFO - Done. Returned value was: None
[2026-06-21T21:57:49.512+0000] {taskinstance.py:341} INFO - ::group::Post task execution logs
[2026-06-21T21:57:49.518+0000] {taskinstance.py:353} INFO - Marking task as SUCCESS. dag_id=demo_tmp_celery_bug, task_id=read_2, run_id=manual__2026-06-21T21:57:41.492403+00:00, execution_date=20260621T215741, start_date=20260621T215747, end_date=20260621T215749
[2026-06-21T21:57:49.778+0000] {local_task_job_runner.py:266} INFO - Task exited with return code 0
[2026-06-21T21:57:49.927+0000] {taskinstance.py:3901} INFO - 0 downstream tasks scheduled from follow-on schedule check
[2026-06-21T21:57:49.958+0000] {local_task_job_runner.py:245} INFO - ::endgroup::
