[2026-06-21T22:00:13.158+0000] {local_task_job_runner.py:123} INFO - ::group::Pre task execution logs
[2026-06-21T22:00:13.205+0000] {taskinstance.py:2614} INFO - Dependencies all met for dep_context=non-requeueable deps ti=<TaskInstance: demo_tmp_celery_bug.read_1 manual__2026-06-21T21:57:48.663765+00:00 [queued]>
[2026-06-21T22:00:13.225+0000] {taskinstance.py:2614} INFO - Dependencies all met for dep_context=requeueable deps ti=<TaskInstance: demo_tmp_celery_bug.read_1 manual__2026-06-21T21:57:48.663765+00:00 [queued]>
[2026-06-21T22:00:13.230+0000] {taskinstance.py:2867} INFO - Starting attempt 1 of 1
[2026-06-21T22:00:13.254+0000] {taskinstance.py:2890} INFO - Executing <Task(PythonOperator): read_1> on 2026-06-21 21:57:48.663765+00:00
[2026-06-21T22:00:13.266+0000] {standard_task_runner.py:104} INFO - Running: ['***', 'tasks', 'run', 'demo_tmp_celery_bug', 'read_1', 'manual__2026-06-21T21:57:48.663765+00:00', '--job-id', '513', '--raw', '--subdir', 'DAGS_FOLDER/demo_tmp_celery_bug.py', '--cfg-path', '/tmp/tmpga6e4u0_']
[2026-06-21T22:00:13.263+0000] {warnings.py:112} WARNING - /home/***/.local/lib/python3.12/site-packages/***/task/task_runner/standard_task_runner.py:70: DeprecationWarning: This process (pid=85) is multi-threaded, use of fork() may lead to deadlocks in the child.
  pid = os.fork()

[2026-06-21T22:00:13.269+0000] {standard_task_runner.py:105} INFO - Job 513: Subtask read_1
[2026-06-21T22:00:13.269+0000] {standard_task_runner.py:72} INFO - Started process 92 to run task
[2026-06-21T22:00:13.361+0000] {task_command.py:467} INFO - Running <TaskInstance: demo_tmp_celery_bug.read_1 manual__2026-06-21T21:57:48.663765+00:00 [running]> on host 3f8339d18026
[2026-06-21T22:00:13.502+0000] {taskinstance.py:3134} INFO - Exporting env vars: AIRFLOW_CTX_DAG_OWNER='***' AIRFLOW_CTX_DAG_ID='demo_tmp_celery_bug' AIRFLOW_CTX_TASK_ID='read_1' AIRFLOW_CTX_EXECUTION_DATE='2026-06-21T21:57:48.663765+00:00' AIRFLOW_CTX_TRY_NUMBER='1' AIRFLOW_CTX_DAG_RUN_ID='manual__2026-06-21T21:57:48.663765+00:00'
[2026-06-21T22:00:13.508+0000] {taskinstance.py:732} INFO - ::endgroup::
[2026-06-21T22:00:13.534+0000] {logging_mixin.py:190} INFO - ======================================================================
[2026-06-21T22:00:13.537+0000] {logging_mixin.py:190} INFO - [READ 1] ESTE WORKER -> hostname=3f8339d18026 pid=92
[2026-06-21T22:00:13.538+0000] {logging_mixin.py:190} INFO - [READ 1] Procurando arquivo: /tmp/celery_demo/data_1.txt
[2026-06-21T22:00:13.539+0000] {logging_mixin.py:190} INFO - ======================================================================
[2026-06-21T22:00:13.541+0000] {logging_mixin.py:190} INFO - [READ 1] SUCESSO — arquivo encontrado neste worker.
[2026-06-21T22:00:13.542+0000] {logging_mixin.py:190} INFO - [READ 1] Conteúdo: Arquivo 1 escrito por: hostname=3f8339d18026 pid=890
[2026-06-21T22:00:13.544+0000] {logging_mixin.py:190} INFO - [READ 1] (write e read caíram no MESMO worker desta vez — por isso funcionou)
[2026-06-21T22:00:13.545+0000] {python.py:240} INFO - Done. Returned value was: None
[2026-06-21T22:00:13.562+0000] {taskinstance.py:341} INFO - ::group::Post task execution logs
[2026-06-21T22:00:13.563+0000] {taskinstance.py:353} INFO - Marking task as SUCCESS. dag_id=demo_tmp_celery_bug, task_id=read_1, run_id=manual__2026-06-21T21:57:48.663765+00:00, execution_date=20260621T215748, start_date=20260621T220013, end_date=20260621T220013
[2026-06-21T22:00:13.609+0000] {local_task_job_runner.py:266} INFO - Task exited with return code 0
[2026-06-21T22:00:13.631+0000] {taskinstance.py:3901} INFO - 0 downstream tasks scheduled from follow-on schedule check
[2026-06-21T22:00:13.635+0000] {local_task_job_runner.py:245} INFO - ::endgroup::
