[2026-06-21T21:59:01.835+0000] {local_task_job_runner.py:123} INFO - ::group::Pre task execution logs
[2026-06-21T21:59:02.005+0000] {taskinstance.py:2614} INFO - Dependencies all met for dep_context=non-requeueable deps ti=<TaskInstance: demo_tmp_celery_bug.read_4 manual__2026-06-21T21:57:46.546020+00:00 [queued]>
[2026-06-21T21:59:02.071+0000] {taskinstance.py:2614} INFO - Dependencies all met for dep_context=requeueable deps ti=<TaskInstance: demo_tmp_celery_bug.read_4 manual__2026-06-21T21:57:46.546020+00:00 [queued]>
[2026-06-21T21:59:02.077+0000] {taskinstance.py:2867} INFO - Starting attempt 1 of 1
[2026-06-21T21:59:02.175+0000] {taskinstance.py:2890} INFO - Executing <Task(PythonOperator): read_4> on 2026-06-21 21:57:46.546020+00:00
[2026-06-21T21:59:02.198+0000] {warnings.py:112} WARNING - /home/***/.local/lib/python3.12/site-packages/***/task/task_runner/standard_task_runner.py:70: DeprecationWarning: This process (pid=843) is multi-threaded, use of fork() may lead to deadlocks in the child.
  pid = os.fork()

[2026-06-21T21:59:02.206+0000] {standard_task_runner.py:72} INFO - Started process 856 to run task
[2026-06-21T21:59:02.209+0000] {standard_task_runner.py:104} INFO - Running: ['***', 'tasks', 'run', 'demo_tmp_celery_bug', 'read_4', 'manual__2026-06-21T21:57:46.546020+00:00', '--job-id', '453', '--raw', '--subdir', 'DAGS_FOLDER/demo_tmp_celery_bug.py', '--cfg-path', '/tmp/tmpoe1zqweo']
[2026-06-21T21:59:02.221+0000] {standard_task_runner.py:105} INFO - Job 453: Subtask read_4
[2026-06-21T21:59:02.595+0000] {task_command.py:467} INFO - Running <TaskInstance: demo_tmp_celery_bug.read_4 manual__2026-06-21T21:57:46.546020+00:00 [running]> on host 3f8339d18026
[2026-06-21T21:59:03.252+0000] {taskinstance.py:3134} INFO - Exporting env vars: AIRFLOW_CTX_DAG_OWNER='***' AIRFLOW_CTX_DAG_ID='demo_tmp_celery_bug' AIRFLOW_CTX_TASK_ID='read_4' AIRFLOW_CTX_EXECUTION_DATE='2026-06-21T21:57:46.546020+00:00' AIRFLOW_CTX_TRY_NUMBER='1' AIRFLOW_CTX_DAG_RUN_ID='manual__2026-06-21T21:57:46.546020+00:00'
[2026-06-21T21:59:03.257+0000] {taskinstance.py:732} INFO - ::endgroup::
[2026-06-21T21:59:03.366+0000] {logging_mixin.py:190} INFO - ======================================================================
[2026-06-21T21:59:03.384+0000] {logging_mixin.py:190} INFO - [READ 4] ESTE WORKER -> hostname=3f8339d18026 pid=856
[2026-06-21T21:59:03.386+0000] {logging_mixin.py:190} INFO - [READ 4] Procurando arquivo: /tmp/celery_demo/data_4.txt
[2026-06-21T21:59:03.388+0000] {logging_mixin.py:190} INFO - ======================================================================
[2026-06-21T21:59:03.392+0000] {logging_mixin.py:190} INFO - [READ 4] SUCESSO — arquivo encontrado neste worker.
[2026-06-21T21:59:03.399+0000] {logging_mixin.py:190} INFO - [READ 4] Conteúdo: Arquivo 4 escrito por: hostname=3f8339d18026 pid=840
[2026-06-21T21:59:03.403+0000] {logging_mixin.py:190} INFO - [READ 4] (write e read caíram no MESMO worker desta vez — por isso funcionou)
[2026-06-21T21:59:03.408+0000] {python.py:240} INFO - Done. Returned value was: None
[2026-06-21T21:59:03.469+0000] {taskinstance.py:341} INFO - ::group::Post task execution logs
[2026-06-21T21:59:03.480+0000] {taskinstance.py:353} INFO - Marking task as SUCCESS. dag_id=demo_tmp_celery_bug, task_id=read_4, run_id=manual__2026-06-21T21:57:46.546020+00:00, execution_date=20260621T215746, start_date=20260621T215902, end_date=20260621T215903
[2026-06-21T21:59:03.816+0000] {local_task_job_runner.py:266} INFO - Task exited with return code 0
[2026-06-21T21:59:03.896+0000] {local_task_job_runner.py:245} INFO - ::endgroup::
