[2026-06-21T21:57:31.526+0000] {local_task_job_runner.py:123} INFO - ::group::Pre task execution logs
[2026-06-21T21:57:31.599+0000] {taskinstance.py:2614} INFO - Dependencies all met for dep_context=non-requeueable deps ti=<TaskInstance: demo_tmp_celery_bug.read_1 manual__2026-06-21T21:57:26.701171+00:00 [queued]>
[2026-06-21T21:57:31.636+0000] {taskinstance.py:2614} INFO - Dependencies all met for dep_context=requeueable deps ti=<TaskInstance: demo_tmp_celery_bug.read_1 manual__2026-06-21T21:57:26.701171+00:00 [queued]>
[2026-06-21T21:57:31.638+0000] {taskinstance.py:2867} INFO - Starting attempt 1 of 1
[2026-06-21T21:57:31.687+0000] {taskinstance.py:2890} INFO - Executing <Task(PythonOperator): read_1> on 2026-06-21 21:57:26.701171+00:00
[2026-06-21T21:57:31.716+0000] {warnings.py:112} WARNING - /home/***/.local/lib/python3.12/site-packages/***/task/task_runner/standard_task_runner.py:70: DeprecationWarning: This process (pid=493) is multi-threaded, use of fork() may lead to deadlocks in the child.
  pid = os.fork()

[2026-06-21T21:57:31.725+0000] {standard_task_runner.py:72} INFO - Started process 496 to run task
[2026-06-21T21:57:31.726+0000] {standard_task_runner.py:104} INFO - Running: ['***', 'tasks', 'run', 'demo_tmp_celery_bug', 'read_1', 'manual__2026-06-21T21:57:26.701171+00:00', '--job-id', '252', '--raw', '--subdir', 'DAGS_FOLDER/demo_tmp_celery_bug.py', '--cfg-path', '/tmp/tmppuk6nvb2']
[2026-06-21T21:57:31.731+0000] {standard_task_runner.py:105} INFO - Job 252: Subtask read_1
[2026-06-21T21:57:31.883+0000] {task_command.py:467} INFO - Running <TaskInstance: demo_tmp_celery_bug.read_1 manual__2026-06-21T21:57:26.701171+00:00 [running]> on host 4970a61b9d60
[2026-06-21T21:57:32.135+0000] {taskinstance.py:3134} INFO - Exporting env vars: AIRFLOW_CTX_DAG_OWNER='***' AIRFLOW_CTX_DAG_ID='demo_tmp_celery_bug' AIRFLOW_CTX_TASK_ID='read_1' AIRFLOW_CTX_EXECUTION_DATE='2026-06-21T21:57:26.701171+00:00' AIRFLOW_CTX_TRY_NUMBER='1' AIRFLOW_CTX_DAG_RUN_ID='manual__2026-06-21T21:57:26.701171+00:00'
[2026-06-21T21:57:32.138+0000] {taskinstance.py:732} INFO - ::endgroup::
[2026-06-21T21:57:32.185+0000] {logging_mixin.py:190} INFO - ======================================================================
[2026-06-21T21:57:32.188+0000] {logging_mixin.py:190} INFO - [READ 1] ESTE WORKER -> hostname=4970a61b9d60 pid=496
[2026-06-21T21:57:32.190+0000] {logging_mixin.py:190} INFO - [READ 1] Procurando arquivo: /tmp/celery_demo/data_1.txt
[2026-06-21T21:57:32.194+0000] {logging_mixin.py:190} INFO - ======================================================================
[2026-06-21T21:57:32.197+0000] {logging_mixin.py:190} INFO - [READ 1] SUCESSO — arquivo encontrado neste worker.
[2026-06-21T21:57:32.200+0000] {logging_mixin.py:190} INFO - [READ 1] Conteúdo: Arquivo 1 escrito por: hostname=4970a61b9d60 pid=487
[2026-06-21T21:57:32.201+0000] {logging_mixin.py:190} INFO - [READ 1] (write e read caíram no MESMO worker desta vez — por isso funcionou)
[2026-06-21T21:57:32.203+0000] {python.py:240} INFO - Done. Returned value was: None
[2026-06-21T21:57:32.232+0000] {taskinstance.py:341} INFO - ::group::Post task execution logs
[2026-06-21T21:57:32.234+0000] {taskinstance.py:353} INFO - Marking task as SUCCESS. dag_id=demo_tmp_celery_bug, task_id=read_1, run_id=manual__2026-06-21T21:57:26.701171+00:00, execution_date=20260621T215726, start_date=20260621T215731, end_date=20260621T215732
[2026-06-21T21:57:32.353+0000] {local_task_job_runner.py:266} INFO - Task exited with return code 0
[2026-06-21T21:57:32.372+0000] {local_task_job_runner.py:245} INFO - ::endgroup::
