[2026-06-21T21:56:54.056+0000] {local_task_job_runner.py:123} INFO - ::group::Pre task execution logs
[2026-06-21T21:56:54.097+0000] {taskinstance.py:2614} INFO - Dependencies all met for dep_context=non-requeueable deps ti=<TaskInstance: demo_tmp_celery_bug.write_7 manual__2026-06-21T21:56:51.160229+00:00 [queued]>
[2026-06-21T21:56:54.122+0000] {taskinstance.py:2614} INFO - Dependencies all met for dep_context=requeueable deps ti=<TaskInstance: demo_tmp_celery_bug.write_7 manual__2026-06-21T21:56:51.160229+00:00 [queued]>
[2026-06-21T21:56:54.124+0000] {taskinstance.py:2867} INFO - Starting attempt 1 of 1
[2026-06-21T21:56:54.152+0000] {taskinstance.py:2890} INFO - Executing <Task(PythonOperator): write_7> on 2026-06-21 21:56:51.160229+00:00
[2026-06-21T21:56:54.180+0000] {warnings.py:112} WARNING - /home/***/.local/lib/python3.12/site-packages/***/task/task_runner/standard_task_runner.py:70: DeprecationWarning: This process (pid=399) is multi-threaded, use of fork() may lead to deadlocks in the child.
  pid = os.fork()

[2026-06-21T21:56:54.195+0000] {standard_task_runner.py:72} INFO - Started process 407 to run task
[2026-06-21T21:56:54.197+0000] {standard_task_runner.py:104} INFO - Running: ['***', 'tasks', 'run', 'demo_tmp_celery_bug', 'write_7', 'manual__2026-06-21T21:56:51.160229+00:00', '--job-id', '174', '--raw', '--subdir', 'DAGS_FOLDER/demo_tmp_celery_bug.py', '--cfg-path', '/tmp/tmphvkebj23']
[2026-06-21T21:56:54.204+0000] {standard_task_runner.py:105} INFO - Job 174: Subtask write_7
[2026-06-21T21:56:54.345+0000] {task_command.py:467} INFO - Running <TaskInstance: demo_tmp_celery_bug.write_7 manual__2026-06-21T21:56:51.160229+00:00 [running]> on host 3f8339d18026
[2026-06-21T21:56:54.692+0000] {taskinstance.py:3134} INFO - Exporting env vars: AIRFLOW_CTX_DAG_OWNER='***' AIRFLOW_CTX_DAG_ID='demo_tmp_celery_bug' AIRFLOW_CTX_TASK_ID='write_7' AIRFLOW_CTX_EXECUTION_DATE='2026-06-21T21:56:51.160229+00:00' AIRFLOW_CTX_TRY_NUMBER='1' AIRFLOW_CTX_DAG_RUN_ID='manual__2026-06-21T21:56:51.160229+00:00'
[2026-06-21T21:56:54.697+0000] {taskinstance.py:732} INFO - ::endgroup::
[2026-06-21T21:56:54.738+0000] {logging_mixin.py:190} INFO - ======================================================================
[2026-06-21T21:56:54.749+0000] {logging_mixin.py:190} INFO - [WRITE 7] Arquivo criado em: /tmp/celery_demo/data_7.txt
[2026-06-21T21:56:54.750+0000] {logging_mixin.py:190} INFO - [WRITE 7] ESTE WORKER -> hostname=3f8339d18026 pid=407
[2026-06-21T21:56:54.752+0000] {logging_mixin.py:190} INFO - ======================================================================
[2026-06-21T21:56:54.754+0000] {logging_mixin.py:190} INFO - [WRITE 7] Se a read_7 cair em OUTRO worker, ela NÃO vai encontrar este arquivo.
[2026-06-21T21:56:54.756+0000] {python.py:240} INFO - Done. Returned value was: None
[2026-06-21T21:56:54.787+0000] {taskinstance.py:341} INFO - ::group::Post task execution logs
[2026-06-21T21:56:54.793+0000] {taskinstance.py:353} INFO - Marking task as SUCCESS. dag_id=demo_tmp_celery_bug, task_id=write_7, run_id=manual__2026-06-21T21:56:51.160229+00:00, execution_date=20260621T215651, start_date=20260621T215654, end_date=20260621T215654
[2026-06-21T21:56:54.881+0000] {local_task_job_runner.py:266} INFO - Task exited with return code 0
[2026-06-21T21:56:55.004+0000] {taskinstance.py:3901} INFO - 1 downstream tasks scheduled from follow-on schedule check
[2026-06-21T21:56:55.012+0000] {local_task_job_runner.py:245} INFO - ::endgroup::
