[2026-06-21T21:55:46.595+0000] {local_task_job_runner.py:123} INFO - ::group::Pre task execution logs
[2026-06-21T21:55:46.634+0000] {taskinstance.py:2614} INFO - Dependencies all met for dep_context=non-requeueable deps ti=<TaskInstance: demo_tmp_celery_bug.read_3 manual__2026-06-21T21:55:42.753873+00:00 [queued]>
[2026-06-21T21:55:46.651+0000] {taskinstance.py:2614} INFO - Dependencies all met for dep_context=requeueable deps ti=<TaskInstance: demo_tmp_celery_bug.read_3 manual__2026-06-21T21:55:42.753873+00:00 [queued]>
[2026-06-21T21:55:46.653+0000] {taskinstance.py:2867} INFO - Starting attempt 1 of 1
[2026-06-21T21:55:46.673+0000] {taskinstance.py:2890} INFO - Executing <Task(PythonOperator): read_3> on 2026-06-21 21:55:42.753873+00:00
[2026-06-21T21:55:46.682+0000] {warnings.py:112} WARNING - /home/***/.local/lib/python3.12/site-packages/***/task/task_runner/standard_task_runner.py:70: DeprecationWarning: This process (pid=227) is multi-threaded, use of fork() may lead to deadlocks in the child.
  pid = os.fork()

[2026-06-21T21:55:46.686+0000] {standard_task_runner.py:72} INFO - Started process 230 to run task
[2026-06-21T21:55:46.686+0000] {standard_task_runner.py:104} INFO - Running: ['***', 'tasks', 'run', 'demo_tmp_celery_bug', 'read_3', 'manual__2026-06-21T21:55:42.753873+00:00', '--job-id', '70', '--raw', '--subdir', 'DAGS_FOLDER/demo_tmp_celery_bug.py', '--cfg-path', '/tmp/tmpiv7r7fjx']
[2026-06-21T21:55:46.688+0000] {standard_task_runner.py:105} INFO - Job 70: Subtask read_3
[2026-06-21T21:55:46.779+0000] {task_command.py:467} INFO - Running <TaskInstance: demo_tmp_celery_bug.read_3 manual__2026-06-21T21:55:42.753873+00:00 [running]> on host 3f8339d18026
[2026-06-21T21:55:46.903+0000] {taskinstance.py:3134} INFO - Exporting env vars: AIRFLOW_CTX_DAG_OWNER='***' AIRFLOW_CTX_DAG_ID='demo_tmp_celery_bug' AIRFLOW_CTX_TASK_ID='read_3' AIRFLOW_CTX_EXECUTION_DATE='2026-06-21T21:55:42.753873+00:00' AIRFLOW_CTX_TRY_NUMBER='1' AIRFLOW_CTX_DAG_RUN_ID='manual__2026-06-21T21:55:42.753873+00:00'
[2026-06-21T21:55:46.906+0000] {taskinstance.py:732} INFO - ::endgroup::
[2026-06-21T21:55:46.931+0000] {logging_mixin.py:190} INFO - ======================================================================
[2026-06-21T21:55:46.934+0000] {logging_mixin.py:190} INFO - [READ 3] ESTE WORKER -> hostname=3f8339d18026 pid=230
[2026-06-21T21:55:46.936+0000] {logging_mixin.py:190} INFO - [READ 3] Procurando arquivo: /tmp/celery_demo/data_3.txt
[2026-06-21T21:55:46.937+0000] {logging_mixin.py:190} INFO - ======================================================================
[2026-06-21T21:55:46.938+0000] {logging_mixin.py:190} INFO - [READ 3] SUCESSO — arquivo encontrado neste worker.
[2026-06-21T21:55:46.940+0000] {logging_mixin.py:190} INFO - [READ 3] Conteúdo: Arquivo 3 escrito por: hostname=3f8339d18026 pid=190
[2026-06-21T21:55:46.941+0000] {logging_mixin.py:190} INFO - [READ 3] (write e read caíram no MESMO worker desta vez — por isso funcionou)
[2026-06-21T21:55:46.942+0000] {python.py:240} INFO - Done. Returned value was: None
[2026-06-21T21:55:46.958+0000] {taskinstance.py:341} INFO - ::group::Post task execution logs
[2026-06-21T21:55:46.959+0000] {taskinstance.py:353} INFO - Marking task as SUCCESS. dag_id=demo_tmp_celery_bug, task_id=read_3, run_id=manual__2026-06-21T21:55:42.753873+00:00, execution_date=20260621T215542, start_date=20260621T215546, end_date=20260621T215546
[2026-06-21T21:55:47.024+0000] {local_task_job_runner.py:266} INFO - Task exited with return code 0
[2026-06-21T21:55:47.052+0000] {taskinstance.py:3901} INFO - 0 downstream tasks scheduled from follow-on schedule check
[2026-06-21T21:55:47.056+0000] {local_task_job_runner.py:245} INFO - ::endgroup::
