[2026-06-21T21:56:52.224+0000] {local_task_job_runner.py:123} INFO - ::group::Pre task execution logs
[2026-06-21T21:56:52.259+0000] {taskinstance.py:2614} INFO - Dependencies all met for dep_context=non-requeueable deps ti=<TaskInstance: demo_tmp_celery_bug.write_2 manual__2026-06-21T21:56:50.263788+00:00 [queued]>
[2026-06-21T21:56:52.276+0000] {taskinstance.py:2614} INFO - Dependencies all met for dep_context=requeueable deps ti=<TaskInstance: demo_tmp_celery_bug.write_2 manual__2026-06-21T21:56:50.263788+00:00 [queued]>
[2026-06-21T21:56:52.278+0000] {taskinstance.py:2867} INFO - Starting attempt 1 of 1
[2026-06-21T21:56:52.301+0000] {taskinstance.py:2890} INFO - Executing <Task(PythonOperator): write_2> on 2026-06-21 21:56:50.263788+00:00
[2026-06-21T21:56:52.312+0000] {warnings.py:112} WARNING - /home/***/.local/lib/python3.12/site-packages/***/task/task_runner/standard_task_runner.py:70: DeprecationWarning: This process (pid=365) is multi-threaded, use of fork() may lead to deadlocks in the child.
  pid = os.fork()

[2026-06-21T21:56:52.316+0000] {standard_task_runner.py:104} INFO - Running: ['***', 'tasks', 'run', 'demo_tmp_celery_bug', 'write_2', 'manual__2026-06-21T21:56:50.263788+00:00', '--job-id', '166', '--raw', '--subdir', 'DAGS_FOLDER/demo_tmp_celery_bug.py', '--cfg-path', '/tmp/tmplbqowcg3']
[2026-06-21T21:56:52.319+0000] {standard_task_runner.py:105} INFO - Job 166: Subtask write_2
[2026-06-21T21:56:52.317+0000] {standard_task_runner.py:72} INFO - Started process 375 to run task
[2026-06-21T21:56:52.464+0000] {task_command.py:467} INFO - Running <TaskInstance: demo_tmp_celery_bug.write_2 manual__2026-06-21T21:56:50.263788+00:00 [running]> on host 4970a61b9d60
[2026-06-21T21:56:52.687+0000] {taskinstance.py:3134} INFO - Exporting env vars: AIRFLOW_CTX_DAG_OWNER='***' AIRFLOW_CTX_DAG_ID='demo_tmp_celery_bug' AIRFLOW_CTX_TASK_ID='write_2' AIRFLOW_CTX_EXECUTION_DATE='2026-06-21T21:56:50.263788+00:00' AIRFLOW_CTX_TRY_NUMBER='1' AIRFLOW_CTX_DAG_RUN_ID='manual__2026-06-21T21:56:50.263788+00:00'
[2026-06-21T21:56:52.704+0000] {taskinstance.py:732} INFO - ::endgroup::
[2026-06-21T21:56:52.766+0000] {logging_mixin.py:190} INFO - ======================================================================
[2026-06-21T21:56:52.772+0000] {logging_mixin.py:190} INFO - [WRITE 2] Arquivo criado em: /tmp/celery_demo/data_2.txt
[2026-06-21T21:56:52.777+0000] {logging_mixin.py:190} INFO - [WRITE 2] ESTE WORKER -> hostname=4970a61b9d60 pid=375
[2026-06-21T21:56:52.792+0000] {logging_mixin.py:190} INFO - ======================================================================
[2026-06-21T21:56:52.795+0000] {logging_mixin.py:190} INFO - [WRITE 2] Se a read_2 cair em OUTRO worker, ela NÃO vai encontrar este arquivo.
[2026-06-21T21:56:52.796+0000] {python.py:240} INFO - Done. Returned value was: None
[2026-06-21T21:56:52.881+0000] {taskinstance.py:341} INFO - ::group::Post task execution logs
[2026-06-21T21:56:52.883+0000] {taskinstance.py:353} INFO - Marking task as SUCCESS. dag_id=demo_tmp_celery_bug, task_id=write_2, run_id=manual__2026-06-21T21:56:50.263788+00:00, execution_date=20260621T215650, start_date=20260621T215652, end_date=20260621T215652
[2026-06-21T21:56:53.026+0000] {local_task_job_runner.py:266} INFO - Task exited with return code 0
[2026-06-21T21:56:53.064+0000] {local_task_job_runner.py:245} INFO - ::endgroup::
