[2026-06-21T21:57:48.084+0000] {local_task_job_runner.py:123} INFO - ::group::Pre task execution logs
[2026-06-21T21:57:48.318+0000] {taskinstance.py:2614} INFO - Dependencies all met for dep_context=non-requeueable deps ti=<TaskInstance: demo_tmp_celery_bug.write_2 manual__2026-06-21T21:57:43.404741+00:00 [queued]>
[2026-06-21T21:57:48.394+0000] {taskinstance.py:2614} INFO - Dependencies all met for dep_context=requeueable deps ti=<TaskInstance: demo_tmp_celery_bug.write_2 manual__2026-06-21T21:57:43.404741+00:00 [queued]>
[2026-06-21T21:57:48.397+0000] {taskinstance.py:2867} INFO - Starting attempt 1 of 1
[2026-06-21T21:57:48.454+0000] {taskinstance.py:2890} INFO - Executing <Task(PythonOperator): write_2> on 2026-06-21 21:57:43.404741+00:00
[2026-06-21T21:57:48.506+0000] {standard_task_runner.py:104} INFO - Running: ['***', 'tasks', 'run', 'demo_tmp_celery_bug', 'write_2', 'manual__2026-06-21T21:57:43.404741+00:00', '--job-id', '263', '--raw', '--subdir', 'DAGS_FOLDER/demo_tmp_celery_bug.py', '--cfg-path', '/tmp/tmp07wqbh0r']
[2026-06-21T21:57:48.496+0000] {warnings.py:112} WARNING - /home/***/.local/lib/python3.12/site-packages/***/task/task_runner/standard_task_runner.py:70: DeprecationWarning: This process (pid=553) is multi-threaded, use of fork() may lead to deadlocks in the child.
  pid = os.fork()

[2026-06-21T21:57:48.522+0000] {standard_task_runner.py:105} INFO - Job 263: Subtask write_2
[2026-06-21T21:57:48.528+0000] {standard_task_runner.py:72} INFO - Started process 560 to run task
[2026-06-21T21:57:48.910+0000] {task_command.py:467} INFO - Running <TaskInstance: demo_tmp_celery_bug.write_2 manual__2026-06-21T21:57:43.404741+00:00 [running]> on host 3f8339d18026
[2026-06-21T21:57:49.619+0000] {taskinstance.py:3134} INFO - Exporting env vars: AIRFLOW_CTX_DAG_OWNER='***' AIRFLOW_CTX_DAG_ID='demo_tmp_celery_bug' AIRFLOW_CTX_TASK_ID='write_2' AIRFLOW_CTX_EXECUTION_DATE='2026-06-21T21:57:43.404741+00:00' AIRFLOW_CTX_TRY_NUMBER='1' AIRFLOW_CTX_DAG_RUN_ID='manual__2026-06-21T21:57:43.404741+00:00'
[2026-06-21T21:57:49.626+0000] {taskinstance.py:732} INFO - ::endgroup::
[2026-06-21T21:57:49.738+0000] {logging_mixin.py:190} INFO - ======================================================================
[2026-06-21T21:57:49.753+0000] {logging_mixin.py:190} INFO - [WRITE 2] Arquivo criado em: /tmp/celery_demo/data_2.txt
[2026-06-21T21:57:49.779+0000] {logging_mixin.py:190} INFO - [WRITE 2] ESTE WORKER -> hostname=3f8339d18026 pid=560
[2026-06-21T21:57:49.789+0000] {logging_mixin.py:190} INFO - ======================================================================
[2026-06-21T21:57:49.805+0000] {logging_mixin.py:190} INFO - [WRITE 2] Se a read_2 cair em OUTRO worker, ela NÃO vai encontrar este arquivo.
[2026-06-21T21:57:49.817+0000] {python.py:240} INFO - Done. Returned value was: None
[2026-06-21T21:57:49.895+0000] {taskinstance.py:341} INFO - ::group::Post task execution logs
[2026-06-21T21:57:49.906+0000] {taskinstance.py:353} INFO - Marking task as SUCCESS. dag_id=demo_tmp_celery_bug, task_id=write_2, run_id=manual__2026-06-21T21:57:43.404741+00:00, execution_date=20260621T215743, start_date=20260621T215748, end_date=20260621T215749
[2026-06-21T21:57:50.943+0000] {local_task_job_runner.py:266} INFO - Task exited with return code 0
[2026-06-21T21:57:51.029+0000] {local_task_job_runner.py:245} INFO - ::endgroup::
