[2026-06-21T21:59:06.430+0000] {local_task_job_runner.py:123} INFO - ::group::Pre task execution logs
[2026-06-21T21:59:06.557+0000] {taskinstance.py:2614} INFO - Dependencies all met for dep_context=non-requeueable deps ti=<TaskInstance: demo_tmp_celery_bug.read_0 manual__2026-06-21T21:57:47.960253+00:00 [queued]>
[2026-06-21T21:59:06.635+0000] {taskinstance.py:2614} INFO - Dependencies all met for dep_context=requeueable deps ti=<TaskInstance: demo_tmp_celery_bug.read_0 manual__2026-06-21T21:57:47.960253+00:00 [queued]>
[2026-06-21T21:59:06.649+0000] {taskinstance.py:2867} INFO - Starting attempt 1 of 1
[2026-06-21T21:59:06.697+0000] {taskinstance.py:2890} INFO - Executing <Task(PythonOperator): read_0> on 2026-06-21 21:57:47.960253+00:00
[2026-06-21T21:59:06.744+0000] {standard_task_runner.py:104} INFO - Running: ['***', 'tasks', 'run', 'demo_tmp_celery_bug', 'read_0', 'manual__2026-06-21T21:57:47.960253+00:00', '--job-id', '466', '--raw', '--subdir', 'DAGS_FOLDER/demo_tmp_celery_bug.py', '--cfg-path', '/tmp/tmpc7jlpf1f']
[2026-06-21T21:59:06.752+0000] {standard_task_runner.py:105} INFO - Job 466: Subtask read_0
[2026-06-21T21:59:06.749+0000] {warnings.py:112} WARNING - /home/***/.local/lib/python3.12/site-packages/***/task/task_runner/standard_task_runner.py:70: DeprecationWarning: This process (pid=861) is multi-threaded, use of fork() may lead to deadlocks in the child.
  pid = os.fork()

[2026-06-21T21:59:06.772+0000] {standard_task_runner.py:72} INFO - Started process 873 to run task
[2026-06-21T21:59:07.074+0000] {task_command.py:467} INFO - Running <TaskInstance: demo_tmp_celery_bug.read_0 manual__2026-06-21T21:57:47.960253+00:00 [running]> on host 3f8339d18026
[2026-06-21T21:59:07.803+0000] {taskinstance.py:3134} INFO - Exporting env vars: AIRFLOW_CTX_DAG_OWNER='***' AIRFLOW_CTX_DAG_ID='demo_tmp_celery_bug' AIRFLOW_CTX_TASK_ID='read_0' AIRFLOW_CTX_EXECUTION_DATE='2026-06-21T21:57:47.960253+00:00' AIRFLOW_CTX_TRY_NUMBER='1' AIRFLOW_CTX_DAG_RUN_ID='manual__2026-06-21T21:57:47.960253+00:00'
[2026-06-21T21:59:07.814+0000] {taskinstance.py:732} INFO - ::endgroup::
[2026-06-21T21:59:07.887+0000] {logging_mixin.py:190} INFO - ======================================================================
[2026-06-21T21:59:07.891+0000] {logging_mixin.py:190} INFO - [READ 0] ESTE WORKER -> hostname=3f8339d18026 pid=873
[2026-06-21T21:59:07.896+0000] {logging_mixin.py:190} INFO - [READ 0] Procurando arquivo: /tmp/celery_demo/data_0.txt
[2026-06-21T21:59:07.910+0000] {logging_mixin.py:190} INFO - ======================================================================
[2026-06-21T21:59:07.913+0000] {logging_mixin.py:190} INFO - [READ 0] SUCESSO — arquivo encontrado neste worker.
[2026-06-21T21:59:07.916+0000] {logging_mixin.py:190} INFO - [READ 0] Conteúdo: Arquivo 0 escrito por: hostname=3f8339d18026 pid=762
[2026-06-21T21:59:07.919+0000] {logging_mixin.py:190} INFO - [READ 0] (write e read caíram no MESMO worker desta vez — por isso funcionou)
[2026-06-21T21:59:07.930+0000] {python.py:240} INFO - Done. Returned value was: None
[2026-06-21T21:59:07.978+0000] {taskinstance.py:341} INFO - ::group::Post task execution logs
[2026-06-21T21:59:07.983+0000] {taskinstance.py:353} INFO - Marking task as SUCCESS. dag_id=demo_tmp_celery_bug, task_id=read_0, run_id=manual__2026-06-21T21:57:47.960253+00:00, execution_date=20260621T215747, start_date=20260621T215906, end_date=20260621T215907
[2026-06-21T21:59:08.146+0000] {local_task_job_runner.py:266} INFO - Task exited with return code 0
[2026-06-21T21:59:08.239+0000] {taskinstance.py:3901} INFO - 0 downstream tasks scheduled from follow-on schedule check
[2026-06-21T21:59:08.251+0000] {local_task_job_runner.py:245} INFO - ::endgroup::
