[2026-06-21T21:58:37.650+0000] {local_task_job_runner.py:123} INFO - ::group::Pre task execution logs
[2026-06-21T21:58:37.705+0000] {taskinstance.py:2614} INFO - Dependencies all met for dep_context=non-requeueable deps ti=<TaskInstance: demo_tmp_celery_bug.write_0 manual__2026-06-21T21:57:49.411671+00:00 [queued]>
[2026-06-21T21:58:37.737+0000] {taskinstance.py:2614} INFO - Dependencies all met for dep_context=requeueable deps ti=<TaskInstance: demo_tmp_celery_bug.write_0 manual__2026-06-21T21:57:49.411671+00:00 [queued]>
[2026-06-21T21:58:37.744+0000] {taskinstance.py:2867} INFO - Starting attempt 1 of 1
[2026-06-21T21:58:37.886+0000] {taskinstance.py:2890} INFO - Executing <Task(PythonOperator): write_0> on 2026-06-21 21:57:49.411671+00:00
[2026-06-21T21:58:37.967+0000] {warnings.py:112} WARNING - /home/***/.local/lib/python3.12/site-packages/***/task/task_runner/standard_task_runner.py:70: DeprecationWarning: This process (pid=731) is multi-threaded, use of fork() may lead to deadlocks in the child.
  pid = os.fork()

[2026-06-21T21:58:37.989+0000] {standard_task_runner.py:72} INFO - Started process 742 to run task
[2026-06-21T21:58:38.069+0000] {standard_task_runner.py:104} INFO - Running: ['***', 'tasks', 'run', 'demo_tmp_celery_bug', 'write_0', 'manual__2026-06-21T21:57:49.411671+00:00', '--job-id', '384', '--raw', '--subdir', 'DAGS_FOLDER/demo_tmp_celery_bug.py', '--cfg-path', '/tmp/tmp9f_29zc7']
[2026-06-21T21:58:38.075+0000] {standard_task_runner.py:105} INFO - Job 384: Subtask write_0
[2026-06-21T21:58:38.370+0000] {task_command.py:467} INFO - Running <TaskInstance: demo_tmp_celery_bug.write_0 manual__2026-06-21T21:57:49.411671+00:00 [running]> on host 3f8339d18026
[2026-06-21T21:58:38.731+0000] {taskinstance.py:3134} INFO - Exporting env vars: AIRFLOW_CTX_DAG_OWNER='***' AIRFLOW_CTX_DAG_ID='demo_tmp_celery_bug' AIRFLOW_CTX_TASK_ID='write_0' AIRFLOW_CTX_EXECUTION_DATE='2026-06-21T21:57:49.411671+00:00' AIRFLOW_CTX_TRY_NUMBER='1' AIRFLOW_CTX_DAG_RUN_ID='manual__2026-06-21T21:57:49.411671+00:00'
[2026-06-21T21:58:38.742+0000] {taskinstance.py:732} INFO - ::endgroup::
[2026-06-21T21:58:38.802+0000] {logging_mixin.py:190} INFO - ======================================================================
[2026-06-21T21:58:38.807+0000] {logging_mixin.py:190} INFO - [WRITE 0] Arquivo criado em: /tmp/celery_demo/data_0.txt
[2026-06-21T21:58:38.817+0000] {logging_mixin.py:190} INFO - [WRITE 0] ESTE WORKER -> hostname=3f8339d18026 pid=742
[2026-06-21T21:58:38.820+0000] {logging_mixin.py:190} INFO - ======================================================================
[2026-06-21T21:58:38.827+0000] {logging_mixin.py:190} INFO - [WRITE 0] Se a read_0 cair em OUTRO worker, ela NÃO vai encontrar este arquivo.
[2026-06-21T21:58:38.830+0000] {python.py:240} INFO - Done. Returned value was: None
[2026-06-21T21:58:38.890+0000] {taskinstance.py:341} INFO - ::group::Post task execution logs
[2026-06-21T21:58:38.895+0000] {taskinstance.py:353} INFO - Marking task as SUCCESS. dag_id=demo_tmp_celery_bug, task_id=write_0, run_id=manual__2026-06-21T21:57:49.411671+00:00, execution_date=20260621T215749, start_date=20260621T215837, end_date=20260621T215838
[2026-06-21T21:58:39.077+0000] {local_task_job_runner.py:266} INFO - Task exited with return code 0
[2026-06-21T21:58:39.133+0000] {local_task_job_runner.py:245} INFO - ::endgroup::
