[2026-06-21T21:56:55.109+0000] {local_task_job_runner.py:123} INFO - ::group::Pre task execution logs
[2026-06-21T21:56:55.157+0000] {taskinstance.py:2614} INFO - Dependencies all met for dep_context=non-requeueable deps ti=<TaskInstance: demo_tmp_celery_bug.write_7 manual__2026-06-21T21:56:52.209200+00:00 [queued]>
[2026-06-21T21:56:55.192+0000] {taskinstance.py:2614} INFO - Dependencies all met for dep_context=requeueable deps ti=<TaskInstance: demo_tmp_celery_bug.write_7 manual__2026-06-21T21:56:52.209200+00:00 [queued]>
[2026-06-21T21:56:55.205+0000] {taskinstance.py:2867} INFO - Starting attempt 1 of 1
[2026-06-21T21:56:55.251+0000] {taskinstance.py:2890} INFO - Executing <Task(PythonOperator): write_7> on 2026-06-21 21:56:52.209200+00:00
[2026-06-21T21:56:55.264+0000] {warnings.py:112} WARNING - /home/***/.local/lib/python3.12/site-packages/***/task/task_runner/standard_task_runner.py:70: DeprecationWarning: This process (pid=405) is multi-threaded, use of fork() may lead to deadlocks in the child.
  pid = os.fork()

[2026-06-21T21:56:55.269+0000] {standard_task_runner.py:72} INFO - Started process 419 to run task
[2026-06-21T21:56:55.271+0000] {standard_task_runner.py:104} INFO - Running: ['***', 'tasks', 'run', 'demo_tmp_celery_bug', 'write_7', 'manual__2026-06-21T21:56:52.209200+00:00', '--job-id', '186', '--raw', '--subdir', 'DAGS_FOLDER/demo_tmp_celery_bug.py', '--cfg-path', '/tmp/tmpr79pb0q2']
[2026-06-21T21:56:55.274+0000] {standard_task_runner.py:105} INFO - Job 186: Subtask write_7
[2026-06-21T21:56:55.400+0000] {task_command.py:467} INFO - Running <TaskInstance: demo_tmp_celery_bug.write_7 manual__2026-06-21T21:56:52.209200+00:00 [running]> on host 3f8339d18026
[2026-06-21T21:56:55.556+0000] {taskinstance.py:3134} INFO - Exporting env vars: AIRFLOW_CTX_DAG_OWNER='***' AIRFLOW_CTX_DAG_ID='demo_tmp_celery_bug' AIRFLOW_CTX_TASK_ID='write_7' AIRFLOW_CTX_EXECUTION_DATE='2026-06-21T21:56:52.209200+00:00' AIRFLOW_CTX_TRY_NUMBER='1' AIRFLOW_CTX_DAG_RUN_ID='manual__2026-06-21T21:56:52.209200+00:00'
[2026-06-21T21:56:55.565+0000] {taskinstance.py:732} INFO - ::endgroup::
[2026-06-21T21:56:55.594+0000] {logging_mixin.py:190} INFO - ======================================================================
[2026-06-21T21:56:55.595+0000] {logging_mixin.py:190} INFO - [WRITE 7] Arquivo criado em: /tmp/celery_demo/data_7.txt
[2026-06-21T21:56:55.597+0000] {logging_mixin.py:190} INFO - [WRITE 7] ESTE WORKER -> hostname=3f8339d18026 pid=419
[2026-06-21T21:56:55.598+0000] {logging_mixin.py:190} INFO - ======================================================================
[2026-06-21T21:56:55.600+0000] {logging_mixin.py:190} INFO - [WRITE 7] Se a read_7 cair em OUTRO worker, ela NÃO vai encontrar este arquivo.
[2026-06-21T21:56:55.602+0000] {python.py:240} INFO - Done. Returned value was: None
[2026-06-21T21:56:55.619+0000] {taskinstance.py:341} INFO - ::group::Post task execution logs
[2026-06-21T21:56:55.620+0000] {taskinstance.py:353} INFO - Marking task as SUCCESS. dag_id=demo_tmp_celery_bug, task_id=write_7, run_id=manual__2026-06-21T21:56:52.209200+00:00, execution_date=20260621T215652, start_date=20260621T215655, end_date=20260621T215655
[2026-06-21T21:56:55.693+0000] {local_task_job_runner.py:266} INFO - Task exited with return code 0
[2026-06-21T21:56:55.707+0000] {local_task_job_runner.py:245} INFO - ::endgroup::
