[2026-06-21T21:57:49.055+0000] {local_task_job_runner.py:123} INFO - ::group::Pre task execution logs
[2026-06-21T21:57:49.298+0000] {taskinstance.py:2614} INFO - Dependencies all met for dep_context=non-requeueable deps ti=<TaskInstance: demo_tmp_celery_bug.read_6 manual__2026-06-21T21:57:41.492403+00:00 [queued]>
[2026-06-21T21:57:49.392+0000] {taskinstance.py:2614} INFO - Dependencies all met for dep_context=requeueable deps ti=<TaskInstance: demo_tmp_celery_bug.read_6 manual__2026-06-21T21:57:41.492403+00:00 [queued]>
[2026-06-21T21:57:49.395+0000] {taskinstance.py:2867} INFO - Starting attempt 1 of 1
[2026-06-21T21:57:49.488+0000] {taskinstance.py:2890} INFO - Executing <Task(PythonOperator): read_6> on 2026-06-21 21:57:41.492403+00:00
[2026-06-21T21:57:49.536+0000] {warnings.py:112} WARNING - /home/***/.local/lib/python3.12/site-packages/***/task/task_runner/standard_task_runner.py:70: DeprecationWarning: This process (pid=554) is multi-threaded, use of fork() may lead to deadlocks in the child.
  pid = os.fork()

[2026-06-21T21:57:49.562+0000] {standard_task_runner.py:72} INFO - Started process 564 to run task
[2026-06-21T21:57:49.552+0000] {standard_task_runner.py:104} INFO - Running: ['***', 'tasks', 'run', 'demo_tmp_celery_bug', 'read_6', 'manual__2026-06-21T21:57:41.492403+00:00', '--job-id', '271', '--raw', '--subdir', 'DAGS_FOLDER/demo_tmp_celery_bug.py', '--cfg-path', '/tmp/tmpdfhitkfs']
[2026-06-21T21:57:49.579+0000] {standard_task_runner.py:105} INFO - Job 271: Subtask read_6
[2026-06-21T21:57:49.983+0000] {task_command.py:467} INFO - Running <TaskInstance: demo_tmp_celery_bug.read_6 manual__2026-06-21T21:57:41.492403+00:00 [running]> on host 3f8339d18026
[2026-06-21T21:57:50.626+0000] {taskinstance.py:3134} INFO - Exporting env vars: AIRFLOW_CTX_DAG_OWNER='***' AIRFLOW_CTX_DAG_ID='demo_tmp_celery_bug' AIRFLOW_CTX_TASK_ID='read_6' AIRFLOW_CTX_EXECUTION_DATE='2026-06-21T21:57:41.492403+00:00' AIRFLOW_CTX_TRY_NUMBER='1' AIRFLOW_CTX_DAG_RUN_ID='manual__2026-06-21T21:57:41.492403+00:00'
[2026-06-21T21:57:50.630+0000] {taskinstance.py:732} INFO - ::endgroup::
[2026-06-21T21:57:50.743+0000] {logging_mixin.py:190} INFO - ======================================================================
[2026-06-21T21:57:50.746+0000] {logging_mixin.py:190} INFO - [READ 6] ESTE WORKER -> hostname=3f8339d18026 pid=564
[2026-06-21T21:57:50.750+0000] {logging_mixin.py:190} INFO - [READ 6] Procurando arquivo: /tmp/celery_demo/data_6.txt
[2026-06-21T21:57:50.757+0000] {logging_mixin.py:190} INFO - ======================================================================
[2026-06-21T21:57:50.764+0000] {logging_mixin.py:190} INFO - [READ 6] SUCESSO — arquivo encontrado neste worker.
[2026-06-21T21:57:50.768+0000] {logging_mixin.py:190} INFO - [READ 6] Conteúdo: Arquivo 6 escrito por: hostname=3f8339d18026 pid=568
[2026-06-21T21:57:50.773+0000] {logging_mixin.py:190} INFO - [READ 6] (write e read caíram no MESMO worker desta vez — por isso funcionou)
[2026-06-21T21:57:50.777+0000] {python.py:240} INFO - Done. Returned value was: None
[2026-06-21T21:57:50.809+0000] {taskinstance.py:341} INFO - ::group::Post task execution logs
[2026-06-21T21:57:50.815+0000] {taskinstance.py:353} INFO - Marking task as SUCCESS. dag_id=demo_tmp_celery_bug, task_id=read_6, run_id=manual__2026-06-21T21:57:41.492403+00:00, execution_date=20260621T215741, start_date=20260621T215749, end_date=20260621T215750
[2026-06-21T21:57:51.074+0000] {local_task_job_runner.py:266} INFO - Task exited with return code 0
[2026-06-21T21:57:51.252+0000] {taskinstance.py:3901} INFO - 0 downstream tasks scheduled from follow-on schedule check
[2026-06-21T21:57:51.333+0000] {local_task_job_runner.py:245} INFO - ::endgroup::
