[2026-06-21T21:57:30.076+0000] {local_task_job_runner.py:123} INFO - ::group::Pre task execution logs
[2026-06-21T21:57:30.131+0000] {taskinstance.py:2614} INFO - Dependencies all met for dep_context=non-requeueable deps ti=<TaskInstance: demo_tmp_celery_bug.read_3 manual__2026-06-21T21:57:26.701171+00:00 [queued]>
[2026-06-21T21:57:30.155+0000] {taskinstance.py:2614} INFO - Dependencies all met for dep_context=requeueable deps ti=<TaskInstance: demo_tmp_celery_bug.read_3 manual__2026-06-21T21:57:26.701171+00:00 [queued]>
[2026-06-21T21:57:30.157+0000] {taskinstance.py:2867} INFO - Starting attempt 1 of 1
[2026-06-21T21:57:30.192+0000] {taskinstance.py:2890} INFO - Executing <Task(PythonOperator): read_3> on 2026-06-21 21:57:26.701171+00:00
[2026-06-21T21:57:30.217+0000] {standard_task_runner.py:104} INFO - Running: ['***', 'tasks', 'run', 'demo_tmp_celery_bug', 'read_3', 'manual__2026-06-21T21:57:26.701171+00:00', '--job-id', '246', '--raw', '--subdir', 'DAGS_FOLDER/demo_tmp_celery_bug.py', '--cfg-path', '/tmp/tmpmolhzpft']
[2026-06-21T21:57:30.213+0000] {warnings.py:112} WARNING - /home/***/.local/lib/python3.12/site-packages/***/task/task_runner/standard_task_runner.py:70: DeprecationWarning: This process (pid=523) is multi-threaded, use of fork() may lead to deadlocks in the child.
  pid = os.fork()

[2026-06-21T21:57:30.221+0000] {standard_task_runner.py:105} INFO - Job 246: Subtask read_3
[2026-06-21T21:57:30.223+0000] {standard_task_runner.py:72} INFO - Started process 528 to run task
[2026-06-21T21:57:30.406+0000] {task_command.py:467} INFO - Running <TaskInstance: demo_tmp_celery_bug.read_3 manual__2026-06-21T21:57:26.701171+00:00 [running]> on host 3f8339d18026
[2026-06-21T21:57:30.716+0000] {taskinstance.py:3134} INFO - Exporting env vars: AIRFLOW_CTX_DAG_OWNER='***' AIRFLOW_CTX_DAG_ID='demo_tmp_celery_bug' AIRFLOW_CTX_TASK_ID='read_3' AIRFLOW_CTX_EXECUTION_DATE='2026-06-21T21:57:26.701171+00:00' AIRFLOW_CTX_TRY_NUMBER='1' AIRFLOW_CTX_DAG_RUN_ID='manual__2026-06-21T21:57:26.701171+00:00'
[2026-06-21T21:57:30.719+0000] {taskinstance.py:732} INFO - ::endgroup::
[2026-06-21T21:57:30.757+0000] {logging_mixin.py:190} INFO - ======================================================================
[2026-06-21T21:57:30.759+0000] {logging_mixin.py:190} INFO - [READ 3] ESTE WORKER -> hostname=3f8339d18026 pid=528
[2026-06-21T21:57:30.761+0000] {logging_mixin.py:190} INFO - [READ 3] Procurando arquivo: /tmp/celery_demo/data_3.txt
[2026-06-21T21:57:30.763+0000] {logging_mixin.py:190} INFO - ======================================================================
[2026-06-21T21:57:30.765+0000] {logging_mixin.py:190} INFO - [READ 3] SUCESSO — arquivo encontrado neste worker.
[2026-06-21T21:57:30.767+0000] {logging_mixin.py:190} INFO - [READ 3] Conteúdo: Arquivo 3 escrito por: hostname=3f8339d18026 pid=415
[2026-06-21T21:57:30.769+0000] {logging_mixin.py:190} INFO - [READ 3] (write e read caíram no MESMO worker desta vez — por isso funcionou)
[2026-06-21T21:57:30.770+0000] {python.py:240} INFO - Done. Returned value was: None
[2026-06-21T21:57:30.826+0000] {taskinstance.py:341} INFO - ::group::Post task execution logs
[2026-06-21T21:57:30.828+0000] {taskinstance.py:353} INFO - Marking task as SUCCESS. dag_id=demo_tmp_celery_bug, task_id=read_3, run_id=manual__2026-06-21T21:57:26.701171+00:00, execution_date=20260621T215726, start_date=20260621T215730, end_date=20260621T215730
[2026-06-21T21:57:30.974+0000] {local_task_job_runner.py:266} INFO - Task exited with return code 0
[2026-06-21T21:57:31.037+0000] {taskinstance.py:3901} INFO - 0 downstream tasks scheduled from follow-on schedule check
[2026-06-21T21:57:31.042+0000] {local_task_job_runner.py:245} INFO - ::endgroup::
