[2026-06-21T22:02:08.805+0000] {local_task_job_runner.py:123} INFO - ::group::Pre task execution logs
[2026-06-21T22:02:08.820+0000] {taskinstance.py:2614} INFO - Dependencies all met for dep_context=non-requeueable deps ti=<TaskInstance: public_api_pipeline.get_coordinates manual__2026-06-21T22:02:08.139240+00:00 [queued]>
[2026-06-21T22:02:08.828+0000] {taskinstance.py:2614} INFO - Dependencies all met for dep_context=requeueable deps ti=<TaskInstance: public_api_pipeline.get_coordinates manual__2026-06-21T22:02:08.139240+00:00 [queued]>
[2026-06-21T22:02:08.830+0000] {taskinstance.py:2867} INFO - Starting attempt 1 of 4
[2026-06-21T22:02:08.840+0000] {taskinstance.py:2890} INFO - Executing <Task(_PythonDecoratedOperator): get_coordinates> on 2026-06-21 22:02:08.139240+00:00
[2026-06-21T22:02:08.846+0000] {warnings.py:112} WARNING - /home/***/.local/lib/python3.12/site-packages/***/task/task_runner/standard_task_runner.py:70: DeprecationWarning: This process (pid=280) is multi-threaded, use of fork() may lead to deadlocks in the child.
  pid = os.fork()

[2026-06-21T22:02:08.847+0000] {standard_task_runner.py:104} INFO - Running: ['***', 'tasks', 'run', 'public_api_pipeline', 'get_coordinates', 'manual__2026-06-21T22:02:08.139240+00:00', '--job-id', '608', '--raw', '--subdir', 'DAGS_FOLDER/public_api_pipeline.py', '--cfg-path', '/tmp/tmp17svkqbm']
[2026-06-21T22:02:08.848+0000] {standard_task_runner.py:72} INFO - Started process 281 to run task
[2026-06-21T22:02:08.849+0000] {standard_task_runner.py:105} INFO - Job 608: Subtask get_coordinates
[2026-06-21T22:02:08.913+0000] {task_command.py:467} INFO - Running <TaskInstance: public_api_pipeline.get_coordinates manual__2026-06-21T22:02:08.139240+00:00 [running]> on host 4970a61b9d60
[2026-06-21T22:02:08.980+0000] {taskinstance.py:3134} INFO - Exporting env vars: AIRFLOW_CTX_DAG_OWNER='vinicius' AIRFLOW_CTX_DAG_ID='public_api_pipeline' AIRFLOW_CTX_TASK_ID='get_coordinates' AIRFLOW_CTX_EXECUTION_DATE='2026-06-21T22:02:08.139240+00:00' AIRFLOW_CTX_TRY_NUMBER='1' AIRFLOW_CTX_DAG_RUN_ID='manual__2026-06-21T22:02:08.139240+00:00'
[2026-06-21T22:02:08.982+0000] {taskinstance.py:732} INFO - ::endgroup::
[2026-06-21T22:02:09.820+0000] {logging_mixin.py:190} INFO - [get_coordinates] {'city': 'São Paulo', 'country': 'Brasil', 'latitude': -23.5475, 'longitude': -46.63611}
[2026-06-21T22:02:09.821+0000] {python.py:240} INFO - Done. Returned value was: {'city': 'São Paulo', 'country': 'Brasil', 'latitude': -23.5475, 'longitude': -46.63611}
[2026-06-21T22:02:09.851+0000] {taskinstance.py:341} INFO - ::group::Post task execution logs
[2026-06-21T22:02:09.853+0000] {taskinstance.py:353} INFO - Marking task as SUCCESS. dag_id=public_api_pipeline, task_id=get_coordinates, run_id=manual__2026-06-21T22:02:08.139240+00:00, execution_date=20260621T220208, start_date=20260621T220208, end_date=20260621T220209
[2026-06-21T22:02:09.908+0000] {local_task_job_runner.py:266} INFO - Task exited with return code 0
[2026-06-21T22:02:09.938+0000] {taskinstance.py:3901} INFO - 1 downstream tasks scheduled from follow-on schedule check
[2026-06-21T22:02:09.941+0000] {local_task_job_runner.py:245} INFO - ::endgroup::
