[2026-06-21T21:57:00.648+0000] {local_task_job_runner.py:123} INFO - ::group::Pre task execution logs
[2026-06-21T21:57:00.687+0000] {taskinstance.py:2614} INFO - Dependencies all met for dep_context=non-requeueable deps ti=<TaskInstance: demo_tmp_celery_bug.read_7 manual__2026-06-21T21:56:52.209200+00:00 [queued]>
[2026-06-21T21:57:00.726+0000] {taskinstance.py:2614} INFO - Dependencies all met for dep_context=requeueable deps ti=<TaskInstance: demo_tmp_celery_bug.read_7 manual__2026-06-21T21:56:52.209200+00:00 [queued]>
[2026-06-21T21:57:00.727+0000] {taskinstance.py:2867} INFO - Starting attempt 1 of 1
[2026-06-21T21:57:00.758+0000] {taskinstance.py:2890} INFO - Executing <Task(PythonOperator): read_7> on 2026-06-21 21:56:52.209200+00:00
[2026-06-21T21:57:00.774+0000] {warnings.py:112} WARNING - /home/***/.local/lib/python3.12/site-packages/***/task/task_runner/standard_task_runner.py:70: DeprecationWarning: This process (pid=454) is multi-threaded, use of fork() may lead to deadlocks in the child.
  pid = os.fork()

[2026-06-21T21:57:00.779+0000] {standard_task_runner.py:72} INFO - Started process 464 to run task
[2026-06-21T21:57:00.780+0000] {standard_task_runner.py:104} INFO - Running: ['***', 'tasks', 'run', 'demo_tmp_celery_bug', 'read_7', 'manual__2026-06-21T21:56:52.209200+00:00', '--job-id', '214', '--raw', '--subdir', 'DAGS_FOLDER/demo_tmp_celery_bug.py', '--cfg-path', '/tmp/tmpe8q7tt6p']
[2026-06-21T21:57:00.799+0000] {standard_task_runner.py:105} INFO - Job 214: Subtask read_7
[2026-06-21T21:57:00.999+0000] {task_command.py:467} INFO - Running <TaskInstance: demo_tmp_celery_bug.read_7 manual__2026-06-21T21:56:52.209200+00:00 [running]> on host 3f8339d18026
[2026-06-21T21:57:01.304+0000] {taskinstance.py:3134} INFO - Exporting env vars: AIRFLOW_CTX_DAG_OWNER='***' AIRFLOW_CTX_DAG_ID='demo_tmp_celery_bug' AIRFLOW_CTX_TASK_ID='read_7' AIRFLOW_CTX_EXECUTION_DATE='2026-06-21T21:56:52.209200+00:00' AIRFLOW_CTX_TRY_NUMBER='1' AIRFLOW_CTX_DAG_RUN_ID='manual__2026-06-21T21:56:52.209200+00:00'
[2026-06-21T21:57:01.309+0000] {taskinstance.py:732} INFO - ::endgroup::
[2026-06-21T21:57:01.367+0000] {logging_mixin.py:190} INFO - ======================================================================
[2026-06-21T21:57:01.370+0000] {logging_mixin.py:190} INFO - [READ 7] ESTE WORKER -> hostname=3f8339d18026 pid=464
[2026-06-21T21:57:01.375+0000] {logging_mixin.py:190} INFO - [READ 7] Procurando arquivo: /tmp/celery_demo/data_7.txt
[2026-06-21T21:57:01.376+0000] {logging_mixin.py:190} INFO - ======================================================================
[2026-06-21T21:57:01.378+0000] {logging_mixin.py:190} INFO - [READ 7] SUCESSO — arquivo encontrado neste worker.
[2026-06-21T21:57:01.386+0000] {logging_mixin.py:190} INFO - [READ 7] Conteúdo: Arquivo 7 escrito por: hostname=3f8339d18026 pid=419
[2026-06-21T21:57:01.395+0000] {logging_mixin.py:190} INFO - [READ 7] (write e read caíram no MESMO worker desta vez — por isso funcionou)
[2026-06-21T21:57:01.397+0000] {python.py:240} INFO - Done. Returned value was: None
[2026-06-21T21:57:01.422+0000] {taskinstance.py:341} INFO - ::group::Post task execution logs
[2026-06-21T21:57:01.430+0000] {taskinstance.py:353} INFO - Marking task as SUCCESS. dag_id=demo_tmp_celery_bug, task_id=read_7, run_id=manual__2026-06-21T21:56:52.209200+00:00, execution_date=20260621T215652, start_date=20260621T215700, end_date=20260621T215701
[2026-06-21T21:57:01.619+0000] {local_task_job_runner.py:266} INFO - Task exited with return code 0
[2026-06-21T21:57:01.667+0000] {local_task_job_runner.py:245} INFO - ::endgroup::
