[2026-06-21T22:00:11.184+0000] {local_task_job_runner.py:123} INFO - ::group::Pre task execution logs
[2026-06-21T22:00:11.222+0000] {taskinstance.py:2614} INFO - Dependencies all met for dep_context=non-requeueable deps ti=<TaskInstance: demo_tmp_celery_bug.read_6 manual__2026-06-21T21:57:48.391912+00:00 [queued]>
[2026-06-21T22:00:11.242+0000] {taskinstance.py:2614} INFO - Dependencies all met for dep_context=requeueable deps ti=<TaskInstance: demo_tmp_celery_bug.read_6 manual__2026-06-21T21:57:48.391912+00:00 [queued]>
[2026-06-21T22:00:11.245+0000] {taskinstance.py:2867} INFO - Starting attempt 1 of 1
[2026-06-21T22:00:11.270+0000] {taskinstance.py:2890} INFO - Executing <Task(PythonOperator): read_6> on 2026-06-21 21:57:48.391912+00:00
[2026-06-21T22:00:11.282+0000] {warnings.py:112} WARNING - /home/***/.local/lib/python3.12/site-packages/***/task/task_runner/standard_task_runner.py:70: DeprecationWarning: This process (pid=97) is multi-threaded, use of fork() may lead to deadlocks in the child.
  pid = os.fork()

[2026-06-21T22:00:11.286+0000] {standard_task_runner.py:72} INFO - Started process 102 to run task
[2026-06-21T22:00:11.284+0000] {standard_task_runner.py:104} INFO - Running: ['***', 'tasks', 'run', 'demo_tmp_celery_bug', 'read_6', 'manual__2026-06-21T21:57:48.391912+00:00', '--job-id', '499', '--raw', '--subdir', 'DAGS_FOLDER/demo_tmp_celery_bug.py', '--cfg-path', '/tmp/tmp0d2_occ2']
[2026-06-21T22:00:11.287+0000] {standard_task_runner.py:105} INFO - Job 499: Subtask read_6
[2026-06-21T22:00:11.382+0000] {task_command.py:467} INFO - Running <TaskInstance: demo_tmp_celery_bug.read_6 manual__2026-06-21T21:57:48.391912+00:00 [running]> on host 4970a61b9d60
[2026-06-21T22:00:11.538+0000] {taskinstance.py:3134} INFO - Exporting env vars: AIRFLOW_CTX_DAG_OWNER='***' AIRFLOW_CTX_DAG_ID='demo_tmp_celery_bug' AIRFLOW_CTX_TASK_ID='read_6' AIRFLOW_CTX_EXECUTION_DATE='2026-06-21T21:57:48.391912+00:00' AIRFLOW_CTX_TRY_NUMBER='1' AIRFLOW_CTX_DAG_RUN_ID='manual__2026-06-21T21:57:48.391912+00:00'
[2026-06-21T22:00:11.542+0000] {taskinstance.py:732} INFO - ::endgroup::
[2026-06-21T22:00:11.567+0000] {logging_mixin.py:190} INFO - ======================================================================
[2026-06-21T22:00:11.569+0000] {logging_mixin.py:190} INFO - [READ 6] ESTE WORKER -> hostname=4970a61b9d60 pid=102
[2026-06-21T22:00:11.570+0000] {logging_mixin.py:190} INFO - [READ 6] Procurando arquivo: /tmp/celery_demo/data_6.txt
[2026-06-21T22:00:11.571+0000] {logging_mixin.py:190} INFO - ======================================================================
[2026-06-21T22:00:11.573+0000] {logging_mixin.py:190} INFO - [READ 6] SUCESSO — arquivo encontrado neste worker.
[2026-06-21T22:00:11.574+0000] {logging_mixin.py:190} INFO - [READ 6] Conteúdo: Arquivo 6 escrito por: hostname=4970a61b9d60 pid=844
[2026-06-21T22:00:11.576+0000] {logging_mixin.py:190} INFO - [READ 6] (write e read caíram no MESMO worker desta vez — por isso funcionou)
[2026-06-21T22:00:11.577+0000] {python.py:240} INFO - Done. Returned value was: None
[2026-06-21T22:00:11.598+0000] {taskinstance.py:341} INFO - ::group::Post task execution logs
[2026-06-21T22:00:11.600+0000] {taskinstance.py:353} INFO - Marking task as SUCCESS. dag_id=demo_tmp_celery_bug, task_id=read_6, run_id=manual__2026-06-21T21:57:48.391912+00:00, execution_date=20260621T215748, start_date=20260621T220011, end_date=20260621T220011
[2026-06-21T22:00:11.664+0000] {local_task_job_runner.py:266} INFO - Task exited with return code 0
[2026-06-21T22:00:11.700+0000] {taskinstance.py:3901} INFO - 0 downstream tasks scheduled from follow-on schedule check
[2026-06-21T22:00:11.705+0000] {local_task_job_runner.py:245} INFO - ::endgroup::
