[2026-06-21T22:02:14.926+0000] {local_task_job_runner.py:123} INFO - ::group::Pre task execution logs
[2026-06-21T22:02:14.942+0000] {taskinstance.py:2614} INFO - Dependencies all met for dep_context=non-requeueable deps ti=<TaskInstance: public_api_pipeline.build_report manual__2026-06-21T22:02:08.139240+00:00 [queued]>
[2026-06-21T22:02:14.950+0000] {taskinstance.py:2614} INFO - Dependencies all met for dep_context=requeueable deps ti=<TaskInstance: public_api_pipeline.build_report manual__2026-06-21T22:02:08.139240+00:00 [queued]>
[2026-06-21T22:02:14.951+0000] {taskinstance.py:2867} INFO - Starting attempt 1 of 4
[2026-06-21T22:02:14.961+0000] {taskinstance.py:2890} INFO - Executing <Task(_PythonDecoratedOperator): build_report> on 2026-06-21 22:02:08.139240+00:00
[2026-06-21T22:02:14.967+0000] {warnings.py:112} WARNING - /home/***/.local/lib/python3.12/site-packages/***/task/task_runner/standard_task_runner.py:70: DeprecationWarning: This process (pid=289) is multi-threaded, use of fork() may lead to deadlocks in the child.
  pid = os.fork()

[2026-06-21T22:02:14.968+0000] {standard_task_runner.py:104} INFO - Running: ['***', 'tasks', 'run', 'public_api_pipeline', 'build_report', 'manual__2026-06-21T22:02:08.139240+00:00', '--job-id', '615', '--raw', '--subdir', 'DAGS_FOLDER/public_api_pipeline.py', '--cfg-path', '/tmp/tmpb60bis9_']
[2026-06-21T22:02:14.969+0000] {standard_task_runner.py:72} INFO - Started process 290 to run task
[2026-06-21T22:02:14.970+0000] {standard_task_runner.py:105} INFO - Job 615: Subtask build_report
[2026-06-21T22:02:15.027+0000] {task_command.py:467} INFO - Running <TaskInstance: public_api_pipeline.build_report manual__2026-06-21T22:02:08.139240+00:00 [running]> on host 4970a61b9d60
[2026-06-21T22:02:15.101+0000] {taskinstance.py:3134} INFO - Exporting env vars: AIRFLOW_CTX_DAG_OWNER='vinicius' AIRFLOW_CTX_DAG_ID='public_api_pipeline' AIRFLOW_CTX_TASK_ID='build_report' AIRFLOW_CTX_EXECUTION_DATE='2026-06-21T22:02:08.139240+00:00' AIRFLOW_CTX_TRY_NUMBER='1' AIRFLOW_CTX_DAG_RUN_ID='manual__2026-06-21T22:02:08.139240+00:00'
[2026-06-21T22:02:15.103+0000] {taskinstance.py:732} INFO - ::endgroup::
[2026-06-21T22:02:15.106+0000] {logging_mixin.py:190} INFO - ==== Previsao do tempo (hoje) ====
Cidade : São Paulo (Brasil)
Pontos : 24 leituras horarias
Minima : 11.4°C as 2026-06-21T07:00
Maxima : 20.3°C as 2026-06-21T15:00
Media  : 15.41°C
==================================
[2026-06-21T22:02:15.107+0000] {python.py:240} INFO - Done. Returned value was: ==== Previsao do tempo (hoje) ====
Cidade : São Paulo (Brasil)
Pontos : 24 leituras horarias
Minima : 11.4°C as 2026-06-21T07:00
Maxima : 20.3°C as 2026-06-21T15:00
Media  : 15.41°C
==================================
[2026-06-21T22:02:15.124+0000] {taskinstance.py:341} INFO - ::group::Post task execution logs
[2026-06-21T22:02:15.125+0000] {taskinstance.py:353} INFO - Marking task as SUCCESS. dag_id=public_api_pipeline, task_id=build_report, run_id=manual__2026-06-21T22:02:08.139240+00:00, execution_date=20260621T220208, start_date=20260621T220214, end_date=20260621T220215
[2026-06-21T22:02:15.185+0000] {local_task_job_runner.py:266} INFO - Task exited with return code 0
[2026-06-21T22:02:15.198+0000] {taskinstance.py:3901} INFO - 0 downstream tasks scheduled from follow-on schedule check
[2026-06-21T22:02:15.202+0000] {local_task_job_runner.py:245} INFO - ::endgroup::
