[2026-06-21T22:02:10.996+0000] {local_task_job_runner.py:123} INFO - ::group::Pre task execution logs
[2026-06-21T22:02:11.016+0000] {taskinstance.py:2614} INFO - Dependencies all met for dep_context=non-requeueable deps ti=<TaskInstance: public_api_pipeline.fetch_weather manual__2026-06-21T22:02:08.139240+00:00 [queued]>
[2026-06-21T22:02:11.024+0000] {taskinstance.py:2614} INFO - Dependencies all met for dep_context=requeueable deps ti=<TaskInstance: public_api_pipeline.fetch_weather manual__2026-06-21T22:02:08.139240+00:00 [queued]>
[2026-06-21T22:02:11.026+0000] {taskinstance.py:2867} INFO - Starting attempt 1 of 4
[2026-06-21T22:02:11.037+0000] {taskinstance.py:2890} INFO - Executing <Task(_PythonDecoratedOperator): fetch_weather> on 2026-06-21 22:02:08.139240+00:00
[2026-06-21T22:02:11.043+0000] {warnings.py:112} WARNING - /home/***/.local/lib/python3.12/site-packages/***/task/task_runner/standard_task_runner.py:70: DeprecationWarning: This process (pid=261) is multi-threaded, use of fork() may lead to deadlocks in the child.
  pid = os.fork()

[2026-06-21T22:02:11.045+0000] {standard_task_runner.py:72} INFO - Started process 262 to run task
[2026-06-21T22:02:11.044+0000] {standard_task_runner.py:104} INFO - Running: ['***', 'tasks', 'run', 'public_api_pipeline', 'fetch_weather', 'manual__2026-06-21T22:02:08.139240+00:00', '--job-id', '610', '--raw', '--subdir', 'DAGS_FOLDER/public_api_pipeline.py', '--cfg-path', '/tmp/tmphtyinqiv']
[2026-06-21T22:02:11.047+0000] {standard_task_runner.py:105} INFO - Job 610: Subtask fetch_weather
[2026-06-21T22:02:11.108+0000] {task_command.py:467} INFO - Running <TaskInstance: public_api_pipeline.fetch_weather manual__2026-06-21T22:02:08.139240+00:00 [running]> on host 3f8339d18026
[2026-06-21T22:02:11.183+0000] {taskinstance.py:3134} INFO - Exporting env vars: AIRFLOW_CTX_DAG_OWNER='vinicius' AIRFLOW_CTX_DAG_ID='public_api_pipeline' AIRFLOW_CTX_TASK_ID='fetch_weather' AIRFLOW_CTX_EXECUTION_DATE='2026-06-21T22:02:08.139240+00:00' AIRFLOW_CTX_TRY_NUMBER='1' AIRFLOW_CTX_DAG_RUN_ID='manual__2026-06-21T22:02:08.139240+00:00'
[2026-06-21T22:02:11.185+0000] {taskinstance.py:732} INFO - ::endgroup::
[2026-06-21T22:02:11.847+0000] {logging_mixin.py:190} INFO - [fetch_weather] 24 pontos horarios recebidos para São Paulo
[2026-06-21T22:02:11.849+0000] {python.py:240} INFO - Done. Returned value was: {'latitude': -23.514938, 'longitude': -46.610504, 'generationtime_ms': 0.024557113647460938, 'utc_offset_seconds': -10800, 'timezone': 'America/Sao_Paulo', 'timezone_abbreviation': 'GMT-3', 'elevation': 745.0, 'hourly_units': {'time': 'iso8601', 'temperature_2m': '°C'}, 'hourly': {'time': ['2026-06-21T00:00', '2026-06-21T01:00', '2026-06-21T02:00', '2026-06-21T03:00', '2026-06-21T04:00', '2026-06-21T05:00', '2026-06-21T06:00', '2026-06-21T07:00', '2026-06-21T08:00', '2026-06-21T09:00', '2026-06-21T10:00', '2026-06-21T11:00', '2026-06-21T12:00', '2026-06-21T13:00', '2026-06-21T14:00', '2026-06-21T15:00', '2026-06-21T16:00', '2026-06-21T17:00', '2026-06-21T18:00', '2026-06-21T19:00', '2026-06-21T20:00', '2026-06-21T21:00', '2026-06-21T22:00', '2026-06-21T23:00'], 'temperature_2m': [15.8, 15.6, 15.2, 14.2, 13.4, 12.4, 11.8, 11.4, 12.1, 13.9, 15.1, 16.6, 18.1, 19.2, 19.9, 20.3, 20.2, 19.0, 17.1, 16.0, 14.7, 13.3, 12.5, 12.1]}, '_city': 'São Paulo', '_country': 'Brasil'}
[2026-06-21T22:02:11.889+0000] {taskinstance.py:341} INFO - ::group::Post task execution logs
[2026-06-21T22:02:11.891+0000] {taskinstance.py:353} INFO - Marking task as SUCCESS. dag_id=public_api_pipeline, task_id=fetch_weather, run_id=manual__2026-06-21T22:02:08.139240+00:00, execution_date=20260621T220208, start_date=20260621T220211, end_date=20260621T220211
[2026-06-21T22:02:11.944+0000] {local_task_job_runner.py:266} INFO - Task exited with return code 0
[2026-06-21T22:02:11.970+0000] {taskinstance.py:3901} INFO - 1 downstream tasks scheduled from follow-on schedule check
[2026-06-21T22:02:11.972+0000] {local_task_job_runner.py:245} INFO - ::endgroup::
