[2026-06-21T21:58:13.364+0000] {local_task_job_runner.py:123} INFO - ::group::Pre task execution logs
[2026-06-21T21:58:13.643+0000] {taskinstance.py:2614} INFO - Dependencies all met for dep_context=non-requeueable deps ti=<TaskInstance: demo_tmp_celery_bug.write_3 manual__2026-06-21T21:57:48.248264+00:00 [queued]>
[2026-06-21T21:58:13.788+0000] {taskinstance.py:2614} INFO - Dependencies all met for dep_context=requeueable deps ti=<TaskInstance: demo_tmp_celery_bug.write_3 manual__2026-06-21T21:57:48.248264+00:00 [queued]>
[2026-06-21T21:58:13.804+0000] {taskinstance.py:2867} INFO - Starting attempt 1 of 1
[2026-06-21T21:58:13.993+0000] {taskinstance.py:2890} INFO - Executing <Task(PythonOperator): write_3> on 2026-06-21 21:57:48.248264+00:00
[2026-06-21T21:58:14.030+0000] {warnings.py:112} WARNING - /home/***/.local/lib/python3.12/site-packages/***/task/task_runner/standard_task_runner.py:70: DeprecationWarning: This process (pid=649) is multi-threaded, use of fork() may lead to deadlocks in the child.
  pid = os.fork()

[2026-06-21T21:58:14.048+0000] {standard_task_runner.py:72} INFO - Started process 660 to run task
[2026-06-21T21:58:14.038+0000] {standard_task_runner.py:104} INFO - Running: ['***', 'tasks', 'run', 'demo_tmp_celery_bug', 'write_3', 'manual__2026-06-21T21:57:48.248264+00:00', '--job-id', '332', '--raw', '--subdir', 'DAGS_FOLDER/demo_tmp_celery_bug.py', '--cfg-path', '/tmp/tmpazdx6_cr']
[2026-06-21T21:58:14.064+0000] {standard_task_runner.py:105} INFO - Job 332: Subtask write_3
[2026-06-21T21:58:14.711+0000] {task_command.py:467} INFO - Running <TaskInstance: demo_tmp_celery_bug.write_3 manual__2026-06-21T21:57:48.248264+00:00 [running]> on host 3f8339d18026
[2026-06-21T21:58:15.633+0000] {taskinstance.py:3134} INFO - Exporting env vars: AIRFLOW_CTX_DAG_OWNER='***' AIRFLOW_CTX_DAG_ID='demo_tmp_celery_bug' AIRFLOW_CTX_TASK_ID='write_3' AIRFLOW_CTX_EXECUTION_DATE='2026-06-21T21:57:48.248264+00:00' AIRFLOW_CTX_TRY_NUMBER='1' AIRFLOW_CTX_DAG_RUN_ID='manual__2026-06-21T21:57:48.248264+00:00'
[2026-06-21T21:58:15.636+0000] {taskinstance.py:732} INFO - ::endgroup::
[2026-06-21T21:58:15.692+0000] {logging_mixin.py:190} INFO - ======================================================================
[2026-06-21T21:58:15.700+0000] {logging_mixin.py:190} INFO - [WRITE 3] Arquivo criado em: /tmp/celery_demo/data_3.txt
[2026-06-21T21:58:15.702+0000] {logging_mixin.py:190} INFO - [WRITE 3] ESTE WORKER -> hostname=3f8339d18026 pid=660
[2026-06-21T21:58:15.704+0000] {logging_mixin.py:190} INFO - ======================================================================
[2026-06-21T21:58:15.706+0000] {logging_mixin.py:190} INFO - [WRITE 3] Se a read_3 cair em OUTRO worker, ela NÃO vai encontrar este arquivo.
[2026-06-21T21:58:15.708+0000] {python.py:240} INFO - Done. Returned value was: None
[2026-06-21T21:58:15.796+0000] {taskinstance.py:341} INFO - ::group::Post task execution logs
[2026-06-21T21:58:15.801+0000] {taskinstance.py:353} INFO - Marking task as SUCCESS. dag_id=demo_tmp_celery_bug, task_id=write_3, run_id=manual__2026-06-21T21:57:48.248264+00:00, execution_date=20260621T215748, start_date=20260621T215813, end_date=20260621T215815
[2026-06-21T21:58:16.054+0000] {local_task_job_runner.py:266} INFO - Task exited with return code 0
[2026-06-21T21:58:16.350+0000] {taskinstance.py:3901} INFO - 1 downstream tasks scheduled from follow-on schedule check
[2026-06-21T21:58:16.364+0000] {local_task_job_runner.py:245} INFO - ::endgroup::
