[2026-06-21T22:00:28.023+0000] {local_task_job_runner.py:123} INFO - ::group::Pre task execution logs
[2026-06-21T22:00:28.062+0000] {taskinstance.py:2614} INFO - Dependencies all met for dep_context=non-requeueable deps ti=<TaskInstance: demo_tmp_celery_bug.read_0 manual__2026-06-21T21:57:50.225100+00:00 [queued]>
[2026-06-21T22:00:28.080+0000] {taskinstance.py:2614} INFO - Dependencies all met for dep_context=requeueable deps ti=<TaskInstance: demo_tmp_celery_bug.read_0 manual__2026-06-21T21:57:50.225100+00:00 [queued]>
[2026-06-21T22:00:28.084+0000] {taskinstance.py:2867} INFO - Starting attempt 1 of 1
[2026-06-21T22:00:28.113+0000] {taskinstance.py:2890} INFO - Executing <Task(PythonOperator): read_0> on 2026-06-21 21:57:50.225100+00:00
[2026-06-21T22:00:28.128+0000] {warnings.py:112} WARNING - /home/***/.local/lib/python3.12/site-packages/***/task/task_runner/standard_task_runner.py:70: DeprecationWarning: This process (pid=215) is multi-threaded, use of fork() may lead to deadlocks in the child.
  pid = os.fork()

[2026-06-21T22:00:28.132+0000] {standard_task_runner.py:72} INFO - Started process 218 to run task
[2026-06-21T22:00:28.132+0000] {standard_task_runner.py:104} INFO - Running: ['***', 'tasks', 'run', 'demo_tmp_celery_bug', 'read_0', 'manual__2026-06-21T21:57:50.225100+00:00', '--job-id', '580', '--raw', '--subdir', 'DAGS_FOLDER/demo_tmp_celery_bug.py', '--cfg-path', '/tmp/tmputhy5ds1']
[2026-06-21T22:00:28.136+0000] {standard_task_runner.py:105} INFO - Job 580: Subtask read_0
[2026-06-21T22:00:28.256+0000] {task_command.py:467} INFO - Running <TaskInstance: demo_tmp_celery_bug.read_0 manual__2026-06-21T21:57:50.225100+00:00 [running]> on host 4970a61b9d60
[2026-06-21T22:00:28.429+0000] {taskinstance.py:3134} INFO - Exporting env vars: AIRFLOW_CTX_DAG_OWNER='***' AIRFLOW_CTX_DAG_ID='demo_tmp_celery_bug' AIRFLOW_CTX_TASK_ID='read_0' AIRFLOW_CTX_EXECUTION_DATE='2026-06-21T21:57:50.225100+00:00' AIRFLOW_CTX_TRY_NUMBER='1' AIRFLOW_CTX_DAG_RUN_ID='manual__2026-06-21T21:57:50.225100+00:00'
[2026-06-21T22:00:28.432+0000] {taskinstance.py:732} INFO - ::endgroup::
[2026-06-21T22:00:28.463+0000] {logging_mixin.py:190} INFO - ======================================================================
[2026-06-21T22:00:28.466+0000] {logging_mixin.py:190} INFO - [READ 0] ESTE WORKER -> hostname=4970a61b9d60 pid=218
[2026-06-21T22:00:28.468+0000] {logging_mixin.py:190} INFO - [READ 0] Procurando arquivo: /tmp/celery_demo/data_0.txt
[2026-06-21T22:00:28.469+0000] {logging_mixin.py:190} INFO - ======================================================================
[2026-06-21T22:00:28.471+0000] {logging_mixin.py:190} INFO - [READ 0] SUCESSO — arquivo encontrado neste worker.
[2026-06-21T22:00:28.473+0000] {logging_mixin.py:190} INFO - [READ 0] Conteúdo: Arquivo 0 escrito por: hostname=4970a61b9d60 pid=807
[2026-06-21T22:00:28.475+0000] {logging_mixin.py:190} INFO - [READ 0] (write e read caíram no MESMO worker desta vez — por isso funcionou)
[2026-06-21T22:00:28.477+0000] {python.py:240} INFO - Done. Returned value was: None
[2026-06-21T22:00:28.503+0000] {taskinstance.py:341} INFO - ::group::Post task execution logs
[2026-06-21T22:00:28.504+0000] {taskinstance.py:353} INFO - Marking task as SUCCESS. dag_id=demo_tmp_celery_bug, task_id=read_0, run_id=manual__2026-06-21T21:57:50.225100+00:00, execution_date=20260621T215750, start_date=20260621T220028, end_date=20260621T220028
[2026-06-21T22:00:28.593+0000] {local_task_job_runner.py:266} INFO - Task exited with return code 0
[2026-06-21T22:00:28.609+0000] {local_task_job_runner.py:245} INFO - ::endgroup::
