[2026-06-21T22:00:24.576+0000] {local_task_job_runner.py:123} INFO - ::group::Pre task execution logs
[2026-06-21T22:00:24.617+0000] {taskinstance.py:2614} INFO - Dependencies all met for dep_context=non-requeueable deps ti=<TaskInstance: demo_tmp_celery_bug.read_1 manual__2026-06-21T21:57:50.027400+00:00 [queued]>
[2026-06-21T22:00:24.644+0000] {taskinstance.py:2614} INFO - Dependencies all met for dep_context=requeueable deps ti=<TaskInstance: demo_tmp_celery_bug.read_1 manual__2026-06-21T21:57:50.027400+00:00 [queued]>
[2026-06-21T22:00:24.647+0000] {taskinstance.py:2867} INFO - Starting attempt 1 of 1
[2026-06-21T22:00:24.680+0000] {taskinstance.py:2890} INFO - Executing <Task(PythonOperator): read_1> on 2026-06-21 21:57:50.027400+00:00
[2026-06-21T22:00:24.692+0000] {warnings.py:112} WARNING - /home/***/.local/lib/python3.12/site-packages/***/task/task_runner/standard_task_runner.py:70: DeprecationWarning: This process (pid=193) is multi-threaded, use of fork() may lead to deadlocks in the child.
  pid = os.fork()

[2026-06-21T22:00:24.695+0000] {standard_task_runner.py:104} INFO - Running: ['***', 'tasks', 'run', 'demo_tmp_celery_bug', 'read_1', 'manual__2026-06-21T21:57:50.027400+00:00', '--job-id', '566', '--raw', '--subdir', 'DAGS_FOLDER/demo_tmp_celery_bug.py', '--cfg-path', '/tmp/tmpq81ip7_k']
[2026-06-21T22:00:24.696+0000] {standard_task_runner.py:72} INFO - Started process 198 to run task
[2026-06-21T22:00:24.697+0000] {standard_task_runner.py:105} INFO - Job 566: Subtask read_1
[2026-06-21T22:00:24.806+0000] {task_command.py:467} INFO - Running <TaskInstance: demo_tmp_celery_bug.read_1 manual__2026-06-21T21:57:50.027400+00:00 [running]> on host 4970a61b9d60
[2026-06-21T22:00:24.943+0000] {taskinstance.py:3134} INFO - Exporting env vars: AIRFLOW_CTX_DAG_OWNER='***' AIRFLOW_CTX_DAG_ID='demo_tmp_celery_bug' AIRFLOW_CTX_TASK_ID='read_1' AIRFLOW_CTX_EXECUTION_DATE='2026-06-21T21:57:50.027400+00:00' AIRFLOW_CTX_TRY_NUMBER='1' AIRFLOW_CTX_DAG_RUN_ID='manual__2026-06-21T21:57:50.027400+00:00'
[2026-06-21T22:00:24.945+0000] {taskinstance.py:732} INFO - ::endgroup::
[2026-06-21T22:00:24.975+0000] {logging_mixin.py:190} INFO - ======================================================================
[2026-06-21T22:00:24.976+0000] {logging_mixin.py:190} INFO - [READ 1] ESTE WORKER -> hostname=4970a61b9d60 pid=198
[2026-06-21T22:00:24.977+0000] {logging_mixin.py:190} INFO - [READ 1] Procurando arquivo: /tmp/celery_demo/data_1.txt
[2026-06-21T22:00:24.979+0000] {logging_mixin.py:190} INFO - ======================================================================
[2026-06-21T22:00:24.980+0000] {logging_mixin.py:190} INFO - [READ 1] SUCESSO — arquivo encontrado neste worker.
[2026-06-21T22:00:24.981+0000] {logging_mixin.py:190} INFO - [READ 1] Conteúdo: Arquivo 1 escrito por: hostname=4970a61b9d60 pid=796
[2026-06-21T22:00:24.982+0000] {logging_mixin.py:190} INFO - [READ 1] (write e read caíram no MESMO worker desta vez — por isso funcionou)
[2026-06-21T22:00:24.986+0000] {python.py:240} INFO - Done. Returned value was: None
[2026-06-21T22:00:25.004+0000] {taskinstance.py:341} INFO - ::group::Post task execution logs
[2026-06-21T22:00:25.005+0000] {taskinstance.py:353} INFO - Marking task as SUCCESS. dag_id=demo_tmp_celery_bug, task_id=read_1, run_id=manual__2026-06-21T21:57:50.027400+00:00, execution_date=20260621T215750, start_date=20260621T220024, end_date=20260621T220025
[2026-06-21T22:00:25.076+0000] {local_task_job_runner.py:266} INFO - Task exited with return code 0
[2026-06-21T22:00:25.112+0000] {taskinstance.py:3901} INFO - 0 downstream tasks scheduled from follow-on schedule check
[2026-06-21T22:00:25.116+0000] {local_task_job_runner.py:245} INFO - ::endgroup::
