[2026-06-21T22:00:21.771+0000] {local_task_job_runner.py:123} INFO - ::group::Pre task execution logs
[2026-06-21T22:00:21.809+0000] {taskinstance.py:2614} INFO - Dependencies all met for dep_context=non-requeueable deps ti=<TaskInstance: demo_tmp_celery_bug.read_3 manual__2026-06-21T21:57:49.610716+00:00 [queued]>
[2026-06-21T22:00:21.829+0000] {taskinstance.py:2614} INFO - Dependencies all met for dep_context=requeueable deps ti=<TaskInstance: demo_tmp_celery_bug.read_3 manual__2026-06-21T21:57:49.610716+00:00 [queued]>
[2026-06-21T22:00:21.831+0000] {taskinstance.py:2867} INFO - Starting attempt 1 of 1
[2026-06-21T22:00:21.857+0000] {taskinstance.py:2890} INFO - Executing <Task(PythonOperator): read_3> on 2026-06-21 21:57:49.610716+00:00
[2026-06-21T22:00:21.870+0000] {warnings.py:112} WARNING - /home/***/.local/lib/python3.12/site-packages/***/task/task_runner/standard_task_runner.py:70: DeprecationWarning: This process (pid=171) is multi-threaded, use of fork() may lead to deadlocks in the child.
  pid = os.fork()

[2026-06-21T22:00:21.874+0000] {standard_task_runner.py:104} INFO - Running: ['***', 'tasks', 'run', 'demo_tmp_celery_bug', 'read_3', 'manual__2026-06-21T21:57:49.610716+00:00', '--job-id', '553', '--raw', '--subdir', 'DAGS_FOLDER/demo_tmp_celery_bug.py', '--cfg-path', '/tmp/tmptk4avw24']
[2026-06-21T22:00:21.876+0000] {standard_task_runner.py:72} INFO - Started process 179 to run task
[2026-06-21T22:00:21.877+0000] {standard_task_runner.py:105} INFO - Job 553: Subtask read_3
[2026-06-21T22:00:21.988+0000] {task_command.py:467} INFO - Running <TaskInstance: demo_tmp_celery_bug.read_3 manual__2026-06-21T21:57:49.610716+00:00 [running]> on host 4970a61b9d60
[2026-06-21T22:00:22.166+0000] {taskinstance.py:3134} INFO - Exporting env vars: AIRFLOW_CTX_DAG_OWNER='***' AIRFLOW_CTX_DAG_ID='demo_tmp_celery_bug' AIRFLOW_CTX_TASK_ID='read_3' AIRFLOW_CTX_EXECUTION_DATE='2026-06-21T21:57:49.610716+00:00' AIRFLOW_CTX_TRY_NUMBER='1' AIRFLOW_CTX_DAG_RUN_ID='manual__2026-06-21T21:57:49.610716+00:00'
[2026-06-21T22:00:22.168+0000] {taskinstance.py:732} INFO - ::endgroup::
[2026-06-21T22:00:22.196+0000] {logging_mixin.py:190} INFO - ======================================================================
[2026-06-21T22:00:22.198+0000] {logging_mixin.py:190} INFO - [READ 3] ESTE WORKER -> hostname=4970a61b9d60 pid=179
[2026-06-21T22:00:22.200+0000] {logging_mixin.py:190} INFO - [READ 3] Procurando arquivo: /tmp/celery_demo/data_3.txt
[2026-06-21T22:00:22.201+0000] {logging_mixin.py:190} INFO - ======================================================================
[2026-06-21T22:00:22.203+0000] {logging_mixin.py:190} INFO - [READ 3] SUCESSO — arquivo encontrado neste worker.
[2026-06-21T22:00:22.205+0000] {logging_mixin.py:190} INFO - [READ 3] Conteúdo: Arquivo 3 escrito por: hostname=4970a61b9d60 pid=850
[2026-06-21T22:00:22.206+0000] {logging_mixin.py:190} INFO - [READ 3] (write e read caíram no MESMO worker desta vez — por isso funcionou)
[2026-06-21T22:00:22.208+0000] {python.py:240} INFO - Done. Returned value was: None
[2026-06-21T22:00:22.224+0000] {taskinstance.py:341} INFO - ::group::Post task execution logs
[2026-06-21T22:00:22.227+0000] {taskinstance.py:353} INFO - Marking task as SUCCESS. dag_id=demo_tmp_celery_bug, task_id=read_3, run_id=manual__2026-06-21T21:57:49.610716+00:00, execution_date=20260621T215749, start_date=20260621T220021, end_date=20260621T220022
[2026-06-21T22:00:22.301+0000] {local_task_job_runner.py:266} INFO - Task exited with return code 0
[2026-06-21T22:00:22.315+0000] {local_task_job_runner.py:245} INFO - ::endgroup::
