[2026-06-21T21:58:06.198+0000] {local_task_job_runner.py:123} INFO - ::group::Pre task execution logs
[2026-06-21T21:58:06.276+0000] {taskinstance.py:2614} INFO - Dependencies all met for dep_context=non-requeueable deps ti=<TaskInstance: demo_tmp_celery_bug.write_3 manual__2026-06-21T21:57:47.960253+00:00 [queued]>
[2026-06-21T21:58:06.323+0000] {taskinstance.py:2614} INFO - Dependencies all met for dep_context=requeueable deps ti=<TaskInstance: demo_tmp_celery_bug.write_3 manual__2026-06-21T21:57:47.960253+00:00 [queued]>
[2026-06-21T21:58:06.327+0000] {taskinstance.py:2867} INFO - Starting attempt 1 of 1
[2026-06-21T21:58:06.865+0000] {taskinstance.py:2890} INFO - Executing <Task(PythonOperator): write_3> on 2026-06-21 21:57:47.960253+00:00
[2026-06-21T21:58:06.922+0000] {warnings.py:112} WARNING - /home/***/.local/lib/python3.12/site-packages/***/task/task_runner/standard_task_runner.py:70: DeprecationWarning: This process (pid=627) is multi-threaded, use of fork() may lead to deadlocks in the child.
  pid = os.fork()

[2026-06-21T21:58:06.941+0000] {standard_task_runner.py:72} INFO - Started process 636 to run task
[2026-06-21T21:58:06.947+0000] {standard_task_runner.py:104} INFO - Running: ['***', 'tasks', 'run', 'demo_tmp_celery_bug', 'write_3', 'manual__2026-06-21T21:57:47.960253+00:00', '--job-id', '314', '--raw', '--subdir', 'DAGS_FOLDER/demo_tmp_celery_bug.py', '--cfg-path', '/tmp/tmp5_jf1vs9']
[2026-06-21T21:58:07.026+0000] {standard_task_runner.py:105} INFO - Job 314: Subtask write_3
[2026-06-21T21:58:07.392+0000] {task_command.py:467} INFO - Running <TaskInstance: demo_tmp_celery_bug.write_3 manual__2026-06-21T21:57:47.960253+00:00 [running]> on host 3f8339d18026
[2026-06-21T21:58:07.917+0000] {taskinstance.py:3134} INFO - Exporting env vars: AIRFLOW_CTX_DAG_OWNER='***' AIRFLOW_CTX_DAG_ID='demo_tmp_celery_bug' AIRFLOW_CTX_TASK_ID='write_3' AIRFLOW_CTX_EXECUTION_DATE='2026-06-21T21:57:47.960253+00:00' AIRFLOW_CTX_TRY_NUMBER='1' AIRFLOW_CTX_DAG_RUN_ID='manual__2026-06-21T21:57:47.960253+00:00'
[2026-06-21T21:58:07.945+0000] {taskinstance.py:732} INFO - ::endgroup::
[2026-06-21T21:58:08.090+0000] {logging_mixin.py:190} INFO - ======================================================================
[2026-06-21T21:58:08.096+0000] {logging_mixin.py:190} INFO - [WRITE 3] Arquivo criado em: /tmp/celery_demo/data_3.txt
[2026-06-21T21:58:08.100+0000] {logging_mixin.py:190} INFO - [WRITE 3] ESTE WORKER -> hostname=3f8339d18026 pid=636
[2026-06-21T21:58:08.104+0000] {logging_mixin.py:190} INFO - ======================================================================
[2026-06-21T21:58:08.107+0000] {logging_mixin.py:190} INFO - [WRITE 3] Se a read_3 cair em OUTRO worker, ela NÃO vai encontrar este arquivo.
[2026-06-21T21:58:08.112+0000] {python.py:240} INFO - Done. Returned value was: None
[2026-06-21T21:58:08.162+0000] {taskinstance.py:341} INFO - ::group::Post task execution logs
[2026-06-21T21:58:08.172+0000] {taskinstance.py:353} INFO - Marking task as SUCCESS. dag_id=demo_tmp_celery_bug, task_id=write_3, run_id=manual__2026-06-21T21:57:47.960253+00:00, execution_date=20260621T215747, start_date=20260621T215806, end_date=20260621T215808
[2026-06-21T21:58:08.347+0000] {local_task_job_runner.py:266} INFO - Task exited with return code 0
[2026-06-21T21:58:08.391+0000] {local_task_job_runner.py:245} INFO - ::endgroup::
