[2026-06-21T21:58:54.854+0000] {local_task_job_runner.py:123} INFO - ::group::Pre task execution logs
[2026-06-21T21:58:54.951+0000] {taskinstance.py:2614} INFO - Dependencies all met for dep_context=non-requeueable deps ti=<TaskInstance: demo_tmp_celery_bug.write_5 manual__2026-06-21T21:57:50.027400+00:00 [queued]>
[2026-06-21T21:58:55.019+0000] {taskinstance.py:2614} INFO - Dependencies all met for dep_context=requeueable deps ti=<TaskInstance: demo_tmp_celery_bug.write_5 manual__2026-06-21T21:57:50.027400+00:00 [queued]>
[2026-06-21T21:58:55.026+0000] {taskinstance.py:2867} INFO - Starting attempt 1 of 1
[2026-06-21T21:58:55.095+0000] {taskinstance.py:2890} INFO - Executing <Task(PythonOperator): write_5> on 2026-06-21 21:57:50.027400+00:00
[2026-06-21T21:58:55.138+0000] {warnings.py:112} WARNING - /home/***/.local/lib/python3.12/site-packages/***/task/task_runner/standard_task_runner.py:70: DeprecationWarning: This process (pid=815) is multi-threaded, use of fork() may lead to deadlocks in the child.
  pid = os.fork()

[2026-06-21T21:58:55.159+0000] {standard_task_runner.py:104} INFO - Running: ['***', 'tasks', 'run', 'demo_tmp_celery_bug', 'write_5', 'manual__2026-06-21T21:57:50.027400+00:00', '--job-id', '435', '--raw', '--subdir', 'DAGS_FOLDER/demo_tmp_celery_bug.py', '--cfg-path', '/tmp/tmph9rgclv1']
[2026-06-21T21:58:55.173+0000] {standard_task_runner.py:72} INFO - Started process 829 to run task
[2026-06-21T21:58:55.177+0000] {standard_task_runner.py:105} INFO - Job 435: Subtask write_5
[2026-06-21T21:58:55.489+0000] {task_command.py:467} INFO - Running <TaskInstance: demo_tmp_celery_bug.write_5 manual__2026-06-21T21:57:50.027400+00:00 [running]> on host 3f8339d18026
[2026-06-21T21:58:55.843+0000] {taskinstance.py:3134} INFO - Exporting env vars: AIRFLOW_CTX_DAG_OWNER='***' AIRFLOW_CTX_DAG_ID='demo_tmp_celery_bug' AIRFLOW_CTX_TASK_ID='write_5' AIRFLOW_CTX_EXECUTION_DATE='2026-06-21T21:57:50.027400+00:00' AIRFLOW_CTX_TRY_NUMBER='1' AIRFLOW_CTX_DAG_RUN_ID='manual__2026-06-21T21:57:50.027400+00:00'
[2026-06-21T21:58:55.846+0000] {taskinstance.py:732} INFO - ::endgroup::
[2026-06-21T21:58:55.914+0000] {logging_mixin.py:190} INFO - ======================================================================
[2026-06-21T21:58:55.921+0000] {logging_mixin.py:190} INFO - [WRITE 5] Arquivo criado em: /tmp/celery_demo/data_5.txt
[2026-06-21T21:58:55.925+0000] {logging_mixin.py:190} INFO - [WRITE 5] ESTE WORKER -> hostname=3f8339d18026 pid=829
[2026-06-21T21:58:55.929+0000] {logging_mixin.py:190} INFO - ======================================================================
[2026-06-21T21:58:55.931+0000] {logging_mixin.py:190} INFO - [WRITE 5] Se a read_5 cair em OUTRO worker, ela NÃO vai encontrar este arquivo.
[2026-06-21T21:58:55.940+0000] {python.py:240} INFO - Done. Returned value was: None
[2026-06-21T21:58:56.035+0000] {taskinstance.py:341} INFO - ::group::Post task execution logs
[2026-06-21T21:58:56.044+0000] {taskinstance.py:353} INFO - Marking task as SUCCESS. dag_id=demo_tmp_celery_bug, task_id=write_5, run_id=manual__2026-06-21T21:57:50.027400+00:00, execution_date=20260621T215750, start_date=20260621T215854, end_date=20260621T215856
[2026-06-21T21:58:56.240+0000] {local_task_job_runner.py:266} INFO - Task exited with return code 0
[2026-06-21T21:58:56.527+0000] {taskinstance.py:3901} INFO - 1 downstream tasks scheduled from follow-on schedule check
[2026-06-21T21:58:56.574+0000] {local_task_job_runner.py:245} INFO - ::endgroup::
