[2026-06-21T22:02:06.139+0000] {local_task_job_runner.py:123} INFO - ::group::Pre task execution logs
[2026-06-21T22:02:06.154+0000] {taskinstance.py:2614} INFO - Dependencies all met for dep_context=non-requeueable deps ti=<TaskInstance: public_api_pipeline.get_coordinates scheduled__2026-06-20T00:00:00+00:00 [queued]>
[2026-06-21T22:02:06.161+0000] {taskinstance.py:2614} INFO - Dependencies all met for dep_context=requeueable deps ti=<TaskInstance: public_api_pipeline.get_coordinates scheduled__2026-06-20T00:00:00+00:00 [queued]>
[2026-06-21T22:02:06.163+0000] {taskinstance.py:2867} INFO - Starting attempt 1 of 4
[2026-06-21T22:02:06.174+0000] {taskinstance.py:2890} INFO - Executing <Task(_PythonDecoratedOperator): get_coordinates> on 2026-06-20 00:00:00+00:00
[2026-06-21T22:02:06.181+0000] {warnings.py:112} WARNING - /home/***/.local/lib/python3.12/site-packages/***/task/task_runner/standard_task_runner.py:70: DeprecationWarning: This process (pid=277) is multi-threaded, use of fork() may lead to deadlocks in the child.
  pid = os.fork()

[2026-06-21T22:02:06.183+0000] {standard_task_runner.py:104} INFO - Running: ['***', 'tasks', 'run', 'public_api_pipeline', 'get_coordinates', 'scheduled__2026-06-20T00:00:00+00:00', '--job-id', '606', '--raw', '--subdir', 'DAGS_FOLDER/public_api_pipeline.py', '--cfg-path', '/tmp/tmpjj024ijc']
[2026-06-21T22:02:06.183+0000] {standard_task_runner.py:72} INFO - Started process 278 to run task
[2026-06-21T22:02:06.184+0000] {standard_task_runner.py:105} INFO - Job 606: Subtask get_coordinates
[2026-06-21T22:02:06.251+0000] {task_command.py:467} INFO - Running <TaskInstance: public_api_pipeline.get_coordinates scheduled__2026-06-20T00:00:00+00:00 [running]> on host 4970a61b9d60
[2026-06-21T22:02:06.318+0000] {taskinstance.py:3134} INFO - Exporting env vars: AIRFLOW_CTX_DAG_OWNER='vinicius' AIRFLOW_CTX_DAG_ID='public_api_pipeline' AIRFLOW_CTX_TASK_ID='get_coordinates' AIRFLOW_CTX_EXECUTION_DATE='2026-06-20T00:00:00+00:00' AIRFLOW_CTX_TRY_NUMBER='1' AIRFLOW_CTX_DAG_RUN_ID='scheduled__2026-06-20T00:00:00+00:00'
[2026-06-21T22:02:06.320+0000] {taskinstance.py:732} INFO - ::endgroup::
[2026-06-21T22:02:07.173+0000] {logging_mixin.py:190} INFO - [get_coordinates] {'city': 'São Paulo', 'country': 'Brasil', 'latitude': -23.5475, 'longitude': -46.63611}
[2026-06-21T22:02:07.175+0000] {python.py:240} INFO - Done. Returned value was: {'city': 'São Paulo', 'country': 'Brasil', 'latitude': -23.5475, 'longitude': -46.63611}
[2026-06-21T22:02:07.200+0000] {taskinstance.py:341} INFO - ::group::Post task execution logs
[2026-06-21T22:02:07.201+0000] {taskinstance.py:353} INFO - Marking task as SUCCESS. dag_id=public_api_pipeline, task_id=get_coordinates, run_id=scheduled__2026-06-20T00:00:00+00:00, execution_date=20260620T000000, start_date=20260621T220206, end_date=20260621T220207
[2026-06-21T22:02:07.244+0000] {local_task_job_runner.py:266} INFO - Task exited with return code 0
[2026-06-21T22:02:07.271+0000] {taskinstance.py:3901} INFO - 0 downstream tasks scheduled from follow-on schedule check
[2026-06-21T22:02:07.274+0000] {local_task_job_runner.py:245} INFO - ::endgroup::
