[2026-06-21T21:56:54.076+0000] {local_task_job_runner.py:123} INFO - ::group::Pre task execution logs
[2026-06-21T21:56:54.118+0000] {taskinstance.py:2614} INFO - Dependencies all met for dep_context=non-requeueable deps ti=<TaskInstance: demo_tmp_celery_bug.write_0 manual__2026-06-21T21:56:51.160229+00:00 [queued]>
[2026-06-21T21:56:54.139+0000] {taskinstance.py:2614} INFO - Dependencies all met for dep_context=requeueable deps ti=<TaskInstance: demo_tmp_celery_bug.write_0 manual__2026-06-21T21:56:51.160229+00:00 [queued]>
[2026-06-21T21:56:54.143+0000] {taskinstance.py:2867} INFO - Starting attempt 1 of 1
[2026-06-21T21:56:54.178+0000] {taskinstance.py:2890} INFO - Executing <Task(PythonOperator): write_0> on 2026-06-21 21:56:51.160229+00:00
[2026-06-21T21:56:54.192+0000] {warnings.py:112} WARNING - /home/***/.local/lib/python3.12/site-packages/***/task/task_runner/standard_task_runner.py:70: DeprecationWarning: This process (pid=386) is multi-threaded, use of fork() may lead to deadlocks in the child.
  pid = os.fork()

[2026-06-21T21:56:54.197+0000] {standard_task_runner.py:72} INFO - Started process 393 to run task
[2026-06-21T21:56:54.203+0000] {standard_task_runner.py:104} INFO - Running: ['***', 'tasks', 'run', 'demo_tmp_celery_bug', 'write_0', 'manual__2026-06-21T21:56:51.160229+00:00', '--job-id', '176', '--raw', '--subdir', 'DAGS_FOLDER/demo_tmp_celery_bug.py', '--cfg-path', '/tmp/tmphe0_i42c']
[2026-06-21T21:56:54.210+0000] {standard_task_runner.py:105} INFO - Job 176: Subtask write_0
[2026-06-21T21:56:54.399+0000] {task_command.py:467} INFO - Running <TaskInstance: demo_tmp_celery_bug.write_0 manual__2026-06-21T21:56:51.160229+00:00 [running]> on host 4970a61b9d60
[2026-06-21T21:56:54.713+0000] {taskinstance.py:3134} INFO - Exporting env vars: AIRFLOW_CTX_DAG_OWNER='***' AIRFLOW_CTX_DAG_ID='demo_tmp_celery_bug' AIRFLOW_CTX_TASK_ID='write_0' AIRFLOW_CTX_EXECUTION_DATE='2026-06-21T21:56:51.160229+00:00' AIRFLOW_CTX_TRY_NUMBER='1' AIRFLOW_CTX_DAG_RUN_ID='manual__2026-06-21T21:56:51.160229+00:00'
[2026-06-21T21:56:54.715+0000] {taskinstance.py:732} INFO - ::endgroup::
[2026-06-21T21:56:54.766+0000] {logging_mixin.py:190} INFO - ======================================================================
[2026-06-21T21:56:54.777+0000] {logging_mixin.py:190} INFO - [WRITE 0] Arquivo criado em: /tmp/celery_demo/data_0.txt
[2026-06-21T21:56:54.780+0000] {logging_mixin.py:190} INFO - [WRITE 0] ESTE WORKER -> hostname=4970a61b9d60 pid=393
[2026-06-21T21:56:54.781+0000] {logging_mixin.py:190} INFO - ======================================================================
[2026-06-21T21:56:54.783+0000] {logging_mixin.py:190} INFO - [WRITE 0] Se a read_0 cair em OUTRO worker, ela NÃO vai encontrar este arquivo.
[2026-06-21T21:56:54.784+0000] {python.py:240} INFO - Done. Returned value was: None
[2026-06-21T21:56:54.805+0000] {taskinstance.py:341} INFO - ::group::Post task execution logs
[2026-06-21T21:56:54.807+0000] {taskinstance.py:353} INFO - Marking task as SUCCESS. dag_id=demo_tmp_celery_bug, task_id=write_0, run_id=manual__2026-06-21T21:56:51.160229+00:00, execution_date=20260621T215651, start_date=20260621T215654, end_date=20260621T215654
[2026-06-21T21:56:54.923+0000] {local_task_job_runner.py:266} INFO - Task exited with return code 0
[2026-06-21T21:56:54.946+0000] {local_task_job_runner.py:245} INFO - ::endgroup::
