[2026-06-21T21:59:07.774+0000] {local_task_job_runner.py:123} INFO - ::group::Pre task execution logs
[2026-06-21T21:59:07.844+0000] {taskinstance.py:2614} INFO - Dependencies all met for dep_context=non-requeueable deps ti=<TaskInstance: demo_tmp_celery_bug.read_7 manual__2026-06-21T21:57:47.960253+00:00 [queued]>
[2026-06-21T21:59:07.879+0000] {taskinstance.py:2614} INFO - Dependencies all met for dep_context=requeueable deps ti=<TaskInstance: demo_tmp_celery_bug.read_7 manual__2026-06-21T21:57:47.960253+00:00 [queued]>
[2026-06-21T21:59:07.885+0000] {taskinstance.py:2867} INFO - Starting attempt 1 of 1
[2026-06-21T21:59:07.969+0000] {taskinstance.py:2890} INFO - Executing <Task(PythonOperator): read_7> on 2026-06-21 21:57:47.960253+00:00
[2026-06-21T21:59:07.991+0000] {warnings.py:112} WARNING - /home/***/.local/lib/python3.12/site-packages/***/task/task_runner/standard_task_runner.py:70: DeprecationWarning: This process (pid=864) is multi-threaded, use of fork() may lead to deadlocks in the child.
  pid = os.fork()

[2026-06-21T21:59:08.005+0000] {standard_task_runner.py:104} INFO - Running: ['***', 'tasks', 'run', 'demo_tmp_celery_bug', 'read_7', 'manual__2026-06-21T21:57:47.960253+00:00', '--job-id', '469', '--raw', '--subdir', 'DAGS_FOLDER/demo_tmp_celery_bug.py', '--cfg-path', '/tmp/tmp5d8hcz5t']
[2026-06-21T21:59:08.013+0000] {standard_task_runner.py:105} INFO - Job 469: Subtask read_7
[2026-06-21T21:59:08.012+0000] {standard_task_runner.py:72} INFO - Started process 877 to run task
[2026-06-21T21:59:08.312+0000] {task_command.py:467} INFO - Running <TaskInstance: demo_tmp_celery_bug.read_7 manual__2026-06-21T21:57:47.960253+00:00 [running]> on host 3f8339d18026
[2026-06-21T21:59:08.920+0000] {taskinstance.py:3134} INFO - Exporting env vars: AIRFLOW_CTX_DAG_OWNER='***' AIRFLOW_CTX_DAG_ID='demo_tmp_celery_bug' AIRFLOW_CTX_TASK_ID='read_7' AIRFLOW_CTX_EXECUTION_DATE='2026-06-21T21:57:47.960253+00:00' AIRFLOW_CTX_TRY_NUMBER='1' AIRFLOW_CTX_DAG_RUN_ID='manual__2026-06-21T21:57:47.960253+00:00'
[2026-06-21T21:59:08.954+0000] {taskinstance.py:732} INFO - ::endgroup::
[2026-06-21T21:59:09.115+0000] {logging_mixin.py:190} INFO - ======================================================================
[2026-06-21T21:59:09.128+0000] {logging_mixin.py:190} INFO - [READ 7] ESTE WORKER -> hostname=3f8339d18026 pid=877
[2026-06-21T21:59:09.132+0000] {logging_mixin.py:190} INFO - [READ 7] Procurando arquivo: /tmp/celery_demo/data_7.txt
[2026-06-21T21:59:09.138+0000] {logging_mixin.py:190} INFO - ======================================================================
[2026-06-21T21:59:09.141+0000] {logging_mixin.py:190} INFO - [READ 7] SUCESSO — arquivo encontrado neste worker.
[2026-06-21T21:59:09.152+0000] {logging_mixin.py:190} INFO - [READ 7] Conteúdo: Arquivo 7 escrito por: hostname=3f8339d18026 pid=844
[2026-06-21T21:59:09.166+0000] {logging_mixin.py:190} INFO - [READ 7] (write e read caíram no MESMO worker desta vez — por isso funcionou)
[2026-06-21T21:59:09.173+0000] {python.py:240} INFO - Done. Returned value was: None
[2026-06-21T21:59:09.242+0000] {taskinstance.py:341} INFO - ::group::Post task execution logs
[2026-06-21T21:59:09.244+0000] {taskinstance.py:353} INFO - Marking task as SUCCESS. dag_id=demo_tmp_celery_bug, task_id=read_7, run_id=manual__2026-06-21T21:57:47.960253+00:00, execution_date=20260621T215747, start_date=20260621T215907, end_date=20260621T215909
[2026-06-21T21:59:09.604+0000] {local_task_job_runner.py:266} INFO - Task exited with return code 0
[2026-06-21T21:59:09.787+0000] {taskinstance.py:3901} INFO - 0 downstream tasks scheduled from follow-on schedule check
[2026-06-21T21:59:09.805+0000] {local_task_job_runner.py:245} INFO - ::endgroup::
