[2026-06-21T21:55:46.636+0000] {local_task_job_runner.py:123} INFO - ::group::Pre task execution logs
[2026-06-21T21:55:46.671+0000] {taskinstance.py:2614} INFO - Dependencies all met for dep_context=non-requeueable deps ti=<TaskInstance: demo_tmp_celery_bug.read_6 manual__2026-06-21T21:55:42.753873+00:00 [queued]>
[2026-06-21T21:55:46.688+0000] {taskinstance.py:2614} INFO - Dependencies all met for dep_context=requeueable deps ti=<TaskInstance: demo_tmp_celery_bug.read_6 manual__2026-06-21T21:55:42.753873+00:00 [queued]>
[2026-06-21T21:55:46.689+0000] {taskinstance.py:2867} INFO - Starting attempt 1 of 1
[2026-06-21T21:55:46.712+0000] {taskinstance.py:2890} INFO - Executing <Task(PythonOperator): read_6> on 2026-06-21 21:55:42.753873+00:00
[2026-06-21T21:55:46.724+0000] {warnings.py:112} WARNING - /home/***/.local/lib/python3.12/site-packages/***/task/task_runner/standard_task_runner.py:70: DeprecationWarning: This process (pid=228) is multi-threaded, use of fork() may lead to deadlocks in the child.
  pid = os.fork()

[2026-06-21T21:55:46.727+0000] {standard_task_runner.py:72} INFO - Started process 236 to run task
[2026-06-21T21:55:46.728+0000] {standard_task_runner.py:104} INFO - Running: ['***', 'tasks', 'run', 'demo_tmp_celery_bug', 'read_6', 'manual__2026-06-21T21:55:42.753873+00:00', '--job-id', '75', '--raw', '--subdir', 'DAGS_FOLDER/demo_tmp_celery_bug.py', '--cfg-path', '/tmp/tmphlixfqsq']
[2026-06-21T21:55:46.731+0000] {standard_task_runner.py:105} INFO - Job 75: Subtask read_6
[2026-06-21T21:55:46.828+0000] {task_command.py:467} INFO - Running <TaskInstance: demo_tmp_celery_bug.read_6 manual__2026-06-21T21:55:42.753873+00:00 [running]> on host 3f8339d18026
[2026-06-21T21:55:46.961+0000] {taskinstance.py:3134} INFO - Exporting env vars: AIRFLOW_CTX_DAG_OWNER='***' AIRFLOW_CTX_DAG_ID='demo_tmp_celery_bug' AIRFLOW_CTX_TASK_ID='read_6' AIRFLOW_CTX_EXECUTION_DATE='2026-06-21T21:55:42.753873+00:00' AIRFLOW_CTX_TRY_NUMBER='1' AIRFLOW_CTX_DAG_RUN_ID='manual__2026-06-21T21:55:42.753873+00:00'
[2026-06-21T21:55:46.962+0000] {taskinstance.py:732} INFO - ::endgroup::
[2026-06-21T21:55:46.983+0000] {logging_mixin.py:190} INFO - ======================================================================
[2026-06-21T21:55:46.985+0000] {logging_mixin.py:190} INFO - [READ 6] ESTE WORKER -> hostname=3f8339d18026 pid=236
[2026-06-21T21:55:46.987+0000] {logging_mixin.py:190} INFO - [READ 6] Procurando arquivo: /tmp/celery_demo/data_6.txt
[2026-06-21T21:55:46.988+0000] {logging_mixin.py:190} INFO - ======================================================================
[2026-06-21T21:55:46.990+0000] {logging_mixin.py:190} INFO - [READ 6] SUCESSO — arquivo encontrado neste worker.
[2026-06-21T21:55:46.991+0000] {logging_mixin.py:190} INFO - [READ 6] Conteúdo: Arquivo 6 escrito por: hostname=3f8339d18026 pid=219
[2026-06-21T21:55:46.992+0000] {logging_mixin.py:190} INFO - [READ 6] (write e read caíram no MESMO worker desta vez — por isso funcionou)
[2026-06-21T21:55:46.994+0000] {python.py:240} INFO - Done. Returned value was: None
[2026-06-21T21:55:47.009+0000] {taskinstance.py:341} INFO - ::group::Post task execution logs
[2026-06-21T21:55:47.010+0000] {taskinstance.py:353} INFO - Marking task as SUCCESS. dag_id=demo_tmp_celery_bug, task_id=read_6, run_id=manual__2026-06-21T21:55:42.753873+00:00, execution_date=20260621T215542, start_date=20260621T215546, end_date=20260621T215547
[2026-06-21T21:55:47.066+0000] {local_task_job_runner.py:266} INFO - Task exited with return code 0
[2026-06-21T21:55:47.080+0000] {local_task_job_runner.py:245} INFO - ::endgroup::
