[2026-06-21T21:59:11.294+0000] {local_task_job_runner.py:123} INFO - ::group::Pre task execution logs
[2026-06-21T21:59:11.455+0000] {taskinstance.py:2614} INFO - Dependencies all met for dep_context=non-requeueable deps ti=<TaskInstance: demo_tmp_celery_bug.read_2 manual__2026-06-21T21:57:48.137656+00:00 [queued]>
[2026-06-21T21:59:11.494+0000] {taskinstance.py:2614} INFO - Dependencies all met for dep_context=requeueable deps ti=<TaskInstance: demo_tmp_celery_bug.read_2 manual__2026-06-21T21:57:48.137656+00:00 [queued]>
[2026-06-21T21:59:11.503+0000] {taskinstance.py:2867} INFO - Starting attempt 1 of 1
[2026-06-21T21:59:11.573+0000] {taskinstance.py:2890} INFO - Executing <Task(PythonOperator): read_2> on 2026-06-21 21:57:48.137656+00:00
[2026-06-21T21:59:11.614+0000] {standard_task_runner.py:104} INFO - Running: ['***', 'tasks', 'run', 'demo_tmp_celery_bug', 'read_2', 'manual__2026-06-21T21:57:48.137656+00:00', '--job-id', '476', '--raw', '--subdir', 'DAGS_FOLDER/demo_tmp_celery_bug.py', '--cfg-path', '/tmp/tmpakclpo1r']
[2026-06-21T21:59:11.608+0000] {warnings.py:112} WARNING - /home/***/.local/lib/python3.12/site-packages/***/task/task_runner/standard_task_runner.py:70: DeprecationWarning: This process (pid=881) is multi-threaded, use of fork() may lead to deadlocks in the child.
  pid = os.fork()

[2026-06-21T21:59:11.624+0000] {standard_task_runner.py:105} INFO - Job 476: Subtask read_2
[2026-06-21T21:59:11.637+0000] {standard_task_runner.py:72} INFO - Started process 893 to run task
[2026-06-21T21:59:11.937+0000] {task_command.py:467} INFO - Running <TaskInstance: demo_tmp_celery_bug.read_2 manual__2026-06-21T21:57:48.137656+00:00 [running]> on host 3f8339d18026
[2026-06-21T21:59:12.417+0000] {taskinstance.py:3134} INFO - Exporting env vars: AIRFLOW_CTX_DAG_OWNER='***' AIRFLOW_CTX_DAG_ID='demo_tmp_celery_bug' AIRFLOW_CTX_TASK_ID='read_2' AIRFLOW_CTX_EXECUTION_DATE='2026-06-21T21:57:48.137656+00:00' AIRFLOW_CTX_TRY_NUMBER='1' AIRFLOW_CTX_DAG_RUN_ID='manual__2026-06-21T21:57:48.137656+00:00'
[2026-06-21T21:59:12.428+0000] {taskinstance.py:732} INFO - ::endgroup::
[2026-06-21T21:59:12.503+0000] {logging_mixin.py:190} INFO - ======================================================================
[2026-06-21T21:59:12.506+0000] {logging_mixin.py:190} INFO - [READ 2] ESTE WORKER -> hostname=3f8339d18026 pid=893
[2026-06-21T21:59:12.533+0000] {logging_mixin.py:190} INFO - [READ 2] Procurando arquivo: /tmp/celery_demo/data_2.txt
[2026-06-21T21:59:12.548+0000] {logging_mixin.py:190} INFO - ======================================================================
[2026-06-21T21:59:12.558+0000] {logging_mixin.py:190} INFO - [READ 2] SUCESSO — arquivo encontrado neste worker.
[2026-06-21T21:59:12.565+0000] {logging_mixin.py:190} INFO - [READ 2] Conteúdo: Arquivo 2 escrito por: hostname=3f8339d18026 pid=832
[2026-06-21T21:59:12.570+0000] {logging_mixin.py:190} INFO - [READ 2] (write e read caíram no MESMO worker desta vez — por isso funcionou)
[2026-06-21T21:59:12.575+0000] {python.py:240} INFO - Done. Returned value was: None
[2026-06-21T21:59:12.717+0000] {taskinstance.py:341} INFO - ::group::Post task execution logs
[2026-06-21T21:59:12.724+0000] {taskinstance.py:353} INFO - Marking task as SUCCESS. dag_id=demo_tmp_celery_bug, task_id=read_2, run_id=manual__2026-06-21T21:57:48.137656+00:00, execution_date=20260621T215748, start_date=20260621T215911, end_date=20260621T215912
[2026-06-21T21:59:12.989+0000] {local_task_job_runner.py:266} INFO - Task exited with return code 0
[2026-06-21T21:59:13.077+0000] {local_task_job_runner.py:245} INFO - ::endgroup::
