[2026-06-21T21:47:04.557+0000] {processor.py:186} INFO - Started process (PID=53) to work on /opt/airflow/dags/public_api_pipeline.py
[2026-06-21T21:47:04.559+0000] {processor.py:914} INFO - Processing file /opt/airflow/dags/public_api_pipeline.py for tasks to queue
[2026-06-21T21:47:04.562+0000] {logging_mixin.py:190} INFO - [2026-06-21T21:47:04.561+0000] {dagbag.py:588} INFO - Filling up the DagBag from /opt/airflow/dags/public_api_pipeline.py
[2026-06-21T21:47:04.619+0000] {processor.py:925} INFO - DAG(s) 'public_api_pipeline' retrieved from /opt/airflow/dags/public_api_pipeline.py
[2026-06-21T21:47:04.908+0000] {logging_mixin.py:190} INFO - [2026-06-21T21:47:04.907+0000] {override.py:1912} INFO - Created Permission View: can read on DAG:public_api_pipeline
[2026-06-21T21:47:04.920+0000] {logging_mixin.py:190} INFO - [2026-06-21T21:47:04.919+0000] {override.py:1912} INFO - Created Permission View: can delete on DAG:public_api_pipeline
[2026-06-21T21:47:04.928+0000] {logging_mixin.py:190} INFO - [2026-06-21T21:47:04.928+0000] {override.py:1912} INFO - Created Permission View: can edit on DAG:public_api_pipeline
[2026-06-21T21:47:04.936+0000] {logging_mixin.py:190} INFO - [2026-06-21T21:47:04.936+0000] {override.py:1912} INFO - Created Permission View: can read on DAG Run:public_api_pipeline
[2026-06-21T21:47:04.944+0000] {logging_mixin.py:190} INFO - [2026-06-21T21:47:04.944+0000] {override.py:1912} INFO - Created Permission View: menu access on DAG Run:public_api_pipeline
[2026-06-21T21:47:04.950+0000] {logging_mixin.py:190} INFO - [2026-06-21T21:47:04.950+0000] {override.py:1912} INFO - Created Permission View: can delete on DAG Run:public_api_pipeline
[2026-06-21T21:47:04.958+0000] {logging_mixin.py:190} INFO - [2026-06-21T21:47:04.957+0000] {override.py:1912} INFO - Created Permission View: can create on DAG Run:public_api_pipeline
[2026-06-21T21:47:04.959+0000] {logging_mixin.py:190} INFO - [2026-06-21T21:47:04.959+0000] {dag.py:3239} INFO - Sync 1 DAGs
[2026-06-21T21:47:04.978+0000] {logging_mixin.py:190} INFO - [2026-06-21T21:47:04.978+0000] {dag.py:3262} INFO - Creating ORM DAG for public_api_pipeline
[2026-06-21T21:47:04.996+0000] {logging_mixin.py:190} INFO - [2026-06-21T21:47:04.995+0000] {dag.py:4180} INFO - Setting next_dagrun for public_api_pipeline to 2026-06-20 00:00:00+00:00, run_after=2026-06-21 00:00:00+00:00
[2026-06-21T21:47:05.031+0000] {processor.py:208} INFO - Processing /opt/airflow/dags/public_api_pipeline.py took 0.479 seconds
[2026-06-21T21:47:15.144+0000] {processor.py:186} INFO - Started process (PID=60) to work on /opt/airflow/dags/public_api_pipeline.py
[2026-06-21T21:47:15.146+0000] {processor.py:914} INFO - Processing file /opt/airflow/dags/public_api_pipeline.py for tasks to queue
[2026-06-21T21:47:15.148+0000] {logging_mixin.py:190} INFO - [2026-06-21T21:47:15.147+0000] {dagbag.py:588} INFO - Filling up the DagBag from /opt/airflow/dags/public_api_pipeline.py
[2026-06-21T21:47:15.176+0000] {processor.py:925} INFO - DAG(s) 'public_api_pipeline' retrieved from /opt/airflow/dags/public_api_pipeline.py
[2026-06-21T21:47:15.187+0000] {logging_mixin.py:190} INFO - [2026-06-21T21:47:15.187+0000] {dag.py:3239} INFO - Sync 1 DAGs
[2026-06-21T21:47:15.207+0000] {logging_mixin.py:190} INFO - [2026-06-21T21:47:15.206+0000] {dag.py:4180} INFO - Setting next_dagrun for public_api_pipeline to 2026-06-20 00:00:00+00:00, run_after=2026-06-21 00:00:00+00:00
[2026-06-21T21:47:15.227+0000] {processor.py:208} INFO - Processing /opt/airflow/dags/public_api_pipeline.py took 0.091 seconds
[2026-06-21T21:47:25.327+0000] {processor.py:186} INFO - Started process (PID=61) to work on /opt/airflow/dags/public_api_pipeline.py
[2026-06-21T21:47:25.328+0000] {processor.py:914} INFO - Processing file /opt/airflow/dags/public_api_pipeline.py for tasks to queue
[2026-06-21T21:47:25.331+0000] {logging_mixin.py:190} INFO - [2026-06-21T21:47:25.330+0000] {dagbag.py:588} INFO - Filling up the DagBag from /opt/airflow/dags/public_api_pipeline.py
[2026-06-21T21:47:25.364+0000] {processor.py:925} INFO - DAG(s) 'public_api_pipeline' retrieved from /opt/airflow/dags/public_api_pipeline.py
[2026-06-21T21:47:25.375+0000] {logging_mixin.py:190} INFO - [2026-06-21T21:47:25.375+0000] {dag.py:3239} INFO - Sync 1 DAGs
[2026-06-21T21:47:25.394+0000] {logging_mixin.py:190} INFO - [2026-06-21T21:47:25.393+0000] {dag.py:4180} INFO - Setting next_dagrun for public_api_pipeline to 2026-06-20 00:00:00+00:00, run_after=2026-06-21 00:00:00+00:00
[2026-06-21T21:47:25.410+0000] {processor.py:208} INFO - Processing /opt/airflow/dags/public_api_pipeline.py took 0.090 seconds
[2026-06-21T21:47:35.520+0000] {processor.py:186} INFO - Started process (PID=62) to work on /opt/airflow/dags/public_api_pipeline.py
[2026-06-21T21:47:35.522+0000] {processor.py:914} INFO - Processing file /opt/airflow/dags/public_api_pipeline.py for tasks to queue
[2026-06-21T21:47:35.525+0000] {logging_mixin.py:190} INFO - [2026-06-21T21:47:35.525+0000] {dagbag.py:588} INFO - Filling up the DagBag from /opt/airflow/dags/public_api_pipeline.py
[2026-06-21T21:47:35.558+0000] {processor.py:925} INFO - DAG(s) 'public_api_pipeline' retrieved from /opt/airflow/dags/public_api_pipeline.py
[2026-06-21T21:47:35.586+0000] {logging_mixin.py:190} INFO - [2026-06-21T21:47:35.586+0000] {dag.py:3239} INFO - Sync 1 DAGs
[2026-06-21T21:47:35.606+0000] {logging_mixin.py:190} INFO - [2026-06-21T21:47:35.605+0000] {dag.py:4180} INFO - Setting next_dagrun for public_api_pipeline to 2026-06-20 00:00:00+00:00, run_after=2026-06-21 00:00:00+00:00
[2026-06-21T21:47:35.625+0000] {processor.py:208} INFO - Processing /opt/airflow/dags/public_api_pipeline.py took 0.115 seconds
[2026-06-21T21:47:45.715+0000] {processor.py:186} INFO - Started process (PID=69) to work on /opt/airflow/dags/public_api_pipeline.py
[2026-06-21T21:47:45.717+0000] {processor.py:914} INFO - Processing file /opt/airflow/dags/public_api_pipeline.py for tasks to queue
[2026-06-21T21:47:45.719+0000] {logging_mixin.py:190} INFO - [2026-06-21T21:47:45.719+0000] {dagbag.py:588} INFO - Filling up the DagBag from /opt/airflow/dags/public_api_pipeline.py
[2026-06-21T21:47:45.754+0000] {processor.py:925} INFO - DAG(s) 'public_api_pipeline' retrieved from /opt/airflow/dags/public_api_pipeline.py
[2026-06-21T21:47:45.778+0000] {logging_mixin.py:190} INFO - [2026-06-21T21:47:45.778+0000] {dag.py:3239} INFO - Sync 1 DAGs
[2026-06-21T21:47:45.799+0000] {logging_mixin.py:190} INFO - [2026-06-21T21:47:45.799+0000] {dag.py:4180} INFO - Setting next_dagrun for public_api_pipeline to 2026-06-20 00:00:00+00:00, run_after=2026-06-21 00:00:00+00:00
[2026-06-21T21:47:45.815+0000] {processor.py:208} INFO - Processing /opt/airflow/dags/public_api_pipeline.py took 0.107 seconds
[2026-06-21T21:47:55.922+0000] {processor.py:186} INFO - Started process (PID=70) to work on /opt/airflow/dags/public_api_pipeline.py
[2026-06-21T21:47:55.923+0000] {processor.py:914} INFO - Processing file /opt/airflow/dags/public_api_pipeline.py for tasks to queue
[2026-06-21T21:47:55.925+0000] {logging_mixin.py:190} INFO - [2026-06-21T21:47:55.925+0000] {dagbag.py:588} INFO - Filling up the DagBag from /opt/airflow/dags/public_api_pipeline.py
[2026-06-21T21:47:55.956+0000] {processor.py:925} INFO - DAG(s) 'public_api_pipeline' retrieved from /opt/airflow/dags/public_api_pipeline.py
[2026-06-21T21:47:55.976+0000] {logging_mixin.py:190} INFO - [2026-06-21T21:47:55.976+0000] {dag.py:3239} INFO - Sync 1 DAGs
[2026-06-21T21:47:55.992+0000] {logging_mixin.py:190} INFO - [2026-06-21T21:47:55.992+0000] {dag.py:4180} INFO - Setting next_dagrun for public_api_pipeline to 2026-06-20 00:00:00+00:00, run_after=2026-06-21 00:00:00+00:00
[2026-06-21T21:47:56.007+0000] {processor.py:208} INFO - Processing /opt/airflow/dags/public_api_pipeline.py took 0.092 seconds
[2026-06-21T21:48:06.118+0000] {processor.py:186} INFO - Started process (PID=77) to work on /opt/airflow/dags/public_api_pipeline.py
[2026-06-21T21:48:06.119+0000] {processor.py:914} INFO - Processing file /opt/airflow/dags/public_api_pipeline.py for tasks to queue
[2026-06-21T21:48:06.121+0000] {logging_mixin.py:190} INFO - [2026-06-21T21:48:06.121+0000] {dagbag.py:588} INFO - Filling up the DagBag from /opt/airflow/dags/public_api_pipeline.py
[2026-06-21T21:48:06.145+0000] {processor.py:925} INFO - DAG(s) 'public_api_pipeline' retrieved from /opt/airflow/dags/public_api_pipeline.py
[2026-06-21T21:48:06.166+0000] {logging_mixin.py:190} INFO - [2026-06-21T21:48:06.165+0000] {dag.py:3239} INFO - Sync 1 DAGs
[2026-06-21T21:48:06.183+0000] {logging_mixin.py:190} INFO - [2026-06-21T21:48:06.183+0000] {dag.py:4180} INFO - Setting next_dagrun for public_api_pipeline to 2026-06-20 00:00:00+00:00, run_after=2026-06-21 00:00:00+00:00
[2026-06-21T21:48:06.197+0000] {processor.py:208} INFO - Processing /opt/airflow/dags/public_api_pipeline.py took 0.084 seconds
[2026-06-21T21:48:16.321+0000] {processor.py:186} INFO - Started process (PID=78) to work on /opt/airflow/dags/public_api_pipeline.py
[2026-06-21T21:48:16.322+0000] {processor.py:914} INFO - Processing file /opt/airflow/dags/public_api_pipeline.py for tasks to queue
[2026-06-21T21:48:16.325+0000] {logging_mixin.py:190} INFO - [2026-06-21T21:48:16.324+0000] {dagbag.py:588} INFO - Filling up the DagBag from /opt/airflow/dags/public_api_pipeline.py
[2026-06-21T21:48:16.358+0000] {processor.py:925} INFO - DAG(s) 'public_api_pipeline' retrieved from /opt/airflow/dags/public_api_pipeline.py
[2026-06-21T21:48:16.385+0000] {logging_mixin.py:190} INFO - [2026-06-21T21:48:16.385+0000] {dag.py:3239} INFO - Sync 1 DAGs
[2026-06-21T21:48:16.405+0000] {logging_mixin.py:190} INFO - [2026-06-21T21:48:16.405+0000] {dag.py:4180} INFO - Setting next_dagrun for public_api_pipeline to 2026-06-20 00:00:00+00:00, run_after=2026-06-21 00:00:00+00:00
[2026-06-21T21:48:16.422+0000] {processor.py:208} INFO - Processing /opt/airflow/dags/public_api_pipeline.py took 0.109 seconds
[2026-06-21T21:48:26.532+0000] {processor.py:186} INFO - Started process (PID=79) to work on /opt/airflow/dags/public_api_pipeline.py
[2026-06-21T21:48:26.534+0000] {processor.py:914} INFO - Processing file /opt/airflow/dags/public_api_pipeline.py for tasks to queue
[2026-06-21T21:48:26.537+0000] {logging_mixin.py:190} INFO - [2026-06-21T21:48:26.537+0000] {dagbag.py:588} INFO - Filling up the DagBag from /opt/airflow/dags/public_api_pipeline.py
[2026-06-21T21:48:26.570+0000] {processor.py:925} INFO - DAG(s) 'public_api_pipeline' retrieved from /opt/airflow/dags/public_api_pipeline.py
[2026-06-21T21:48:26.592+0000] {logging_mixin.py:190} INFO - [2026-06-21T21:48:26.591+0000] {dag.py:3239} INFO - Sync 1 DAGs
[2026-06-21T21:48:26.609+0000] {logging_mixin.py:190} INFO - [2026-06-21T21:48:26.609+0000] {dag.py:4180} INFO - Setting next_dagrun for public_api_pipeline to 2026-06-20 00:00:00+00:00, run_after=2026-06-21 00:00:00+00:00
[2026-06-21T21:48:26.622+0000] {processor.py:208} INFO - Processing /opt/airflow/dags/public_api_pipeline.py took 0.097 seconds
[2026-06-21T21:48:36.721+0000] {processor.py:186} INFO - Started process (PID=86) to work on /opt/airflow/dags/public_api_pipeline.py
[2026-06-21T21:48:36.723+0000] {processor.py:914} INFO - Processing file /opt/airflow/dags/public_api_pipeline.py for tasks to queue
[2026-06-21T21:48:36.725+0000] {logging_mixin.py:190} INFO - [2026-06-21T21:48:36.725+0000] {dagbag.py:588} INFO - Filling up the DagBag from /opt/airflow/dags/public_api_pipeline.py
[2026-06-21T21:48:36.758+0000] {processor.py:925} INFO - DAG(s) 'public_api_pipeline' retrieved from /opt/airflow/dags/public_api_pipeline.py
[2026-06-21T21:48:36.782+0000] {logging_mixin.py:190} INFO - [2026-06-21T21:48:36.781+0000] {dag.py:3239} INFO - Sync 1 DAGs
[2026-06-21T21:48:36.801+0000] {logging_mixin.py:190} INFO - [2026-06-21T21:48:36.801+0000] {dag.py:4180} INFO - Setting next_dagrun for public_api_pipeline to 2026-06-20 00:00:00+00:00, run_after=2026-06-21 00:00:00+00:00
[2026-06-21T21:48:36.818+0000] {processor.py:208} INFO - Processing /opt/airflow/dags/public_api_pipeline.py took 0.103 seconds
[2026-06-21T21:48:46.924+0000] {processor.py:186} INFO - Started process (PID=87) to work on /opt/airflow/dags/public_api_pipeline.py
[2026-06-21T21:48:46.926+0000] {processor.py:914} INFO - Processing file /opt/airflow/dags/public_api_pipeline.py for tasks to queue
[2026-06-21T21:48:46.929+0000] {logging_mixin.py:190} INFO - [2026-06-21T21:48:46.928+0000] {dagbag.py:588} INFO - Filling up the DagBag from /opt/airflow/dags/public_api_pipeline.py
[2026-06-21T21:48:46.965+0000] {processor.py:925} INFO - DAG(s) 'public_api_pipeline' retrieved from /opt/airflow/dags/public_api_pipeline.py
[2026-06-21T21:48:46.990+0000] {logging_mixin.py:190} INFO - [2026-06-21T21:48:46.989+0000] {dag.py:3239} INFO - Sync 1 DAGs
[2026-06-21T21:48:47.010+0000] {logging_mixin.py:190} INFO - [2026-06-21T21:48:47.010+0000] {dag.py:4180} INFO - Setting next_dagrun for public_api_pipeline to 2026-06-20 00:00:00+00:00, run_after=2026-06-21 00:00:00+00:00
[2026-06-21T21:48:47.028+0000] {processor.py:208} INFO - Processing /opt/airflow/dags/public_api_pipeline.py took 0.112 seconds
[2026-06-21T21:48:57.134+0000] {processor.py:186} INFO - Started process (PID=88) to work on /opt/airflow/dags/public_api_pipeline.py
[2026-06-21T21:48:57.136+0000] {processor.py:914} INFO - Processing file /opt/airflow/dags/public_api_pipeline.py for tasks to queue
[2026-06-21T21:48:57.138+0000] {logging_mixin.py:190} INFO - [2026-06-21T21:48:57.138+0000] {dagbag.py:588} INFO - Filling up the DagBag from /opt/airflow/dags/public_api_pipeline.py
[2026-06-21T21:48:57.171+0000] {processor.py:925} INFO - DAG(s) 'public_api_pipeline' retrieved from /opt/airflow/dags/public_api_pipeline.py
[2026-06-21T21:48:57.194+0000] {logging_mixin.py:190} INFO - [2026-06-21T21:48:57.194+0000] {dag.py:3239} INFO - Sync 1 DAGs
[2026-06-21T21:48:57.213+0000] {logging_mixin.py:190} INFO - [2026-06-21T21:48:57.213+0000] {dag.py:4180} INFO - Setting next_dagrun for public_api_pipeline to 2026-06-20 00:00:00+00:00, run_after=2026-06-21 00:00:00+00:00
[2026-06-21T21:48:57.230+0000] {processor.py:208} INFO - Processing /opt/airflow/dags/public_api_pipeline.py took 0.103 seconds
[2026-06-21T21:49:07.329+0000] {processor.py:186} INFO - Started process (PID=95) to work on /opt/airflow/dags/public_api_pipeline.py
[2026-06-21T21:49:07.331+0000] {processor.py:914} INFO - Processing file /opt/airflow/dags/public_api_pipeline.py for tasks to queue
[2026-06-21T21:49:07.333+0000] {logging_mixin.py:190} INFO - [2026-06-21T21:49:07.332+0000] {dagbag.py:588} INFO - Filling up the DagBag from /opt/airflow/dags/public_api_pipeline.py
[2026-06-21T21:49:07.363+0000] {processor.py:925} INFO - DAG(s) 'public_api_pipeline' retrieved from /opt/airflow/dags/public_api_pipeline.py
[2026-06-21T21:49:07.387+0000] {logging_mixin.py:190} INFO - [2026-06-21T21:49:07.387+0000] {dag.py:3239} INFO - Sync 1 DAGs
[2026-06-21T21:49:07.406+0000] {logging_mixin.py:190} INFO - [2026-06-21T21:49:07.406+0000] {dag.py:4180} INFO - Setting next_dagrun for public_api_pipeline to 2026-06-20 00:00:00+00:00, run_after=2026-06-21 00:00:00+00:00
[2026-06-21T21:49:07.424+0000] {processor.py:208} INFO - Processing /opt/airflow/dags/public_api_pipeline.py took 0.102 seconds
[2026-06-21T21:49:17.525+0000] {processor.py:186} INFO - Started process (PID=96) to work on /opt/airflow/dags/public_api_pipeline.py
[2026-06-21T21:49:17.526+0000] {processor.py:914} INFO - Processing file /opt/airflow/dags/public_api_pipeline.py for tasks to queue
[2026-06-21T21:49:17.529+0000] {logging_mixin.py:190} INFO - [2026-06-21T21:49:17.528+0000] {dagbag.py:588} INFO - Filling up the DagBag from /opt/airflow/dags/public_api_pipeline.py
[2026-06-21T21:49:17.560+0000] {processor.py:925} INFO - DAG(s) 'public_api_pipeline' retrieved from /opt/airflow/dags/public_api_pipeline.py
[2026-06-21T21:49:17.580+0000] {logging_mixin.py:190} INFO - [2026-06-21T21:49:17.580+0000] {dag.py:3239} INFO - Sync 1 DAGs
[2026-06-21T21:49:17.596+0000] {logging_mixin.py:190} INFO - [2026-06-21T21:49:17.595+0000] {dag.py:4180} INFO - Setting next_dagrun for public_api_pipeline to 2026-06-20 00:00:00+00:00, run_after=2026-06-21 00:00:00+00:00
[2026-06-21T21:49:17.612+0000] {processor.py:208} INFO - Processing /opt/airflow/dags/public_api_pipeline.py took 0.093 seconds
[2026-06-21T21:49:27.709+0000] {processor.py:186} INFO - Started process (PID=97) to work on /opt/airflow/dags/public_api_pipeline.py
[2026-06-21T21:49:27.711+0000] {processor.py:914} INFO - Processing file /opt/airflow/dags/public_api_pipeline.py for tasks to queue
[2026-06-21T21:49:27.713+0000] {logging_mixin.py:190} INFO - [2026-06-21T21:49:27.713+0000] {dagbag.py:588} INFO - Filling up the DagBag from /opt/airflow/dags/public_api_pipeline.py
[2026-06-21T21:49:27.744+0000] {processor.py:925} INFO - DAG(s) 'public_api_pipeline' retrieved from /opt/airflow/dags/public_api_pipeline.py
[2026-06-21T21:49:27.766+0000] {logging_mixin.py:190} INFO - [2026-06-21T21:49:27.766+0000] {dag.py:3239} INFO - Sync 1 DAGs
[2026-06-21T21:49:27.784+0000] {logging_mixin.py:190} INFO - [2026-06-21T21:49:27.783+0000] {dag.py:4180} INFO - Setting next_dagrun for public_api_pipeline to 2026-06-20 00:00:00+00:00, run_after=2026-06-21 00:00:00+00:00
[2026-06-21T21:49:27.799+0000] {processor.py:208} INFO - Processing /opt/airflow/dags/public_api_pipeline.py took 0.097 seconds
[2026-06-21T21:49:37.913+0000] {processor.py:186} INFO - Started process (PID=104) to work on /opt/airflow/dags/public_api_pipeline.py
[2026-06-21T21:49:37.914+0000] {processor.py:914} INFO - Processing file /opt/airflow/dags/public_api_pipeline.py for tasks to queue
[2026-06-21T21:49:37.917+0000] {logging_mixin.py:190} INFO - [2026-06-21T21:49:37.916+0000] {dagbag.py:588} INFO - Filling up the DagBag from /opt/airflow/dags/public_api_pipeline.py
[2026-06-21T21:49:37.953+0000] {processor.py:925} INFO - DAG(s) 'public_api_pipeline' retrieved from /opt/airflow/dags/public_api_pipeline.py
[2026-06-21T21:49:37.976+0000] {logging_mixin.py:190} INFO - [2026-06-21T21:49:37.976+0000] {dag.py:3239} INFO - Sync 1 DAGs
[2026-06-21T21:49:37.997+0000] {logging_mixin.py:190} INFO - [2026-06-21T21:49:37.996+0000] {dag.py:4180} INFO - Setting next_dagrun for public_api_pipeline to 2026-06-20 00:00:00+00:00, run_after=2026-06-21 00:00:00+00:00
[2026-06-21T21:49:38.015+0000] {processor.py:208} INFO - Processing /opt/airflow/dags/public_api_pipeline.py took 0.109 seconds
[2026-06-21T21:49:48.134+0000] {processor.py:186} INFO - Started process (PID=105) to work on /opt/airflow/dags/public_api_pipeline.py
[2026-06-21T21:49:48.135+0000] {processor.py:914} INFO - Processing file /opt/airflow/dags/public_api_pipeline.py for tasks to queue
[2026-06-21T21:49:48.137+0000] {logging_mixin.py:190} INFO - [2026-06-21T21:49:48.137+0000] {dagbag.py:588} INFO - Filling up the DagBag from /opt/airflow/dags/public_api_pipeline.py
[2026-06-21T21:49:48.169+0000] {processor.py:925} INFO - DAG(s) 'public_api_pipeline' retrieved from /opt/airflow/dags/public_api_pipeline.py
[2026-06-21T21:49:48.190+0000] {logging_mixin.py:190} INFO - [2026-06-21T21:49:48.190+0000] {dag.py:3239} INFO - Sync 1 DAGs
[2026-06-21T21:49:48.206+0000] {logging_mixin.py:190} INFO - [2026-06-21T21:49:48.206+0000] {dag.py:4180} INFO - Setting next_dagrun for public_api_pipeline to 2026-06-20 00:00:00+00:00, run_after=2026-06-21 00:00:00+00:00
[2026-06-21T21:49:48.220+0000] {processor.py:208} INFO - Processing /opt/airflow/dags/public_api_pipeline.py took 0.093 seconds
[2026-06-21T21:49:58.319+0000] {processor.py:186} INFO - Started process (PID=106) to work on /opt/airflow/dags/public_api_pipeline.py
[2026-06-21T21:49:58.321+0000] {processor.py:914} INFO - Processing file /opt/airflow/dags/public_api_pipeline.py for tasks to queue
[2026-06-21T21:49:58.323+0000] {logging_mixin.py:190} INFO - [2026-06-21T21:49:58.323+0000] {dagbag.py:588} INFO - Filling up the DagBag from /opt/airflow/dags/public_api_pipeline.py
[2026-06-21T21:49:58.363+0000] {processor.py:925} INFO - DAG(s) 'public_api_pipeline' retrieved from /opt/airflow/dags/public_api_pipeline.py
[2026-06-21T21:49:58.390+0000] {logging_mixin.py:190} INFO - [2026-06-21T21:49:58.390+0000] {dag.py:3239} INFO - Sync 1 DAGs
[2026-06-21T21:49:58.408+0000] {logging_mixin.py:190} INFO - [2026-06-21T21:49:58.408+0000] {dag.py:4180} INFO - Setting next_dagrun for public_api_pipeline to 2026-06-20 00:00:00+00:00, run_after=2026-06-21 00:00:00+00:00
[2026-06-21T21:49:58.423+0000] {processor.py:208} INFO - Processing /opt/airflow/dags/public_api_pipeline.py took 0.110 seconds
[2026-06-21T21:50:08.514+0000] {processor.py:186} INFO - Started process (PID=113) to work on /opt/airflow/dags/public_api_pipeline.py
[2026-06-21T21:50:08.516+0000] {processor.py:914} INFO - Processing file /opt/airflow/dags/public_api_pipeline.py for tasks to queue
[2026-06-21T21:50:08.518+0000] {logging_mixin.py:190} INFO - [2026-06-21T21:50:08.518+0000] {dagbag.py:588} INFO - Filling up the DagBag from /opt/airflow/dags/public_api_pipeline.py
[2026-06-21T21:50:08.553+0000] {processor.py:925} INFO - DAG(s) 'public_api_pipeline' retrieved from /opt/airflow/dags/public_api_pipeline.py
[2026-06-21T21:50:08.575+0000] {logging_mixin.py:190} INFO - [2026-06-21T21:50:08.575+0000] {dag.py:3239} INFO - Sync 1 DAGs
[2026-06-21T21:50:08.594+0000] {logging_mixin.py:190} INFO - [2026-06-21T21:50:08.594+0000] {dag.py:4180} INFO - Setting next_dagrun for public_api_pipeline to 2026-06-20 00:00:00+00:00, run_after=2026-06-21 00:00:00+00:00
[2026-06-21T21:50:08.612+0000] {processor.py:208} INFO - Processing /opt/airflow/dags/public_api_pipeline.py took 0.106 seconds
[2026-06-21T21:50:18.710+0000] {processor.py:186} INFO - Started process (PID=114) to work on /opt/airflow/dags/public_api_pipeline.py
[2026-06-21T21:50:18.711+0000] {processor.py:914} INFO - Processing file /opt/airflow/dags/public_api_pipeline.py for tasks to queue
[2026-06-21T21:50:18.713+0000] {logging_mixin.py:190} INFO - [2026-06-21T21:50:18.713+0000] {dagbag.py:588} INFO - Filling up the DagBag from /opt/airflow/dags/public_api_pipeline.py
[2026-06-21T21:50:18.746+0000] {processor.py:925} INFO - DAG(s) 'public_api_pipeline' retrieved from /opt/airflow/dags/public_api_pipeline.py
[2026-06-21T21:50:18.766+0000] {logging_mixin.py:190} INFO - [2026-06-21T21:50:18.766+0000] {dag.py:3239} INFO - Sync 1 DAGs
[2026-06-21T21:50:18.781+0000] {logging_mixin.py:190} INFO - [2026-06-21T21:50:18.781+0000] {dag.py:4180} INFO - Setting next_dagrun for public_api_pipeline to 2026-06-20 00:00:00+00:00, run_after=2026-06-21 00:00:00+00:00
[2026-06-21T21:50:18.795+0000] {processor.py:208} INFO - Processing /opt/airflow/dags/public_api_pipeline.py took 0.092 seconds
[2026-06-21T21:50:28.885+0000] {processor.py:186} INFO - Started process (PID=115) to work on /opt/airflow/dags/public_api_pipeline.py
[2026-06-21T21:50:28.886+0000] {processor.py:914} INFO - Processing file /opt/airflow/dags/public_api_pipeline.py for tasks to queue
[2026-06-21T21:50:28.888+0000] {logging_mixin.py:190} INFO - [2026-06-21T21:50:28.888+0000] {dagbag.py:588} INFO - Filling up the DagBag from /opt/airflow/dags/public_api_pipeline.py
[2026-06-21T21:50:28.922+0000] {processor.py:925} INFO - DAG(s) 'public_api_pipeline' retrieved from /opt/airflow/dags/public_api_pipeline.py
[2026-06-21T21:50:28.945+0000] {logging_mixin.py:190} INFO - [2026-06-21T21:50:28.944+0000] {dag.py:3239} INFO - Sync 1 DAGs
[2026-06-21T21:50:28.969+0000] {logging_mixin.py:190} INFO - [2026-06-21T21:50:28.968+0000] {dag.py:4180} INFO - Setting next_dagrun for public_api_pipeline to 2026-06-20 00:00:00+00:00, run_after=2026-06-21 00:00:00+00:00
[2026-06-21T21:50:28.992+0000] {processor.py:208} INFO - Processing /opt/airflow/dags/public_api_pipeline.py took 0.113 seconds
[2026-06-21T21:50:39.092+0000] {processor.py:186} INFO - Started process (PID=122) to work on /opt/airflow/dags/public_api_pipeline.py
[2026-06-21T21:50:39.093+0000] {processor.py:914} INFO - Processing file /opt/airflow/dags/public_api_pipeline.py for tasks to queue
[2026-06-21T21:50:39.095+0000] {logging_mixin.py:190} INFO - [2026-06-21T21:50:39.095+0000] {dagbag.py:588} INFO - Filling up the DagBag from /opt/airflow/dags/public_api_pipeline.py
[2026-06-21T21:50:39.121+0000] {processor.py:925} INFO - DAG(s) 'public_api_pipeline' retrieved from /opt/airflow/dags/public_api_pipeline.py
[2026-06-21T21:50:39.142+0000] {logging_mixin.py:190} INFO - [2026-06-21T21:50:39.142+0000] {dag.py:3239} INFO - Sync 1 DAGs
[2026-06-21T21:50:39.158+0000] {logging_mixin.py:190} INFO - [2026-06-21T21:50:39.158+0000] {dag.py:4180} INFO - Setting next_dagrun for public_api_pipeline to 2026-06-20 00:00:00+00:00, run_after=2026-06-21 00:00:00+00:00
[2026-06-21T21:50:39.172+0000] {processor.py:208} INFO - Processing /opt/airflow/dags/public_api_pipeline.py took 0.086 seconds
[2026-06-21T21:50:49.271+0000] {processor.py:186} INFO - Started process (PID=123) to work on /opt/airflow/dags/public_api_pipeline.py
[2026-06-21T21:50:49.273+0000] {processor.py:914} INFO - Processing file /opt/airflow/dags/public_api_pipeline.py for tasks to queue
[2026-06-21T21:50:49.275+0000] {logging_mixin.py:190} INFO - [2026-06-21T21:50:49.275+0000] {dagbag.py:588} INFO - Filling up the DagBag from /opt/airflow/dags/public_api_pipeline.py
[2026-06-21T21:50:49.304+0000] {processor.py:925} INFO - DAG(s) 'public_api_pipeline' retrieved from /opt/airflow/dags/public_api_pipeline.py
[2026-06-21T21:50:49.327+0000] {logging_mixin.py:190} INFO - [2026-06-21T21:50:49.327+0000] {dag.py:3239} INFO - Sync 1 DAGs
[2026-06-21T21:50:49.345+0000] {logging_mixin.py:190} INFO - [2026-06-21T21:50:49.345+0000] {dag.py:4180} INFO - Setting next_dagrun for public_api_pipeline to 2026-06-20 00:00:00+00:00, run_after=2026-06-21 00:00:00+00:00
[2026-06-21T21:50:49.363+0000] {processor.py:208} INFO - Processing /opt/airflow/dags/public_api_pipeline.py took 0.099 seconds
[2026-06-21T21:50:59.455+0000] {processor.py:186} INFO - Started process (PID=124) to work on /opt/airflow/dags/public_api_pipeline.py
[2026-06-21T21:50:59.457+0000] {processor.py:914} INFO - Processing file /opt/airflow/dags/public_api_pipeline.py for tasks to queue
[2026-06-21T21:50:59.459+0000] {logging_mixin.py:190} INFO - [2026-06-21T21:50:59.459+0000] {dagbag.py:588} INFO - Filling up the DagBag from /opt/airflow/dags/public_api_pipeline.py
[2026-06-21T21:50:59.487+0000] {processor.py:925} INFO - DAG(s) 'public_api_pipeline' retrieved from /opt/airflow/dags/public_api_pipeline.py
[2026-06-21T21:50:59.507+0000] {logging_mixin.py:190} INFO - [2026-06-21T21:50:59.507+0000] {dag.py:3239} INFO - Sync 1 DAGs
[2026-06-21T21:50:59.523+0000] {logging_mixin.py:190} INFO - [2026-06-21T21:50:59.523+0000] {dag.py:4180} INFO - Setting next_dagrun for public_api_pipeline to 2026-06-20 00:00:00+00:00, run_after=2026-06-21 00:00:00+00:00
[2026-06-21T21:50:59.537+0000] {processor.py:208} INFO - Processing /opt/airflow/dags/public_api_pipeline.py took 0.089 seconds
[2026-06-21T21:51:09.635+0000] {processor.py:186} INFO - Started process (PID=131) to work on /opt/airflow/dags/public_api_pipeline.py
[2026-06-21T21:51:09.637+0000] {processor.py:914} INFO - Processing file /opt/airflow/dags/public_api_pipeline.py for tasks to queue
[2026-06-21T21:51:09.639+0000] {logging_mixin.py:190} INFO - [2026-06-21T21:51:09.638+0000] {dagbag.py:588} INFO - Filling up the DagBag from /opt/airflow/dags/public_api_pipeline.py
[2026-06-21T21:51:09.665+0000] {processor.py:925} INFO - DAG(s) 'public_api_pipeline' retrieved from /opt/airflow/dags/public_api_pipeline.py
[2026-06-21T21:51:09.685+0000] {logging_mixin.py:190} INFO - [2026-06-21T21:51:09.685+0000] {dag.py:3239} INFO - Sync 1 DAGs
[2026-06-21T21:51:09.701+0000] {logging_mixin.py:190} INFO - [2026-06-21T21:51:09.700+0000] {dag.py:4180} INFO - Setting next_dagrun for public_api_pipeline to 2026-06-20 00:00:00+00:00, run_after=2026-06-21 00:00:00+00:00
[2026-06-21T21:51:09.716+0000] {processor.py:208} INFO - Processing /opt/airflow/dags/public_api_pipeline.py took 0.087 seconds
[2026-06-21T21:51:19.817+0000] {processor.py:186} INFO - Started process (PID=132) to work on /opt/airflow/dags/public_api_pipeline.py
[2026-06-21T21:51:19.819+0000] {processor.py:914} INFO - Processing file /opt/airflow/dags/public_api_pipeline.py for tasks to queue
[2026-06-21T21:51:19.822+0000] {logging_mixin.py:190} INFO - [2026-06-21T21:51:19.821+0000] {dagbag.py:588} INFO - Filling up the DagBag from /opt/airflow/dags/public_api_pipeline.py
[2026-06-21T21:51:19.854+0000] {processor.py:925} INFO - DAG(s) 'public_api_pipeline' retrieved from /opt/airflow/dags/public_api_pipeline.py
[2026-06-21T21:51:19.878+0000] {logging_mixin.py:190} INFO - [2026-06-21T21:51:19.878+0000] {dag.py:3239} INFO - Sync 1 DAGs
[2026-06-21T21:51:19.896+0000] {logging_mixin.py:190} INFO - [2026-06-21T21:51:19.896+0000] {dag.py:4180} INFO - Setting next_dagrun for public_api_pipeline to 2026-06-20 00:00:00+00:00, run_after=2026-06-21 00:00:00+00:00
[2026-06-21T21:51:19.912+0000] {processor.py:208} INFO - Processing /opt/airflow/dags/public_api_pipeline.py took 0.104 seconds
[2026-06-21T21:51:30.006+0000] {processor.py:186} INFO - Started process (PID=133) to work on /opt/airflow/dags/public_api_pipeline.py
[2026-06-21T21:51:30.008+0000] {processor.py:914} INFO - Processing file /opt/airflow/dags/public_api_pipeline.py for tasks to queue
[2026-06-21T21:51:30.011+0000] {logging_mixin.py:190} INFO - [2026-06-21T21:51:30.011+0000] {dagbag.py:588} INFO - Filling up the DagBag from /opt/airflow/dags/public_api_pipeline.py
[2026-06-21T21:51:30.040+0000] {processor.py:925} INFO - DAG(s) 'public_api_pipeline' retrieved from /opt/airflow/dags/public_api_pipeline.py
[2026-06-21T21:51:30.066+0000] {logging_mixin.py:190} INFO - [2026-06-21T21:51:30.065+0000] {dag.py:3239} INFO - Sync 1 DAGs
[2026-06-21T21:51:30.085+0000] {logging_mixin.py:190} INFO - [2026-06-21T21:51:30.085+0000] {dag.py:4180} INFO - Setting next_dagrun for public_api_pipeline to 2026-06-20 00:00:00+00:00, run_after=2026-06-21 00:00:00+00:00
[2026-06-21T21:51:30.105+0000] {processor.py:208} INFO - Processing /opt/airflow/dags/public_api_pipeline.py took 0.105 seconds
[2026-06-21T21:51:40.210+0000] {processor.py:186} INFO - Started process (PID=140) to work on /opt/airflow/dags/public_api_pipeline.py
[2026-06-21T21:51:40.212+0000] {processor.py:914} INFO - Processing file /opt/airflow/dags/public_api_pipeline.py for tasks to queue
[2026-06-21T21:51:40.216+0000] {logging_mixin.py:190} INFO - [2026-06-21T21:51:40.215+0000] {dagbag.py:588} INFO - Filling up the DagBag from /opt/airflow/dags/public_api_pipeline.py
[2026-06-21T21:51:40.243+0000] {processor.py:925} INFO - DAG(s) 'public_api_pipeline' retrieved from /opt/airflow/dags/public_api_pipeline.py
[2026-06-21T21:51:40.267+0000] {logging_mixin.py:190} INFO - [2026-06-21T21:51:40.267+0000] {dag.py:3239} INFO - Sync 1 DAGs
[2026-06-21T21:51:40.284+0000] {logging_mixin.py:190} INFO - [2026-06-21T21:51:40.284+0000] {dag.py:4180} INFO - Setting next_dagrun for public_api_pipeline to 2026-06-20 00:00:00+00:00, run_after=2026-06-21 00:00:00+00:00
[2026-06-21T21:51:40.300+0000] {processor.py:208} INFO - Processing /opt/airflow/dags/public_api_pipeline.py took 0.099 seconds
[2026-06-21T21:51:50.394+0000] {processor.py:186} INFO - Started process (PID=141) to work on /opt/airflow/dags/public_api_pipeline.py
[2026-06-21T21:51:50.396+0000] {processor.py:914} INFO - Processing file /opt/airflow/dags/public_api_pipeline.py for tasks to queue
[2026-06-21T21:51:50.398+0000] {logging_mixin.py:190} INFO - [2026-06-21T21:51:50.398+0000] {dagbag.py:588} INFO - Filling up the DagBag from /opt/airflow/dags/public_api_pipeline.py
[2026-06-21T21:51:50.419+0000] {processor.py:925} INFO - DAG(s) 'public_api_pipeline' retrieved from /opt/airflow/dags/public_api_pipeline.py
[2026-06-21T21:51:50.438+0000] {logging_mixin.py:190} INFO - [2026-06-21T21:51:50.438+0000] {dag.py:3239} INFO - Sync 1 DAGs
[2026-06-21T21:51:50.454+0000] {logging_mixin.py:190} INFO - [2026-06-21T21:51:50.454+0000] {dag.py:4180} INFO - Setting next_dagrun for public_api_pipeline to 2026-06-20 00:00:00+00:00, run_after=2026-06-21 00:00:00+00:00
[2026-06-21T21:51:50.471+0000] {processor.py:208} INFO - Processing /opt/airflow/dags/public_api_pipeline.py took 0.082 seconds
[2026-06-21T21:52:00.559+0000] {processor.py:186} INFO - Started process (PID=142) to work on /opt/airflow/dags/public_api_pipeline.py
[2026-06-21T21:52:00.560+0000] {processor.py:914} INFO - Processing file /opt/airflow/dags/public_api_pipeline.py for tasks to queue
[2026-06-21T21:52:00.562+0000] {logging_mixin.py:190} INFO - [2026-06-21T21:52:00.562+0000] {dagbag.py:588} INFO - Filling up the DagBag from /opt/airflow/dags/public_api_pipeline.py
[2026-06-21T21:52:00.589+0000] {processor.py:925} INFO - DAG(s) 'public_api_pipeline' retrieved from /opt/airflow/dags/public_api_pipeline.py
[2026-06-21T21:52:00.608+0000] {logging_mixin.py:190} INFO - [2026-06-21T21:52:00.608+0000] {dag.py:3239} INFO - Sync 1 DAGs
[2026-06-21T21:52:00.626+0000] {logging_mixin.py:190} INFO - [2026-06-21T21:52:00.625+0000] {dag.py:4180} INFO - Setting next_dagrun for public_api_pipeline to 2026-06-20 00:00:00+00:00, run_after=2026-06-21 00:00:00+00:00
[2026-06-21T21:52:00.641+0000] {processor.py:208} INFO - Processing /opt/airflow/dags/public_api_pipeline.py took 0.090 seconds
[2026-06-21T21:52:10.738+0000] {processor.py:186} INFO - Started process (PID=149) to work on /opt/airflow/dags/public_api_pipeline.py
[2026-06-21T21:52:10.740+0000] {processor.py:914} INFO - Processing file /opt/airflow/dags/public_api_pipeline.py for tasks to queue
[2026-06-21T21:52:10.743+0000] {logging_mixin.py:190} INFO - [2026-06-21T21:52:10.743+0000] {dagbag.py:588} INFO - Filling up the DagBag from /opt/airflow/dags/public_api_pipeline.py
[2026-06-21T21:52:10.778+0000] {processor.py:925} INFO - DAG(s) 'public_api_pipeline' retrieved from /opt/airflow/dags/public_api_pipeline.py
[2026-06-21T21:52:10.808+0000] {logging_mixin.py:190} INFO - [2026-06-21T21:52:10.808+0000] {dag.py:3239} INFO - Sync 1 DAGs
[2026-06-21T21:52:10.836+0000] {logging_mixin.py:190} INFO - [2026-06-21T21:52:10.835+0000] {dag.py:4180} INFO - Setting next_dagrun for public_api_pipeline to 2026-06-20 00:00:00+00:00, run_after=2026-06-21 00:00:00+00:00
[2026-06-21T21:52:10.860+0000] {processor.py:208} INFO - Processing /opt/airflow/dags/public_api_pipeline.py took 0.130 seconds
[2026-06-21T21:52:20.956+0000] {processor.py:186} INFO - Started process (PID=150) to work on /opt/airflow/dags/public_api_pipeline.py
[2026-06-21T21:52:20.957+0000] {processor.py:914} INFO - Processing file /opt/airflow/dags/public_api_pipeline.py for tasks to queue
[2026-06-21T21:52:20.960+0000] {logging_mixin.py:190} INFO - [2026-06-21T21:52:20.960+0000] {dagbag.py:588} INFO - Filling up the DagBag from /opt/airflow/dags/public_api_pipeline.py
[2026-06-21T21:52:20.986+0000] {processor.py:925} INFO - DAG(s) 'public_api_pipeline' retrieved from /opt/airflow/dags/public_api_pipeline.py
[2026-06-21T21:52:21.007+0000] {logging_mixin.py:190} INFO - [2026-06-21T21:52:21.007+0000] {dag.py:3239} INFO - Sync 1 DAGs
[2026-06-21T21:52:21.023+0000] {logging_mixin.py:190} INFO - [2026-06-21T21:52:21.023+0000] {dag.py:4180} INFO - Setting next_dagrun for public_api_pipeline to 2026-06-20 00:00:00+00:00, run_after=2026-06-21 00:00:00+00:00
[2026-06-21T21:52:21.037+0000] {processor.py:208} INFO - Processing /opt/airflow/dags/public_api_pipeline.py took 0.087 seconds
[2026-06-21T21:52:31.074+0000] {processor.py:186} INFO - Started process (PID=151) to work on /opt/airflow/dags/public_api_pipeline.py
[2026-06-21T21:52:31.075+0000] {processor.py:914} INFO - Processing file /opt/airflow/dags/public_api_pipeline.py for tasks to queue
[2026-06-21T21:52:31.078+0000] {logging_mixin.py:190} INFO - [2026-06-21T21:52:31.077+0000] {dagbag.py:588} INFO - Filling up the DagBag from /opt/airflow/dags/public_api_pipeline.py
[2026-06-21T21:52:31.108+0000] {processor.py:925} INFO - DAG(s) 'public_api_pipeline' retrieved from /opt/airflow/dags/public_api_pipeline.py
[2026-06-21T21:52:31.130+0000] {logging_mixin.py:190} INFO - [2026-06-21T21:52:31.130+0000] {dag.py:3239} INFO - Sync 1 DAGs
[2026-06-21T21:52:31.148+0000] {logging_mixin.py:190} INFO - [2026-06-21T21:52:31.147+0000] {dag.py:4180} INFO - Setting next_dagrun for public_api_pipeline to 2026-06-20 00:00:00+00:00, run_after=2026-06-21 00:00:00+00:00
[2026-06-21T21:52:31.166+0000] {processor.py:208} INFO - Processing /opt/airflow/dags/public_api_pipeline.py took 0.099 seconds
[2026-06-21T21:52:41.226+0000] {processor.py:186} INFO - Started process (PID=158) to work on /opt/airflow/dags/public_api_pipeline.py
[2026-06-21T21:52:41.227+0000] {processor.py:914} INFO - Processing file /opt/airflow/dags/public_api_pipeline.py for tasks to queue
[2026-06-21T21:52:41.230+0000] {logging_mixin.py:190} INFO - [2026-06-21T21:52:41.229+0000] {dagbag.py:588} INFO - Filling up the DagBag from /opt/airflow/dags/public_api_pipeline.py
[2026-06-21T21:52:41.257+0000] {processor.py:925} INFO - DAG(s) 'public_api_pipeline' retrieved from /opt/airflow/dags/public_api_pipeline.py
[2026-06-21T21:52:41.277+0000] {logging_mixin.py:190} INFO - [2026-06-21T21:52:41.277+0000] {dag.py:3239} INFO - Sync 1 DAGs
[2026-06-21T21:52:41.294+0000] {logging_mixin.py:190} INFO - [2026-06-21T21:52:41.294+0000] {dag.py:4180} INFO - Setting next_dagrun for public_api_pipeline to 2026-06-20 00:00:00+00:00, run_after=2026-06-21 00:00:00+00:00
[2026-06-21T21:52:41.309+0000] {processor.py:208} INFO - Processing /opt/airflow/dags/public_api_pipeline.py took 0.090 seconds
[2026-06-21T21:52:51.399+0000] {processor.py:186} INFO - Started process (PID=159) to work on /opt/airflow/dags/public_api_pipeline.py
[2026-06-21T21:52:51.401+0000] {processor.py:914} INFO - Processing file /opt/airflow/dags/public_api_pipeline.py for tasks to queue
[2026-06-21T21:52:51.403+0000] {logging_mixin.py:190} INFO - [2026-06-21T21:52:51.403+0000] {dagbag.py:588} INFO - Filling up the DagBag from /opt/airflow/dags/public_api_pipeline.py
[2026-06-21T21:52:51.437+0000] {processor.py:925} INFO - DAG(s) 'public_api_pipeline' retrieved from /opt/airflow/dags/public_api_pipeline.py
[2026-06-21T21:52:51.462+0000] {logging_mixin.py:190} INFO - [2026-06-21T21:52:51.462+0000] {dag.py:3239} INFO - Sync 1 DAGs
[2026-06-21T21:52:51.482+0000] {logging_mixin.py:190} INFO - [2026-06-21T21:52:51.482+0000] {dag.py:4180} INFO - Setting next_dagrun for public_api_pipeline to 2026-06-20 00:00:00+00:00, run_after=2026-06-21 00:00:00+00:00
[2026-06-21T21:52:51.502+0000] {processor.py:208} INFO - Processing /opt/airflow/dags/public_api_pipeline.py took 0.111 seconds
[2026-06-21T21:53:01.609+0000] {processor.py:186} INFO - Started process (PID=160) to work on /opt/airflow/dags/public_api_pipeline.py
[2026-06-21T21:53:01.611+0000] {processor.py:914} INFO - Processing file /opt/airflow/dags/public_api_pipeline.py for tasks to queue
[2026-06-21T21:53:01.614+0000] {logging_mixin.py:190} INFO - [2026-06-21T21:53:01.613+0000] {dagbag.py:588} INFO - Filling up the DagBag from /opt/airflow/dags/public_api_pipeline.py
[2026-06-21T21:53:01.646+0000] {processor.py:925} INFO - DAG(s) 'public_api_pipeline' retrieved from /opt/airflow/dags/public_api_pipeline.py
[2026-06-21T21:53:01.670+0000] {logging_mixin.py:190} INFO - [2026-06-21T21:53:01.669+0000] {dag.py:3239} INFO - Sync 1 DAGs
[2026-06-21T21:53:01.688+0000] {logging_mixin.py:190} INFO - [2026-06-21T21:53:01.688+0000] {dag.py:4180} INFO - Setting next_dagrun for public_api_pipeline to 2026-06-20 00:00:00+00:00, run_after=2026-06-21 00:00:00+00:00
[2026-06-21T21:53:01.705+0000] {processor.py:208} INFO - Processing /opt/airflow/dags/public_api_pipeline.py took 0.105 seconds
[2026-06-21T21:53:11.763+0000] {processor.py:186} INFO - Started process (PID=168) to work on /opt/airflow/dags/public_api_pipeline.py
[2026-06-21T21:53:11.765+0000] {processor.py:914} INFO - Processing file /opt/airflow/dags/public_api_pipeline.py for tasks to queue
[2026-06-21T21:53:11.769+0000] {logging_mixin.py:190} INFO - [2026-06-21T21:53:11.768+0000] {dagbag.py:588} INFO - Filling up the DagBag from /opt/airflow/dags/public_api_pipeline.py
[2026-06-21T21:53:11.805+0000] {processor.py:925} INFO - DAG(s) 'public_api_pipeline' retrieved from /opt/airflow/dags/public_api_pipeline.py
[2026-06-21T21:53:11.835+0000] {logging_mixin.py:190} INFO - [2026-06-21T21:53:11.835+0000] {dag.py:3239} INFO - Sync 1 DAGs
[2026-06-21T21:53:11.857+0000] {logging_mixin.py:190} INFO - [2026-06-21T21:53:11.857+0000] {dag.py:4180} INFO - Setting next_dagrun for public_api_pipeline to 2026-06-20 00:00:00+00:00, run_after=2026-06-21 00:00:00+00:00
[2026-06-21T21:53:11.880+0000] {processor.py:208} INFO - Processing /opt/airflow/dags/public_api_pipeline.py took 0.125 seconds
[2026-06-21T21:53:21.987+0000] {processor.py:186} INFO - Started process (PID=169) to work on /opt/airflow/dags/public_api_pipeline.py
[2026-06-21T21:53:21.989+0000] {processor.py:914} INFO - Processing file /opt/airflow/dags/public_api_pipeline.py for tasks to queue
[2026-06-21T21:53:21.992+0000] {logging_mixin.py:190} INFO - [2026-06-21T21:53:21.991+0000] {dagbag.py:588} INFO - Filling up the DagBag from /opt/airflow/dags/public_api_pipeline.py
[2026-06-21T21:53:22.019+0000] {processor.py:925} INFO - DAG(s) 'public_api_pipeline' retrieved from /opt/airflow/dags/public_api_pipeline.py
[2026-06-21T21:53:22.039+0000] {logging_mixin.py:190} INFO - [2026-06-21T21:53:22.039+0000] {dag.py:3239} INFO - Sync 1 DAGs
[2026-06-21T21:53:22.056+0000] {logging_mixin.py:190} INFO - [2026-06-21T21:53:22.056+0000] {dag.py:4180} INFO - Setting next_dagrun for public_api_pipeline to 2026-06-20 00:00:00+00:00, run_after=2026-06-21 00:00:00+00:00
[2026-06-21T21:53:22.073+0000] {processor.py:208} INFO - Processing /opt/airflow/dags/public_api_pipeline.py took 0.091 seconds
[2026-06-21T21:53:32.237+0000] {processor.py:186} INFO - Started process (PID=172) to work on /opt/airflow/dags/public_api_pipeline.py
[2026-06-21T21:53:32.239+0000] {processor.py:914} INFO - Processing file /opt/airflow/dags/public_api_pipeline.py for tasks to queue
[2026-06-21T21:53:32.241+0000] {logging_mixin.py:190} INFO - [2026-06-21T21:53:32.241+0000] {dagbag.py:588} INFO - Filling up the DagBag from /opt/airflow/dags/public_api_pipeline.py
[2026-06-21T21:53:32.272+0000] {processor.py:925} INFO - DAG(s) 'public_api_pipeline' retrieved from /opt/airflow/dags/public_api_pipeline.py
[2026-06-21T21:53:32.295+0000] {logging_mixin.py:190} INFO - [2026-06-21T21:53:32.295+0000] {dag.py:3239} INFO - Sync 1 DAGs
[2026-06-21T21:53:32.313+0000] {logging_mixin.py:190} INFO - [2026-06-21T21:53:32.313+0000] {dag.py:4180} INFO - Setting next_dagrun for public_api_pipeline to 2026-06-20 00:00:00+00:00, run_after=2026-06-21 00:00:00+00:00
[2026-06-21T21:53:32.329+0000] {processor.py:208} INFO - Processing /opt/airflow/dags/public_api_pipeline.py took 0.100 seconds
[2026-06-21T21:53:42.443+0000] {processor.py:186} INFO - Started process (PID=180) to work on /opt/airflow/dags/public_api_pipeline.py
[2026-06-21T21:53:42.444+0000] {processor.py:914} INFO - Processing file /opt/airflow/dags/public_api_pipeline.py for tasks to queue
[2026-06-21T21:53:42.447+0000] {logging_mixin.py:190} INFO - [2026-06-21T21:53:42.447+0000] {dagbag.py:588} INFO - Filling up the DagBag from /opt/airflow/dags/public_api_pipeline.py
[2026-06-21T21:53:42.481+0000] {processor.py:925} INFO - DAG(s) 'public_api_pipeline' retrieved from /opt/airflow/dags/public_api_pipeline.py
[2026-06-21T21:53:42.505+0000] {logging_mixin.py:190} INFO - [2026-06-21T21:53:42.505+0000] {dag.py:3239} INFO - Sync 1 DAGs
[2026-06-21T21:53:42.526+0000] {logging_mixin.py:190} INFO - [2026-06-21T21:53:42.526+0000] {dag.py:4180} INFO - Setting next_dagrun for public_api_pipeline to 2026-06-20 00:00:00+00:00, run_after=2026-06-21 00:00:00+00:00
[2026-06-21T21:53:42.545+0000] {processor.py:208} INFO - Processing /opt/airflow/dags/public_api_pipeline.py took 0.113 seconds
[2026-06-21T21:53:52.660+0000] {processor.py:186} INFO - Started process (PID=182) to work on /opt/airflow/dags/public_api_pipeline.py
[2026-06-21T21:53:52.661+0000] {processor.py:914} INFO - Processing file /opt/airflow/dags/public_api_pipeline.py for tasks to queue
[2026-06-21T21:53:52.663+0000] {logging_mixin.py:190} INFO - [2026-06-21T21:53:52.662+0000] {dagbag.py:588} INFO - Filling up the DagBag from /opt/airflow/dags/public_api_pipeline.py
[2026-06-21T21:53:52.691+0000] {processor.py:925} INFO - DAG(s) 'public_api_pipeline' retrieved from /opt/airflow/dags/public_api_pipeline.py
[2026-06-21T21:53:52.713+0000] {logging_mixin.py:190} INFO - [2026-06-21T21:53:52.713+0000] {dag.py:3239} INFO - Sync 1 DAGs
[2026-06-21T21:53:52.732+0000] {logging_mixin.py:190} INFO - [2026-06-21T21:53:52.732+0000] {dag.py:4180} INFO - Setting next_dagrun for public_api_pipeline to 2026-06-20 00:00:00+00:00, run_after=2026-06-21 00:00:00+00:00
[2026-06-21T21:53:52.746+0000] {processor.py:208} INFO - Processing /opt/airflow/dags/public_api_pipeline.py took 0.093 seconds
[2026-06-21T21:54:02.868+0000] {processor.py:186} INFO - Started process (PID=184) to work on /opt/airflow/dags/public_api_pipeline.py
[2026-06-21T21:54:02.869+0000] {processor.py:914} INFO - Processing file /opt/airflow/dags/public_api_pipeline.py for tasks to queue
[2026-06-21T21:54:02.871+0000] {logging_mixin.py:190} INFO - [2026-06-21T21:54:02.871+0000] {dagbag.py:588} INFO - Filling up the DagBag from /opt/airflow/dags/public_api_pipeline.py
[2026-06-21T21:54:02.900+0000] {processor.py:925} INFO - DAG(s) 'public_api_pipeline' retrieved from /opt/airflow/dags/public_api_pipeline.py
[2026-06-21T21:54:02.924+0000] {logging_mixin.py:190} INFO - [2026-06-21T21:54:02.923+0000] {dag.py:3239} INFO - Sync 1 DAGs
[2026-06-21T21:54:02.947+0000] {logging_mixin.py:190} INFO - [2026-06-21T21:54:02.947+0000] {dag.py:4180} INFO - Setting next_dagrun for public_api_pipeline to 2026-06-20 00:00:00+00:00, run_after=2026-06-21 00:00:00+00:00
[2026-06-21T21:54:02.962+0000] {processor.py:208} INFO - Processing /opt/airflow/dags/public_api_pipeline.py took 0.101 seconds
[2026-06-21T21:54:13.095+0000] {processor.py:186} INFO - Started process (PID=192) to work on /opt/airflow/dags/public_api_pipeline.py
[2026-06-21T21:54:13.097+0000] {processor.py:914} INFO - Processing file /opt/airflow/dags/public_api_pipeline.py for tasks to queue
[2026-06-21T21:54:13.099+0000] {logging_mixin.py:190} INFO - [2026-06-21T21:54:13.099+0000] {dagbag.py:588} INFO - Filling up the DagBag from /opt/airflow/dags/public_api_pipeline.py
[2026-06-21T21:54:13.126+0000] {processor.py:925} INFO - DAG(s) 'public_api_pipeline' retrieved from /opt/airflow/dags/public_api_pipeline.py
[2026-06-21T21:54:13.146+0000] {logging_mixin.py:190} INFO - [2026-06-21T21:54:13.146+0000] {dag.py:3239} INFO - Sync 1 DAGs
[2026-06-21T21:54:13.163+0000] {logging_mixin.py:190} INFO - [2026-06-21T21:54:13.162+0000] {dag.py:4180} INFO - Setting next_dagrun for public_api_pipeline to 2026-06-20 00:00:00+00:00, run_after=2026-06-21 00:00:00+00:00
[2026-06-21T21:54:13.177+0000] {processor.py:208} INFO - Processing /opt/airflow/dags/public_api_pipeline.py took 0.091 seconds
[2026-06-21T21:54:23.284+0000] {processor.py:186} INFO - Started process (PID=194) to work on /opt/airflow/dags/public_api_pipeline.py
[2026-06-21T21:54:23.285+0000] {processor.py:914} INFO - Processing file /opt/airflow/dags/public_api_pipeline.py for tasks to queue
[2026-06-21T21:54:23.287+0000] {logging_mixin.py:190} INFO - [2026-06-21T21:54:23.287+0000] {dagbag.py:588} INFO - Filling up the DagBag from /opt/airflow/dags/public_api_pipeline.py
[2026-06-21T21:54:23.313+0000] {processor.py:925} INFO - DAG(s) 'public_api_pipeline' retrieved from /opt/airflow/dags/public_api_pipeline.py
[2026-06-21T21:54:23.335+0000] {logging_mixin.py:190} INFO - [2026-06-21T21:54:23.335+0000] {dag.py:3239} INFO - Sync 1 DAGs
[2026-06-21T21:54:23.353+0000] {logging_mixin.py:190} INFO - [2026-06-21T21:54:23.353+0000] {dag.py:4180} INFO - Setting next_dagrun for public_api_pipeline to 2026-06-20 00:00:00+00:00, run_after=2026-06-21 00:00:00+00:00
[2026-06-21T21:54:23.506+0000] {processor.py:208} INFO - Processing /opt/airflow/dags/public_api_pipeline.py took 0.230 seconds
[2026-06-21T21:54:33.609+0000] {processor.py:186} INFO - Started process (PID=196) to work on /opt/airflow/dags/public_api_pipeline.py
[2026-06-21T21:54:33.611+0000] {processor.py:914} INFO - Processing file /opt/airflow/dags/public_api_pipeline.py for tasks to queue
[2026-06-21T21:54:33.613+0000] {logging_mixin.py:190} INFO - [2026-06-21T21:54:33.613+0000] {dagbag.py:588} INFO - Filling up the DagBag from /opt/airflow/dags/public_api_pipeline.py
[2026-06-21T21:54:33.644+0000] {processor.py:925} INFO - DAG(s) 'public_api_pipeline' retrieved from /opt/airflow/dags/public_api_pipeline.py
[2026-06-21T21:54:33.667+0000] {logging_mixin.py:190} INFO - [2026-06-21T21:54:33.667+0000] {dag.py:3239} INFO - Sync 1 DAGs
[2026-06-21T21:54:33.685+0000] {logging_mixin.py:190} INFO - [2026-06-21T21:54:33.685+0000] {dag.py:4180} INFO - Setting next_dagrun for public_api_pipeline to 2026-06-20 00:00:00+00:00, run_after=2026-06-21 00:00:00+00:00
[2026-06-21T21:54:33.704+0000] {processor.py:208} INFO - Processing /opt/airflow/dags/public_api_pipeline.py took 0.103 seconds
[2026-06-21T21:54:43.810+0000] {processor.py:186} INFO - Started process (PID=204) to work on /opt/airflow/dags/public_api_pipeline.py
[2026-06-21T21:54:43.812+0000] {processor.py:914} INFO - Processing file /opt/airflow/dags/public_api_pipeline.py for tasks to queue
[2026-06-21T21:54:43.815+0000] {logging_mixin.py:190} INFO - [2026-06-21T21:54:43.814+0000] {dagbag.py:588} INFO - Filling up the DagBag from /opt/airflow/dags/public_api_pipeline.py
[2026-06-21T21:54:43.847+0000] {processor.py:925} INFO - DAG(s) 'public_api_pipeline' retrieved from /opt/airflow/dags/public_api_pipeline.py
[2026-06-21T21:54:43.877+0000] {logging_mixin.py:190} INFO - [2026-06-21T21:54:43.877+0000] {dag.py:3239} INFO - Sync 1 DAGs
[2026-06-21T21:54:43.902+0000] {logging_mixin.py:190} INFO - [2026-06-21T21:54:43.902+0000] {dag.py:4180} INFO - Setting next_dagrun for public_api_pipeline to 2026-06-20 00:00:00+00:00, run_after=2026-06-21 00:00:00+00:00
[2026-06-21T21:54:43.925+0000] {processor.py:208} INFO - Processing /opt/airflow/dags/public_api_pipeline.py took 0.123 seconds
[2026-06-21T21:54:54.038+0000] {processor.py:186} INFO - Started process (PID=206) to work on /opt/airflow/dags/public_api_pipeline.py
[2026-06-21T21:54:54.039+0000] {processor.py:914} INFO - Processing file /opt/airflow/dags/public_api_pipeline.py for tasks to queue
[2026-06-21T21:54:54.043+0000] {logging_mixin.py:190} INFO - [2026-06-21T21:54:54.042+0000] {dagbag.py:588} INFO - Filling up the DagBag from /opt/airflow/dags/public_api_pipeline.py
[2026-06-21T21:54:54.080+0000] {processor.py:925} INFO - DAG(s) 'public_api_pipeline' retrieved from /opt/airflow/dags/public_api_pipeline.py
[2026-06-21T21:54:54.108+0000] {logging_mixin.py:190} INFO - [2026-06-21T21:54:54.108+0000] {dag.py:3239} INFO - Sync 1 DAGs
[2026-06-21T21:54:54.127+0000] {logging_mixin.py:190} INFO - [2026-06-21T21:54:54.127+0000] {dag.py:4180} INFO - Setting next_dagrun for public_api_pipeline to 2026-06-20 00:00:00+00:00, run_after=2026-06-21 00:00:00+00:00
[2026-06-21T21:54:54.143+0000] {processor.py:208} INFO - Processing /opt/airflow/dags/public_api_pipeline.py took 0.115 seconds
[2026-06-21T21:55:04.244+0000] {processor.py:186} INFO - Started process (PID=208) to work on /opt/airflow/dags/public_api_pipeline.py
[2026-06-21T21:55:04.245+0000] {processor.py:914} INFO - Processing file /opt/airflow/dags/public_api_pipeline.py for tasks to queue
[2026-06-21T21:55:04.248+0000] {logging_mixin.py:190} INFO - [2026-06-21T21:55:04.247+0000] {dagbag.py:588} INFO - Filling up the DagBag from /opt/airflow/dags/public_api_pipeline.py
[2026-06-21T21:55:04.274+0000] {processor.py:925} INFO - DAG(s) 'public_api_pipeline' retrieved from /opt/airflow/dags/public_api_pipeline.py
[2026-06-21T21:55:04.295+0000] {logging_mixin.py:190} INFO - [2026-06-21T21:55:04.294+0000] {dag.py:3239} INFO - Sync 1 DAGs
[2026-06-21T21:55:04.311+0000] {logging_mixin.py:190} INFO - [2026-06-21T21:55:04.311+0000] {dag.py:4180} INFO - Setting next_dagrun for public_api_pipeline to 2026-06-20 00:00:00+00:00, run_after=2026-06-21 00:00:00+00:00
[2026-06-21T21:55:04.326+0000] {processor.py:208} INFO - Processing /opt/airflow/dags/public_api_pipeline.py took 0.090 seconds
[2026-06-21T21:55:14.405+0000] {processor.py:186} INFO - Started process (PID=216) to work on /opt/airflow/dags/public_api_pipeline.py
[2026-06-21T21:55:14.406+0000] {processor.py:914} INFO - Processing file /opt/airflow/dags/public_api_pipeline.py for tasks to queue
[2026-06-21T21:55:14.409+0000] {logging_mixin.py:190} INFO - [2026-06-21T21:55:14.409+0000] {dagbag.py:588} INFO - Filling up the DagBag from /opt/airflow/dags/public_api_pipeline.py
[2026-06-21T21:55:14.439+0000] {processor.py:925} INFO - DAG(s) 'public_api_pipeline' retrieved from /opt/airflow/dags/public_api_pipeline.py
[2026-06-21T21:55:14.469+0000] {logging_mixin.py:190} INFO - [2026-06-21T21:55:14.469+0000] {dag.py:3239} INFO - Sync 1 DAGs
[2026-06-21T21:55:14.491+0000] {logging_mixin.py:190} INFO - [2026-06-21T21:55:14.491+0000] {dag.py:4180} INFO - Setting next_dagrun for public_api_pipeline to 2026-06-20 00:00:00+00:00, run_after=2026-06-21 00:00:00+00:00
[2026-06-21T21:55:14.507+0000] {processor.py:208} INFO - Processing /opt/airflow/dags/public_api_pipeline.py took 0.110 seconds
[2026-06-21T21:55:24.621+0000] {processor.py:186} INFO - Started process (PID=218) to work on /opt/airflow/dags/public_api_pipeline.py
[2026-06-21T21:55:24.623+0000] {processor.py:914} INFO - Processing file /opt/airflow/dags/public_api_pipeline.py for tasks to queue
[2026-06-21T21:55:24.627+0000] {logging_mixin.py:190} INFO - [2026-06-21T21:55:24.626+0000] {dagbag.py:588} INFO - Filling up the DagBag from /opt/airflow/dags/public_api_pipeline.py
[2026-06-21T21:55:24.666+0000] {processor.py:925} INFO - DAG(s) 'public_api_pipeline' retrieved from /opt/airflow/dags/public_api_pipeline.py
[2026-06-21T21:55:24.694+0000] {logging_mixin.py:190} INFO - [2026-06-21T21:55:24.693+0000] {dag.py:3239} INFO - Sync 1 DAGs
[2026-06-21T21:55:24.714+0000] {logging_mixin.py:190} INFO - [2026-06-21T21:55:24.714+0000] {dag.py:4180} INFO - Setting next_dagrun for public_api_pipeline to 2026-06-20 00:00:00+00:00, run_after=2026-06-21 00:00:00+00:00
[2026-06-21T21:55:24.873+0000] {processor.py:208} INFO - Processing /opt/airflow/dags/public_api_pipeline.py took 0.261 seconds
[2026-06-21T21:55:34.988+0000] {processor.py:186} INFO - Started process (PID=220) to work on /opt/airflow/dags/public_api_pipeline.py
[2026-06-21T21:55:34.990+0000] {processor.py:914} INFO - Processing file /opt/airflow/dags/public_api_pipeline.py for tasks to queue
[2026-06-21T21:55:34.994+0000] {logging_mixin.py:190} INFO - [2026-06-21T21:55:34.993+0000] {dagbag.py:588} INFO - Filling up the DagBag from /opt/airflow/dags/public_api_pipeline.py
[2026-06-21T21:55:35.038+0000] {processor.py:925} INFO - DAG(s) 'public_api_pipeline' retrieved from /opt/airflow/dags/public_api_pipeline.py
[2026-06-21T21:55:35.072+0000] {logging_mixin.py:190} INFO - [2026-06-21T21:55:35.071+0000] {dag.py:3239} INFO - Sync 1 DAGs
[2026-06-21T21:55:35.262+0000] {logging_mixin.py:190} INFO - [2026-06-21T21:55:35.262+0000] {dag.py:4180} INFO - Setting next_dagrun for public_api_pipeline to 2026-06-20 00:00:00+00:00, run_after=2026-06-21 00:00:00+00:00
[2026-06-21T21:55:35.279+0000] {processor.py:208} INFO - Processing /opt/airflow/dags/public_api_pipeline.py took 0.301 seconds
[2026-06-21T21:55:45.486+0000] {processor.py:186} INFO - Started process (PID=258) to work on /opt/airflow/dags/public_api_pipeline.py
[2026-06-21T21:55:45.488+0000] {processor.py:914} INFO - Processing file /opt/airflow/dags/public_api_pipeline.py for tasks to queue
[2026-06-21T21:55:45.491+0000] {logging_mixin.py:190} INFO - [2026-06-21T21:55:45.490+0000] {dagbag.py:588} INFO - Filling up the DagBag from /opt/airflow/dags/public_api_pipeline.py
[2026-06-21T21:55:45.525+0000] {processor.py:925} INFO - DAG(s) 'public_api_pipeline' retrieved from /opt/airflow/dags/public_api_pipeline.py
[2026-06-21T21:55:45.553+0000] {logging_mixin.py:190} INFO - [2026-06-21T21:55:45.552+0000] {dag.py:3239} INFO - Sync 1 DAGs
[2026-06-21T21:55:45.571+0000] {logging_mixin.py:190} INFO - [2026-06-21T21:55:45.571+0000] {dag.py:4180} INFO - Setting next_dagrun for public_api_pipeline to 2026-06-20 00:00:00+00:00, run_after=2026-06-21 00:00:00+00:00
[2026-06-21T21:55:45.588+0000] {processor.py:208} INFO - Processing /opt/airflow/dags/public_api_pipeline.py took 0.109 seconds
[2026-06-21T21:55:55.737+0000] {processor.py:186} INFO - Started process (PID=294) to work on /opt/airflow/dags/public_api_pipeline.py
[2026-06-21T21:55:55.745+0000] {processor.py:914} INFO - Processing file /opt/airflow/dags/public_api_pipeline.py for tasks to queue
[2026-06-21T21:55:55.771+0000] {logging_mixin.py:190} INFO - [2026-06-21T21:55:55.764+0000] {dagbag.py:588} INFO - Filling up the DagBag from /opt/airflow/dags/public_api_pipeline.py
[2026-06-21T21:55:55.919+0000] {processor.py:925} INFO - DAG(s) 'public_api_pipeline' retrieved from /opt/airflow/dags/public_api_pipeline.py
[2026-06-21T21:55:56.032+0000] {logging_mixin.py:190} INFO - [2026-06-21T21:55:56.031+0000] {dag.py:3239} INFO - Sync 1 DAGs
[2026-06-21T21:55:56.099+0000] {logging_mixin.py:190} INFO - [2026-06-21T21:55:56.098+0000] {dag.py:4180} INFO - Setting next_dagrun for public_api_pipeline to 2026-06-20 00:00:00+00:00, run_after=2026-06-21 00:00:00+00:00
[2026-06-21T21:55:56.162+0000] {processor.py:208} INFO - Processing /opt/airflow/dags/public_api_pipeline.py took 0.443 seconds
[2026-06-21T21:56:06.271+0000] {processor.py:186} INFO - Started process (PID=353) to work on /opt/airflow/dags/public_api_pipeline.py
[2026-06-21T21:56:06.272+0000] {processor.py:914} INFO - Processing file /opt/airflow/dags/public_api_pipeline.py for tasks to queue
[2026-06-21T21:56:06.275+0000] {logging_mixin.py:190} INFO - [2026-06-21T21:56:06.275+0000] {dagbag.py:588} INFO - Filling up the DagBag from /opt/airflow/dags/public_api_pipeline.py
[2026-06-21T21:56:06.304+0000] {processor.py:925} INFO - DAG(s) 'public_api_pipeline' retrieved from /opt/airflow/dags/public_api_pipeline.py
[2026-06-21T21:56:06.326+0000] {logging_mixin.py:190} INFO - [2026-06-21T21:56:06.325+0000] {dag.py:3239} INFO - Sync 1 DAGs
[2026-06-21T21:56:06.343+0000] {logging_mixin.py:190} INFO - [2026-06-21T21:56:06.343+0000] {dag.py:4180} INFO - Setting next_dagrun for public_api_pipeline to 2026-06-20 00:00:00+00:00, run_after=2026-06-21 00:00:00+00:00
[2026-06-21T21:56:06.359+0000] {processor.py:208} INFO - Processing /opt/airflow/dags/public_api_pipeline.py took 0.096 seconds
[2026-06-21T21:56:16.466+0000] {processor.py:186} INFO - Started process (PID=362) to work on /opt/airflow/dags/public_api_pipeline.py
[2026-06-21T21:56:16.468+0000] {processor.py:914} INFO - Processing file /opt/airflow/dags/public_api_pipeline.py for tasks to queue
[2026-06-21T21:56:16.471+0000] {logging_mixin.py:190} INFO - [2026-06-21T21:56:16.470+0000] {dagbag.py:588} INFO - Filling up the DagBag from /opt/airflow/dags/public_api_pipeline.py
[2026-06-21T21:56:16.501+0000] {processor.py:925} INFO - DAG(s) 'public_api_pipeline' retrieved from /opt/airflow/dags/public_api_pipeline.py
[2026-06-21T21:56:16.525+0000] {logging_mixin.py:190} INFO - [2026-06-21T21:56:16.525+0000] {dag.py:3239} INFO - Sync 1 DAGs
[2026-06-21T21:56:16.544+0000] {logging_mixin.py:190} INFO - [2026-06-21T21:56:16.544+0000] {dag.py:4180} INFO - Setting next_dagrun for public_api_pipeline to 2026-06-20 00:00:00+00:00, run_after=2026-06-21 00:00:00+00:00
[2026-06-21T21:56:16.562+0000] {processor.py:208} INFO - Processing /opt/airflow/dags/public_api_pipeline.py took 0.104 seconds
[2026-06-21T21:56:26.660+0000] {processor.py:186} INFO - Started process (PID=364) to work on /opt/airflow/dags/public_api_pipeline.py
[2026-06-21T21:56:26.661+0000] {processor.py:914} INFO - Processing file /opt/airflow/dags/public_api_pipeline.py for tasks to queue
[2026-06-21T21:56:26.664+0000] {logging_mixin.py:190} INFO - [2026-06-21T21:56:26.664+0000] {dagbag.py:588} INFO - Filling up the DagBag from /opt/airflow/dags/public_api_pipeline.py
[2026-06-21T21:56:26.693+0000] {processor.py:925} INFO - DAG(s) 'public_api_pipeline' retrieved from /opt/airflow/dags/public_api_pipeline.py
[2026-06-21T21:56:26.719+0000] {logging_mixin.py:190} INFO - [2026-06-21T21:56:26.719+0000] {dag.py:3239} INFO - Sync 1 DAGs
[2026-06-21T21:56:26.742+0000] {logging_mixin.py:190} INFO - [2026-06-21T21:56:26.741+0000] {dag.py:4180} INFO - Setting next_dagrun for public_api_pipeline to 2026-06-20 00:00:00+00:00, run_after=2026-06-21 00:00:00+00:00
[2026-06-21T21:56:26.908+0000] {processor.py:208} INFO - Processing /opt/airflow/dags/public_api_pipeline.py took 0.255 seconds
[2026-06-21T21:56:37.800+0000] {processor.py:186} INFO - Started process (PID=373) to work on /opt/airflow/dags/public_api_pipeline.py
[2026-06-21T21:56:37.802+0000] {processor.py:914} INFO - Processing file /opt/airflow/dags/public_api_pipeline.py for tasks to queue
[2026-06-21T21:56:37.806+0000] {logging_mixin.py:190} INFO - [2026-06-21T21:56:37.805+0000] {dagbag.py:588} INFO - Filling up the DagBag from /opt/airflow/dags/public_api_pipeline.py
[2026-06-21T21:56:37.853+0000] {processor.py:925} INFO - DAG(s) 'public_api_pipeline' retrieved from /opt/airflow/dags/public_api_pipeline.py
[2026-06-21T21:56:37.886+0000] {logging_mixin.py:190} INFO - [2026-06-21T21:56:37.885+0000] {dag.py:3239} INFO - Sync 1 DAGs
[2026-06-21T21:56:38.115+0000] {logging_mixin.py:190} INFO - [2026-06-21T21:56:38.114+0000] {dag.py:4180} INFO - Setting next_dagrun for public_api_pipeline to 2026-06-20 00:00:00+00:00, run_after=2026-06-21 00:00:00+00:00
[2026-06-21T21:56:38.136+0000] {processor.py:208} INFO - Processing /opt/airflow/dags/public_api_pipeline.py took 0.346 seconds
[2026-06-21T21:56:48.251+0000] {processor.py:186} INFO - Started process (PID=395) to work on /opt/airflow/dags/public_api_pipeline.py
[2026-06-21T21:56:48.253+0000] {processor.py:914} INFO - Processing file /opt/airflow/dags/public_api_pipeline.py for tasks to queue
[2026-06-21T21:56:48.255+0000] {logging_mixin.py:190} INFO - [2026-06-21T21:56:48.255+0000] {dagbag.py:588} INFO - Filling up the DagBag from /opt/airflow/dags/public_api_pipeline.py
[2026-06-21T21:56:48.282+0000] {processor.py:925} INFO - DAG(s) 'public_api_pipeline' retrieved from /opt/airflow/dags/public_api_pipeline.py
[2026-06-21T21:56:48.304+0000] {logging_mixin.py:190} INFO - [2026-06-21T21:56:48.304+0000] {dag.py:3239} INFO - Sync 1 DAGs
[2026-06-21T21:56:48.321+0000] {logging_mixin.py:190} INFO - [2026-06-21T21:56:48.321+0000] {dag.py:4180} INFO - Setting next_dagrun for public_api_pipeline to 2026-06-20 00:00:00+00:00, run_after=2026-06-21 00:00:00+00:00
[2026-06-21T21:56:48.339+0000] {processor.py:208} INFO - Processing /opt/airflow/dags/public_api_pipeline.py took 0.095 seconds
[2026-06-21T21:56:58.550+0000] {processor.py:186} INFO - Started process (PID=455) to work on /opt/airflow/dags/public_api_pipeline.py
[2026-06-21T21:56:58.552+0000] {processor.py:914} INFO - Processing file /opt/airflow/dags/public_api_pipeline.py for tasks to queue
[2026-06-21T21:56:58.556+0000] {logging_mixin.py:190} INFO - [2026-06-21T21:56:58.556+0000] {dagbag.py:588} INFO - Filling up the DagBag from /opt/airflow/dags/public_api_pipeline.py
[2026-06-21T21:56:58.599+0000] {processor.py:925} INFO - DAG(s) 'public_api_pipeline' retrieved from /opt/airflow/dags/public_api_pipeline.py
[2026-06-21T21:56:58.630+0000] {logging_mixin.py:190} INFO - [2026-06-21T21:56:58.629+0000] {dag.py:3239} INFO - Sync 1 DAGs
[2026-06-21T21:56:58.654+0000] {logging_mixin.py:190} INFO - [2026-06-21T21:56:58.654+0000] {dag.py:4180} INFO - Setting next_dagrun for public_api_pipeline to 2026-06-20 00:00:00+00:00, run_after=2026-06-21 00:00:00+00:00
[2026-06-21T21:56:58.674+0000] {processor.py:208} INFO - Processing /opt/airflow/dags/public_api_pipeline.py took 0.136 seconds
[2026-06-21T21:57:08.822+0000] {processor.py:186} INFO - Started process (PID=478) to work on /opt/airflow/dags/public_api_pipeline.py
[2026-06-21T21:57:08.823+0000] {processor.py:914} INFO - Processing file /opt/airflow/dags/public_api_pipeline.py for tasks to queue
[2026-06-21T21:57:08.825+0000] {logging_mixin.py:190} INFO - [2026-06-21T21:57:08.825+0000] {dagbag.py:588} INFO - Filling up the DagBag from /opt/airflow/dags/public_api_pipeline.py
[2026-06-21T21:57:08.856+0000] {processor.py:925} INFO - DAG(s) 'public_api_pipeline' retrieved from /opt/airflow/dags/public_api_pipeline.py
[2026-06-21T21:57:08.878+0000] {logging_mixin.py:190} INFO - [2026-06-21T21:57:08.878+0000] {dag.py:3239} INFO - Sync 1 DAGs
[2026-06-21T21:57:08.897+0000] {logging_mixin.py:190} INFO - [2026-06-21T21:57:08.897+0000] {dag.py:4180} INFO - Setting next_dagrun for public_api_pipeline to 2026-06-20 00:00:00+00:00, run_after=2026-06-21 00:00:00+00:00
[2026-06-21T21:57:08.914+0000] {processor.py:208} INFO - Processing /opt/airflow/dags/public_api_pipeline.py took 0.099 seconds
[2026-06-21T21:57:19.071+0000] {processor.py:186} INFO - Started process (PID=480) to work on /opt/airflow/dags/public_api_pipeline.py
[2026-06-21T21:57:19.073+0000] {processor.py:914} INFO - Processing file /opt/airflow/dags/public_api_pipeline.py for tasks to queue
[2026-06-21T21:57:19.076+0000] {logging_mixin.py:190} INFO - [2026-06-21T21:57:19.075+0000] {dagbag.py:588} INFO - Filling up the DagBag from /opt/airflow/dags/public_api_pipeline.py
[2026-06-21T21:57:19.106+0000] {processor.py:925} INFO - DAG(s) 'public_api_pipeline' retrieved from /opt/airflow/dags/public_api_pipeline.py
[2026-06-21T21:57:19.134+0000] {logging_mixin.py:190} INFO - [2026-06-21T21:57:19.133+0000] {dag.py:3239} INFO - Sync 1 DAGs
[2026-06-21T21:57:19.155+0000] {logging_mixin.py:190} INFO - [2026-06-21T21:57:19.155+0000] {dag.py:4180} INFO - Setting next_dagrun for public_api_pipeline to 2026-06-20 00:00:00+00:00, run_after=2026-06-21 00:00:00+00:00
[2026-06-21T21:57:19.173+0000] {processor.py:208} INFO - Processing /opt/airflow/dags/public_api_pipeline.py took 0.110 seconds
[2026-06-21T21:57:29.315+0000] {processor.py:186} INFO - Started process (PID=512) to work on /opt/airflow/dags/public_api_pipeline.py
[2026-06-21T21:57:29.318+0000] {processor.py:914} INFO - Processing file /opt/airflow/dags/public_api_pipeline.py for tasks to queue
[2026-06-21T21:57:29.321+0000] {logging_mixin.py:190} INFO - [2026-06-21T21:57:29.321+0000] {dagbag.py:588} INFO - Filling up the DagBag from /opt/airflow/dags/public_api_pipeline.py
[2026-06-21T21:57:29.399+0000] {processor.py:925} INFO - DAG(s) 'public_api_pipeline' retrieved from /opt/airflow/dags/public_api_pipeline.py
[2026-06-21T21:57:29.448+0000] {logging_mixin.py:190} INFO - [2026-06-21T21:57:29.448+0000] {dag.py:3239} INFO - Sync 1 DAGs
[2026-06-21T21:57:29.490+0000] {logging_mixin.py:190} INFO - [2026-06-21T21:57:29.489+0000] {dag.py:4180} INFO - Setting next_dagrun for public_api_pipeline to 2026-06-20 00:00:00+00:00, run_after=2026-06-21 00:00:00+00:00
[2026-06-21T21:57:29.835+0000] {processor.py:208} INFO - Processing /opt/airflow/dags/public_api_pipeline.py took 0.534 seconds
[2026-06-21T21:57:40.549+0000] {processor.py:186} INFO - Started process (PID=529) to work on /opt/airflow/dags/public_api_pipeline.py
[2026-06-21T21:57:40.550+0000] {processor.py:914} INFO - Processing file /opt/airflow/dags/public_api_pipeline.py for tasks to queue
[2026-06-21T21:57:40.553+0000] {logging_mixin.py:190} INFO - [2026-06-21T21:57:40.552+0000] {dagbag.py:588} INFO - Filling up the DagBag from /opt/airflow/dags/public_api_pipeline.py
[2026-06-21T21:57:40.579+0000] {processor.py:925} INFO - DAG(s) 'public_api_pipeline' retrieved from /opt/airflow/dags/public_api_pipeline.py
[2026-06-21T21:57:40.599+0000] {logging_mixin.py:190} INFO - [2026-06-21T21:57:40.599+0000] {dag.py:3239} INFO - Sync 1 DAGs
[2026-06-21T21:57:40.754+0000] {logging_mixin.py:190} INFO - [2026-06-21T21:57:40.754+0000] {dag.py:4180} INFO - Setting next_dagrun for public_api_pipeline to 2026-06-20 00:00:00+00:00, run_after=2026-06-21 00:00:00+00:00
[2026-06-21T21:57:40.771+0000] {processor.py:208} INFO - Processing /opt/airflow/dags/public_api_pipeline.py took 0.229 seconds
[2026-06-21T21:57:51.313+0000] {processor.py:186} INFO - Started process (PID=562) to work on /opt/airflow/dags/public_api_pipeline.py
[2026-06-21T21:57:51.325+0000] {processor.py:914} INFO - Processing file /opt/airflow/dags/public_api_pipeline.py for tasks to queue
[2026-06-21T21:57:51.364+0000] {logging_mixin.py:190} INFO - [2026-06-21T21:57:51.362+0000] {dagbag.py:588} INFO - Filling up the DagBag from /opt/airflow/dags/public_api_pipeline.py
[2026-06-21T21:57:51.781+0000] {processor.py:925} INFO - DAG(s) 'public_api_pipeline' retrieved from /opt/airflow/dags/public_api_pipeline.py
[2026-06-21T21:57:52.042+0000] {logging_mixin.py:190} INFO - [2026-06-21T21:57:52.041+0000] {dag.py:3239} INFO - Sync 1 DAGs
[2026-06-21T21:57:52.856+0000] {logging_mixin.py:190} INFO - [2026-06-21T21:57:52.855+0000] {dag.py:4180} INFO - Setting next_dagrun for public_api_pipeline to 2026-06-20 00:00:00+00:00, run_after=2026-06-21 00:00:00+00:00
[2026-06-21T21:57:52.978+0000] {processor.py:208} INFO - Processing /opt/airflow/dags/public_api_pipeline.py took 1.846 seconds
[2026-06-21T21:58:03.475+0000] {processor.py:186} INFO - Started process (PID=605) to work on /opt/airflow/dags/public_api_pipeline.py
[2026-06-21T21:58:03.485+0000] {processor.py:914} INFO - Processing file /opt/airflow/dags/public_api_pipeline.py for tasks to queue
[2026-06-21T21:58:03.498+0000] {logging_mixin.py:190} INFO - [2026-06-21T21:58:03.494+0000] {dagbag.py:588} INFO - Filling up the DagBag from /opt/airflow/dags/public_api_pipeline.py
[2026-06-21T21:58:03.722+0000] {processor.py:925} INFO - DAG(s) 'public_api_pipeline' retrieved from /opt/airflow/dags/public_api_pipeline.py
[2026-06-21T21:58:03.921+0000] {logging_mixin.py:190} INFO - [2026-06-21T21:58:03.920+0000] {dag.py:3239} INFO - Sync 1 DAGs
[2026-06-21T21:58:04.118+0000] {logging_mixin.py:190} INFO - [2026-06-21T21:58:04.117+0000] {dag.py:4180} INFO - Setting next_dagrun for public_api_pipeline to 2026-06-20 00:00:00+00:00, run_after=2026-06-21 00:00:00+00:00
[2026-06-21T21:58:04.241+0000] {processor.py:208} INFO - Processing /opt/airflow/dags/public_api_pipeline.py took 0.819 seconds
[2026-06-21T21:58:14.546+0000] {processor.py:186} INFO - Started process (PID=653) to work on /opt/airflow/dags/public_api_pipeline.py
[2026-06-21T21:58:14.559+0000] {processor.py:914} INFO - Processing file /opt/airflow/dags/public_api_pipeline.py for tasks to queue
[2026-06-21T21:58:14.576+0000] {logging_mixin.py:190} INFO - [2026-06-21T21:58:14.573+0000] {dagbag.py:588} INFO - Filling up the DagBag from /opt/airflow/dags/public_api_pipeline.py
[2026-06-21T21:58:14.838+0000] {processor.py:925} INFO - DAG(s) 'public_api_pipeline' retrieved from /opt/airflow/dags/public_api_pipeline.py
[2026-06-21T21:58:15.042+0000] {logging_mixin.py:190} INFO - [2026-06-21T21:58:15.039+0000] {dag.py:3239} INFO - Sync 1 DAGs
[2026-06-21T21:58:15.242+0000] {logging_mixin.py:190} INFO - [2026-06-21T21:58:15.241+0000] {dag.py:4180} INFO - Setting next_dagrun for public_api_pipeline to 2026-06-20 00:00:00+00:00, run_after=2026-06-21 00:00:00+00:00
[2026-06-21T21:58:15.347+0000] {processor.py:208} INFO - Processing /opt/airflow/dags/public_api_pipeline.py took 0.864 seconds
[2026-06-21T21:58:26.336+0000] {processor.py:186} INFO - Started process (PID=695) to work on /opt/airflow/dags/public_api_pipeline.py
[2026-06-21T21:58:26.342+0000] {processor.py:914} INFO - Processing file /opt/airflow/dags/public_api_pipeline.py for tasks to queue
[2026-06-21T21:58:26.359+0000] {logging_mixin.py:190} INFO - [2026-06-21T21:58:26.358+0000] {dagbag.py:588} INFO - Filling up the DagBag from /opt/airflow/dags/public_api_pipeline.py
[2026-06-21T21:58:26.656+0000] {processor.py:925} INFO - DAG(s) 'public_api_pipeline' retrieved from /opt/airflow/dags/public_api_pipeline.py
[2026-06-21T21:58:26.929+0000] {logging_mixin.py:190} INFO - [2026-06-21T21:58:26.928+0000] {dag.py:3239} INFO - Sync 1 DAGs
[2026-06-21T21:58:27.211+0000] {logging_mixin.py:190} INFO - [2026-06-21T21:58:27.210+0000] {dag.py:4180} INFO - Setting next_dagrun for public_api_pipeline to 2026-06-20 00:00:00+00:00, run_after=2026-06-21 00:00:00+00:00
[2026-06-21T21:58:27.348+0000] {processor.py:208} INFO - Processing /opt/airflow/dags/public_api_pipeline.py took 1.073 seconds
[2026-06-21T21:58:38.044+0000] {processor.py:186} INFO - Started process (PID=733) to work on /opt/airflow/dags/public_api_pipeline.py
[2026-06-21T21:58:38.053+0000] {processor.py:914} INFO - Processing file /opt/airflow/dags/public_api_pipeline.py for tasks to queue
[2026-06-21T21:58:38.064+0000] {logging_mixin.py:190} INFO - [2026-06-21T21:58:38.063+0000] {dagbag.py:588} INFO - Filling up the DagBag from /opt/airflow/dags/public_api_pipeline.py
[2026-06-21T21:58:38.349+0000] {processor.py:925} INFO - DAG(s) 'public_api_pipeline' retrieved from /opt/airflow/dags/public_api_pipeline.py
[2026-06-21T21:58:38.490+0000] {logging_mixin.py:190} INFO - [2026-06-21T21:58:38.489+0000] {dag.py:3239} INFO - Sync 1 DAGs
[2026-06-21T21:58:38.652+0000] {logging_mixin.py:190} INFO - [2026-06-21T21:58:38.647+0000] {dag.py:4180} INFO - Setting next_dagrun for public_api_pipeline to 2026-06-20 00:00:00+00:00, run_after=2026-06-21 00:00:00+00:00
[2026-06-21T21:58:39.426+0000] {processor.py:208} INFO - Processing /opt/airflow/dags/public_api_pipeline.py took 1.437 seconds
[2026-06-21T21:58:50.072+0000] {processor.py:186} INFO - Started process (PID=787) to work on /opt/airflow/dags/public_api_pipeline.py
[2026-06-21T21:58:50.079+0000] {processor.py:914} INFO - Processing file /opt/airflow/dags/public_api_pipeline.py for tasks to queue
[2026-06-21T21:58:50.087+0000] {logging_mixin.py:190} INFO - [2026-06-21T21:58:50.086+0000] {dagbag.py:588} INFO - Filling up the DagBag from /opt/airflow/dags/public_api_pipeline.py
[2026-06-21T21:58:50.195+0000] {processor.py:925} INFO - DAG(s) 'public_api_pipeline' retrieved from /opt/airflow/dags/public_api_pipeline.py
[2026-06-21T21:58:50.268+0000] {logging_mixin.py:190} INFO - [2026-06-21T21:58:50.268+0000] {dag.py:3239} INFO - Sync 1 DAGs
[2026-06-21T21:58:51.138+0000] {logging_mixin.py:190} INFO - [2026-06-21T21:58:51.132+0000] {dag.py:4180} INFO - Setting next_dagrun for public_api_pipeline to 2026-06-20 00:00:00+00:00, run_after=2026-06-21 00:00:00+00:00
[2026-06-21T21:58:51.270+0000] {processor.py:208} INFO - Processing /opt/airflow/dags/public_api_pipeline.py took 1.237 seconds
[2026-06-21T21:59:02.008+0000] {processor.py:186} INFO - Started process (PID=839) to work on /opt/airflow/dags/public_api_pipeline.py
[2026-06-21T21:59:02.012+0000] {processor.py:914} INFO - Processing file /opt/airflow/dags/public_api_pipeline.py for tasks to queue
[2026-06-21T21:59:02.024+0000] {logging_mixin.py:190} INFO - [2026-06-21T21:59:02.023+0000] {dagbag.py:588} INFO - Filling up the DagBag from /opt/airflow/dags/public_api_pipeline.py
[2026-06-21T21:59:02.169+0000] {processor.py:925} INFO - DAG(s) 'public_api_pipeline' retrieved from /opt/airflow/dags/public_api_pipeline.py
[2026-06-21T21:59:02.316+0000] {logging_mixin.py:190} INFO - [2026-06-21T21:59:02.315+0000] {dag.py:3239} INFO - Sync 1 DAGs
[2026-06-21T21:59:03.200+0000] {logging_mixin.py:190} INFO - [2026-06-21T21:59:03.199+0000] {dag.py:4180} INFO - Setting next_dagrun for public_api_pipeline to 2026-06-20 00:00:00+00:00, run_after=2026-06-21 00:00:00+00:00
[2026-06-21T21:59:03.279+0000] {processor.py:208} INFO - Processing /opt/airflow/dags/public_api_pipeline.py took 1.351 seconds
[2026-06-21T21:59:14.005+0000] {processor.py:186} INFO - Started process (PID=888) to work on /opt/airflow/dags/public_api_pipeline.py
[2026-06-21T21:59:14.014+0000] {processor.py:914} INFO - Processing file /opt/airflow/dags/public_api_pipeline.py for tasks to queue
[2026-06-21T21:59:14.042+0000] {logging_mixin.py:190} INFO - [2026-06-21T21:59:14.039+0000] {dagbag.py:588} INFO - Filling up the DagBag from /opt/airflow/dags/public_api_pipeline.py
[2026-06-21T22:00:04.879+0000] {processor.py:186} INFO - Started process (PID=60) to work on /opt/airflow/dags/public_api_pipeline.py
[2026-06-21T22:00:04.892+0000] {processor.py:914} INFO - Processing file /opt/airflow/dags/public_api_pipeline.py for tasks to queue
[2026-06-21T22:00:04.899+0000] {logging_mixin.py:190} INFO - [2026-06-21T22:00:04.899+0000] {dagbag.py:588} INFO - Filling up the DagBag from /opt/airflow/dags/public_api_pipeline.py
[2026-06-21T22:00:04.950+0000] {processor.py:925} INFO - DAG(s) 'public_api_pipeline' retrieved from /opt/airflow/dags/public_api_pipeline.py
[2026-06-21T22:00:05.011+0000] {logging_mixin.py:190} INFO - [2026-06-21T22:00:05.010+0000] {dag.py:3239} INFO - Sync 1 DAGs
[2026-06-21T22:00:05.055+0000] {logging_mixin.py:190} INFO - [2026-06-21T22:00:05.054+0000] {dag.py:4180} INFO - Setting next_dagrun for public_api_pipeline to 2026-06-20 00:00:00+00:00, run_after=2026-06-21 00:00:00+00:00
[2026-06-21T22:00:05.088+0000] {processor.py:208} INFO - Processing /opt/airflow/dags/public_api_pipeline.py took 0.244 seconds
[2026-06-21T22:00:15.213+0000] {processor.py:186} INFO - Started process (PID=107) to work on /opt/airflow/dags/public_api_pipeline.py
[2026-06-21T22:00:15.216+0000] {processor.py:914} INFO - Processing file /opt/airflow/dags/public_api_pipeline.py for tasks to queue
[2026-06-21T22:00:15.221+0000] {logging_mixin.py:190} INFO - [2026-06-21T22:00:15.220+0000] {dagbag.py:588} INFO - Filling up the DagBag from /opt/airflow/dags/public_api_pipeline.py
[2026-06-21T22:00:15.270+0000] {processor.py:925} INFO - DAG(s) 'public_api_pipeline' retrieved from /opt/airflow/dags/public_api_pipeline.py
[2026-06-21T22:00:15.310+0000] {logging_mixin.py:190} INFO - [2026-06-21T22:00:15.310+0000] {dag.py:3239} INFO - Sync 1 DAGs
[2026-06-21T22:00:15.337+0000] {logging_mixin.py:190} INFO - [2026-06-21T22:00:15.337+0000] {dag.py:4180} INFO - Setting next_dagrun for public_api_pipeline to 2026-06-20 00:00:00+00:00, run_after=2026-06-21 00:00:00+00:00
[2026-06-21T22:00:15.365+0000] {processor.py:208} INFO - Processing /opt/airflow/dags/public_api_pipeline.py took 0.178 seconds
[2026-06-21T22:00:25.599+0000] {processor.py:186} INFO - Started process (PID=181) to work on /opt/airflow/dags/public_api_pipeline.py
[2026-06-21T22:00:25.600+0000] {processor.py:914} INFO - Processing file /opt/airflow/dags/public_api_pipeline.py for tasks to queue
[2026-06-21T22:00:25.605+0000] {logging_mixin.py:190} INFO - [2026-06-21T22:00:25.604+0000] {dagbag.py:588} INFO - Filling up the DagBag from /opt/airflow/dags/public_api_pipeline.py
[2026-06-21T22:00:25.659+0000] {processor.py:925} INFO - DAG(s) 'public_api_pipeline' retrieved from /opt/airflow/dags/public_api_pipeline.py
[2026-06-21T22:00:25.731+0000] {logging_mixin.py:190} INFO - [2026-06-21T22:00:25.730+0000] {dag.py:3239} INFO - Sync 1 DAGs
[2026-06-21T22:00:25.775+0000] {logging_mixin.py:190} INFO - [2026-06-21T22:00:25.774+0000] {dag.py:4180} INFO - Setting next_dagrun for public_api_pipeline to 2026-06-20 00:00:00+00:00, run_after=2026-06-21 00:00:00+00:00
[2026-06-21T22:00:25.814+0000] {processor.py:208} INFO - Processing /opt/airflow/dags/public_api_pipeline.py took 0.226 seconds
[2026-06-21T22:00:35.949+0000] {processor.py:186} INFO - Started process (PID=198) to work on /opt/airflow/dags/public_api_pipeline.py
[2026-06-21T22:00:35.949+0000] {processor.py:914} INFO - Processing file /opt/airflow/dags/public_api_pipeline.py for tasks to queue
[2026-06-21T22:00:35.951+0000] {logging_mixin.py:190} INFO - [2026-06-21T22:00:35.951+0000] {dagbag.py:588} INFO - Filling up the DagBag from /opt/airflow/dags/public_api_pipeline.py
[2026-06-21T22:00:35.981+0000] {processor.py:925} INFO - DAG(s) 'public_api_pipeline' retrieved from /opt/airflow/dags/public_api_pipeline.py
[2026-06-21T22:00:36.004+0000] {logging_mixin.py:190} INFO - [2026-06-21T22:00:36.003+0000] {dag.py:3239} INFO - Sync 1 DAGs
[2026-06-21T22:00:36.021+0000] {logging_mixin.py:190} INFO - [2026-06-21T22:00:36.021+0000] {dag.py:4180} INFO - Setting next_dagrun for public_api_pipeline to 2026-06-20 00:00:00+00:00, run_after=2026-06-21 00:00:00+00:00
[2026-06-21T22:00:36.036+0000] {processor.py:208} INFO - Processing /opt/airflow/dags/public_api_pipeline.py took 0.092 seconds
[2026-06-21T22:00:46.149+0000] {processor.py:186} INFO - Started process (PID=206) to work on /opt/airflow/dags/public_api_pipeline.py
[2026-06-21T22:00:46.150+0000] {processor.py:914} INFO - Processing file /opt/airflow/dags/public_api_pipeline.py for tasks to queue
[2026-06-21T22:00:46.152+0000] {logging_mixin.py:190} INFO - [2026-06-21T22:00:46.152+0000] {dagbag.py:588} INFO - Filling up the DagBag from /opt/airflow/dags/public_api_pipeline.py
[2026-06-21T22:00:46.185+0000] {processor.py:925} INFO - DAG(s) 'public_api_pipeline' retrieved from /opt/airflow/dags/public_api_pipeline.py
[2026-06-21T22:00:46.207+0000] {logging_mixin.py:190} INFO - [2026-06-21T22:00:46.206+0000] {dag.py:3239} INFO - Sync 1 DAGs
[2026-06-21T22:00:46.224+0000] {logging_mixin.py:190} INFO - [2026-06-21T22:00:46.224+0000] {dag.py:4180} INFO - Setting next_dagrun for public_api_pipeline to 2026-06-20 00:00:00+00:00, run_after=2026-06-21 00:00:00+00:00
[2026-06-21T22:00:46.241+0000] {processor.py:208} INFO - Processing /opt/airflow/dags/public_api_pipeline.py took 0.098 seconds
[2026-06-21T22:00:56.390+0000] {processor.py:186} INFO - Started process (PID=208) to work on /opt/airflow/dags/public_api_pipeline.py
[2026-06-21T22:00:56.391+0000] {processor.py:914} INFO - Processing file /opt/airflow/dags/public_api_pipeline.py for tasks to queue
[2026-06-21T22:00:56.394+0000] {logging_mixin.py:190} INFO - [2026-06-21T22:00:56.393+0000] {dagbag.py:588} INFO - Filling up the DagBag from /opt/airflow/dags/public_api_pipeline.py
[2026-06-21T22:00:56.428+0000] {processor.py:925} INFO - DAG(s) 'public_api_pipeline' retrieved from /opt/airflow/dags/public_api_pipeline.py
[2026-06-21T22:00:56.452+0000] {logging_mixin.py:190} INFO - [2026-06-21T22:00:56.452+0000] {dag.py:3239} INFO - Sync 1 DAGs
[2026-06-21T22:00:56.472+0000] {logging_mixin.py:190} INFO - [2026-06-21T22:00:56.472+0000] {dag.py:4180} INFO - Setting next_dagrun for public_api_pipeline to 2026-06-20 00:00:00+00:00, run_after=2026-06-21 00:00:00+00:00
[2026-06-21T22:00:56.490+0000] {processor.py:208} INFO - Processing /opt/airflow/dags/public_api_pipeline.py took 0.106 seconds
[2026-06-21T22:01:06.635+0000] {processor.py:186} INFO - Started process (PID=210) to work on /opt/airflow/dags/public_api_pipeline.py
[2026-06-21T22:01:06.636+0000] {processor.py:914} INFO - Processing file /opt/airflow/dags/public_api_pipeline.py for tasks to queue
[2026-06-21T22:01:06.639+0000] {logging_mixin.py:190} INFO - [2026-06-21T22:01:06.638+0000] {dagbag.py:588} INFO - Filling up the DagBag from /opt/airflow/dags/public_api_pipeline.py
[2026-06-21T22:01:06.673+0000] {processor.py:925} INFO - DAG(s) 'public_api_pipeline' retrieved from /opt/airflow/dags/public_api_pipeline.py
[2026-06-21T22:01:06.699+0000] {logging_mixin.py:190} INFO - [2026-06-21T22:01:06.699+0000] {dag.py:3239} INFO - Sync 1 DAGs
[2026-06-21T22:01:06.721+0000] {logging_mixin.py:190} INFO - [2026-06-21T22:01:06.721+0000] {dag.py:4180} INFO - Setting next_dagrun for public_api_pipeline to 2026-06-20 00:00:00+00:00, run_after=2026-06-21 00:00:00+00:00
[2026-06-21T22:01:06.738+0000] {processor.py:208} INFO - Processing /opt/airflow/dags/public_api_pipeline.py took 0.108 seconds
[2026-06-21T22:01:16.850+0000] {processor.py:186} INFO - Started process (PID=218) to work on /opt/airflow/dags/public_api_pipeline.py
[2026-06-21T22:01:16.851+0000] {processor.py:914} INFO - Processing file /opt/airflow/dags/public_api_pipeline.py for tasks to queue
[2026-06-21T22:01:16.855+0000] {logging_mixin.py:190} INFO - [2026-06-21T22:01:16.854+0000] {dagbag.py:588} INFO - Filling up the DagBag from /opt/airflow/dags/public_api_pipeline.py
[2026-06-21T22:01:16.897+0000] {processor.py:925} INFO - DAG(s) 'public_api_pipeline' retrieved from /opt/airflow/dags/public_api_pipeline.py
[2026-06-21T22:01:16.925+0000] {logging_mixin.py:190} INFO - [2026-06-21T22:01:16.925+0000] {dag.py:3239} INFO - Sync 1 DAGs
[2026-06-21T22:01:16.948+0000] {logging_mixin.py:190} INFO - [2026-06-21T22:01:16.948+0000] {dag.py:4180} INFO - Setting next_dagrun for public_api_pipeline to 2026-06-20 00:00:00+00:00, run_after=2026-06-21 00:00:00+00:00
[2026-06-21T22:01:16.968+0000] {processor.py:208} INFO - Processing /opt/airflow/dags/public_api_pipeline.py took 0.128 seconds
[2026-06-21T22:01:27.106+0000] {processor.py:186} INFO - Started process (PID=220) to work on /opt/airflow/dags/public_api_pipeline.py
[2026-06-21T22:01:27.107+0000] {processor.py:914} INFO - Processing file /opt/airflow/dags/public_api_pipeline.py for tasks to queue
[2026-06-21T22:01:27.109+0000] {logging_mixin.py:190} INFO - [2026-06-21T22:01:27.109+0000] {dagbag.py:588} INFO - Filling up the DagBag from /opt/airflow/dags/public_api_pipeline.py
[2026-06-21T22:01:27.143+0000] {processor.py:925} INFO - DAG(s) 'public_api_pipeline' retrieved from /opt/airflow/dags/public_api_pipeline.py
[2026-06-21T22:01:27.163+0000] {logging_mixin.py:190} INFO - [2026-06-21T22:01:27.163+0000] {dag.py:3239} INFO - Sync 1 DAGs
[2026-06-21T22:01:27.182+0000] {logging_mixin.py:190} INFO - [2026-06-21T22:01:27.182+0000] {dag.py:4180} INFO - Setting next_dagrun for public_api_pipeline to 2026-06-20 00:00:00+00:00, run_after=2026-06-21 00:00:00+00:00
[2026-06-21T22:01:27.199+0000] {processor.py:208} INFO - Processing /opt/airflow/dags/public_api_pipeline.py took 0.098 seconds
[2026-06-21T22:01:37.364+0000] {processor.py:186} INFO - Started process (PID=222) to work on /opt/airflow/dags/public_api_pipeline.py
[2026-06-21T22:01:37.366+0000] {processor.py:914} INFO - Processing file /opt/airflow/dags/public_api_pipeline.py for tasks to queue
[2026-06-21T22:01:37.368+0000] {logging_mixin.py:190} INFO - [2026-06-21T22:01:37.368+0000] {dagbag.py:588} INFO - Filling up the DagBag from /opt/airflow/dags/public_api_pipeline.py
[2026-06-21T22:01:37.404+0000] {processor.py:925} INFO - DAG(s) 'public_api_pipeline' retrieved from /opt/airflow/dags/public_api_pipeline.py
[2026-06-21T22:01:37.428+0000] {logging_mixin.py:190} INFO - [2026-06-21T22:01:37.427+0000] {dag.py:3239} INFO - Sync 1 DAGs
[2026-06-21T22:01:37.447+0000] {logging_mixin.py:190} INFO - [2026-06-21T22:01:37.447+0000] {dag.py:4180} INFO - Setting next_dagrun for public_api_pipeline to 2026-06-20 00:00:00+00:00, run_after=2026-06-21 00:00:00+00:00
[2026-06-21T22:01:37.466+0000] {processor.py:208} INFO - Processing /opt/airflow/dags/public_api_pipeline.py took 0.107 seconds
[2026-06-21T22:01:47.611+0000] {processor.py:186} INFO - Started process (PID=240) to work on /opt/airflow/dags/public_api_pipeline.py
[2026-06-21T22:01:47.613+0000] {processor.py:914} INFO - Processing file /opt/airflow/dags/public_api_pipeline.py for tasks to queue
[2026-06-21T22:01:47.617+0000] {logging_mixin.py:190} INFO - [2026-06-21T22:01:47.616+0000] {dagbag.py:588} INFO - Filling up the DagBag from /opt/airflow/dags/public_api_pipeline.py
[2026-06-21T22:01:47.682+0000] {processor.py:925} INFO - DAG(s) 'public_api_pipeline' retrieved from /opt/airflow/dags/public_api_pipeline.py
[2026-06-21T22:01:47.731+0000] {logging_mixin.py:190} INFO - [2026-06-21T22:01:47.731+0000] {dag.py:3239} INFO - Sync 1 DAGs
[2026-06-21T22:01:47.765+0000] {logging_mixin.py:190} INFO - [2026-06-21T22:01:47.765+0000] {dag.py:4180} INFO - Setting next_dagrun for public_api_pipeline to 2026-06-20 00:00:00+00:00, run_after=2026-06-21 00:00:00+00:00
[2026-06-21T22:01:47.803+0000] {processor.py:208} INFO - Processing /opt/airflow/dags/public_api_pipeline.py took 0.207 seconds
[2026-06-21T22:01:57.983+0000] {processor.py:186} INFO - Started process (PID=252) to work on /opt/airflow/dags/public_api_pipeline.py
[2026-06-21T22:01:57.984+0000] {processor.py:914} INFO - Processing file /opt/airflow/dags/public_api_pipeline.py for tasks to queue
[2026-06-21T22:01:57.986+0000] {logging_mixin.py:190} INFO - [2026-06-21T22:01:57.986+0000] {dagbag.py:588} INFO - Filling up the DagBag from /opt/airflow/dags/public_api_pipeline.py
[2026-06-21T22:01:58.019+0000] {processor.py:925} INFO - DAG(s) 'public_api_pipeline' retrieved from /opt/airflow/dags/public_api_pipeline.py
[2026-06-21T22:01:58.041+0000] {logging_mixin.py:190} INFO - [2026-06-21T22:01:58.041+0000] {dag.py:3239} INFO - Sync 1 DAGs
[2026-06-21T22:01:58.058+0000] {logging_mixin.py:190} INFO - [2026-06-21T22:01:58.058+0000] {dag.py:4180} INFO - Setting next_dagrun for public_api_pipeline to 2026-06-20 00:00:00+00:00, run_after=2026-06-21 00:00:00+00:00
[2026-06-21T22:01:58.073+0000] {processor.py:208} INFO - Processing /opt/airflow/dags/public_api_pipeline.py took 0.095 seconds
[2026-06-21T22:02:08.237+0000] {processor.py:186} INFO - Started process (PID=254) to work on /opt/airflow/dags/public_api_pipeline.py
[2026-06-21T22:02:08.239+0000] {processor.py:914} INFO - Processing file /opt/airflow/dags/public_api_pipeline.py for tasks to queue
[2026-06-21T22:02:08.241+0000] {logging_mixin.py:190} INFO - [2026-06-21T22:02:08.241+0000] {dagbag.py:588} INFO - Filling up the DagBag from /opt/airflow/dags/public_api_pipeline.py
[2026-06-21T22:02:08.276+0000] {processor.py:925} INFO - DAG(s) 'public_api_pipeline' retrieved from /opt/airflow/dags/public_api_pipeline.py
[2026-06-21T22:02:08.306+0000] {logging_mixin.py:190} INFO - [2026-06-21T22:02:08.306+0000] {dag.py:3239} INFO - Sync 1 DAGs
[2026-06-21T22:02:08.332+0000] {logging_mixin.py:190} INFO - [2026-06-21T22:02:08.332+0000] {dag.py:4180} INFO - Setting next_dagrun for public_api_pipeline to 2026-06-21 00:00:00+00:00, run_after=2026-06-22 00:00:00+00:00
[2026-06-21T22:02:08.361+0000] {processor.py:208} INFO - Processing /opt/airflow/dags/public_api_pipeline.py took 0.131 seconds
[2026-06-21T22:02:18.450+0000] {processor.py:186} INFO - Started process (PID=266) to work on /opt/airflow/dags/public_api_pipeline.py
[2026-06-21T22:02:18.451+0000] {processor.py:914} INFO - Processing file /opt/airflow/dags/public_api_pipeline.py for tasks to queue
[2026-06-21T22:02:18.453+0000] {logging_mixin.py:190} INFO - [2026-06-21T22:02:18.453+0000] {dagbag.py:588} INFO - Filling up the DagBag from /opt/airflow/dags/public_api_pipeline.py
[2026-06-21T22:02:18.478+0000] {processor.py:925} INFO - DAG(s) 'public_api_pipeline' retrieved from /opt/airflow/dags/public_api_pipeline.py
[2026-06-21T22:02:18.499+0000] {logging_mixin.py:190} INFO - [2026-06-21T22:02:18.498+0000] {dag.py:3239} INFO - Sync 1 DAGs
[2026-06-21T22:02:18.517+0000] {logging_mixin.py:190} INFO - [2026-06-21T22:02:18.517+0000] {dag.py:4180} INFO - Setting next_dagrun for public_api_pipeline to 2026-06-21 00:00:00+00:00, run_after=2026-06-22 00:00:00+00:00
[2026-06-21T22:02:18.534+0000] {processor.py:208} INFO - Processing /opt/airflow/dags/public_api_pipeline.py took 0.089 seconds
[2026-06-21T22:02:28.678+0000] {processor.py:186} INFO - Started process (PID=268) to work on /opt/airflow/dags/public_api_pipeline.py
[2026-06-21T22:02:28.679+0000] {processor.py:914} INFO - Processing file /opt/airflow/dags/public_api_pipeline.py for tasks to queue
[2026-06-21T22:02:28.682+0000] {logging_mixin.py:190} INFO - [2026-06-21T22:02:28.681+0000] {dagbag.py:588} INFO - Filling up the DagBag from /opt/airflow/dags/public_api_pipeline.py
[2026-06-21T22:02:28.709+0000] {processor.py:925} INFO - DAG(s) 'public_api_pipeline' retrieved from /opt/airflow/dags/public_api_pipeline.py
[2026-06-21T22:02:28.740+0000] {logging_mixin.py:190} INFO - [2026-06-21T22:02:28.740+0000] {dag.py:3239} INFO - Sync 1 DAGs
[2026-06-21T22:02:28.768+0000] {logging_mixin.py:190} INFO - [2026-06-21T22:02:28.767+0000] {dag.py:4180} INFO - Setting next_dagrun for public_api_pipeline to 2026-06-21 00:00:00+00:00, run_after=2026-06-22 00:00:00+00:00
[2026-06-21T22:02:28.791+0000] {processor.py:208} INFO - Processing /opt/airflow/dags/public_api_pipeline.py took 0.119 seconds
[2026-06-21T22:02:38.922+0000] {processor.py:186} INFO - Started process (PID=270) to work on /opt/airflow/dags/public_api_pipeline.py
[2026-06-21T22:02:38.923+0000] {processor.py:914} INFO - Processing file /opt/airflow/dags/public_api_pipeline.py for tasks to queue
[2026-06-21T22:02:38.926+0000] {logging_mixin.py:190} INFO - [2026-06-21T22:02:38.926+0000] {dagbag.py:588} INFO - Filling up the DagBag from /opt/airflow/dags/public_api_pipeline.py
[2026-06-21T22:02:38.958+0000] {processor.py:925} INFO - DAG(s) 'public_api_pipeline' retrieved from /opt/airflow/dags/public_api_pipeline.py
[2026-06-21T22:02:38.982+0000] {logging_mixin.py:190} INFO - [2026-06-21T22:02:38.982+0000] {dag.py:3239} INFO - Sync 1 DAGs
[2026-06-21T22:02:39.000+0000] {logging_mixin.py:190} INFO - [2026-06-21T22:02:39.000+0000] {dag.py:4180} INFO - Setting next_dagrun for public_api_pipeline to 2026-06-21 00:00:00+00:00, run_after=2026-06-22 00:00:00+00:00
[2026-06-21T22:02:39.021+0000] {processor.py:208} INFO - Processing /opt/airflow/dags/public_api_pipeline.py took 0.104 seconds
[2026-06-21T22:02:49.129+0000] {processor.py:186} INFO - Started process (PID=278) to work on /opt/airflow/dags/public_api_pipeline.py
[2026-06-21T22:02:49.130+0000] {processor.py:914} INFO - Processing file /opt/airflow/dags/public_api_pipeline.py for tasks to queue
[2026-06-21T22:02:49.132+0000] {logging_mixin.py:190} INFO - [2026-06-21T22:02:49.132+0000] {dagbag.py:588} INFO - Filling up the DagBag from /opt/airflow/dags/public_api_pipeline.py
[2026-06-21T22:02:49.163+0000] {processor.py:925} INFO - DAG(s) 'public_api_pipeline' retrieved from /opt/airflow/dags/public_api_pipeline.py
[2026-06-21T22:02:49.263+0000] {logging_mixin.py:190} INFO - [2026-06-21T22:02:49.262+0000] {dag.py:3239} INFO - Sync 1 DAGs
[2026-06-21T22:02:49.274+0000] {logging_mixin.py:190} INFO - [2026-06-21T22:02:49.274+0000] {dag.py:3262} INFO - Creating ORM DAG for public_api_pipeline
[2026-06-21T22:02:49.284+0000] {logging_mixin.py:190} INFO - [2026-06-21T22:02:49.284+0000] {dag.py:4180} INFO - Setting next_dagrun for public_api_pipeline to 2026-06-20 00:00:00+00:00, run_after=2026-06-21 00:00:00+00:00
[2026-06-21T22:02:49.307+0000] {processor.py:208} INFO - Processing /opt/airflow/dags/public_api_pipeline.py took 0.185 seconds
