[2026-06-21T21:57:49.959+0000] {local_task_job_runner.py:123} INFO - ::group::Pre task execution logs
[2026-06-21T21:57:50.101+0000] {taskinstance.py:2614} INFO - Dependencies all met for dep_context=non-requeueable deps ti=<TaskInstance: demo_tmp_celery_bug.read_5 manual__2026-06-21T21:57:41.492403+00:00 [queued]>
[2026-06-21T21:57:50.153+0000] {taskinstance.py:2614} INFO - Dependencies all met for dep_context=requeueable deps ti=<TaskInstance: demo_tmp_celery_bug.read_5 manual__2026-06-21T21:57:41.492403+00:00 [queued]>
[2026-06-21T21:57:50.160+0000] {taskinstance.py:2867} INFO - Starting attempt 1 of 1
[2026-06-21T21:57:50.850+0000] {taskinstance.py:2890} INFO - Executing <Task(PythonOperator): read_5> on 2026-06-21 21:57:41.492403+00:00
[2026-06-21T21:57:50.919+0000] {standard_task_runner.py:104} INFO - Running: ['***', 'tasks', 'run', 'demo_tmp_celery_bug', 'read_5', 'manual__2026-06-21T21:57:41.492403+00:00', '--job-id', '277', '--raw', '--subdir', 'DAGS_FOLDER/demo_tmp_celery_bug.py', '--cfg-path', '/tmp/tmp02s51hme']
[2026-06-21T21:57:50.909+0000] {warnings.py:112} WARNING - /home/***/.local/lib/python3.12/site-packages/***/task/task_runner/standard_task_runner.py:70: DeprecationWarning: This process (pid=515) is multi-threaded, use of fork() may lead to deadlocks in the child.
  pid = os.fork()

[2026-06-21T21:57:50.927+0000] {standard_task_runner.py:72} INFO - Started process 534 to run task
[2026-06-21T21:57:50.926+0000] {standard_task_runner.py:105} INFO - Job 277: Subtask read_5
[2026-06-21T21:57:51.419+0000] {task_command.py:467} INFO - Running <TaskInstance: demo_tmp_celery_bug.read_5 manual__2026-06-21T21:57:41.492403+00:00 [running]> on host 4970a61b9d60
[2026-06-21T21:57:51.986+0000] {taskinstance.py:3134} INFO - Exporting env vars: AIRFLOW_CTX_DAG_OWNER='***' AIRFLOW_CTX_DAG_ID='demo_tmp_celery_bug' AIRFLOW_CTX_TASK_ID='read_5' AIRFLOW_CTX_EXECUTION_DATE='2026-06-21T21:57:41.492403+00:00' AIRFLOW_CTX_TRY_NUMBER='1' AIRFLOW_CTX_DAG_RUN_ID='manual__2026-06-21T21:57:41.492403+00:00'
[2026-06-21T21:57:52.002+0000] {taskinstance.py:732} INFO - ::endgroup::
[2026-06-21T21:57:52.115+0000] {logging_mixin.py:190} INFO - ======================================================================
[2026-06-21T21:57:52.118+0000] {logging_mixin.py:190} INFO - [READ 5] ESTE WORKER -> hostname=4970a61b9d60 pid=534
[2026-06-21T21:57:52.140+0000] {logging_mixin.py:190} INFO - [READ 5] Procurando arquivo: /tmp/celery_demo/data_5.txt
[2026-06-21T21:57:52.168+0000] {logging_mixin.py:190} INFO - ======================================================================
[2026-06-21T21:57:52.175+0000] {logging_mixin.py:190} INFO - [READ 5] SUCESSO — arquivo encontrado neste worker.
[2026-06-21T21:57:52.180+0000] {logging_mixin.py:190} INFO - [READ 5] Conteúdo: Arquivo 5 escrito por: hostname=4970a61b9d60 pid=506
[2026-06-21T21:57:52.190+0000] {logging_mixin.py:190} INFO - [READ 5] (write e read caíram no MESMO worker desta vez — por isso funcionou)
[2026-06-21T21:57:52.193+0000] {python.py:240} INFO - Done. Returned value was: None
[2026-06-21T21:57:52.304+0000] {taskinstance.py:341} INFO - ::group::Post task execution logs
[2026-06-21T21:57:52.316+0000] {taskinstance.py:353} INFO - Marking task as SUCCESS. dag_id=demo_tmp_celery_bug, task_id=read_5, run_id=manual__2026-06-21T21:57:41.492403+00:00, execution_date=20260621T215741, start_date=20260621T215750, end_date=20260621T215752
[2026-06-21T21:57:52.426+0000] {local_task_job_runner.py:266} INFO - Task exited with return code 0
[2026-06-21T21:57:52.468+0000] {local_task_job_runner.py:245} INFO - ::endgroup::
