[2026-06-21T21:57:48.845+0000] {local_task_job_runner.py:123} INFO - ::group::Pre task execution logs
[2026-06-21T21:57:49.018+0000] {taskinstance.py:2614} INFO - Dependencies all met for dep_context=non-requeueable deps ti=<TaskInstance: demo_tmp_celery_bug.read_1 manual__2026-06-21T21:57:41.492403+00:00 [queued]>
[2026-06-21T21:57:49.072+0000] {taskinstance.py:2614} INFO - Dependencies all met for dep_context=requeueable deps ti=<TaskInstance: demo_tmp_celery_bug.read_1 manual__2026-06-21T21:57:41.492403+00:00 [queued]>
[2026-06-21T21:57:49.076+0000] {taskinstance.py:2867} INFO - Starting attempt 1 of 1
[2026-06-21T21:57:49.146+0000] {taskinstance.py:2890} INFO - Executing <Task(PythonOperator): read_1> on 2026-06-21 21:57:41.492403+00:00
[2026-06-21T21:57:49.202+0000] {standard_task_runner.py:104} INFO - Running: ['***', 'tasks', 'run', 'demo_tmp_celery_bug', 'read_1', 'manual__2026-06-21T21:57:41.492403+00:00', '--job-id', '266', '--raw', '--subdir', 'DAGS_FOLDER/demo_tmp_celery_bug.py', '--cfg-path', '/tmp/tmpbaun65e7']
[2026-06-21T21:57:49.208+0000] {standard_task_runner.py:105} INFO - Job 266: Subtask read_1
[2026-06-21T21:57:49.189+0000] {warnings.py:112} WARNING - /home/***/.local/lib/python3.12/site-packages/***/task/task_runner/standard_task_runner.py:70: DeprecationWarning: This process (pid=513) is multi-threaded, use of fork() may lead to deadlocks in the child.
  pid = os.fork()

[2026-06-21T21:57:49.212+0000] {standard_task_runner.py:72} INFO - Started process 522 to run task
[2026-06-21T21:57:49.602+0000] {task_command.py:467} INFO - Running <TaskInstance: demo_tmp_celery_bug.read_1 manual__2026-06-21T21:57:41.492403+00:00 [running]> on host 4970a61b9d60
[2026-06-21T21:57:50.092+0000] {taskinstance.py:3134} INFO - Exporting env vars: AIRFLOW_CTX_DAG_OWNER='***' AIRFLOW_CTX_DAG_ID='demo_tmp_celery_bug' AIRFLOW_CTX_TASK_ID='read_1' AIRFLOW_CTX_EXECUTION_DATE='2026-06-21T21:57:41.492403+00:00' AIRFLOW_CTX_TRY_NUMBER='1' AIRFLOW_CTX_DAG_RUN_ID='manual__2026-06-21T21:57:41.492403+00:00'
[2026-06-21T21:57:50.103+0000] {taskinstance.py:732} INFO - ::endgroup::
[2026-06-21T21:57:50.207+0000] {logging_mixin.py:190} INFO - ======================================================================
[2026-06-21T21:57:50.210+0000] {logging_mixin.py:190} INFO - [READ 1] ESTE WORKER -> hostname=4970a61b9d60 pid=522
[2026-06-21T21:57:50.225+0000] {logging_mixin.py:190} INFO - [READ 1] Procurando arquivo: /tmp/celery_demo/data_1.txt
[2026-06-21T21:57:50.235+0000] {logging_mixin.py:190} INFO - ======================================================================
[2026-06-21T21:57:50.244+0000] {logging_mixin.py:190} INFO - [READ 1] SUCESSO — arquivo encontrado neste worker.
[2026-06-21T21:57:50.249+0000] {logging_mixin.py:190} INFO - [READ 1] Conteúdo: Arquivo 1 escrito por: hostname=4970a61b9d60 pid=508
[2026-06-21T21:57:50.257+0000] {logging_mixin.py:190} INFO - [READ 1] (write e read caíram no MESMO worker desta vez — por isso funcionou)
[2026-06-21T21:57:50.266+0000] {python.py:240} INFO - Done. Returned value was: None
[2026-06-21T21:57:50.316+0000] {taskinstance.py:341} INFO - ::group::Post task execution logs
[2026-06-21T21:57:50.338+0000] {taskinstance.py:353} INFO - Marking task as SUCCESS. dag_id=demo_tmp_celery_bug, task_id=read_1, run_id=manual__2026-06-21T21:57:41.492403+00:00, execution_date=20260621T215741, start_date=20260621T215749, end_date=20260621T215750
[2026-06-21T21:57:50.512+0000] {local_task_job_runner.py:266} INFO - Task exited with return code 0
[2026-06-21T21:57:50.595+0000] {local_task_job_runner.py:245} INFO - ::endgroup::
