[2026-06-21T21:56:03.183+0000] {local_task_job_runner.py:123} INFO - ::group::Pre task execution logs
[2026-06-21T21:56:03.217+0000] {taskinstance.py:2614} INFO - Dependencies all met for dep_context=non-requeueable deps ti=<TaskInstance: demo_tmp_celery_bug.read_1 manual__2026-06-21T21:55:57.556411+00:00 [queued]>
[2026-06-21T21:56:03.233+0000] {taskinstance.py:2614} INFO - Dependencies all met for dep_context=requeueable deps ti=<TaskInstance: demo_tmp_celery_bug.read_1 manual__2026-06-21T21:55:57.556411+00:00 [queued]>
[2026-06-21T21:56:03.235+0000] {taskinstance.py:2867} INFO - Starting attempt 1 of 1
[2026-06-21T21:56:03.258+0000] {taskinstance.py:2890} INFO - Executing <Task(PythonOperator): read_1> on 2026-06-21 21:55:57.556411+00:00
[2026-06-21T21:56:03.274+0000] {standard_task_runner.py:104} INFO - Running: ['***', 'tasks', 'run', 'demo_tmp_celery_bug', 'read_1', 'manual__2026-06-21T21:55:57.556411+00:00', '--job-id', '135', '--raw', '--subdir', 'DAGS_FOLDER/demo_tmp_celery_bug.py', '--cfg-path', '/tmp/tmpw2c4mip9']
[2026-06-21T21:56:03.272+0000] {warnings.py:112} WARNING - /home/***/.local/lib/python3.12/site-packages/***/task/task_runner/standard_task_runner.py:70: DeprecationWarning: This process (pid=325) is multi-threaded, use of fork() may lead to deadlocks in the child.
  pid = os.fork()

[2026-06-21T21:56:03.277+0000] {standard_task_runner.py:105} INFO - Job 135: Subtask read_1
[2026-06-21T21:56:03.278+0000] {standard_task_runner.py:72} INFO - Started process 329 to run task
[2026-06-21T21:56:03.360+0000] {task_command.py:467} INFO - Running <TaskInstance: demo_tmp_celery_bug.read_1 manual__2026-06-21T21:55:57.556411+00:00 [running]> on host 3f8339d18026
[2026-06-21T21:56:03.503+0000] {taskinstance.py:3134} INFO - Exporting env vars: AIRFLOW_CTX_DAG_OWNER='***' AIRFLOW_CTX_DAG_ID='demo_tmp_celery_bug' AIRFLOW_CTX_TASK_ID='read_1' AIRFLOW_CTX_EXECUTION_DATE='2026-06-21T21:55:57.556411+00:00' AIRFLOW_CTX_TRY_NUMBER='1' AIRFLOW_CTX_DAG_RUN_ID='manual__2026-06-21T21:55:57.556411+00:00'
[2026-06-21T21:56:03.506+0000] {taskinstance.py:732} INFO - ::endgroup::
[2026-06-21T21:56:03.532+0000] {logging_mixin.py:190} INFO - ======================================================================
[2026-06-21T21:56:03.534+0000] {logging_mixin.py:190} INFO - [READ 1] ESTE WORKER -> hostname=3f8339d18026 pid=329
[2026-06-21T21:56:03.535+0000] {logging_mixin.py:190} INFO - [READ 1] Procurando arquivo: /tmp/celery_demo/data_1.txt
[2026-06-21T21:56:03.537+0000] {logging_mixin.py:190} INFO - ======================================================================
[2026-06-21T21:56:03.538+0000] {logging_mixin.py:190} INFO - [READ 1] SUCESSO — arquivo encontrado neste worker.
[2026-06-21T21:56:03.542+0000] {logging_mixin.py:190} INFO - [READ 1] Conteúdo: Arquivo 1 escrito por: hostname=3f8339d18026 pid=293
[2026-06-21T21:56:03.544+0000] {logging_mixin.py:190} INFO - [READ 1] (write e read caíram no MESMO worker desta vez — por isso funcionou)
[2026-06-21T21:56:03.545+0000] {python.py:240} INFO - Done. Returned value was: None
[2026-06-21T21:56:03.558+0000] {taskinstance.py:341} INFO - ::group::Post task execution logs
[2026-06-21T21:56:03.562+0000] {taskinstance.py:353} INFO - Marking task as SUCCESS. dag_id=demo_tmp_celery_bug, task_id=read_1, run_id=manual__2026-06-21T21:55:57.556411+00:00, execution_date=20260621T215557, start_date=20260621T215603, end_date=20260621T215603
[2026-06-21T21:56:03.615+0000] {local_task_job_runner.py:266} INFO - Task exited with return code 0
[2026-06-21T21:56:03.644+0000] {taskinstance.py:3901} INFO - 0 downstream tasks scheduled from follow-on schedule check
[2026-06-21T21:56:03.647+0000] {local_task_job_runner.py:245} INFO - ::endgroup::
