[2026-06-21T21:58:38.659+0000] {local_task_job_runner.py:123} INFO - ::group::Pre task execution logs
[2026-06-21T21:58:38.726+0000] {taskinstance.py:2614} INFO - Dependencies all met for dep_context=non-requeueable deps ti=<TaskInstance: demo_tmp_celery_bug.write_6 manual__2026-06-21T21:57:49.411671+00:00 [queued]>
[2026-06-21T21:58:38.814+0000] {taskinstance.py:2614} INFO - Dependencies all met for dep_context=requeueable deps ti=<TaskInstance: demo_tmp_celery_bug.write_6 manual__2026-06-21T21:57:49.411671+00:00 [queued]>
[2026-06-21T21:58:38.817+0000] {taskinstance.py:2867} INFO - Starting attempt 1 of 1
[2026-06-21T21:58:38.918+0000] {taskinstance.py:2890} INFO - Executing <Task(PythonOperator): write_6> on 2026-06-21 21:57:49.411671+00:00
[2026-06-21T21:58:38.962+0000] {standard_task_runner.py:104} INFO - Running: ['***', 'tasks', 'run', 'demo_tmp_celery_bug', 'write_6', 'manual__2026-06-21T21:57:49.411671+00:00', '--job-id', '387', '--raw', '--subdir', 'DAGS_FOLDER/demo_tmp_celery_bug.py', '--cfg-path', '/tmp/tmp6xfvhvpl']
[2026-06-21T21:58:38.972+0000] {standard_task_runner.py:105} INFO - Job 387: Subtask write_6
[2026-06-21T21:58:38.957+0000] {warnings.py:112} WARNING - /home/***/.local/lib/python3.12/site-packages/***/task/task_runner/standard_task_runner.py:70: DeprecationWarning: This process (pid=732) is multi-threaded, use of fork() may lead to deadlocks in the child.
  pid = os.fork()

[2026-06-21T21:58:38.992+0000] {standard_task_runner.py:72} INFO - Started process 751 to run task
[2026-06-21T21:58:39.335+0000] {task_command.py:467} INFO - Running <TaskInstance: demo_tmp_celery_bug.write_6 manual__2026-06-21T21:57:49.411671+00:00 [running]> on host 3f8339d18026
[2026-06-21T21:58:39.859+0000] {taskinstance.py:3134} INFO - Exporting env vars: AIRFLOW_CTX_DAG_OWNER='***' AIRFLOW_CTX_DAG_ID='demo_tmp_celery_bug' AIRFLOW_CTX_TASK_ID='write_6' AIRFLOW_CTX_EXECUTION_DATE='2026-06-21T21:57:49.411671+00:00' AIRFLOW_CTX_TRY_NUMBER='1' AIRFLOW_CTX_DAG_RUN_ID='manual__2026-06-21T21:57:49.411671+00:00'
[2026-06-21T21:58:39.864+0000] {taskinstance.py:732} INFO - ::endgroup::
[2026-06-21T21:58:39.918+0000] {logging_mixin.py:190} INFO - ======================================================================
[2026-06-21T21:58:39.923+0000] {logging_mixin.py:190} INFO - [WRITE 6] Arquivo criado em: /tmp/celery_demo/data_6.txt
[2026-06-21T21:58:39.926+0000] {logging_mixin.py:190} INFO - [WRITE 6] ESTE WORKER -> hostname=3f8339d18026 pid=751
[2026-06-21T21:58:39.933+0000] {logging_mixin.py:190} INFO - ======================================================================
[2026-06-21T21:58:39.936+0000] {logging_mixin.py:190} INFO - [WRITE 6] Se a read_6 cair em OUTRO worker, ela NÃO vai encontrar este arquivo.
[2026-06-21T21:58:39.938+0000] {python.py:240} INFO - Done. Returned value was: None
[2026-06-21T21:58:39.988+0000] {taskinstance.py:341} INFO - ::group::Post task execution logs
[2026-06-21T21:58:39.993+0000] {taskinstance.py:353} INFO - Marking task as SUCCESS. dag_id=demo_tmp_celery_bug, task_id=write_6, run_id=manual__2026-06-21T21:57:49.411671+00:00, execution_date=20260621T215749, start_date=20260621T215838, end_date=20260621T215839
[2026-06-21T21:58:40.210+0000] {local_task_job_runner.py:266} INFO - Task exited with return code 0
[2026-06-21T21:58:40.357+0000] {taskinstance.py:3901} INFO - 1 downstream tasks scheduled from follow-on schedule check
[2026-06-21T21:58:40.378+0000] {local_task_job_runner.py:245} INFO - ::endgroup::
