[2026-06-21T21:58:47.075+0000] {local_task_job_runner.py:123} INFO - ::group::Pre task execution logs
[2026-06-21T21:58:47.285+0000] {taskinstance.py:2614} INFO - Dependencies all met for dep_context=non-requeueable deps ti=<TaskInstance: demo_tmp_celery_bug.read_2 manual__2026-06-21T21:57:44.773145+00:00 [queued]>
[2026-06-21T21:58:47.389+0000] {taskinstance.py:2614} INFO - Dependencies all met for dep_context=requeueable deps ti=<TaskInstance: demo_tmp_celery_bug.read_2 manual__2026-06-21T21:57:44.773145+00:00 [queued]>
[2026-06-21T21:58:47.396+0000] {taskinstance.py:2867} INFO - Starting attempt 1 of 1
[2026-06-21T21:58:47.534+0000] {taskinstance.py:2890} INFO - Executing <Task(PythonOperator): read_2> on 2026-06-21 21:57:44.773145+00:00
[2026-06-21T21:58:47.617+0000] {standard_task_runner.py:104} INFO - Running: ['***', 'tasks', 'run', 'demo_tmp_celery_bug', 'read_2', 'manual__2026-06-21T21:57:44.773145+00:00', '--job-id', '410', '--raw', '--subdir', 'DAGS_FOLDER/demo_tmp_celery_bug.py', '--cfg-path', '/tmp/tmpa32w8ku_']
[2026-06-21T21:58:47.624+0000] {standard_task_runner.py:105} INFO - Job 410: Subtask read_2
[2026-06-21T21:58:47.624+0000] {warnings.py:112} WARNING - /home/***/.local/lib/python3.12/site-packages/***/task/task_runner/standard_task_runner.py:70: DeprecationWarning: This process (pid=744) is multi-threaded, use of fork() may lead to deadlocks in the child.
  pid = os.fork()

[2026-06-21T21:58:47.644+0000] {standard_task_runner.py:72} INFO - Started process 755 to run task
[2026-06-21T21:58:47.818+0000] {task_command.py:467} INFO - Running <TaskInstance: demo_tmp_celery_bug.read_2 manual__2026-06-21T21:57:44.773145+00:00 [running]> on host 4970a61b9d60
[2026-06-21T21:58:48.184+0000] {taskinstance.py:3134} INFO - Exporting env vars: AIRFLOW_CTX_DAG_OWNER='***' AIRFLOW_CTX_DAG_ID='demo_tmp_celery_bug' AIRFLOW_CTX_TASK_ID='read_2' AIRFLOW_CTX_EXECUTION_DATE='2026-06-21T21:57:44.773145+00:00' AIRFLOW_CTX_TRY_NUMBER='1' AIRFLOW_CTX_DAG_RUN_ID='manual__2026-06-21T21:57:44.773145+00:00'
[2026-06-21T21:58:48.192+0000] {taskinstance.py:732} INFO - ::endgroup::
[2026-06-21T21:58:48.305+0000] {logging_mixin.py:190} INFO - ======================================================================
[2026-06-21T21:58:48.311+0000] {logging_mixin.py:190} INFO - [READ 2] ESTE WORKER -> hostname=4970a61b9d60 pid=755
[2026-06-21T21:58:48.318+0000] {logging_mixin.py:190} INFO - [READ 2] Procurando arquivo: /tmp/celery_demo/data_2.txt
[2026-06-21T21:58:48.320+0000] {logging_mixin.py:190} INFO - ======================================================================
[2026-06-21T21:58:48.324+0000] {logging_mixin.py:190} INFO - [READ 2] SUCESSO — arquivo encontrado neste worker.
[2026-06-21T21:58:48.330+0000] {logging_mixin.py:190} INFO - [READ 2] Conteúdo: Arquivo 2 escrito por: hostname=4970a61b9d60 pid=689
[2026-06-21T21:58:48.333+0000] {logging_mixin.py:190} INFO - [READ 2] (write e read caíram no MESMO worker desta vez — por isso funcionou)
[2026-06-21T21:58:48.340+0000] {python.py:240} INFO - Done. Returned value was: None
[2026-06-21T21:58:48.395+0000] {taskinstance.py:341} INFO - ::group::Post task execution logs
[2026-06-21T21:58:48.398+0000] {taskinstance.py:353} INFO - Marking task as SUCCESS. dag_id=demo_tmp_celery_bug, task_id=read_2, run_id=manual__2026-06-21T21:57:44.773145+00:00, execution_date=20260621T215744, start_date=20260621T215847, end_date=20260621T215848
[2026-06-21T21:58:48.602+0000] {local_task_job_runner.py:266} INFO - Task exited with return code 0
[2026-06-21T21:58:48.714+0000] {taskinstance.py:3901} INFO - 0 downstream tasks scheduled from follow-on schedule check
[2026-06-21T21:58:48.727+0000] {local_task_job_runner.py:245} INFO - ::endgroup::
