[2026-06-21T21:58:48.603+0000] {local_task_job_runner.py:123} INFO - ::group::Pre task execution logs
[2026-06-21T21:58:48.751+0000] {taskinstance.py:2614} INFO - Dependencies all met for dep_context=non-requeueable deps ti=<TaskInstance: demo_tmp_celery_bug.read_3 manual__2026-06-21T21:57:44.773145+00:00 [queued]>
[2026-06-21T21:58:48.814+0000] {taskinstance.py:2614} INFO - Dependencies all met for dep_context=requeueable deps ti=<TaskInstance: demo_tmp_celery_bug.read_3 manual__2026-06-21T21:57:44.773145+00:00 [queued]>
[2026-06-21T21:58:48.817+0000] {taskinstance.py:2867} INFO - Starting attempt 1 of 1
[2026-06-21T21:58:48.889+0000] {taskinstance.py:2890} INFO - Executing <Task(PythonOperator): read_3> on 2026-06-21 21:57:44.773145+00:00
[2026-06-21T21:58:48.919+0000] {warnings.py:112} WARNING - /home/***/.local/lib/python3.12/site-packages/***/task/task_runner/standard_task_runner.py:70: DeprecationWarning: This process (pid=779) is multi-threaded, use of fork() may lead to deadlocks in the child.
  pid = os.fork()

[2026-06-21T21:58:48.934+0000] {standard_task_runner.py:72} INFO - Started process 795 to run task
[2026-06-21T21:58:48.935+0000] {standard_task_runner.py:104} INFO - Running: ['***', 'tasks', 'run', 'demo_tmp_celery_bug', 'read_3', 'manual__2026-06-21T21:57:44.773145+00:00', '--job-id', '416', '--raw', '--subdir', 'DAGS_FOLDER/demo_tmp_celery_bug.py', '--cfg-path', '/tmp/tmp27vwl76r']
[2026-06-21T21:58:48.954+0000] {standard_task_runner.py:105} INFO - Job 416: Subtask read_3
[2026-06-21T21:58:49.159+0000] {task_command.py:467} INFO - Running <TaskInstance: demo_tmp_celery_bug.read_3 manual__2026-06-21T21:57:44.773145+00:00 [running]> on host 3f8339d18026
[2026-06-21T21:58:49.507+0000] {taskinstance.py:3134} INFO - Exporting env vars: AIRFLOW_CTX_DAG_OWNER='***' AIRFLOW_CTX_DAG_ID='demo_tmp_celery_bug' AIRFLOW_CTX_TASK_ID='read_3' AIRFLOW_CTX_EXECUTION_DATE='2026-06-21T21:57:44.773145+00:00' AIRFLOW_CTX_TRY_NUMBER='1' AIRFLOW_CTX_DAG_RUN_ID='manual__2026-06-21T21:57:44.773145+00:00'
[2026-06-21T21:58:49.515+0000] {taskinstance.py:732} INFO - ::endgroup::
[2026-06-21T21:58:49.616+0000] {logging_mixin.py:190} INFO - ======================================================================
[2026-06-21T21:58:49.621+0000] {logging_mixin.py:190} INFO - [READ 3] ESTE WORKER -> hostname=3f8339d18026 pid=795
[2026-06-21T21:58:49.628+0000] {logging_mixin.py:190} INFO - [READ 3] Procurando arquivo: /tmp/celery_demo/data_3.txt
[2026-06-21T21:58:49.631+0000] {logging_mixin.py:190} INFO - ======================================================================
[2026-06-21T21:58:49.634+0000] {logging_mixin.py:190} INFO - [READ 3] SUCESSO — arquivo encontrado neste worker.
[2026-06-21T21:58:49.639+0000] {logging_mixin.py:190} INFO - [READ 3] Conteúdo: Arquivo 3 escrito por: hostname=3f8339d18026 pid=760
[2026-06-21T21:58:49.640+0000] {logging_mixin.py:190} INFO - [READ 3] (write e read caíram no MESMO worker desta vez — por isso funcionou)
[2026-06-21T21:58:49.646+0000] {python.py:240} INFO - Done. Returned value was: None
[2026-06-21T21:58:49.723+0000] {taskinstance.py:341} INFO - ::group::Post task execution logs
[2026-06-21T21:58:49.738+0000] {taskinstance.py:353} INFO - Marking task as SUCCESS. dag_id=demo_tmp_celery_bug, task_id=read_3, run_id=manual__2026-06-21T21:57:44.773145+00:00, execution_date=20260621T215744, start_date=20260621T215848, end_date=20260621T215849
[2026-06-21T21:58:49.940+0000] {local_task_job_runner.py:266} INFO - Task exited with return code 0
[2026-06-21T21:58:49.982+0000] {local_task_job_runner.py:245} INFO - ::endgroup::
