[2026-06-21T21:57:43.195+0000] {local_task_job_runner.py:123} INFO - ::group::Pre task execution logs
[2026-06-21T21:57:43.259+0000] {taskinstance.py:2614} INFO - Dependencies all met for dep_context=non-requeueable deps ti=<TaskInstance: demo_tmp_celery_bug.write_2 manual__2026-06-21T21:57:41.492403+00:00 [queued]>
[2026-06-21T21:57:43.286+0000] {taskinstance.py:2614} INFO - Dependencies all met for dep_context=requeueable deps ti=<TaskInstance: demo_tmp_celery_bug.write_2 manual__2026-06-21T21:57:41.492403+00:00 [queued]>
[2026-06-21T21:57:43.288+0000] {taskinstance.py:2867} INFO - Starting attempt 1 of 1
[2026-06-21T21:57:43.335+0000] {taskinstance.py:2890} INFO - Executing <Task(PythonOperator): write_2> on 2026-06-21 21:57:41.492403+00:00
[2026-06-21T21:57:43.361+0000] {standard_task_runner.py:104} INFO - Running: ['***', 'tasks', 'run', 'demo_tmp_celery_bug', 'write_2', 'manual__2026-06-21T21:57:41.492403+00:00', '--job-id', '261', '--raw', '--subdir', 'DAGS_FOLDER/demo_tmp_celery_bug.py', '--cfg-path', '/tmp/tmpatz_3dou']
[2026-06-21T21:57:43.359+0000] {warnings.py:112} WARNING - /home/***/.local/lib/python3.12/site-packages/***/task/task_runner/standard_task_runner.py:70: DeprecationWarning: This process (pid=541) is multi-threaded, use of fork() may lead to deadlocks in the child.
  pid = os.fork()

[2026-06-21T21:57:43.373+0000] {standard_task_runner.py:72} INFO - Started process 548 to run task
[2026-06-21T21:57:43.371+0000] {standard_task_runner.py:105} INFO - Job 261: Subtask write_2
[2026-06-21T21:57:43.582+0000] {task_command.py:467} INFO - Running <TaskInstance: demo_tmp_celery_bug.write_2 manual__2026-06-21T21:57:41.492403+00:00 [running]> on host 3f8339d18026
[2026-06-21T21:57:44.066+0000] {taskinstance.py:3134} INFO - Exporting env vars: AIRFLOW_CTX_DAG_OWNER='***' AIRFLOW_CTX_DAG_ID='demo_tmp_celery_bug' AIRFLOW_CTX_TASK_ID='write_2' AIRFLOW_CTX_EXECUTION_DATE='2026-06-21T21:57:41.492403+00:00' AIRFLOW_CTX_TRY_NUMBER='1' AIRFLOW_CTX_DAG_RUN_ID='manual__2026-06-21T21:57:41.492403+00:00'
[2026-06-21T21:57:44.074+0000] {taskinstance.py:732} INFO - ::endgroup::
[2026-06-21T21:57:44.159+0000] {logging_mixin.py:190} INFO - ======================================================================
[2026-06-21T21:57:44.164+0000] {logging_mixin.py:190} INFO - [WRITE 2] Arquivo criado em: /tmp/celery_demo/data_2.txt
[2026-06-21T21:57:44.167+0000] {logging_mixin.py:190} INFO - [WRITE 2] ESTE WORKER -> hostname=3f8339d18026 pid=548
[2026-06-21T21:57:44.170+0000] {logging_mixin.py:190} INFO - ======================================================================
[2026-06-21T21:57:44.176+0000] {logging_mixin.py:190} INFO - [WRITE 2] Se a read_2 cair em OUTRO worker, ela NÃO vai encontrar este arquivo.
[2026-06-21T21:57:44.183+0000] {python.py:240} INFO - Done. Returned value was: None
[2026-06-21T21:57:44.249+0000] {taskinstance.py:341} INFO - ::group::Post task execution logs
[2026-06-21T21:57:44.256+0000] {taskinstance.py:353} INFO - Marking task as SUCCESS. dag_id=demo_tmp_celery_bug, task_id=write_2, run_id=manual__2026-06-21T21:57:41.492403+00:00, execution_date=20260621T215741, start_date=20260621T215743, end_date=20260621T215744
[2026-06-21T21:57:44.510+0000] {local_task_job_runner.py:266} INFO - Task exited with return code 0
[2026-06-21T21:57:44.529+0000] {local_task_job_runner.py:245} INFO - ::endgroup::
