[2026-06-21T21:58:47.390+0000] {local_task_job_runner.py:123} INFO - ::group::Pre task execution logs
[2026-06-21T21:58:47.510+0000] {taskinstance.py:2614} INFO - Dependencies all met for dep_context=non-requeueable deps ti=<TaskInstance: demo_tmp_celery_bug.read_4 manual__2026-06-21T21:57:44.773145+00:00 [queued]>
[2026-06-21T21:58:47.591+0000] {taskinstance.py:2614} INFO - Dependencies all met for dep_context=requeueable deps ti=<TaskInstance: demo_tmp_celery_bug.read_4 manual__2026-06-21T21:57:44.773145+00:00 [queued]>
[2026-06-21T21:58:47.607+0000] {taskinstance.py:2867} INFO - Starting attempt 1 of 1
[2026-06-21T21:58:47.695+0000] {taskinstance.py:2890} INFO - Executing <Task(PythonOperator): read_4> on 2026-06-21 21:57:44.773145+00:00
[2026-06-21T21:58:47.738+0000] {warnings.py:112} WARNING - /home/***/.local/lib/python3.12/site-packages/***/task/task_runner/standard_task_runner.py:70: DeprecationWarning: This process (pid=772) is multi-threaded, use of fork() may lead to deadlocks in the child.
  pid = os.fork()

[2026-06-21T21:58:47.760+0000] {standard_task_runner.py:72} INFO - Started process 789 to run task
[2026-06-21T21:58:47.756+0000] {standard_task_runner.py:104} INFO - Running: ['***', 'tasks', 'run', 'demo_tmp_celery_bug', 'read_4', 'manual__2026-06-21T21:57:44.773145+00:00', '--job-id', '411', '--raw', '--subdir', 'DAGS_FOLDER/demo_tmp_celery_bug.py', '--cfg-path', '/tmp/tmpyjm1qv4u']
[2026-06-21T21:58:47.768+0000] {standard_task_runner.py:105} INFO - Job 411: Subtask read_4
[2026-06-21T21:58:48.004+0000] {task_command.py:467} INFO - Running <TaskInstance: demo_tmp_celery_bug.read_4 manual__2026-06-21T21:57:44.773145+00:00 [running]> on host 3f8339d18026
[2026-06-21T21:58:48.485+0000] {taskinstance.py:3134} INFO - Exporting env vars: AIRFLOW_CTX_DAG_OWNER='***' AIRFLOW_CTX_DAG_ID='demo_tmp_celery_bug' AIRFLOW_CTX_TASK_ID='read_4' AIRFLOW_CTX_EXECUTION_DATE='2026-06-21T21:57:44.773145+00:00' AIRFLOW_CTX_TRY_NUMBER='1' AIRFLOW_CTX_DAG_RUN_ID='manual__2026-06-21T21:57:44.773145+00:00'
[2026-06-21T21:58:48.490+0000] {taskinstance.py:732} INFO - ::endgroup::
[2026-06-21T21:58:48.560+0000] {logging_mixin.py:190} INFO - ======================================================================
[2026-06-21T21:58:48.570+0000] {logging_mixin.py:190} INFO - [READ 4] ESTE WORKER -> hostname=3f8339d18026 pid=789
[2026-06-21T21:58:48.578+0000] {logging_mixin.py:190} INFO - [READ 4] Procurando arquivo: /tmp/celery_demo/data_4.txt
[2026-06-21T21:58:48.580+0000] {logging_mixin.py:190} INFO - ======================================================================
[2026-06-21T21:58:48.585+0000] {logging_mixin.py:190} INFO - [READ 4] SUCESSO — arquivo encontrado neste worker.
[2026-06-21T21:58:48.602+0000] {logging_mixin.py:190} INFO - [READ 4] Conteúdo: Arquivo 4 escrito por: hostname=3f8339d18026 pid=695
[2026-06-21T21:58:48.606+0000] {logging_mixin.py:190} INFO - [READ 4] (write e read caíram no MESMO worker desta vez — por isso funcionou)
[2026-06-21T21:58:48.615+0000] {python.py:240} INFO - Done. Returned value was: None
[2026-06-21T21:58:48.670+0000] {taskinstance.py:341} INFO - ::group::Post task execution logs
[2026-06-21T21:58:48.677+0000] {taskinstance.py:353} INFO - Marking task as SUCCESS. dag_id=demo_tmp_celery_bug, task_id=read_4, run_id=manual__2026-06-21T21:57:44.773145+00:00, execution_date=20260621T215744, start_date=20260621T215847, end_date=20260621T215848
[2026-06-21T21:58:48.887+0000] {local_task_job_runner.py:266} INFO - Task exited with return code 0
[2026-06-21T21:58:49.016+0000] {taskinstance.py:3901} INFO - 0 downstream tasks scheduled from follow-on schedule check
[2026-06-21T21:58:49.029+0000] {local_task_job_runner.py:245} INFO - ::endgroup::
