[2026-06-21T22:02:12.109+0000] {local_task_job_runner.py:123} INFO - ::group::Pre task execution logs
[2026-06-21T22:02:12.126+0000] {taskinstance.py:2614} INFO - Dependencies all met for dep_context=non-requeueable deps ti=<TaskInstance: public_api_pipeline.build_report scheduled__2026-06-20T00:00:00+00:00 [queued]>
[2026-06-21T22:02:12.134+0000] {taskinstance.py:2614} INFO - Dependencies all met for dep_context=requeueable deps ti=<TaskInstance: public_api_pipeline.build_report scheduled__2026-06-20T00:00:00+00:00 [queued]>
[2026-06-21T22:02:12.135+0000] {taskinstance.py:2867} INFO - Starting attempt 1 of 4
[2026-06-21T22:02:12.144+0000] {taskinstance.py:2890} INFO - Executing <Task(_PythonDecoratedOperator): build_report> on 2026-06-20 00:00:00+00:00
[2026-06-21T22:02:12.150+0000] {warnings.py:112} WARNING - /home/***/.local/lib/python3.12/site-packages/***/task/task_runner/standard_task_runner.py:70: DeprecationWarning: This process (pid=264) is multi-threaded, use of fork() may lead to deadlocks in the child.
  pid = os.fork()

[2026-06-21T22:02:12.151+0000] {standard_task_runner.py:104} INFO - Running: ['***', 'tasks', 'run', 'public_api_pipeline', 'build_report', 'scheduled__2026-06-20T00:00:00+00:00', '--job-id', '612', '--raw', '--subdir', 'DAGS_FOLDER/public_api_pipeline.py', '--cfg-path', '/tmp/tmpa6k4q897']
[2026-06-21T22:02:12.152+0000] {standard_task_runner.py:72} INFO - Started process 265 to run task
[2026-06-21T22:02:12.153+0000] {standard_task_runner.py:105} INFO - Job 612: Subtask build_report
[2026-06-21T22:02:12.206+0000] {task_command.py:467} INFO - Running <TaskInstance: public_api_pipeline.build_report scheduled__2026-06-20T00:00:00+00:00 [running]> on host 3f8339d18026
[2026-06-21T22:02:12.266+0000] {taskinstance.py:3134} INFO - Exporting env vars: AIRFLOW_CTX_DAG_OWNER='vinicius' AIRFLOW_CTX_DAG_ID='public_api_pipeline' AIRFLOW_CTX_TASK_ID='build_report' AIRFLOW_CTX_EXECUTION_DATE='2026-06-20T00:00:00+00:00' AIRFLOW_CTX_TRY_NUMBER='1' AIRFLOW_CTX_DAG_RUN_ID='scheduled__2026-06-20T00:00:00+00:00'
[2026-06-21T22:02:12.268+0000] {taskinstance.py:732} INFO - ::endgroup::
[2026-06-21T22:02:12.271+0000] {logging_mixin.py:190} INFO - ==== Previsao do tempo (hoje) ====
Cidade : São Paulo (Brasil)
Pontos : 24 leituras horarias
Minima : 11.4°C as 2026-06-21T07:00
Maxima : 20.3°C as 2026-06-21T15:00
Media  : 15.41°C
==================================
[2026-06-21T22:02:12.272+0000] {python.py:240} INFO - Done. Returned value was: ==== Previsao do tempo (hoje) ====
Cidade : São Paulo (Brasil)
Pontos : 24 leituras horarias
Minima : 11.4°C as 2026-06-21T07:00
Maxima : 20.3°C as 2026-06-21T15:00
Media  : 15.41°C
==================================
[2026-06-21T22:02:12.288+0000] {taskinstance.py:341} INFO - ::group::Post task execution logs
[2026-06-21T22:02:12.289+0000] {taskinstance.py:353} INFO - Marking task as SUCCESS. dag_id=public_api_pipeline, task_id=build_report, run_id=scheduled__2026-06-20T00:00:00+00:00, execution_date=20260620T000000, start_date=20260621T220212, end_date=20260621T220212
[2026-06-21T22:02:12.328+0000] {local_task_job_runner.py:266} INFO - Task exited with return code 0
[2026-06-21T22:02:12.341+0000] {taskinstance.py:3901} INFO - 0 downstream tasks scheduled from follow-on schedule check
[2026-06-21T22:02:12.344+0000] {local_task_job_runner.py:245} INFO - ::endgroup::
