[2026-06-21T21:56:01.462+0000] {local_task_job_runner.py:123} INFO - ::group::Pre task execution logs
[2026-06-21T21:56:01.532+0000] {taskinstance.py:2614} INFO - Dependencies all met for dep_context=non-requeueable deps ti=<TaskInstance: demo_tmp_celery_bug.read_4 manual__2026-06-21T21:55:56.169394+00:00 [queued]>
[2026-06-21T21:56:01.569+0000] {taskinstance.py:2614} INFO - Dependencies all met for dep_context=requeueable deps ti=<TaskInstance: demo_tmp_celery_bug.read_4 manual__2026-06-21T21:55:56.169394+00:00 [queued]>
[2026-06-21T21:56:01.571+0000] {taskinstance.py:2867} INFO - Starting attempt 1 of 1
[2026-06-21T21:56:01.608+0000] {taskinstance.py:2890} INFO - Executing <Task(PythonOperator): read_4> on 2026-06-21 21:55:56.169394+00:00
[2026-06-21T21:56:01.627+0000] {warnings.py:112} WARNING - /home/***/.local/lib/python3.12/site-packages/***/task/task_runner/standard_task_runner.py:70: DeprecationWarning: This process (pid=293) is multi-threaded, use of fork() may lead to deadlocks in the child.
  pid = os.fork()

[2026-06-21T21:56:01.635+0000] {standard_task_runner.py:72} INFO - Started process 307 to run task
[2026-06-21T21:56:01.636+0000] {standard_task_runner.py:104} INFO - Running: ['***', 'tasks', 'run', 'demo_tmp_celery_bug', 'read_4', 'manual__2026-06-21T21:55:56.169394+00:00', '--job-id', '129', '--raw', '--subdir', 'DAGS_FOLDER/demo_tmp_celery_bug.py', '--cfg-path', '/tmp/tmpfvidw1x9']
[2026-06-21T21:56:01.639+0000] {standard_task_runner.py:105} INFO - Job 129: Subtask read_4
[2026-06-21T21:56:01.891+0000] {task_command.py:467} INFO - Running <TaskInstance: demo_tmp_celery_bug.read_4 manual__2026-06-21T21:55:56.169394+00:00 [running]> on host 4970a61b9d60
[2026-06-21T21:56:02.106+0000] {taskinstance.py:3134} INFO - Exporting env vars: AIRFLOW_CTX_DAG_OWNER='***' AIRFLOW_CTX_DAG_ID='demo_tmp_celery_bug' AIRFLOW_CTX_TASK_ID='read_4' AIRFLOW_CTX_EXECUTION_DATE='2026-06-21T21:55:56.169394+00:00' AIRFLOW_CTX_TRY_NUMBER='1' AIRFLOW_CTX_DAG_RUN_ID='manual__2026-06-21T21:55:56.169394+00:00'
[2026-06-21T21:56:02.109+0000] {taskinstance.py:732} INFO - ::endgroup::
[2026-06-21T21:56:02.140+0000] {logging_mixin.py:190} INFO - ======================================================================
[2026-06-21T21:56:02.142+0000] {logging_mixin.py:190} INFO - [READ 4] ESTE WORKER -> hostname=4970a61b9d60 pid=307
[2026-06-21T21:56:02.143+0000] {logging_mixin.py:190} INFO - [READ 4] Procurando arquivo: /tmp/celery_demo/data_4.txt
[2026-06-21T21:56:02.146+0000] {logging_mixin.py:190} INFO - ======================================================================
[2026-06-21T21:56:02.149+0000] {logging_mixin.py:190} INFO - [READ 4] SUCESSO — arquivo encontrado neste worker.
[2026-06-21T21:56:02.153+0000] {logging_mixin.py:190} INFO - [READ 4] Conteúdo: Arquivo 4 escrito por: hostname=4970a61b9d60 pid=279
[2026-06-21T21:56:02.154+0000] {logging_mixin.py:190} INFO - [READ 4] (write e read caíram no MESMO worker desta vez — por isso funcionou)
[2026-06-21T21:56:02.158+0000] {python.py:240} INFO - Done. Returned value was: None
[2026-06-21T21:56:02.180+0000] {taskinstance.py:341} INFO - ::group::Post task execution logs
[2026-06-21T21:56:02.181+0000] {taskinstance.py:353} INFO - Marking task as SUCCESS. dag_id=demo_tmp_celery_bug, task_id=read_4, run_id=manual__2026-06-21T21:55:56.169394+00:00, execution_date=20260621T215556, start_date=20260621T215601, end_date=20260621T215602
[2026-06-21T21:56:02.286+0000] {local_task_job_runner.py:266} INFO - Task exited with return code 0
[2026-06-21T21:56:02.309+0000] {local_task_job_runner.py:245} INFO - ::endgroup::
