[2026-06-21T21:58:49.487+0000] {local_task_job_runner.py:123} INFO - ::group::Pre task execution logs
[2026-06-21T21:58:49.588+0000] {taskinstance.py:2614} INFO - Dependencies all met for dep_context=non-requeueable deps ti=<TaskInstance: demo_tmp_celery_bug.read_4 manual__2026-06-21T21:57:45.828764+00:00 [queued]>
[2026-06-21T21:58:49.632+0000] {taskinstance.py:2614} INFO - Dependencies all met for dep_context=requeueable deps ti=<TaskInstance: demo_tmp_celery_bug.read_4 manual__2026-06-21T21:57:45.828764+00:00 [queued]>
[2026-06-21T21:58:49.635+0000] {taskinstance.py:2867} INFO - Starting attempt 1 of 1
[2026-06-21T21:58:49.731+0000] {taskinstance.py:2890} INFO - Executing <Task(PythonOperator): read_4> on 2026-06-21 21:57:45.828764+00:00
[2026-06-21T21:58:49.758+0000] {warnings.py:112} WARNING - /home/***/.local/lib/python3.12/site-packages/***/task/task_runner/standard_task_runner.py:70: DeprecationWarning: This process (pid=751) is multi-threaded, use of fork() may lead to deadlocks in the child.
  pid = os.fork()

[2026-06-21T21:58:49.771+0000] {standard_task_runner.py:104} INFO - Running: ['***', 'tasks', 'run', 'demo_tmp_celery_bug', 'read_4', 'manual__2026-06-21T21:57:45.828764+00:00', '--job-id', '420', '--raw', '--subdir', 'DAGS_FOLDER/demo_tmp_celery_bug.py', '--cfg-path', '/tmp/tmpwsz6lchw']
[2026-06-21T21:58:49.775+0000] {standard_task_runner.py:72} INFO - Started process 766 to run task
[2026-06-21T21:58:49.778+0000] {standard_task_runner.py:105} INFO - Job 420: Subtask read_4
[2026-06-21T21:58:50.073+0000] {task_command.py:467} INFO - Running <TaskInstance: demo_tmp_celery_bug.read_4 manual__2026-06-21T21:57:45.828764+00:00 [running]> on host 4970a61b9d60
[2026-06-21T21:58:50.928+0000] {taskinstance.py:3134} INFO - Exporting env vars: AIRFLOW_CTX_DAG_OWNER='***' AIRFLOW_CTX_DAG_ID='demo_tmp_celery_bug' AIRFLOW_CTX_TASK_ID='read_4' AIRFLOW_CTX_EXECUTION_DATE='2026-06-21T21:57:45.828764+00:00' AIRFLOW_CTX_TRY_NUMBER='1' AIRFLOW_CTX_DAG_RUN_ID='manual__2026-06-21T21:57:45.828764+00:00'
[2026-06-21T21:58:50.935+0000] {taskinstance.py:732} INFO - ::endgroup::
[2026-06-21T21:58:51.184+0000] {logging_mixin.py:190} INFO - ======================================================================
[2026-06-21T21:58:51.198+0000] {logging_mixin.py:190} INFO - [READ 4] ESTE WORKER -> hostname=4970a61b9d60 pid=766
[2026-06-21T21:58:51.200+0000] {logging_mixin.py:190} INFO - [READ 4] Procurando arquivo: /tmp/celery_demo/data_4.txt
[2026-06-21T21:58:51.203+0000] {logging_mixin.py:190} INFO - ======================================================================
[2026-06-21T21:58:51.234+0000] {logging_mixin.py:190} INFO - [READ 4] SUCESSO — arquivo encontrado neste worker.
[2026-06-21T21:58:51.240+0000] {logging_mixin.py:190} INFO - [READ 4] Conteúdo: Arquivo 4 escrito por: hostname=4970a61b9d60 pid=724
[2026-06-21T21:58:51.245+0000] {logging_mixin.py:190} INFO - [READ 4] (write e read caíram no MESMO worker desta vez — por isso funcionou)
[2026-06-21T21:58:51.251+0000] {python.py:240} INFO - Done. Returned value was: None
[2026-06-21T21:58:51.313+0000] {taskinstance.py:341} INFO - ::group::Post task execution logs
[2026-06-21T21:58:51.326+0000] {taskinstance.py:353} INFO - Marking task as SUCCESS. dag_id=demo_tmp_celery_bug, task_id=read_4, run_id=manual__2026-06-21T21:57:45.828764+00:00, execution_date=20260621T215745, start_date=20260621T215849, end_date=20260621T215851
[2026-06-21T21:58:51.510+0000] {local_task_job_runner.py:266} INFO - Task exited with return code 0
[2026-06-21T21:58:51.555+0000] {taskinstance.py:3901} INFO - 0 downstream tasks scheduled from follow-on schedule check
[2026-06-21T21:58:51.563+0000] {local_task_job_runner.py:245} INFO - ::endgroup::
