[2026-06-21T21:58:26.475+0000] {local_task_job_runner.py:123} INFO - ::group::Pre task execution logs
[2026-06-21T21:58:26.695+0000] {taskinstance.py:2614} INFO - Dependencies all met for dep_context=non-requeueable deps ti=<TaskInstance: demo_tmp_celery_bug.write_3 manual__2026-06-21T21:57:48.803111+00:00 [queued]>
[2026-06-21T21:58:26.799+0000] {taskinstance.py:2614} INFO - Dependencies all met for dep_context=requeueable deps ti=<TaskInstance: demo_tmp_celery_bug.write_3 manual__2026-06-21T21:57:48.803111+00:00 [queued]>
[2026-06-21T21:58:26.818+0000] {taskinstance.py:2867} INFO - Starting attempt 1 of 1
[2026-06-21T21:58:27.102+0000] {taskinstance.py:2890} INFO - Executing <Task(PythonOperator): write_3> on 2026-06-21 21:57:48.803111+00:00
[2026-06-21T21:58:27.153+0000] {warnings.py:112} WARNING - /home/***/.local/lib/python3.12/site-packages/***/task/task_runner/standard_task_runner.py:70: DeprecationWarning: This process (pid=656) is multi-threaded, use of fork() may lead to deadlocks in the child.
  pid = os.fork()

[2026-06-21T21:58:27.155+0000] {standard_task_runner.py:104} INFO - Running: ['***', 'tasks', 'run', 'demo_tmp_celery_bug', 'write_3', 'manual__2026-06-21T21:57:48.803111+00:00', '--job-id', '357', '--raw', '--subdir', 'DAGS_FOLDER/demo_tmp_celery_bug.py', '--cfg-path', '/tmp/tmpc80zxryi']
[2026-06-21T21:58:27.167+0000] {standard_task_runner.py:105} INFO - Job 357: Subtask write_3
[2026-06-21T21:58:27.167+0000] {standard_task_runner.py:72} INFO - Started process 672 to run task
[2026-06-21T21:58:27.598+0000] {task_command.py:467} INFO - Running <TaskInstance: demo_tmp_celery_bug.write_3 manual__2026-06-21T21:57:48.803111+00:00 [running]> on host 4970a61b9d60
[2026-06-21T21:58:28.565+0000] {taskinstance.py:3134} INFO - Exporting env vars: AIRFLOW_CTX_DAG_OWNER='***' AIRFLOW_CTX_DAG_ID='demo_tmp_celery_bug' AIRFLOW_CTX_TASK_ID='write_3' AIRFLOW_CTX_EXECUTION_DATE='2026-06-21T21:57:48.803111+00:00' AIRFLOW_CTX_TRY_NUMBER='1' AIRFLOW_CTX_DAG_RUN_ID='manual__2026-06-21T21:57:48.803111+00:00'
[2026-06-21T21:58:28.582+0000] {taskinstance.py:732} INFO - ::endgroup::
[2026-06-21T21:58:28.775+0000] {logging_mixin.py:190} INFO - ======================================================================
[2026-06-21T21:58:28.778+0000] {logging_mixin.py:190} INFO - [WRITE 3] Arquivo criado em: /tmp/celery_demo/data_3.txt
[2026-06-21T21:58:28.782+0000] {logging_mixin.py:190} INFO - [WRITE 3] ESTE WORKER -> hostname=4970a61b9d60 pid=672
[2026-06-21T21:58:28.792+0000] {logging_mixin.py:190} INFO - ======================================================================
[2026-06-21T21:58:28.794+0000] {logging_mixin.py:190} INFO - [WRITE 3] Se a read_3 cair em OUTRO worker, ela NÃO vai encontrar este arquivo.
[2026-06-21T21:58:28.797+0000] {python.py:240} INFO - Done. Returned value was: None
[2026-06-21T21:58:28.869+0000] {taskinstance.py:341} INFO - ::group::Post task execution logs
[2026-06-21T21:58:28.876+0000] {taskinstance.py:353} INFO - Marking task as SUCCESS. dag_id=demo_tmp_celery_bug, task_id=write_3, run_id=manual__2026-06-21T21:57:48.803111+00:00, execution_date=20260621T215748, start_date=20260621T215826, end_date=20260621T215828
[2026-06-21T21:58:29.098+0000] {local_task_job_runner.py:266} INFO - Task exited with return code 0
[2026-06-21T21:58:29.174+0000] {local_task_job_runner.py:245} INFO - ::endgroup::
