[2026-06-21T21:56:57.538+0000] {local_task_job_runner.py:123} INFO - ::group::Pre task execution logs
[2026-06-21T21:56:57.575+0000] {taskinstance.py:2614} INFO - Dependencies all met for dep_context=non-requeueable deps ti=<TaskInstance: demo_tmp_celery_bug.read_7 manual__2026-06-21T21:56:50.263788+00:00 [queued]>
[2026-06-21T21:56:57.602+0000] {taskinstance.py:2614} INFO - Dependencies all met for dep_context=requeueable deps ti=<TaskInstance: demo_tmp_celery_bug.read_7 manual__2026-06-21T21:56:50.263788+00:00 [queued]>
[2026-06-21T21:56:57.604+0000] {taskinstance.py:2867} INFO - Starting attempt 1 of 1
[2026-06-21T21:56:57.630+0000] {taskinstance.py:2890} INFO - Executing <Task(PythonOperator): read_7> on 2026-06-21 21:56:50.263788+00:00
[2026-06-21T21:56:57.648+0000] {standard_task_runner.py:104} INFO - Running: ['***', 'tasks', 'run', 'demo_tmp_celery_bug', 'read_7', 'manual__2026-06-21T21:56:50.263788+00:00', '--job-id', '201', '--raw', '--subdir', 'DAGS_FOLDER/demo_tmp_celery_bug.py', '--cfg-path', '/tmp/tmpdth7d9_3']
[2026-06-21T21:56:57.651+0000] {standard_task_runner.py:105} INFO - Job 201: Subtask read_7
[2026-06-21T21:56:57.646+0000] {warnings.py:112} WARNING - /home/***/.local/lib/python3.12/site-packages/***/task/task_runner/standard_task_runner.py:70: DeprecationWarning: This process (pid=412) is multi-threaded, use of fork() may lead to deadlocks in the child.
  pid = os.fork()

[2026-06-21T21:56:57.654+0000] {standard_task_runner.py:72} INFO - Started process 424 to run task
[2026-06-21T21:56:57.815+0000] {task_command.py:467} INFO - Running <TaskInstance: demo_tmp_celery_bug.read_7 manual__2026-06-21T21:56:50.263788+00:00 [running]> on host 4970a61b9d60
[2026-06-21T21:56:58.168+0000] {taskinstance.py:3134} INFO - Exporting env vars: AIRFLOW_CTX_DAG_OWNER='***' AIRFLOW_CTX_DAG_ID='demo_tmp_celery_bug' AIRFLOW_CTX_TASK_ID='read_7' AIRFLOW_CTX_EXECUTION_DATE='2026-06-21T21:56:50.263788+00:00' AIRFLOW_CTX_TRY_NUMBER='1' AIRFLOW_CTX_DAG_RUN_ID='manual__2026-06-21T21:56:50.263788+00:00'
[2026-06-21T21:56:58.179+0000] {taskinstance.py:732} INFO - ::endgroup::
[2026-06-21T21:56:58.228+0000] {logging_mixin.py:190} INFO - ======================================================================
[2026-06-21T21:56:58.235+0000] {logging_mixin.py:190} INFO - [READ 7] ESTE WORKER -> hostname=4970a61b9d60 pid=424
[2026-06-21T21:56:58.240+0000] {logging_mixin.py:190} INFO - [READ 7] Procurando arquivo: /tmp/celery_demo/data_7.txt
[2026-06-21T21:56:58.251+0000] {logging_mixin.py:190} INFO - ======================================================================
[2026-06-21T21:56:58.254+0000] {logging_mixin.py:190} INFO - [READ 7] SUCESSO — arquivo encontrado neste worker.
[2026-06-21T21:56:58.263+0000] {logging_mixin.py:190} INFO - [READ 7] Conteúdo: Arquivo 7 escrito por: hostname=4970a61b9d60 pid=381
[2026-06-21T21:56:58.266+0000] {logging_mixin.py:190} INFO - [READ 7] (write e read caíram no MESMO worker desta vez — por isso funcionou)
[2026-06-21T21:56:58.273+0000] {python.py:240} INFO - Done. Returned value was: None
[2026-06-21T21:56:58.326+0000] {taskinstance.py:341} INFO - ::group::Post task execution logs
[2026-06-21T21:56:58.330+0000] {taskinstance.py:353} INFO - Marking task as SUCCESS. dag_id=demo_tmp_celery_bug, task_id=read_7, run_id=manual__2026-06-21T21:56:50.263788+00:00, execution_date=20260621T215650, start_date=20260621T215657, end_date=20260621T215658
[2026-06-21T21:56:58.405+0000] {local_task_job_runner.py:266} INFO - Task exited with return code 0
[2026-06-21T21:56:58.430+0000] {taskinstance.py:3901} INFO - 0 downstream tasks scheduled from follow-on schedule check
[2026-06-21T21:56:58.433+0000] {local_task_job_runner.py:245} INFO - ::endgroup::
