[2026-06-21T21:56:40.572+0000] {local_task_job_runner.py:123} INFO - ::group::Pre task execution logs
[2026-06-21T21:56:40.604+0000] {taskinstance.py:2614} INFO - Dependencies all met for dep_context=non-requeueable deps ti=<TaskInstance: demo_tmp_celery_bug.read_4 manual__2026-06-21T21:56:37.738303+00:00 [queued]>
[2026-06-21T21:56:40.620+0000] {taskinstance.py:2614} INFO - Dependencies all met for dep_context=requeueable deps ti=<TaskInstance: demo_tmp_celery_bug.read_4 manual__2026-06-21T21:56:37.738303+00:00 [queued]>
[2026-06-21T21:56:40.621+0000] {taskinstance.py:2867} INFO - Starting attempt 1 of 1
[2026-06-21T21:56:40.643+0000] {taskinstance.py:2890} INFO - Executing <Task(PythonOperator): read_4> on 2026-06-21 21:56:37.738303+00:00
[2026-06-21T21:56:40.654+0000] {standard_task_runner.py:104} INFO - Running: ['***', 'tasks', 'run', 'demo_tmp_celery_bug', 'read_4', 'manual__2026-06-21T21:56:37.738303+00:00', '--job-id', '152', '--raw', '--subdir', 'DAGS_FOLDER/demo_tmp_celery_bug.py', '--cfg-path', '/tmp/tmp6hrl9xde']
[2026-06-21T21:56:40.652+0000] {warnings.py:112} WARNING - /home/***/.local/lib/python3.12/site-packages/***/task/task_runner/standard_task_runner.py:70: DeprecationWarning: This process (pid=340) is multi-threaded, use of fork() may lead to deadlocks in the child.
  pid = os.fork()

[2026-06-21T21:56:40.658+0000] {standard_task_runner.py:72} INFO - Started process 344 to run task
[2026-06-21T21:56:40.657+0000] {standard_task_runner.py:105} INFO - Job 152: Subtask read_4
[2026-06-21T21:56:40.751+0000] {task_command.py:467} INFO - Running <TaskInstance: demo_tmp_celery_bug.read_4 manual__2026-06-21T21:56:37.738303+00:00 [running]> on host 4970a61b9d60
[2026-06-21T21:56:40.882+0000] {taskinstance.py:3134} INFO - Exporting env vars: AIRFLOW_CTX_DAG_OWNER='***' AIRFLOW_CTX_DAG_ID='demo_tmp_celery_bug' AIRFLOW_CTX_TASK_ID='read_4' AIRFLOW_CTX_EXECUTION_DATE='2026-06-21T21:56:37.738303+00:00' AIRFLOW_CTX_TRY_NUMBER='1' AIRFLOW_CTX_DAG_RUN_ID='manual__2026-06-21T21:56:37.738303+00:00'
[2026-06-21T21:56:40.884+0000] {taskinstance.py:732} INFO - ::endgroup::
[2026-06-21T21:56:40.906+0000] {logging_mixin.py:190} INFO - ======================================================================
[2026-06-21T21:56:40.907+0000] {logging_mixin.py:190} INFO - [READ 4] ESTE WORKER -> hostname=4970a61b9d60 pid=344
[2026-06-21T21:56:40.908+0000] {logging_mixin.py:190} INFO - [READ 4] Procurando arquivo: /tmp/celery_demo/data_4.txt
[2026-06-21T21:56:40.910+0000] {logging_mixin.py:190} INFO - ======================================================================
[2026-06-21T21:56:40.913+0000] {logging_mixin.py:190} INFO - [READ 4] SUCESSO — arquivo encontrado neste worker.
[2026-06-21T21:56:40.914+0000] {logging_mixin.py:190} INFO - [READ 4] Conteúdo: Arquivo 4 escrito por: hostname=4970a61b9d60 pid=279
[2026-06-21T21:56:40.915+0000] {logging_mixin.py:190} INFO - [READ 4] (write e read caíram no MESMO worker desta vez — por isso funcionou)
[2026-06-21T21:56:40.916+0000] {python.py:240} INFO - Done. Returned value was: None
[2026-06-21T21:56:40.932+0000] {taskinstance.py:341} INFO - ::group::Post task execution logs
[2026-06-21T21:56:40.934+0000] {taskinstance.py:353} INFO - Marking task as SUCCESS. dag_id=demo_tmp_celery_bug, task_id=read_4, run_id=manual__2026-06-21T21:56:37.738303+00:00, execution_date=20260621T215637, start_date=20260621T215640, end_date=20260621T215640
[2026-06-21T21:56:40.997+0000] {local_task_job_runner.py:266} INFO - Task exited with return code 0
[2026-06-21T21:56:41.021+0000] {taskinstance.py:3901} INFO - 0 downstream tasks scheduled from follow-on schedule check
[2026-06-21T21:56:41.024+0000] {local_task_job_runner.py:245} INFO - ::endgroup::
