[2026-06-21T22:01:49.935+0000] {local_task_job_runner.py:123} INFO - ::group::Pre task execution logs
[2026-06-21T22:01:50.014+0000] {taskinstance.py:2614} INFO - Dependencies all met for dep_context=non-requeueable deps ti=<TaskInstance: demo_tmp_celery_bug.read_4 manual__2026-06-21T22:01:45.763339+00:00 [queued]>
[2026-06-21T22:01:50.064+0000] {taskinstance.py:2614} INFO - Dependencies all met for dep_context=requeueable deps ti=<TaskInstance: demo_tmp_celery_bug.read_4 manual__2026-06-21T22:01:45.763339+00:00 [queued]>
[2026-06-21T22:01:50.075+0000] {taskinstance.py:2867} INFO - Starting attempt 1 of 1
[2026-06-21T22:01:50.124+0000] {taskinstance.py:2890} INFO - Executing <Task(PythonOperator): read_4> on 2026-06-21 22:01:45.763339+00:00
[2026-06-21T22:01:50.146+0000] {warnings.py:112} WARNING - /home/***/.local/lib/python3.12/site-packages/***/task/task_runner/standard_task_runner.py:70: DeprecationWarning: This process (pid=246) is multi-threaded, use of fork() may lead to deadlocks in the child.
  pid = os.fork()

[2026-06-21T22:01:50.154+0000] {standard_task_runner.py:104} INFO - Running: ['***', 'tasks', 'run', 'demo_tmp_celery_bug', 'read_4', 'manual__2026-06-21T22:01:45.763339+00:00', '--job-id', '605', '--raw', '--subdir', 'DAGS_FOLDER/demo_tmp_celery_bug.py', '--cfg-path', '/tmp/tmpqttczj6y']
[2026-06-21T22:01:50.163+0000] {standard_task_runner.py:72} INFO - Started process 253 to run task
[2026-06-21T22:01:50.171+0000] {standard_task_runner.py:105} INFO - Job 605: Subtask read_4
[2026-06-21T22:01:50.418+0000] {task_command.py:467} INFO - Running <TaskInstance: demo_tmp_celery_bug.read_4 manual__2026-06-21T22:01:45.763339+00:00 [running]> on host 3f8339d18026
[2026-06-21T22:01:50.742+0000] {taskinstance.py:3134} INFO - Exporting env vars: AIRFLOW_CTX_DAG_OWNER='***' AIRFLOW_CTX_DAG_ID='demo_tmp_celery_bug' AIRFLOW_CTX_TASK_ID='read_4' AIRFLOW_CTX_EXECUTION_DATE='2026-06-21T22:01:45.763339+00:00' AIRFLOW_CTX_TRY_NUMBER='1' AIRFLOW_CTX_DAG_RUN_ID='manual__2026-06-21T22:01:45.763339+00:00'
[2026-06-21T22:01:50.746+0000] {taskinstance.py:732} INFO - ::endgroup::
[2026-06-21T22:01:50.793+0000] {logging_mixin.py:190} INFO - ======================================================================
[2026-06-21T22:01:50.801+0000] {logging_mixin.py:190} INFO - [READ 4] ESTE WORKER -> hostname=3f8339d18026 pid=253
[2026-06-21T22:01:50.807+0000] {logging_mixin.py:190} INFO - [READ 4] Procurando arquivo: /tmp/celery_demo/data_4.txt
[2026-06-21T22:01:50.810+0000] {logging_mixin.py:190} INFO - ======================================================================
[2026-06-21T22:01:50.817+0000] {logging_mixin.py:190} INFO - [READ 4] SUCESSO — arquivo encontrado neste worker.
[2026-06-21T22:01:50.822+0000] {logging_mixin.py:190} INFO - [READ 4] Conteúdo: Arquivo 4 escrito por: hostname=3f8339d18026 pid=240
[2026-06-21T22:01:50.825+0000] {logging_mixin.py:190} INFO - [READ 4] (write e read caíram no MESMO worker desta vez — por isso funcionou)
[2026-06-21T22:01:50.831+0000] {python.py:240} INFO - Done. Returned value was: None
[2026-06-21T22:01:50.891+0000] {taskinstance.py:341} INFO - ::group::Post task execution logs
[2026-06-21T22:01:50.902+0000] {taskinstance.py:353} INFO - Marking task as SUCCESS. dag_id=demo_tmp_celery_bug, task_id=read_4, run_id=manual__2026-06-21T22:01:45.763339+00:00, execution_date=20260621T220145, start_date=20260621T220150, end_date=20260621T220150
[2026-06-21T22:01:50.980+0000] {local_task_job_runner.py:266} INFO - Task exited with return code 0
[2026-06-21T22:01:51.011+0000] {taskinstance.py:3901} INFO - 0 downstream tasks scheduled from follow-on schedule check
[2026-06-21T22:01:51.016+0000] {local_task_job_runner.py:245} INFO - ::endgroup::
