[2026-06-21T21:57:31.501+0000] {local_task_job_runner.py:123} INFO - ::group::Pre task execution logs
[2026-06-21T21:57:31.573+0000] {taskinstance.py:2614} INFO - Dependencies all met for dep_context=non-requeueable deps ti=<TaskInstance: demo_tmp_celery_bug.read_0 manual__2026-06-21T21:57:26.701171+00:00 [queued]>
[2026-06-21T21:57:31.608+0000] {taskinstance.py:2614} INFO - Dependencies all met for dep_context=requeueable deps ti=<TaskInstance: demo_tmp_celery_bug.read_0 manual__2026-06-21T21:57:26.701171+00:00 [queued]>
[2026-06-21T21:57:31.610+0000] {taskinstance.py:2867} INFO - Starting attempt 1 of 1
[2026-06-21T21:57:31.654+0000] {taskinstance.py:2890} INFO - Executing <Task(PythonOperator): read_0> on 2026-06-21 21:57:26.701171+00:00
[2026-06-21T21:57:31.673+0000] {standard_task_runner.py:104} INFO - Running: ['***', 'tasks', 'run', 'demo_tmp_celery_bug', 'read_0', 'manual__2026-06-21T21:57:26.701171+00:00', '--job-id', '251', '--raw', '--subdir', 'DAGS_FOLDER/demo_tmp_celery_bug.py', '--cfg-path', '/tmp/tmp93szvz64']
[2026-06-21T21:57:31.672+0000] {warnings.py:112} WARNING - /home/***/.local/lib/python3.12/site-packages/***/task/task_runner/standard_task_runner.py:70: DeprecationWarning: This process (pid=527) is multi-threaded, use of fork() may lead to deadlocks in the child.
  pid = os.fork()

[2026-06-21T21:57:31.682+0000] {standard_task_runner.py:105} INFO - Job 251: Subtask read_0
[2026-06-21T21:57:31.683+0000] {standard_task_runner.py:72} INFO - Started process 536 to run task
[2026-06-21T21:57:31.855+0000] {task_command.py:467} INFO - Running <TaskInstance: demo_tmp_celery_bug.read_0 manual__2026-06-21T21:57:26.701171+00:00 [running]> on host 3f8339d18026
[2026-06-21T21:57:32.107+0000] {taskinstance.py:3134} INFO - Exporting env vars: AIRFLOW_CTX_DAG_OWNER='***' AIRFLOW_CTX_DAG_ID='demo_tmp_celery_bug' AIRFLOW_CTX_TASK_ID='read_0' AIRFLOW_CTX_EXECUTION_DATE='2026-06-21T21:57:26.701171+00:00' AIRFLOW_CTX_TRY_NUMBER='1' AIRFLOW_CTX_DAG_RUN_ID='manual__2026-06-21T21:57:26.701171+00:00'
[2026-06-21T21:57:32.111+0000] {taskinstance.py:732} INFO - ::endgroup::
[2026-06-21T21:57:32.156+0000] {logging_mixin.py:190} INFO - ======================================================================
[2026-06-21T21:57:32.158+0000] {logging_mixin.py:190} INFO - [READ 0] ESTE WORKER -> hostname=3f8339d18026 pid=536
[2026-06-21T21:57:32.159+0000] {logging_mixin.py:190} INFO - [READ 0] Procurando arquivo: /tmp/celery_demo/data_0.txt
[2026-06-21T21:57:32.161+0000] {logging_mixin.py:190} INFO - ======================================================================
[2026-06-21T21:57:32.164+0000] {logging_mixin.py:190} INFO - [READ 0] SUCESSO — arquivo encontrado neste worker.
[2026-06-21T21:57:32.167+0000] {logging_mixin.py:190} INFO - [READ 0] Conteúdo: Arquivo 0 escrito por: hostname=3f8339d18026 pid=517
[2026-06-21T21:57:32.169+0000] {logging_mixin.py:190} INFO - [READ 0] (write e read caíram no MESMO worker desta vez — por isso funcionou)
[2026-06-21T21:57:32.171+0000] {python.py:240} INFO - Done. Returned value was: None
[2026-06-21T21:57:32.199+0000] {taskinstance.py:341} INFO - ::group::Post task execution logs
[2026-06-21T21:57:32.201+0000] {taskinstance.py:353} INFO - Marking task as SUCCESS. dag_id=demo_tmp_celery_bug, task_id=read_0, run_id=manual__2026-06-21T21:57:26.701171+00:00, execution_date=20260621T215726, start_date=20260621T215731, end_date=20260621T215732
[2026-06-21T21:57:32.307+0000] {local_task_job_runner.py:266} INFO - Task exited with return code 0
[2026-06-21T21:57:32.352+0000] {taskinstance.py:3901} INFO - 0 downstream tasks scheduled from follow-on schedule check
[2026-06-21T21:57:32.358+0000] {local_task_job_runner.py:245} INFO - ::endgroup::
