[2026-06-21T21:58:41.902+0000] {local_task_job_runner.py:123} INFO - ::group::Pre task execution logs
[2026-06-21T21:58:41.983+0000] {taskinstance.py:2614} INFO - Dependencies all met for dep_context=non-requeueable deps ti=<TaskInstance: demo_tmp_celery_bug.write_3 manual__2026-06-21T21:57:49.610716+00:00 [queued]>
[2026-06-21T21:58:42.029+0000] {taskinstance.py:2614} INFO - Dependencies all met for dep_context=requeueable deps ti=<TaskInstance: demo_tmp_celery_bug.write_3 manual__2026-06-21T21:57:49.610716+00:00 [queued]>
[2026-06-21T21:58:42.033+0000] {taskinstance.py:2867} INFO - Starting attempt 1 of 1
[2026-06-21T21:58:42.080+0000] {taskinstance.py:2890} INFO - Executing <Task(PythonOperator): write_3> on 2026-06-21 21:57:49.610716+00:00
[2026-06-21T21:58:42.128+0000] {warnings.py:112} WARNING - /home/***/.local/lib/python3.12/site-packages/***/task/task_runner/standard_task_runner.py:70: DeprecationWarning: This process (pid=753) is multi-threaded, use of fork() may lead to deadlocks in the child.
  pid = os.fork()

[2026-06-21T21:58:42.137+0000] {standard_task_runner.py:72} INFO - Started process 760 to run task
[2026-06-21T21:58:42.153+0000] {standard_task_runner.py:104} INFO - Running: ['***', 'tasks', 'run', 'demo_tmp_celery_bug', 'write_3', 'manual__2026-06-21T21:57:49.610716+00:00', '--job-id', '392', '--raw', '--subdir', 'DAGS_FOLDER/demo_tmp_celery_bug.py', '--cfg-path', '/tmp/tmprjyfoxgd']
[2026-06-21T21:58:42.161+0000] {standard_task_runner.py:105} INFO - Job 392: Subtask write_3
[2026-06-21T21:58:42.420+0000] {task_command.py:467} INFO - Running <TaskInstance: demo_tmp_celery_bug.write_3 manual__2026-06-21T21:57:49.610716+00:00 [running]> on host 3f8339d18026
[2026-06-21T21:58:42.766+0000] {taskinstance.py:3134} INFO - Exporting env vars: AIRFLOW_CTX_DAG_OWNER='***' AIRFLOW_CTX_DAG_ID='demo_tmp_celery_bug' AIRFLOW_CTX_TASK_ID='write_3' AIRFLOW_CTX_EXECUTION_DATE='2026-06-21T21:57:49.610716+00:00' AIRFLOW_CTX_TRY_NUMBER='1' AIRFLOW_CTX_DAG_RUN_ID='manual__2026-06-21T21:57:49.610716+00:00'
[2026-06-21T21:58:42.771+0000] {taskinstance.py:732} INFO - ::endgroup::
[2026-06-21T21:58:42.829+0000] {logging_mixin.py:190} INFO - ======================================================================
[2026-06-21T21:58:42.835+0000] {logging_mixin.py:190} INFO - [WRITE 3] Arquivo criado em: /tmp/celery_demo/data_3.txt
[2026-06-21T21:58:42.839+0000] {logging_mixin.py:190} INFO - [WRITE 3] ESTE WORKER -> hostname=3f8339d18026 pid=760
[2026-06-21T21:58:42.858+0000] {logging_mixin.py:190} INFO - ======================================================================
[2026-06-21T21:58:42.871+0000] {logging_mixin.py:190} INFO - [WRITE 3] Se a read_3 cair em OUTRO worker, ela NÃO vai encontrar este arquivo.
[2026-06-21T21:58:42.880+0000] {python.py:240} INFO - Done. Returned value was: None
[2026-06-21T21:58:43.010+0000] {taskinstance.py:341} INFO - ::group::Post task execution logs
[2026-06-21T21:58:43.016+0000] {taskinstance.py:353} INFO - Marking task as SUCCESS. dag_id=demo_tmp_celery_bug, task_id=write_3, run_id=manual__2026-06-21T21:57:49.610716+00:00, execution_date=20260621T215749, start_date=20260621T215841, end_date=20260621T215843
[2026-06-21T21:58:43.338+0000] {local_task_job_runner.py:266} INFO - Task exited with return code 0
[2026-06-21T21:58:43.593+0000] {taskinstance.py:3901} INFO - 1 downstream tasks scheduled from follow-on schedule check
[2026-06-21T21:58:43.602+0000] {local_task_job_runner.py:245} INFO - ::endgroup::
