[2026-06-21T22:00:18.329+0000] {local_task_job_runner.py:123} INFO - ::group::Pre task execution logs
[2026-06-21T22:00:18.374+0000] {taskinstance.py:2614} INFO - Dependencies all met for dep_context=non-requeueable deps ti=<TaskInstance: demo_tmp_celery_bug.read_7 manual__2026-06-21T21:57:49.119847+00:00 [queued]>
[2026-06-21T22:00:18.401+0000] {taskinstance.py:2614} INFO - Dependencies all met for dep_context=requeueable deps ti=<TaskInstance: demo_tmp_celery_bug.read_7 manual__2026-06-21T21:57:49.119847+00:00 [queued]>
[2026-06-21T22:00:18.403+0000] {taskinstance.py:2867} INFO - Starting attempt 1 of 1
[2026-06-21T22:00:18.431+0000] {taskinstance.py:2890} INFO - Executing <Task(PythonOperator): read_7> on 2026-06-21 21:57:49.119847+00:00
[2026-06-21T22:00:18.446+0000] {warnings.py:112} WARNING - /home/***/.local/lib/python3.12/site-packages/***/task/task_runner/standard_task_runner.py:70: DeprecationWarning: This process (pid=121) is multi-threaded, use of fork() may lead to deadlocks in the child.
  pid = os.fork()

[2026-06-21T22:00:18.450+0000] {standard_task_runner.py:104} INFO - Running: ['***', 'tasks', 'run', 'demo_tmp_celery_bug', 'read_7', 'manual__2026-06-21T21:57:49.119847+00:00', '--job-id', '536', '--raw', '--subdir', 'DAGS_FOLDER/demo_tmp_celery_bug.py', '--cfg-path', '/tmp/tmpdi_1tb4f']
[2026-06-21T22:00:18.451+0000] {standard_task_runner.py:72} INFO - Started process 125 to run task
[2026-06-21T22:00:18.452+0000] {standard_task_runner.py:105} INFO - Job 536: Subtask read_7
[2026-06-21T22:00:18.562+0000] {task_command.py:467} INFO - Running <TaskInstance: demo_tmp_celery_bug.read_7 manual__2026-06-21T21:57:49.119847+00:00 [running]> on host 3f8339d18026
[2026-06-21T22:00:18.757+0000] {taskinstance.py:3134} INFO - Exporting env vars: AIRFLOW_CTX_DAG_OWNER='***' AIRFLOW_CTX_DAG_ID='demo_tmp_celery_bug' AIRFLOW_CTX_TASK_ID='read_7' AIRFLOW_CTX_EXECUTION_DATE='2026-06-21T21:57:49.119847+00:00' AIRFLOW_CTX_TRY_NUMBER='1' AIRFLOW_CTX_DAG_RUN_ID='manual__2026-06-21T21:57:49.119847+00:00'
[2026-06-21T22:00:18.761+0000] {taskinstance.py:732} INFO - ::endgroup::
[2026-06-21T22:00:18.809+0000] {logging_mixin.py:190} INFO - ======================================================================
[2026-06-21T22:00:18.810+0000] {logging_mixin.py:190} INFO - [READ 7] ESTE WORKER -> hostname=3f8339d18026 pid=125
[2026-06-21T22:00:18.812+0000] {logging_mixin.py:190} INFO - [READ 7] Procurando arquivo: /tmp/celery_demo/data_7.txt
[2026-06-21T22:00:18.814+0000] {logging_mixin.py:190} INFO - ======================================================================
[2026-06-21T22:00:18.817+0000] {logging_mixin.py:190} INFO - [READ 7] SUCESSO — arquivo encontrado neste worker.
[2026-06-21T22:00:18.819+0000] {logging_mixin.py:190} INFO - [READ 7] Conteúdo: Arquivo 7 escrito por: hostname=3f8339d18026 pid=844
[2026-06-21T22:00:18.820+0000] {logging_mixin.py:190} INFO - [READ 7] (write e read caíram no MESMO worker desta vez — por isso funcionou)
[2026-06-21T22:00:18.823+0000] {python.py:240} INFO - Done. Returned value was: None
[2026-06-21T22:00:18.858+0000] {taskinstance.py:341} INFO - ::group::Post task execution logs
[2026-06-21T22:00:18.861+0000] {taskinstance.py:353} INFO - Marking task as SUCCESS. dag_id=demo_tmp_celery_bug, task_id=read_7, run_id=manual__2026-06-21T21:57:49.119847+00:00, execution_date=20260621T215749, start_date=20260621T220018, end_date=20260621T220018
[2026-06-21T22:00:18.959+0000] {local_task_job_runner.py:266} INFO - Task exited with return code 0
[2026-06-21T22:00:18.985+0000] {taskinstance.py:3901} INFO - 0 downstream tasks scheduled from follow-on schedule check
[2026-06-21T22:00:18.989+0000] {local_task_job_runner.py:245} INFO - ::endgroup::
