[2026-06-21T21:55:54.708+0000] {local_task_job_runner.py:123} INFO - ::group::Pre task execution logs
[2026-06-21T21:55:54.735+0000] {taskinstance.py:2614} INFO - Dependencies all met for dep_context=non-requeueable deps ti=<TaskInstance: demo_tmp_celery_bug.write_1 manual__2026-06-21T21:55:53.616405+00:00 [queued]>
[2026-06-21T21:55:54.748+0000] {taskinstance.py:2614} INFO - Dependencies all met for dep_context=requeueable deps ti=<TaskInstance: demo_tmp_celery_bug.write_1 manual__2026-06-21T21:55:53.616405+00:00 [queued]>
[2026-06-21T21:55:54.749+0000] {taskinstance.py:2867} INFO - Starting attempt 1 of 1
[2026-06-21T21:55:54.767+0000] {taskinstance.py:2890} INFO - Executing <Task(PythonOperator): write_1> on 2026-06-21 21:55:53.616405+00:00
[2026-06-21T21:55:54.780+0000] {warnings.py:112} WARNING - /home/***/.local/lib/python3.12/site-packages/***/task/task_runner/standard_task_runner.py:70: DeprecationWarning: This process (pid=240) is multi-threaded, use of fork() may lead to deadlocks in the child.
  pid = os.fork()

[2026-06-21T21:55:54.783+0000] {standard_task_runner.py:72} INFO - Started process 248 to run task
[2026-06-21T21:55:54.783+0000] {standard_task_runner.py:104} INFO - Running: ['***', 'tasks', 'run', 'demo_tmp_celery_bug', 'write_1', 'manual__2026-06-21T21:55:53.616405+00:00', '--job-id', '83', '--raw', '--subdir', 'DAGS_FOLDER/demo_tmp_celery_bug.py', '--cfg-path', '/tmp/tmpioh_qx78']
[2026-06-21T21:55:54.785+0000] {standard_task_runner.py:105} INFO - Job 83: Subtask write_1
[2026-06-21T21:55:54.872+0000] {task_command.py:467} INFO - Running <TaskInstance: demo_tmp_celery_bug.write_1 manual__2026-06-21T21:55:53.616405+00:00 [running]> on host 3f8339d18026
[2026-06-21T21:55:54.992+0000] {taskinstance.py:3134} INFO - Exporting env vars: AIRFLOW_CTX_DAG_OWNER='***' AIRFLOW_CTX_DAG_ID='demo_tmp_celery_bug' AIRFLOW_CTX_TASK_ID='write_1' AIRFLOW_CTX_EXECUTION_DATE='2026-06-21T21:55:53.616405+00:00' AIRFLOW_CTX_TRY_NUMBER='1' AIRFLOW_CTX_DAG_RUN_ID='manual__2026-06-21T21:55:53.616405+00:00'
[2026-06-21T21:55:54.994+0000] {taskinstance.py:732} INFO - ::endgroup::
[2026-06-21T21:55:55.017+0000] {logging_mixin.py:190} INFO - ======================================================================
[2026-06-21T21:55:55.019+0000] {logging_mixin.py:190} INFO - [WRITE 1] Arquivo criado em: /tmp/celery_demo/data_1.txt
[2026-06-21T21:55:55.020+0000] {logging_mixin.py:190} INFO - [WRITE 1] ESTE WORKER -> hostname=3f8339d18026 pid=248
[2026-06-21T21:55:55.021+0000] {logging_mixin.py:190} INFO - ======================================================================
[2026-06-21T21:55:55.022+0000] {logging_mixin.py:190} INFO - [WRITE 1] Se a read_1 cair em OUTRO worker, ela NÃO vai encontrar este arquivo.
[2026-06-21T21:55:55.023+0000] {python.py:240} INFO - Done. Returned value was: None
[2026-06-21T21:55:55.037+0000] {taskinstance.py:341} INFO - ::group::Post task execution logs
[2026-06-21T21:55:55.038+0000] {taskinstance.py:353} INFO - Marking task as SUCCESS. dag_id=demo_tmp_celery_bug, task_id=write_1, run_id=manual__2026-06-21T21:55:53.616405+00:00, execution_date=20260621T215553, start_date=20260621T215554, end_date=20260621T215555
[2026-06-21T21:55:55.125+0000] {local_task_job_runner.py:266} INFO - Task exited with return code 0
[2026-06-21T21:55:55.136+0000] {local_task_job_runner.py:245} INFO - ::endgroup::
