[2026-07-18T01:08:42.437+0000] {local_task_job_runner.py:123} INFO - ::group::Pre task execution logs
[2026-07-18T01:08:42.459+0000] {taskinstance.py:2614} INFO - Dependencies all met for dep_context=non-requeueable deps ti=<TaskInstance: cotacoes_moedas.consultar_cotacoes scheduled__2026-07-18T01:00:00+00:00 [queued]>
[2026-07-18T01:08:42.472+0000] {taskinstance.py:2614} INFO - Dependencies all met for dep_context=requeueable deps ti=<TaskInstance: cotacoes_moedas.consultar_cotacoes scheduled__2026-07-18T01:00:00+00:00 [queued]>
[2026-07-18T01:08:42.475+0000] {taskinstance.py:2867} INFO - Starting attempt 1 of 3
[2026-07-18T01:08:42.497+0000] {taskinstance.py:2890} INFO - Executing <Task(_PythonDecoratedOperator): consultar_cotacoes> on 2026-07-18 01:00:00+00:00
[2026-07-18T01:08:42.508+0000] {standard_task_runner.py:104} INFO - Running: ['***', 'tasks', 'run', 'cotacoes_moedas', 'consultar_cotacoes', 'scheduled__2026-07-18T01:00:00+00:00', '--job-id', '622', '--raw', '--subdir', 'DAGS_FOLDER/cotacoes_moedas_dag.py', '--cfg-path', '/tmp/tmpog3ic80t']
[2026-07-18T01:08:42.506+0000] {warnings.py:112} WARNING - /home/***/.local/lib/python3.12/site-packages/***/task/task_runner/standard_task_runner.py:70: DeprecationWarning: This process (pid=187) is multi-threaded, use of fork() may lead to deadlocks in the child.
  pid = os.fork()

[2026-07-18T01:08:42.512+0000] {standard_task_runner.py:105} INFO - Job 622: Subtask consultar_cotacoes
[2026-07-18T01:08:42.515+0000] {standard_task_runner.py:72} INFO - Started process 188 to run task
[2026-07-18T01:08:42.594+0000] {task_command.py:467} INFO - Running <TaskInstance: cotacoes_moedas.consultar_cotacoes scheduled__2026-07-18T01:00:00+00:00 [running]> on host 4a9e1e1e5999
[2026-07-18T01:08:42.715+0000] {taskinstance.py:3134} INFO - Exporting env vars: AIRFLOW_CTX_DAG_OWNER='data' AIRFLOW_CTX_DAG_ID='cotacoes_moedas' AIRFLOW_CTX_TASK_ID='consultar_cotacoes' AIRFLOW_CTX_EXECUTION_DATE='2026-07-18T01:00:00+00:00' AIRFLOW_CTX_TRY_NUMBER='1' AIRFLOW_CTX_DAG_RUN_ID='scheduled__2026-07-18T01:00:00+00:00'
[2026-07-18T01:08:42.719+0000] {taskinstance.py:732} INFO - ::endgroup::
[2026-07-18T01:08:42.894+0000] {cotacoes_moedas_dag.py:62} INFO - A cotação do dolar hoje é essa: R$ 5.1030
[2026-07-18T01:08:42.895+0000] {cotacoes_moedas_dag.py:62} INFO - A cotação do quetzal da Guatemala hoje é essa: R$ 0.6666
[2026-07-18T01:08:42.897+0000] {cotacoes_moedas_dag.py:62} INFO - A cotação do peso mexicano hoje é essa: R$ 0.2920
[2026-07-18T01:08:42.899+0000] {cotacoes_moedas_dag.py:62} INFO - A cotação do dólar australiano hoje é essa: R$ 3.5544
[2026-07-18T01:08:42.902+0000] {cotacoes_moedas_dag.py:68} INFO - Cotações atualizadas em: 17/07/2026 21:02:32
[2026-07-18T01:08:42.904+0000] {cotacoes_moedas_dag.py:72} INFO - Fonte: https://www.exchangerate-api.com
[2026-07-18T01:08:42.907+0000] {python.py:240} INFO - Done. Returned value was: None
[2026-07-18T01:08:42.929+0000] {taskinstance.py:341} INFO - ::group::Post task execution logs
[2026-07-18T01:08:42.933+0000] {taskinstance.py:353} INFO - Marking task as SUCCESS. dag_id=cotacoes_moedas, task_id=consultar_cotacoes, run_id=scheduled__2026-07-18T01:00:00+00:00, execution_date=20260718T010000, start_date=20260718T010842, end_date=20260718T010842
[2026-07-18T01:08:43.015+0000] {local_task_job_runner.py:266} INFO - Task exited with return code 0
[2026-07-18T01:08:43.034+0000] {taskinstance.py:3901} INFO - 0 downstream tasks scheduled from follow-on schedule check
[2026-07-18T01:08:43.038+0000] {local_task_job_runner.py:245} INFO - ::endgroup::
