[2026-06-21T21:58:01.486+0000] {local_task_job_runner.py:123} INFO - ::group::Pre task execution logs
[2026-06-21T21:58:01.557+0000] {taskinstance.py:2614} INFO - Dependencies all met for dep_context=non-requeueable deps ti=<TaskInstance: demo_tmp_celery_bug.write_1 manual__2026-06-21T21:57:47.416051+00:00 [queued]>
[2026-06-21T21:58:01.639+0000] {taskinstance.py:2614} INFO - Dependencies all met for dep_context=requeueable deps ti=<TaskInstance: demo_tmp_celery_bug.write_1 manual__2026-06-21T21:57:47.416051+00:00 [queued]>
[2026-06-21T21:58:01.642+0000] {taskinstance.py:2867} INFO - Starting attempt 1 of 1
[2026-06-21T21:58:01.740+0000] {taskinstance.py:2890} INFO - Executing <Task(PythonOperator): write_1> on 2026-06-21 21:57:47.416051+00:00
[2026-06-21T21:58:01.778+0000] {warnings.py:112} WARNING - /home/***/.local/lib/python3.12/site-packages/***/task/task_runner/standard_task_runner.py:70: DeprecationWarning: This process (pid=568) is multi-threaded, use of fork() may lead to deadlocks in the child.
  pid = os.fork()

[2026-06-21T21:58:01.796+0000] {standard_task_runner.py:72} INFO - Started process 577 to run task
[2026-06-21T21:58:01.797+0000] {standard_task_runner.py:104} INFO - Running: ['***', 'tasks', 'run', 'demo_tmp_celery_bug', 'write_1', 'manual__2026-06-21T21:57:47.416051+00:00', '--job-id', '302', '--raw', '--subdir', 'DAGS_FOLDER/demo_tmp_celery_bug.py', '--cfg-path', '/tmp/tmp0i9cph6z']
[2026-06-21T21:58:01.810+0000] {standard_task_runner.py:105} INFO - Job 302: Subtask write_1
[2026-06-21T21:58:02.078+0000] {task_command.py:467} INFO - Running <TaskInstance: demo_tmp_celery_bug.write_1 manual__2026-06-21T21:57:47.416051+00:00 [running]> on host 4970a61b9d60
[2026-06-21T21:58:02.418+0000] {taskinstance.py:3134} INFO - Exporting env vars: AIRFLOW_CTX_DAG_OWNER='***' AIRFLOW_CTX_DAG_ID='demo_tmp_celery_bug' AIRFLOW_CTX_TASK_ID='write_1' AIRFLOW_CTX_EXECUTION_DATE='2026-06-21T21:57:47.416051+00:00' AIRFLOW_CTX_TRY_NUMBER='1' AIRFLOW_CTX_DAG_RUN_ID='manual__2026-06-21T21:57:47.416051+00:00'
[2026-06-21T21:58:02.424+0000] {taskinstance.py:732} INFO - ::endgroup::
[2026-06-21T21:58:02.543+0000] {logging_mixin.py:190} INFO - ======================================================================
[2026-06-21T21:58:02.560+0000] {logging_mixin.py:190} INFO - [WRITE 1] Arquivo criado em: /tmp/celery_demo/data_1.txt
[2026-06-21T21:58:02.567+0000] {logging_mixin.py:190} INFO - [WRITE 1] ESTE WORKER -> hostname=4970a61b9d60 pid=577
[2026-06-21T21:58:02.569+0000] {logging_mixin.py:190} INFO - ======================================================================
[2026-06-21T21:58:02.576+0000] {logging_mixin.py:190} INFO - [WRITE 1] Se a read_1 cair em OUTRO worker, ela NÃO vai encontrar este arquivo.
[2026-06-21T21:58:02.578+0000] {python.py:240} INFO - Done. Returned value was: None
[2026-06-21T21:58:02.654+0000] {taskinstance.py:341} INFO - ::group::Post task execution logs
[2026-06-21T21:58:02.663+0000] {taskinstance.py:353} INFO - Marking task as SUCCESS. dag_id=demo_tmp_celery_bug, task_id=write_1, run_id=manual__2026-06-21T21:57:47.416051+00:00, execution_date=20260621T215747, start_date=20260621T215801, end_date=20260621T215802
[2026-06-21T21:58:03.328+0000] {local_task_job_runner.py:266} INFO - Task exited with return code 0
[2026-06-21T21:58:03.617+0000] {taskinstance.py:3901} INFO - 1 downstream tasks scheduled from follow-on schedule check
[2026-06-21T21:58:03.655+0000] {local_task_job_runner.py:245} INFO - ::endgroup::
