[2026-06-21T21:56:52.304+0000] {local_task_job_runner.py:123} INFO - ::group::Pre task execution logs
[2026-06-21T21:56:52.344+0000] {taskinstance.py:2614} INFO - Dependencies all met for dep_context=non-requeueable deps ti=<TaskInstance: demo_tmp_celery_bug.write_0 manual__2026-06-21T21:56:50.263788+00:00 [queued]>
[2026-06-21T21:56:52.367+0000] {taskinstance.py:2614} INFO - Dependencies all met for dep_context=requeueable deps ti=<TaskInstance: demo_tmp_celery_bug.write_0 manual__2026-06-21T21:56:50.263788+00:00 [queued]>
[2026-06-21T21:56:52.369+0000] {taskinstance.py:2867} INFO - Starting attempt 1 of 1
[2026-06-21T21:56:52.404+0000] {taskinstance.py:2890} INFO - Executing <Task(PythonOperator): write_0> on 2026-06-21 21:56:50.263788+00:00
[2026-06-21T21:56:52.422+0000] {warnings.py:112} WARNING - /home/***/.local/lib/python3.12/site-packages/***/task/task_runner/standard_task_runner.py:70: DeprecationWarning: This process (pid=372) is multi-threaded, use of fork() may lead to deadlocks in the child.
  pid = os.fork()

[2026-06-21T21:56:52.426+0000] {standard_task_runner.py:104} INFO - Running: ['***', 'tasks', 'run', 'demo_tmp_celery_bug', 'write_0', 'manual__2026-06-21T21:56:50.263788+00:00', '--job-id', '168', '--raw', '--subdir', 'DAGS_FOLDER/demo_tmp_celery_bug.py', '--cfg-path', '/tmp/tmp24yo3u2a']
[2026-06-21T21:56:52.428+0000] {standard_task_runner.py:72} INFO - Started process 379 to run task
[2026-06-21T21:56:52.429+0000] {standard_task_runner.py:105} INFO - Job 168: Subtask write_0
[2026-06-21T21:56:52.589+0000] {task_command.py:467} INFO - Running <TaskInstance: demo_tmp_celery_bug.write_0 manual__2026-06-21T21:56:50.263788+00:00 [running]> on host 4970a61b9d60
[2026-06-21T21:56:52.873+0000] {taskinstance.py:3134} INFO - Exporting env vars: AIRFLOW_CTX_DAG_OWNER='***' AIRFLOW_CTX_DAG_ID='demo_tmp_celery_bug' AIRFLOW_CTX_TASK_ID='write_0' AIRFLOW_CTX_EXECUTION_DATE='2026-06-21T21:56:50.263788+00:00' AIRFLOW_CTX_TRY_NUMBER='1' AIRFLOW_CTX_DAG_RUN_ID='manual__2026-06-21T21:56:50.263788+00:00'
[2026-06-21T21:56:52.876+0000] {taskinstance.py:732} INFO - ::endgroup::
[2026-06-21T21:56:52.920+0000] {logging_mixin.py:190} INFO - ======================================================================
[2026-06-21T21:56:52.927+0000] {logging_mixin.py:190} INFO - [WRITE 0] Arquivo criado em: /tmp/celery_demo/data_0.txt
[2026-06-21T21:56:52.933+0000] {logging_mixin.py:190} INFO - [WRITE 0] ESTE WORKER -> hostname=4970a61b9d60 pid=379
[2026-06-21T21:56:52.934+0000] {logging_mixin.py:190} INFO - ======================================================================
[2026-06-21T21:56:52.936+0000] {logging_mixin.py:190} INFO - [WRITE 0] Se a read_0 cair em OUTRO worker, ela NÃO vai encontrar este arquivo.
[2026-06-21T21:56:52.938+0000] {python.py:240} INFO - Done. Returned value was: None
[2026-06-21T21:56:52.972+0000] {taskinstance.py:341} INFO - ::group::Post task execution logs
[2026-06-21T21:56:52.978+0000] {taskinstance.py:353} INFO - Marking task as SUCCESS. dag_id=demo_tmp_celery_bug, task_id=write_0, run_id=manual__2026-06-21T21:56:50.263788+00:00, execution_date=20260621T215650, start_date=20260621T215652, end_date=20260621T215652
[2026-06-21T21:56:53.210+0000] {local_task_job_runner.py:266} INFO - Task exited with return code 0
[2026-06-21T21:56:53.269+0000] {local_task_job_runner.py:245} INFO - ::endgroup::
