[2026-06-21T21:56:39.217+0000] {local_task_job_runner.py:123} INFO - ::group::Pre task execution logs
[2026-06-21T21:56:39.248+0000] {taskinstance.py:2614} INFO - Dependencies all met for dep_context=non-requeueable deps ti=<TaskInstance: demo_tmp_celery_bug.write_6 manual__2026-06-21T21:56:37.738303+00:00 [queued]>
[2026-06-21T21:56:39.264+0000] {taskinstance.py:2614} INFO - Dependencies all met for dep_context=requeueable deps ti=<TaskInstance: demo_tmp_celery_bug.write_6 manual__2026-06-21T21:56:37.738303+00:00 [queued]>
[2026-06-21T21:56:39.266+0000] {taskinstance.py:2867} INFO - Starting attempt 1 of 1
[2026-06-21T21:56:39.287+0000] {taskinstance.py:2890} INFO - Executing <Task(PythonOperator): write_6> on 2026-06-21 21:56:37.738303+00:00
[2026-06-21T21:56:39.298+0000] {warnings.py:112} WARNING - /home/***/.local/lib/python3.12/site-packages/***/task/task_runner/standard_task_runner.py:70: DeprecationWarning: This process (pid=332) is multi-threaded, use of fork() may lead to deadlocks in the child.
  pid = os.fork()

[2026-06-21T21:56:39.302+0000] {standard_task_runner.py:72} INFO - Started process 337 to run task
[2026-06-21T21:56:39.302+0000] {standard_task_runner.py:104} INFO - Running: ['***', 'tasks', 'run', 'demo_tmp_celery_bug', 'write_6', 'manual__2026-06-21T21:56:37.738303+00:00', '--job-id', '149', '--raw', '--subdir', 'DAGS_FOLDER/demo_tmp_celery_bug.py', '--cfg-path', '/tmp/tmp8k5nktpp']
[2026-06-21T21:56:39.306+0000] {standard_task_runner.py:105} INFO - Job 149: Subtask write_6
[2026-06-21T21:56:39.387+0000] {task_command.py:467} INFO - Running <TaskInstance: demo_tmp_celery_bug.write_6 manual__2026-06-21T21:56:37.738303+00:00 [running]> on host 4970a61b9d60
[2026-06-21T21:56:39.506+0000] {taskinstance.py:3134} INFO - Exporting env vars: AIRFLOW_CTX_DAG_OWNER='***' AIRFLOW_CTX_DAG_ID='demo_tmp_celery_bug' AIRFLOW_CTX_TASK_ID='write_6' AIRFLOW_CTX_EXECUTION_DATE='2026-06-21T21:56:37.738303+00:00' AIRFLOW_CTX_TRY_NUMBER='1' AIRFLOW_CTX_DAG_RUN_ID='manual__2026-06-21T21:56:37.738303+00:00'
[2026-06-21T21:56:39.508+0000] {taskinstance.py:732} INFO - ::endgroup::
[2026-06-21T21:56:39.534+0000] {logging_mixin.py:190} INFO - ======================================================================
[2026-06-21T21:56:39.535+0000] {logging_mixin.py:190} INFO - [WRITE 6] Arquivo criado em: /tmp/celery_demo/data_6.txt
[2026-06-21T21:56:39.536+0000] {logging_mixin.py:190} INFO - [WRITE 6] ESTE WORKER -> hostname=4970a61b9d60 pid=337
[2026-06-21T21:56:39.538+0000] {logging_mixin.py:190} INFO - ======================================================================
[2026-06-21T21:56:39.539+0000] {logging_mixin.py:190} INFO - [WRITE 6] Se a read_6 cair em OUTRO worker, ela NÃO vai encontrar este arquivo.
[2026-06-21T21:56:39.540+0000] {python.py:240} INFO - Done. Returned value was: None
[2026-06-21T21:56:39.553+0000] {taskinstance.py:341} INFO - ::group::Post task execution logs
[2026-06-21T21:56:39.555+0000] {taskinstance.py:353} INFO - Marking task as SUCCESS. dag_id=demo_tmp_celery_bug, task_id=write_6, run_id=manual__2026-06-21T21:56:37.738303+00:00, execution_date=20260621T215637, start_date=20260621T215639, end_date=20260621T215639
[2026-06-21T21:56:39.601+0000] {local_task_job_runner.py:266} INFO - Task exited with return code 0
[2026-06-21T21:56:39.622+0000] {local_task_job_runner.py:245} INFO - ::endgroup::
