[2026-07-18T01:08:34.340+0000] {processor.py:186} INFO - Started process (PID=160) to work on /opt/airflow/dags/cotacoes_moedas_dag.py
[2026-07-18T01:08:34.341+0000] {processor.py:914} INFO - Processing file /opt/airflow/dags/cotacoes_moedas_dag.py for tasks to queue
[2026-07-18T01:08:34.344+0000] {logging_mixin.py:190} INFO - [2026-07-18T01:08:34.344+0000] {dagbag.py:588} INFO - Filling up the DagBag from /opt/airflow/dags/cotacoes_moedas_dag.py
[2026-07-18T01:08:34.369+0000] {processor.py:925} INFO - DAG(s) 'cotacoes_moedas' retrieved from /opt/airflow/dags/cotacoes_moedas_dag.py
[2026-07-18T01:08:34.584+0000] {logging_mixin.py:190} INFO - [2026-07-18T01:08:34.583+0000] {override.py:1912} INFO - Created Permission View: can edit on DAG:cotacoes_moedas
[2026-07-18T01:08:34.591+0000] {logging_mixin.py:190} INFO - [2026-07-18T01:08:34.591+0000] {override.py:1912} INFO - Created Permission View: can delete on DAG:cotacoes_moedas
[2026-07-18T01:08:34.596+0000] {logging_mixin.py:190} INFO - [2026-07-18T01:08:34.596+0000] {override.py:1912} INFO - Created Permission View: can read on DAG:cotacoes_moedas
[2026-07-18T01:08:34.602+0000] {logging_mixin.py:190} INFO - [2026-07-18T01:08:34.602+0000] {override.py:1912} INFO - Created Permission View: menu access on DAG Run:cotacoes_moedas
[2026-07-18T01:08:34.608+0000] {logging_mixin.py:190} INFO - [2026-07-18T01:08:34.607+0000] {override.py:1912} INFO - Created Permission View: can create on DAG Run:cotacoes_moedas
[2026-07-18T01:08:34.615+0000] {logging_mixin.py:190} INFO - [2026-07-18T01:08:34.614+0000] {override.py:1912} INFO - Created Permission View: can delete on DAG Run:cotacoes_moedas
[2026-07-18T01:08:34.624+0000] {logging_mixin.py:190} INFO - [2026-07-18T01:08:34.624+0000] {override.py:1912} INFO - Created Permission View: can read on DAG Run:cotacoes_moedas
[2026-07-18T01:08:34.625+0000] {logging_mixin.py:190} INFO - [2026-07-18T01:08:34.625+0000] {dag.py:3239} INFO - Sync 1 DAGs
[2026-07-18T01:08:34.637+0000] {logging_mixin.py:190} INFO - [2026-07-18T01:08:34.637+0000] {dag.py:3262} INFO - Creating ORM DAG for cotacoes_moedas
[2026-07-18T01:08:34.779+0000] {logging_mixin.py:190} INFO - [2026-07-18T01:08:34.779+0000] {dag.py:4180} INFO - Setting next_dagrun for cotacoes_moedas to 2026-07-18 01:00:00+00:00, run_after=2026-07-18 01:05:00+00:00
[2026-07-18T01:08:34.803+0000] {processor.py:208} INFO - Processing /opt/airflow/dags/cotacoes_moedas_dag.py took 0.468 seconds
[2026-07-18T01:08:44.901+0000] {processor.py:186} INFO - Started process (PID=161) to work on /opt/airflow/dags/cotacoes_moedas_dag.py
[2026-07-18T01:08:44.903+0000] {processor.py:914} INFO - Processing file /opt/airflow/dags/cotacoes_moedas_dag.py for tasks to queue
[2026-07-18T01:08:44.905+0000] {logging_mixin.py:190} INFO - [2026-07-18T01:08:44.905+0000] {dagbag.py:588} INFO - Filling up the DagBag from /opt/airflow/dags/cotacoes_moedas_dag.py
[2026-07-18T01:08:44.920+0000] {processor.py:925} INFO - DAG(s) 'cotacoes_moedas' retrieved from /opt/airflow/dags/cotacoes_moedas_dag.py
[2026-07-18T01:08:44.930+0000] {logging_mixin.py:190} INFO - [2026-07-18T01:08:44.930+0000] {dag.py:3239} INFO - Sync 1 DAGs
[2026-07-18T01:08:44.954+0000] {logging_mixin.py:190} INFO - [2026-07-18T01:08:44.954+0000] {dag.py:4180} INFO - Setting next_dagrun for cotacoes_moedas to 2026-07-18 01:05:00+00:00, run_after=2026-07-18 01:10:00+00:00
[2026-07-18T01:08:44.971+0000] {processor.py:208} INFO - Processing /opt/airflow/dags/cotacoes_moedas_dag.py took 0.077 seconds
[2026-07-18T01:08:55.056+0000] {processor.py:186} INFO - Started process (PID=168) to work on /opt/airflow/dags/cotacoes_moedas_dag.py
[2026-07-18T01:08:55.057+0000] {processor.py:914} INFO - Processing file /opt/airflow/dags/cotacoes_moedas_dag.py for tasks to queue
[2026-07-18T01:08:55.060+0000] {logging_mixin.py:190} INFO - [2026-07-18T01:08:55.059+0000] {dagbag.py:588} INFO - Filling up the DagBag from /opt/airflow/dags/cotacoes_moedas_dag.py
[2026-07-18T01:08:55.073+0000] {processor.py:925} INFO - DAG(s) 'cotacoes_moedas' retrieved from /opt/airflow/dags/cotacoes_moedas_dag.py
[2026-07-18T01:08:55.082+0000] {logging_mixin.py:190} INFO - [2026-07-18T01:08:55.082+0000] {dag.py:3239} INFO - Sync 1 DAGs
[2026-07-18T01:08:55.102+0000] {logging_mixin.py:190} INFO - [2026-07-18T01:08:55.102+0000] {dag.py:4180} INFO - Setting next_dagrun for cotacoes_moedas to 2026-07-18 01:05:00+00:00, run_after=2026-07-18 01:10:00+00:00
[2026-07-18T01:08:55.116+0000] {processor.py:208} INFO - Processing /opt/airflow/dags/cotacoes_moedas_dag.py took 0.066 seconds
[2026-07-18T01:09:05.191+0000] {processor.py:186} INFO - Started process (PID=169) to work on /opt/airflow/dags/cotacoes_moedas_dag.py
[2026-07-18T01:09:05.192+0000] {processor.py:914} INFO - Processing file /opt/airflow/dags/cotacoes_moedas_dag.py for tasks to queue
[2026-07-18T01:09:05.194+0000] {logging_mixin.py:190} INFO - [2026-07-18T01:09:05.194+0000] {dagbag.py:588} INFO - Filling up the DagBag from /opt/airflow/dags/cotacoes_moedas_dag.py
[2026-07-18T01:09:05.209+0000] {processor.py:925} INFO - DAG(s) 'cotacoes_moedas' retrieved from /opt/airflow/dags/cotacoes_moedas_dag.py
[2026-07-18T01:09:05.230+0000] {logging_mixin.py:190} INFO - [2026-07-18T01:09:05.229+0000] {dag.py:3239} INFO - Sync 1 DAGs
[2026-07-18T01:09:05.247+0000] {logging_mixin.py:190} INFO - [2026-07-18T01:09:05.247+0000] {dag.py:4180} INFO - Setting next_dagrun for cotacoes_moedas to 2026-07-18 01:05:00+00:00, run_after=2026-07-18 01:10:00+00:00
[2026-07-18T01:09:05.261+0000] {processor.py:208} INFO - Processing /opt/airflow/dags/cotacoes_moedas_dag.py took 0.078 seconds
[2026-07-18T01:09:15.333+0000] {processor.py:186} INFO - Started process (PID=170) to work on /opt/airflow/dags/cotacoes_moedas_dag.py
[2026-07-18T01:09:15.335+0000] {processor.py:914} INFO - Processing file /opt/airflow/dags/cotacoes_moedas_dag.py for tasks to queue
[2026-07-18T01:09:15.337+0000] {logging_mixin.py:190} INFO - [2026-07-18T01:09:15.337+0000] {dagbag.py:588} INFO - Filling up the DagBag from /opt/airflow/dags/cotacoes_moedas_dag.py
[2026-07-18T01:09:15.350+0000] {processor.py:925} INFO - DAG(s) 'cotacoes_moedas' retrieved from /opt/airflow/dags/cotacoes_moedas_dag.py
[2026-07-18T01:09:15.371+0000] {logging_mixin.py:190} INFO - [2026-07-18T01:09:15.371+0000] {dag.py:3239} INFO - Sync 1 DAGs
[2026-07-18T01:09:15.388+0000] {logging_mixin.py:190} INFO - [2026-07-18T01:09:15.388+0000] {dag.py:4180} INFO - Setting next_dagrun for cotacoes_moedas to 2026-07-18 01:05:00+00:00, run_after=2026-07-18 01:10:00+00:00
[2026-07-18T01:09:15.402+0000] {processor.py:208} INFO - Processing /opt/airflow/dags/cotacoes_moedas_dag.py took 0.074 seconds
[2026-07-18T01:09:25.479+0000] {processor.py:186} INFO - Started process (PID=177) to work on /opt/airflow/dags/cotacoes_moedas_dag.py
[2026-07-18T01:09:25.480+0000] {processor.py:914} INFO - Processing file /opt/airflow/dags/cotacoes_moedas_dag.py for tasks to queue
[2026-07-18T01:09:25.482+0000] {logging_mixin.py:190} INFO - [2026-07-18T01:09:25.482+0000] {dagbag.py:588} INFO - Filling up the DagBag from /opt/airflow/dags/cotacoes_moedas_dag.py
[2026-07-18T01:09:25.508+0000] {processor.py:925} INFO - DAG(s) 'cotacoes_moedas' retrieved from /opt/airflow/dags/cotacoes_moedas_dag.py
[2026-07-18T01:09:25.530+0000] {logging_mixin.py:190} INFO - [2026-07-18T01:09:25.529+0000] {dag.py:3239} INFO - Sync 1 DAGs
[2026-07-18T01:09:25.548+0000] {logging_mixin.py:190} INFO - [2026-07-18T01:09:25.547+0000] {dag.py:4180} INFO - Setting next_dagrun for cotacoes_moedas to 2026-07-18 01:05:00+00:00, run_after=2026-07-18 01:10:00+00:00
[2026-07-18T01:09:25.567+0000] {processor.py:208} INFO - Processing /opt/airflow/dags/cotacoes_moedas_dag.py took 0.095 seconds
[2026-07-18T01:09:35.653+0000] {processor.py:186} INFO - Started process (PID=178) to work on /opt/airflow/dags/cotacoes_moedas_dag.py
[2026-07-18T01:09:35.654+0000] {processor.py:914} INFO - Processing file /opt/airflow/dags/cotacoes_moedas_dag.py for tasks to queue
[2026-07-18T01:09:35.656+0000] {logging_mixin.py:190} INFO - [2026-07-18T01:09:35.656+0000] {dagbag.py:588} INFO - Filling up the DagBag from /opt/airflow/dags/cotacoes_moedas_dag.py
[2026-07-18T01:09:35.670+0000] {processor.py:925} INFO - DAG(s) 'cotacoes_moedas' retrieved from /opt/airflow/dags/cotacoes_moedas_dag.py
[2026-07-18T01:09:35.692+0000] {logging_mixin.py:190} INFO - [2026-07-18T01:09:35.691+0000] {dag.py:3239} INFO - Sync 1 DAGs
[2026-07-18T01:09:35.709+0000] {logging_mixin.py:190} INFO - [2026-07-18T01:09:35.709+0000] {dag.py:4180} INFO - Setting next_dagrun for cotacoes_moedas to 2026-07-18 01:05:00+00:00, run_after=2026-07-18 01:10:00+00:00
[2026-07-18T01:09:35.722+0000] {processor.py:208} INFO - Processing /opt/airflow/dags/cotacoes_moedas_dag.py took 0.075 seconds
[2026-07-18T01:09:45.806+0000] {processor.py:186} INFO - Started process (PID=179) to work on /opt/airflow/dags/cotacoes_moedas_dag.py
[2026-07-18T01:09:45.807+0000] {processor.py:914} INFO - Processing file /opt/airflow/dags/cotacoes_moedas_dag.py for tasks to queue
[2026-07-18T01:09:45.809+0000] {logging_mixin.py:190} INFO - [2026-07-18T01:09:45.809+0000] {dagbag.py:588} INFO - Filling up the DagBag from /opt/airflow/dags/cotacoes_moedas_dag.py
[2026-07-18T01:09:45.822+0000] {processor.py:925} INFO - DAG(s) 'cotacoes_moedas' retrieved from /opt/airflow/dags/cotacoes_moedas_dag.py
[2026-07-18T01:09:45.846+0000] {logging_mixin.py:190} INFO - [2026-07-18T01:09:45.846+0000] {dag.py:3239} INFO - Sync 1 DAGs
[2026-07-18T01:09:45.865+0000] {logging_mixin.py:190} INFO - [2026-07-18T01:09:45.865+0000] {dag.py:4180} INFO - Setting next_dagrun for cotacoes_moedas to 2026-07-18 01:05:00+00:00, run_after=2026-07-18 01:10:00+00:00
[2026-07-18T01:09:45.880+0000] {processor.py:208} INFO - Processing /opt/airflow/dags/cotacoes_moedas_dag.py took 0.079 seconds
[2026-07-18T01:09:55.965+0000] {processor.py:186} INFO - Started process (PID=186) to work on /opt/airflow/dags/cotacoes_moedas_dag.py
[2026-07-18T01:09:55.966+0000] {processor.py:914} INFO - Processing file /opt/airflow/dags/cotacoes_moedas_dag.py for tasks to queue
[2026-07-18T01:09:55.969+0000] {logging_mixin.py:190} INFO - [2026-07-18T01:09:55.969+0000] {dagbag.py:588} INFO - Filling up the DagBag from /opt/airflow/dags/cotacoes_moedas_dag.py
[2026-07-18T01:09:55.987+0000] {processor.py:925} INFO - DAG(s) 'cotacoes_moedas' retrieved from /opt/airflow/dags/cotacoes_moedas_dag.py
[2026-07-18T01:09:56.013+0000] {logging_mixin.py:190} INFO - [2026-07-18T01:09:56.013+0000] {dag.py:3239} INFO - Sync 1 DAGs
[2026-07-18T01:09:56.035+0000] {logging_mixin.py:190} INFO - [2026-07-18T01:09:56.035+0000] {dag.py:4180} INFO - Setting next_dagrun for cotacoes_moedas to 2026-07-18 01:05:00+00:00, run_after=2026-07-18 01:10:00+00:00
[2026-07-18T01:09:56.053+0000] {processor.py:208} INFO - Processing /opt/airflow/dags/cotacoes_moedas_dag.py took 0.096 seconds
[2026-07-18T01:10:06.133+0000] {processor.py:186} INFO - Started process (PID=187) to work on /opt/airflow/dags/cotacoes_moedas_dag.py
[2026-07-18T01:10:06.134+0000] {processor.py:914} INFO - Processing file /opt/airflow/dags/cotacoes_moedas_dag.py for tasks to queue
[2026-07-18T01:10:06.137+0000] {logging_mixin.py:190} INFO - [2026-07-18T01:10:06.137+0000] {dagbag.py:588} INFO - Filling up the DagBag from /opt/airflow/dags/cotacoes_moedas_dag.py
[2026-07-18T01:10:06.157+0000] {processor.py:925} INFO - DAG(s) 'cotacoes_moedas' retrieved from /opt/airflow/dags/cotacoes_moedas_dag.py
[2026-07-18T01:10:06.189+0000] {logging_mixin.py:190} INFO - [2026-07-18T01:10:06.189+0000] {dag.py:3239} INFO - Sync 1 DAGs
[2026-07-18T01:10:06.210+0000] {logging_mixin.py:190} INFO - [2026-07-18T01:10:06.210+0000] {dag.py:4180} INFO - Setting next_dagrun for cotacoes_moedas to 2026-07-18 01:10:00+00:00, run_after=2026-07-18 01:15:00+00:00
[2026-07-18T01:10:06.228+0000] {processor.py:208} INFO - Processing /opt/airflow/dags/cotacoes_moedas_dag.py took 0.102 seconds
[2026-07-18T01:10:16.319+0000] {processor.py:186} INFO - Started process (PID=188) to work on /opt/airflow/dags/cotacoes_moedas_dag.py
[2026-07-18T01:10:16.320+0000] {processor.py:914} INFO - Processing file /opt/airflow/dags/cotacoes_moedas_dag.py for tasks to queue
[2026-07-18T01:10:16.322+0000] {logging_mixin.py:190} INFO - [2026-07-18T01:10:16.321+0000] {dagbag.py:588} INFO - Filling up the DagBag from /opt/airflow/dags/cotacoes_moedas_dag.py
[2026-07-18T01:10:16.335+0000] {processor.py:925} INFO - DAG(s) 'cotacoes_moedas' retrieved from /opt/airflow/dags/cotacoes_moedas_dag.py
[2026-07-18T01:10:16.354+0000] {logging_mixin.py:190} INFO - [2026-07-18T01:10:16.354+0000] {dag.py:3239} INFO - Sync 1 DAGs
[2026-07-18T01:10:16.372+0000] {logging_mixin.py:190} INFO - [2026-07-18T01:10:16.372+0000] {dag.py:4180} INFO - Setting next_dagrun for cotacoes_moedas to 2026-07-18 01:10:00+00:00, run_after=2026-07-18 01:15:00+00:00
[2026-07-18T01:10:16.387+0000] {processor.py:208} INFO - Processing /opt/airflow/dags/cotacoes_moedas_dag.py took 0.074 seconds
[2026-07-18T01:10:26.419+0000] {processor.py:186} INFO - Started process (PID=195) to work on /opt/airflow/dags/cotacoes_moedas_dag.py
[2026-07-18T01:10:26.420+0000] {processor.py:914} INFO - Processing file /opt/airflow/dags/cotacoes_moedas_dag.py for tasks to queue
[2026-07-18T01:10:26.422+0000] {logging_mixin.py:190} INFO - [2026-07-18T01:10:26.422+0000] {dagbag.py:588} INFO - Filling up the DagBag from /opt/airflow/dags/cotacoes_moedas_dag.py
[2026-07-18T01:10:26.441+0000] {processor.py:925} INFO - DAG(s) 'cotacoes_moedas' retrieved from /opt/airflow/dags/cotacoes_moedas_dag.py
[2026-07-18T01:10:26.468+0000] {logging_mixin.py:190} INFO - [2026-07-18T01:10:26.468+0000] {dag.py:3239} INFO - Sync 1 DAGs
[2026-07-18T01:10:26.492+0000] {logging_mixin.py:190} INFO - [2026-07-18T01:10:26.491+0000] {dag.py:4180} INFO - Setting next_dagrun for cotacoes_moedas to 2026-07-18 01:10:00+00:00, run_after=2026-07-18 01:15:00+00:00
[2026-07-18T01:10:26.509+0000] {processor.py:208} INFO - Processing /opt/airflow/dags/cotacoes_moedas_dag.py took 0.097 seconds
[2026-07-18T01:10:36.559+0000] {processor.py:186} INFO - Started process (PID=196) to work on /opt/airflow/dags/cotacoes_moedas_dag.py
[2026-07-18T01:10:36.561+0000] {processor.py:914} INFO - Processing file /opt/airflow/dags/cotacoes_moedas_dag.py for tasks to queue
[2026-07-18T01:10:36.563+0000] {logging_mixin.py:190} INFO - [2026-07-18T01:10:36.563+0000] {dagbag.py:588} INFO - Filling up the DagBag from /opt/airflow/dags/cotacoes_moedas_dag.py
[2026-07-18T01:10:36.582+0000] {processor.py:925} INFO - DAG(s) 'cotacoes_moedas' retrieved from /opt/airflow/dags/cotacoes_moedas_dag.py
[2026-07-18T01:10:36.604+0000] {logging_mixin.py:190} INFO - [2026-07-18T01:10:36.604+0000] {dag.py:3239} INFO - Sync 1 DAGs
[2026-07-18T01:10:36.624+0000] {logging_mixin.py:190} INFO - [2026-07-18T01:10:36.624+0000] {dag.py:4180} INFO - Setting next_dagrun for cotacoes_moedas to 2026-07-18 01:10:00+00:00, run_after=2026-07-18 01:15:00+00:00
[2026-07-18T01:10:36.643+0000] {processor.py:208} INFO - Processing /opt/airflow/dags/cotacoes_moedas_dag.py took 0.091 seconds
[2026-07-18T01:10:46.728+0000] {processor.py:186} INFO - Started process (PID=197) to work on /opt/airflow/dags/cotacoes_moedas_dag.py
[2026-07-18T01:10:46.729+0000] {processor.py:914} INFO - Processing file /opt/airflow/dags/cotacoes_moedas_dag.py for tasks to queue
[2026-07-18T01:10:46.731+0000] {logging_mixin.py:190} INFO - [2026-07-18T01:10:46.731+0000] {dagbag.py:588} INFO - Filling up the DagBag from /opt/airflow/dags/cotacoes_moedas_dag.py
[2026-07-18T01:10:46.745+0000] {processor.py:925} INFO - DAG(s) 'cotacoes_moedas' retrieved from /opt/airflow/dags/cotacoes_moedas_dag.py
[2026-07-18T01:10:46.767+0000] {logging_mixin.py:190} INFO - [2026-07-18T01:10:46.767+0000] {dag.py:3239} INFO - Sync 1 DAGs
[2026-07-18T01:10:46.787+0000] {logging_mixin.py:190} INFO - [2026-07-18T01:10:46.787+0000] {dag.py:4180} INFO - Setting next_dagrun for cotacoes_moedas to 2026-07-18 01:10:00+00:00, run_after=2026-07-18 01:15:00+00:00
[2026-07-18T01:10:46.801+0000] {processor.py:208} INFO - Processing /opt/airflow/dags/cotacoes_moedas_dag.py took 0.079 seconds
[2026-07-18T01:10:56.884+0000] {processor.py:186} INFO - Started process (PID=204) to work on /opt/airflow/dags/cotacoes_moedas_dag.py
[2026-07-18T01:10:56.885+0000] {processor.py:914} INFO - Processing file /opt/airflow/dags/cotacoes_moedas_dag.py for tasks to queue
[2026-07-18T01:10:56.888+0000] {logging_mixin.py:190} INFO - [2026-07-18T01:10:56.887+0000] {dagbag.py:588} INFO - Filling up the DagBag from /opt/airflow/dags/cotacoes_moedas_dag.py
[2026-07-18T01:10:56.902+0000] {processor.py:925} INFO - DAG(s) 'cotacoes_moedas' retrieved from /opt/airflow/dags/cotacoes_moedas_dag.py
[2026-07-18T01:10:56.922+0000] {logging_mixin.py:190} INFO - [2026-07-18T01:10:56.922+0000] {dag.py:3239} INFO - Sync 1 DAGs
[2026-07-18T01:10:56.941+0000] {logging_mixin.py:190} INFO - [2026-07-18T01:10:56.940+0000] {dag.py:4180} INFO - Setting next_dagrun for cotacoes_moedas to 2026-07-18 01:10:00+00:00, run_after=2026-07-18 01:15:00+00:00
[2026-07-18T01:10:56.954+0000] {processor.py:208} INFO - Processing /opt/airflow/dags/cotacoes_moedas_dag.py took 0.076 seconds
[2026-07-18T01:11:07.039+0000] {processor.py:186} INFO - Started process (PID=205) to work on /opt/airflow/dags/cotacoes_moedas_dag.py
[2026-07-18T01:11:07.041+0000] {processor.py:914} INFO - Processing file /opt/airflow/dags/cotacoes_moedas_dag.py for tasks to queue
[2026-07-18T01:11:07.043+0000] {logging_mixin.py:190} INFO - [2026-07-18T01:11:07.043+0000] {dagbag.py:588} INFO - Filling up the DagBag from /opt/airflow/dags/cotacoes_moedas_dag.py
[2026-07-18T01:11:07.061+0000] {processor.py:925} INFO - DAG(s) 'cotacoes_moedas' retrieved from /opt/airflow/dags/cotacoes_moedas_dag.py
[2026-07-18T01:11:07.084+0000] {logging_mixin.py:190} INFO - [2026-07-18T01:11:07.084+0000] {dag.py:3239} INFO - Sync 1 DAGs
[2026-07-18T01:11:07.101+0000] {logging_mixin.py:190} INFO - [2026-07-18T01:11:07.101+0000] {dag.py:4180} INFO - Setting next_dagrun for cotacoes_moedas to 2026-07-18 01:10:00+00:00, run_after=2026-07-18 01:15:00+00:00
[2026-07-18T01:11:07.116+0000] {processor.py:208} INFO - Processing /opt/airflow/dags/cotacoes_moedas_dag.py took 0.086 seconds
[2026-07-18T01:11:17.200+0000] {processor.py:186} INFO - Started process (PID=206) to work on /opt/airflow/dags/cotacoes_moedas_dag.py
[2026-07-18T01:11:17.201+0000] {processor.py:914} INFO - Processing file /opt/airflow/dags/cotacoes_moedas_dag.py for tasks to queue
[2026-07-18T01:11:17.203+0000] {logging_mixin.py:190} INFO - [2026-07-18T01:11:17.203+0000] {dagbag.py:588} INFO - Filling up the DagBag from /opt/airflow/dags/cotacoes_moedas_dag.py
[2026-07-18T01:11:17.220+0000] {processor.py:925} INFO - DAG(s) 'cotacoes_moedas' retrieved from /opt/airflow/dags/cotacoes_moedas_dag.py
[2026-07-18T01:11:17.241+0000] {logging_mixin.py:190} INFO - [2026-07-18T01:11:17.241+0000] {dag.py:3239} INFO - Sync 1 DAGs
[2026-07-18T01:11:17.258+0000] {logging_mixin.py:190} INFO - [2026-07-18T01:11:17.258+0000] {dag.py:4180} INFO - Setting next_dagrun for cotacoes_moedas to 2026-07-18 01:10:00+00:00, run_after=2026-07-18 01:15:00+00:00
[2026-07-18T01:11:17.273+0000] {processor.py:208} INFO - Processing /opt/airflow/dags/cotacoes_moedas_dag.py took 0.078 seconds
[2026-07-18T01:11:27.304+0000] {processor.py:186} INFO - Started process (PID=213) to work on /opt/airflow/dags/cotacoes_moedas_dag.py
[2026-07-18T01:11:27.305+0000] {processor.py:914} INFO - Processing file /opt/airflow/dags/cotacoes_moedas_dag.py for tasks to queue
[2026-07-18T01:11:27.307+0000] {logging_mixin.py:190} INFO - [2026-07-18T01:11:27.307+0000] {dagbag.py:588} INFO - Filling up the DagBag from /opt/airflow/dags/cotacoes_moedas_dag.py
[2026-07-18T01:11:27.321+0000] {processor.py:925} INFO - DAG(s) 'cotacoes_moedas' retrieved from /opt/airflow/dags/cotacoes_moedas_dag.py
[2026-07-18T01:11:27.343+0000] {logging_mixin.py:190} INFO - [2026-07-18T01:11:27.343+0000] {dag.py:3239} INFO - Sync 1 DAGs
[2026-07-18T01:11:27.362+0000] {logging_mixin.py:190} INFO - [2026-07-18T01:11:27.361+0000] {dag.py:4180} INFO - Setting next_dagrun for cotacoes_moedas to 2026-07-18 01:10:00+00:00, run_after=2026-07-18 01:15:00+00:00
[2026-07-18T01:11:27.383+0000] {processor.py:208} INFO - Processing /opt/airflow/dags/cotacoes_moedas_dag.py took 0.085 seconds
[2026-07-18T01:11:37.432+0000] {processor.py:186} INFO - Started process (PID=214) to work on /opt/airflow/dags/cotacoes_moedas_dag.py
[2026-07-18T01:11:37.433+0000] {processor.py:914} INFO - Processing file /opt/airflow/dags/cotacoes_moedas_dag.py for tasks to queue
[2026-07-18T01:11:37.435+0000] {logging_mixin.py:190} INFO - [2026-07-18T01:11:37.435+0000] {dagbag.py:588} INFO - Filling up the DagBag from /opt/airflow/dags/cotacoes_moedas_dag.py
[2026-07-18T01:11:37.453+0000] {processor.py:925} INFO - DAG(s) 'cotacoes_moedas' retrieved from /opt/airflow/dags/cotacoes_moedas_dag.py
[2026-07-18T01:11:37.472+0000] {logging_mixin.py:190} INFO - [2026-07-18T01:11:37.472+0000] {dag.py:3239} INFO - Sync 1 DAGs
[2026-07-18T01:11:37.488+0000] {logging_mixin.py:190} INFO - [2026-07-18T01:11:37.488+0000] {dag.py:4180} INFO - Setting next_dagrun for cotacoes_moedas to 2026-07-18 01:10:00+00:00, run_after=2026-07-18 01:15:00+00:00
[2026-07-18T01:11:37.501+0000] {processor.py:208} INFO - Processing /opt/airflow/dags/cotacoes_moedas_dag.py took 0.075 seconds
[2026-07-18T01:11:47.584+0000] {processor.py:186} INFO - Started process (PID=221) to work on /opt/airflow/dags/cotacoes_moedas_dag.py
[2026-07-18T01:11:47.585+0000] {processor.py:914} INFO - Processing file /opt/airflow/dags/cotacoes_moedas_dag.py for tasks to queue
[2026-07-18T01:11:47.588+0000] {logging_mixin.py:190} INFO - [2026-07-18T01:11:47.588+0000] {dagbag.py:588} INFO - Filling up the DagBag from /opt/airflow/dags/cotacoes_moedas_dag.py
[2026-07-18T01:11:47.603+0000] {processor.py:925} INFO - DAG(s) 'cotacoes_moedas' retrieved from /opt/airflow/dags/cotacoes_moedas_dag.py
[2026-07-18T01:11:47.624+0000] {logging_mixin.py:190} INFO - [2026-07-18T01:11:47.624+0000] {dag.py:3239} INFO - Sync 1 DAGs
[2026-07-18T01:11:47.643+0000] {logging_mixin.py:190} INFO - [2026-07-18T01:11:47.643+0000] {dag.py:4180} INFO - Setting next_dagrun for cotacoes_moedas to 2026-07-18 01:10:00+00:00, run_after=2026-07-18 01:15:00+00:00
[2026-07-18T01:11:47.657+0000] {processor.py:208} INFO - Processing /opt/airflow/dags/cotacoes_moedas_dag.py took 0.079 seconds
[2026-07-18T01:11:57.700+0000] {processor.py:186} INFO - Started process (PID=222) to work on /opt/airflow/dags/cotacoes_moedas_dag.py
[2026-07-18T01:11:57.702+0000] {processor.py:914} INFO - Processing file /opt/airflow/dags/cotacoes_moedas_dag.py for tasks to queue
[2026-07-18T01:11:57.707+0000] {logging_mixin.py:190} INFO - [2026-07-18T01:11:57.706+0000] {dagbag.py:588} INFO - Filling up the DagBag from /opt/airflow/dags/cotacoes_moedas_dag.py
[2026-07-18T01:11:57.729+0000] {processor.py:925} INFO - DAG(s) 'cotacoes_moedas' retrieved from /opt/airflow/dags/cotacoes_moedas_dag.py
[2026-07-18T01:11:57.754+0000] {logging_mixin.py:190} INFO - [2026-07-18T01:11:57.754+0000] {dag.py:3239} INFO - Sync 1 DAGs
[2026-07-18T01:11:57.779+0000] {logging_mixin.py:190} INFO - [2026-07-18T01:11:57.779+0000] {dag.py:4180} INFO - Setting next_dagrun for cotacoes_moedas to 2026-07-18 01:10:00+00:00, run_after=2026-07-18 01:15:00+00:00
[2026-07-18T01:11:57.795+0000] {processor.py:208} INFO - Processing /opt/airflow/dags/cotacoes_moedas_dag.py took 0.104 seconds
[2026-07-18T01:12:07.848+0000] {processor.py:186} INFO - Started process (PID=223) to work on /opt/airflow/dags/cotacoes_moedas_dag.py
[2026-07-18T01:12:07.849+0000] {processor.py:914} INFO - Processing file /opt/airflow/dags/cotacoes_moedas_dag.py for tasks to queue
[2026-07-18T01:12:07.851+0000] {logging_mixin.py:190} INFO - [2026-07-18T01:12:07.851+0000] {dagbag.py:588} INFO - Filling up the DagBag from /opt/airflow/dags/cotacoes_moedas_dag.py
[2026-07-18T01:12:07.869+0000] {processor.py:925} INFO - DAG(s) 'cotacoes_moedas' retrieved from /opt/airflow/dags/cotacoes_moedas_dag.py
[2026-07-18T01:12:07.891+0000] {logging_mixin.py:190} INFO - [2026-07-18T01:12:07.891+0000] {dag.py:3239} INFO - Sync 1 DAGs
[2026-07-18T01:12:07.911+0000] {logging_mixin.py:190} INFO - [2026-07-18T01:12:07.911+0000] {dag.py:4180} INFO - Setting next_dagrun for cotacoes_moedas to 2026-07-18 01:10:00+00:00, run_after=2026-07-18 01:15:00+00:00
[2026-07-18T01:12:07.927+0000] {processor.py:208} INFO - Processing /opt/airflow/dags/cotacoes_moedas_dag.py took 0.087 seconds
[2026-07-18T01:12:18.002+0000] {processor.py:186} INFO - Started process (PID=230) to work on /opt/airflow/dags/cotacoes_moedas_dag.py
[2026-07-18T01:12:18.004+0000] {processor.py:914} INFO - Processing file /opt/airflow/dags/cotacoes_moedas_dag.py for tasks to queue
[2026-07-18T01:12:18.006+0000] {logging_mixin.py:190} INFO - [2026-07-18T01:12:18.006+0000] {dagbag.py:588} INFO - Filling up the DagBag from /opt/airflow/dags/cotacoes_moedas_dag.py
[2026-07-18T01:12:18.021+0000] {processor.py:925} INFO - DAG(s) 'cotacoes_moedas' retrieved from /opt/airflow/dags/cotacoes_moedas_dag.py
[2026-07-18T01:12:18.042+0000] {logging_mixin.py:190} INFO - [2026-07-18T01:12:18.042+0000] {dag.py:3239} INFO - Sync 1 DAGs
[2026-07-18T01:12:18.060+0000] {logging_mixin.py:190} INFO - [2026-07-18T01:12:18.060+0000] {dag.py:4180} INFO - Setting next_dagrun for cotacoes_moedas to 2026-07-18 01:10:00+00:00, run_after=2026-07-18 01:15:00+00:00
[2026-07-18T01:12:18.077+0000] {processor.py:208} INFO - Processing /opt/airflow/dags/cotacoes_moedas_dag.py took 0.081 seconds
[2026-07-18T01:12:28.117+0000] {processor.py:186} INFO - Started process (PID=231) to work on /opt/airflow/dags/cotacoes_moedas_dag.py
[2026-07-18T01:12:28.118+0000] {processor.py:914} INFO - Processing file /opt/airflow/dags/cotacoes_moedas_dag.py for tasks to queue
[2026-07-18T01:12:28.120+0000] {logging_mixin.py:190} INFO - [2026-07-18T01:12:28.120+0000] {dagbag.py:588} INFO - Filling up the DagBag from /opt/airflow/dags/cotacoes_moedas_dag.py
[2026-07-18T01:12:28.139+0000] {processor.py:925} INFO - DAG(s) 'cotacoes_moedas' retrieved from /opt/airflow/dags/cotacoes_moedas_dag.py
[2026-07-18T01:12:28.167+0000] {logging_mixin.py:190} INFO - [2026-07-18T01:12:28.166+0000] {dag.py:3239} INFO - Sync 1 DAGs
[2026-07-18T01:12:28.187+0000] {logging_mixin.py:190} INFO - [2026-07-18T01:12:28.187+0000] {dag.py:4180} INFO - Setting next_dagrun for cotacoes_moedas to 2026-07-18 01:10:00+00:00, run_after=2026-07-18 01:15:00+00:00
[2026-07-18T01:12:28.204+0000] {processor.py:208} INFO - Processing /opt/airflow/dags/cotacoes_moedas_dag.py took 0.095 seconds
[2026-07-18T01:12:38.266+0000] {processor.py:186} INFO - Started process (PID=232) to work on /opt/airflow/dags/cotacoes_moedas_dag.py
[2026-07-18T01:12:38.268+0000] {processor.py:914} INFO - Processing file /opt/airflow/dags/cotacoes_moedas_dag.py for tasks to queue
[2026-07-18T01:12:38.270+0000] {logging_mixin.py:190} INFO - [2026-07-18T01:12:38.270+0000] {dagbag.py:588} INFO - Filling up the DagBag from /opt/airflow/dags/cotacoes_moedas_dag.py
[2026-07-18T01:12:38.292+0000] {processor.py:925} INFO - DAG(s) 'cotacoes_moedas' retrieved from /opt/airflow/dags/cotacoes_moedas_dag.py
[2026-07-18T01:12:38.321+0000] {logging_mixin.py:190} INFO - [2026-07-18T01:12:38.321+0000] {dag.py:3239} INFO - Sync 1 DAGs
[2026-07-18T01:12:38.348+0000] {logging_mixin.py:190} INFO - [2026-07-18T01:12:38.348+0000] {dag.py:4180} INFO - Setting next_dagrun for cotacoes_moedas to 2026-07-18 01:10:00+00:00, run_after=2026-07-18 01:15:00+00:00
[2026-07-18T01:12:38.367+0000] {processor.py:208} INFO - Processing /opt/airflow/dags/cotacoes_moedas_dag.py took 0.110 seconds
[2026-07-18T01:12:48.447+0000] {processor.py:186} INFO - Started process (PID=239) to work on /opt/airflow/dags/cotacoes_moedas_dag.py
[2026-07-18T01:12:48.448+0000] {processor.py:914} INFO - Processing file /opt/airflow/dags/cotacoes_moedas_dag.py for tasks to queue
[2026-07-18T01:12:48.450+0000] {logging_mixin.py:190} INFO - [2026-07-18T01:12:48.450+0000] {dagbag.py:588} INFO - Filling up the DagBag from /opt/airflow/dags/cotacoes_moedas_dag.py
[2026-07-18T01:12:48.464+0000] {processor.py:925} INFO - DAG(s) 'cotacoes_moedas' retrieved from /opt/airflow/dags/cotacoes_moedas_dag.py
[2026-07-18T01:12:48.483+0000] {logging_mixin.py:190} INFO - [2026-07-18T01:12:48.482+0000] {dag.py:3239} INFO - Sync 1 DAGs
[2026-07-18T01:12:48.499+0000] {logging_mixin.py:190} INFO - [2026-07-18T01:12:48.498+0000] {dag.py:4180} INFO - Setting next_dagrun for cotacoes_moedas to 2026-07-18 01:10:00+00:00, run_after=2026-07-18 01:15:00+00:00
[2026-07-18T01:12:48.511+0000] {processor.py:208} INFO - Processing /opt/airflow/dags/cotacoes_moedas_dag.py took 0.069 seconds
[2026-07-18T01:12:58.590+0000] {processor.py:186} INFO - Started process (PID=240) to work on /opt/airflow/dags/cotacoes_moedas_dag.py
[2026-07-18T01:12:58.591+0000] {processor.py:914} INFO - Processing file /opt/airflow/dags/cotacoes_moedas_dag.py for tasks to queue
[2026-07-18T01:12:58.593+0000] {logging_mixin.py:190} INFO - [2026-07-18T01:12:58.593+0000] {dagbag.py:588} INFO - Filling up the DagBag from /opt/airflow/dags/cotacoes_moedas_dag.py
[2026-07-18T01:12:58.606+0000] {processor.py:925} INFO - DAG(s) 'cotacoes_moedas' retrieved from /opt/airflow/dags/cotacoes_moedas_dag.py
[2026-07-18T01:12:58.631+0000] {logging_mixin.py:190} INFO - [2026-07-18T01:12:58.631+0000] {dag.py:3239} INFO - Sync 1 DAGs
[2026-07-18T01:12:58.650+0000] {logging_mixin.py:190} INFO - [2026-07-18T01:12:58.650+0000] {dag.py:4180} INFO - Setting next_dagrun for cotacoes_moedas to 2026-07-18 01:10:00+00:00, run_after=2026-07-18 01:15:00+00:00
[2026-07-18T01:12:58.668+0000] {processor.py:208} INFO - Processing /opt/airflow/dags/cotacoes_moedas_dag.py took 0.083 seconds
[2026-07-18T01:13:08.757+0000] {processor.py:186} INFO - Started process (PID=241) to work on /opt/airflow/dags/cotacoes_moedas_dag.py
[2026-07-18T01:13:08.759+0000] {processor.py:914} INFO - Processing file /opt/airflow/dags/cotacoes_moedas_dag.py for tasks to queue
[2026-07-18T01:13:08.761+0000] {logging_mixin.py:190} INFO - [2026-07-18T01:13:08.760+0000] {dagbag.py:588} INFO - Filling up the DagBag from /opt/airflow/dags/cotacoes_moedas_dag.py
[2026-07-18T01:13:08.780+0000] {processor.py:925} INFO - DAG(s) 'cotacoes_moedas' retrieved from /opt/airflow/dags/cotacoes_moedas_dag.py
[2026-07-18T01:13:08.804+0000] {logging_mixin.py:190} INFO - [2026-07-18T01:13:08.804+0000] {dag.py:3239} INFO - Sync 1 DAGs
[2026-07-18T01:13:08.823+0000] {logging_mixin.py:190} INFO - [2026-07-18T01:13:08.823+0000] {dag.py:4180} INFO - Setting next_dagrun for cotacoes_moedas to 2026-07-18 01:10:00+00:00, run_after=2026-07-18 01:15:00+00:00
[2026-07-18T01:13:08.839+0000] {processor.py:208} INFO - Processing /opt/airflow/dags/cotacoes_moedas_dag.py took 0.088 seconds
[2026-07-18T01:13:18.929+0000] {processor.py:186} INFO - Started process (PID=248) to work on /opt/airflow/dags/cotacoes_moedas_dag.py
[2026-07-18T01:13:18.931+0000] {processor.py:914} INFO - Processing file /opt/airflow/dags/cotacoes_moedas_dag.py for tasks to queue
[2026-07-18T01:13:18.934+0000] {logging_mixin.py:190} INFO - [2026-07-18T01:13:18.934+0000] {dagbag.py:588} INFO - Filling up the DagBag from /opt/airflow/dags/cotacoes_moedas_dag.py
[2026-07-18T01:13:18.955+0000] {processor.py:925} INFO - DAG(s) 'cotacoes_moedas' retrieved from /opt/airflow/dags/cotacoes_moedas_dag.py
[2026-07-18T01:13:18.980+0000] {logging_mixin.py:190} INFO - [2026-07-18T01:13:18.980+0000] {dag.py:3239} INFO - Sync 1 DAGs
[2026-07-18T01:13:18.997+0000] {logging_mixin.py:190} INFO - [2026-07-18T01:13:18.997+0000] {dag.py:4180} INFO - Setting next_dagrun for cotacoes_moedas to 2026-07-18 01:10:00+00:00, run_after=2026-07-18 01:15:00+00:00
[2026-07-18T01:13:19.010+0000] {processor.py:208} INFO - Processing /opt/airflow/dags/cotacoes_moedas_dag.py took 0.090 seconds
[2026-07-18T01:13:29.091+0000] {processor.py:186} INFO - Started process (PID=249) to work on /opt/airflow/dags/cotacoes_moedas_dag.py
[2026-07-18T01:13:29.092+0000] {processor.py:914} INFO - Processing file /opt/airflow/dags/cotacoes_moedas_dag.py for tasks to queue
[2026-07-18T01:13:29.094+0000] {logging_mixin.py:190} INFO - [2026-07-18T01:13:29.094+0000] {dagbag.py:588} INFO - Filling up the DagBag from /opt/airflow/dags/cotacoes_moedas_dag.py
[2026-07-18T01:13:29.110+0000] {processor.py:925} INFO - DAG(s) 'cotacoes_moedas' retrieved from /opt/airflow/dags/cotacoes_moedas_dag.py
[2026-07-18T01:13:29.133+0000] {logging_mixin.py:190} INFO - [2026-07-18T01:13:29.133+0000] {dag.py:3239} INFO - Sync 1 DAGs
[2026-07-18T01:13:29.152+0000] {logging_mixin.py:190} INFO - [2026-07-18T01:13:29.152+0000] {dag.py:4180} INFO - Setting next_dagrun for cotacoes_moedas to 2026-07-18 01:10:00+00:00, run_after=2026-07-18 01:15:00+00:00
[2026-07-18T01:13:29.168+0000] {processor.py:208} INFO - Processing /opt/airflow/dags/cotacoes_moedas_dag.py took 0.083 seconds
[2026-07-18T01:13:39.252+0000] {processor.py:186} INFO - Started process (PID=250) to work on /opt/airflow/dags/cotacoes_moedas_dag.py
[2026-07-18T01:13:39.253+0000] {processor.py:914} INFO - Processing file /opt/airflow/dags/cotacoes_moedas_dag.py for tasks to queue
[2026-07-18T01:13:39.255+0000] {logging_mixin.py:190} INFO - [2026-07-18T01:13:39.255+0000] {dagbag.py:588} INFO - Filling up the DagBag from /opt/airflow/dags/cotacoes_moedas_dag.py
[2026-07-18T01:13:39.269+0000] {processor.py:925} INFO - DAG(s) 'cotacoes_moedas' retrieved from /opt/airflow/dags/cotacoes_moedas_dag.py
[2026-07-18T01:13:39.289+0000] {logging_mixin.py:190} INFO - [2026-07-18T01:13:39.289+0000] {dag.py:3239} INFO - Sync 1 DAGs
[2026-07-18T01:13:39.307+0000] {logging_mixin.py:190} INFO - [2026-07-18T01:13:39.307+0000] {dag.py:4180} INFO - Setting next_dagrun for cotacoes_moedas to 2026-07-18 01:10:00+00:00, run_after=2026-07-18 01:15:00+00:00
[2026-07-18T01:13:39.321+0000] {processor.py:208} INFO - Processing /opt/airflow/dags/cotacoes_moedas_dag.py took 0.076 seconds
[2026-07-18T01:13:49.405+0000] {processor.py:186} INFO - Started process (PID=257) to work on /opt/airflow/dags/cotacoes_moedas_dag.py
[2026-07-18T01:13:49.406+0000] {processor.py:914} INFO - Processing file /opt/airflow/dags/cotacoes_moedas_dag.py for tasks to queue
[2026-07-18T01:13:49.409+0000] {logging_mixin.py:190} INFO - [2026-07-18T01:13:49.408+0000] {dagbag.py:588} INFO - Filling up the DagBag from /opt/airflow/dags/cotacoes_moedas_dag.py
[2026-07-18T01:13:49.423+0000] {processor.py:925} INFO - DAG(s) 'cotacoes_moedas' retrieved from /opt/airflow/dags/cotacoes_moedas_dag.py
[2026-07-18T01:13:49.446+0000] {logging_mixin.py:190} INFO - [2026-07-18T01:13:49.446+0000] {dag.py:3239} INFO - Sync 1 DAGs
[2026-07-18T01:13:49.466+0000] {logging_mixin.py:190} INFO - [2026-07-18T01:13:49.466+0000] {dag.py:4180} INFO - Setting next_dagrun for cotacoes_moedas to 2026-07-18 01:10:00+00:00, run_after=2026-07-18 01:15:00+00:00
[2026-07-18T01:13:49.481+0000] {processor.py:208} INFO - Processing /opt/airflow/dags/cotacoes_moedas_dag.py took 0.084 seconds
[2026-07-18T01:13:59.559+0000] {processor.py:186} INFO - Started process (PID=258) to work on /opt/airflow/dags/cotacoes_moedas_dag.py
[2026-07-18T01:13:59.560+0000] {processor.py:914} INFO - Processing file /opt/airflow/dags/cotacoes_moedas_dag.py for tasks to queue
[2026-07-18T01:13:59.562+0000] {logging_mixin.py:190} INFO - [2026-07-18T01:13:59.562+0000] {dagbag.py:588} INFO - Filling up the DagBag from /opt/airflow/dags/cotacoes_moedas_dag.py
[2026-07-18T01:13:59.577+0000] {processor.py:925} INFO - DAG(s) 'cotacoes_moedas' retrieved from /opt/airflow/dags/cotacoes_moedas_dag.py
[2026-07-18T01:13:59.598+0000] {logging_mixin.py:190} INFO - [2026-07-18T01:13:59.597+0000] {dag.py:3239} INFO - Sync 1 DAGs
[2026-07-18T01:13:59.617+0000] {logging_mixin.py:190} INFO - [2026-07-18T01:13:59.616+0000] {dag.py:4180} INFO - Setting next_dagrun for cotacoes_moedas to 2026-07-18 01:10:00+00:00, run_after=2026-07-18 01:15:00+00:00
[2026-07-18T01:13:59.633+0000] {processor.py:208} INFO - Processing /opt/airflow/dags/cotacoes_moedas_dag.py took 0.080 seconds
[2026-07-18T01:14:09.707+0000] {processor.py:186} INFO - Started process (PID=259) to work on /opt/airflow/dags/cotacoes_moedas_dag.py
[2026-07-18T01:14:09.709+0000] {processor.py:914} INFO - Processing file /opt/airflow/dags/cotacoes_moedas_dag.py for tasks to queue
[2026-07-18T01:14:09.711+0000] {logging_mixin.py:190} INFO - [2026-07-18T01:14:09.711+0000] {dagbag.py:588} INFO - Filling up the DagBag from /opt/airflow/dags/cotacoes_moedas_dag.py
[2026-07-18T01:14:09.727+0000] {processor.py:925} INFO - DAG(s) 'cotacoes_moedas' retrieved from /opt/airflow/dags/cotacoes_moedas_dag.py
[2026-07-18T01:14:09.752+0000] {logging_mixin.py:190} INFO - [2026-07-18T01:14:09.752+0000] {dag.py:3239} INFO - Sync 1 DAGs
[2026-07-18T01:14:09.773+0000] {logging_mixin.py:190} INFO - [2026-07-18T01:14:09.773+0000] {dag.py:4180} INFO - Setting next_dagrun for cotacoes_moedas to 2026-07-18 01:10:00+00:00, run_after=2026-07-18 01:15:00+00:00
[2026-07-18T01:14:09.792+0000] {processor.py:208} INFO - Processing /opt/airflow/dags/cotacoes_moedas_dag.py took 0.092 seconds
[2026-07-18T01:14:19.883+0000] {processor.py:186} INFO - Started process (PID=265) to work on /opt/airflow/dags/cotacoes_moedas_dag.py
[2026-07-18T01:14:19.885+0000] {processor.py:914} INFO - Processing file /opt/airflow/dags/cotacoes_moedas_dag.py for tasks to queue
[2026-07-18T01:14:19.888+0000] {logging_mixin.py:190} INFO - [2026-07-18T01:14:19.888+0000] {dagbag.py:588} INFO - Filling up the DagBag from /opt/airflow/dags/cotacoes_moedas_dag.py
[2026-07-18T01:14:19.907+0000] {processor.py:925} INFO - DAG(s) 'cotacoes_moedas' retrieved from /opt/airflow/dags/cotacoes_moedas_dag.py
[2026-07-18T01:14:19.937+0000] {logging_mixin.py:190} INFO - [2026-07-18T01:14:19.937+0000] {dag.py:3239} INFO - Sync 1 DAGs
[2026-07-18T01:14:19.959+0000] {logging_mixin.py:190} INFO - [2026-07-18T01:14:19.958+0000] {dag.py:4180} INFO - Setting next_dagrun for cotacoes_moedas to 2026-07-18 01:10:00+00:00, run_after=2026-07-18 01:15:00+00:00
[2026-07-18T01:14:19.987+0000] {processor.py:208} INFO - Processing /opt/airflow/dags/cotacoes_moedas_dag.py took 0.115 seconds
[2026-07-18T01:14:30.065+0000] {processor.py:186} INFO - Started process (PID=266) to work on /opt/airflow/dags/cotacoes_moedas_dag.py
[2026-07-18T01:14:30.066+0000] {processor.py:914} INFO - Processing file /opt/airflow/dags/cotacoes_moedas_dag.py for tasks to queue
[2026-07-18T01:14:30.068+0000] {logging_mixin.py:190} INFO - [2026-07-18T01:14:30.068+0000] {dagbag.py:588} INFO - Filling up the DagBag from /opt/airflow/dags/cotacoes_moedas_dag.py
[2026-07-18T01:14:30.081+0000] {processor.py:925} INFO - DAG(s) 'cotacoes_moedas' retrieved from /opt/airflow/dags/cotacoes_moedas_dag.py
[2026-07-18T01:14:30.104+0000] {logging_mixin.py:190} INFO - [2026-07-18T01:14:30.104+0000] {dag.py:3239} INFO - Sync 1 DAGs
[2026-07-18T01:14:30.126+0000] {logging_mixin.py:190} INFO - [2026-07-18T01:14:30.126+0000] {dag.py:4180} INFO - Setting next_dagrun for cotacoes_moedas to 2026-07-18 01:10:00+00:00, run_after=2026-07-18 01:15:00+00:00
[2026-07-18T01:14:30.144+0000] {processor.py:208} INFO - Processing /opt/airflow/dags/cotacoes_moedas_dag.py took 0.085 seconds
[2026-07-18T01:14:40.220+0000] {processor.py:186} INFO - Started process (PID=267) to work on /opt/airflow/dags/cotacoes_moedas_dag.py
[2026-07-18T01:14:40.222+0000] {processor.py:914} INFO - Processing file /opt/airflow/dags/cotacoes_moedas_dag.py for tasks to queue
[2026-07-18T01:14:40.224+0000] {logging_mixin.py:190} INFO - [2026-07-18T01:14:40.224+0000] {dagbag.py:588} INFO - Filling up the DagBag from /opt/airflow/dags/cotacoes_moedas_dag.py
[2026-07-18T01:14:40.239+0000] {processor.py:925} INFO - DAG(s) 'cotacoes_moedas' retrieved from /opt/airflow/dags/cotacoes_moedas_dag.py
[2026-07-18T01:14:40.260+0000] {logging_mixin.py:190} INFO - [2026-07-18T01:14:40.260+0000] {dag.py:3239} INFO - Sync 1 DAGs
[2026-07-18T01:14:40.278+0000] {logging_mixin.py:190} INFO - [2026-07-18T01:14:40.278+0000] {dag.py:4180} INFO - Setting next_dagrun for cotacoes_moedas to 2026-07-18 01:10:00+00:00, run_after=2026-07-18 01:15:00+00:00
[2026-07-18T01:14:40.293+0000] {processor.py:208} INFO - Processing /opt/airflow/dags/cotacoes_moedas_dag.py took 0.078 seconds
[2026-07-18T01:14:50.372+0000] {processor.py:186} INFO - Started process (PID=274) to work on /opt/airflow/dags/cotacoes_moedas_dag.py
[2026-07-18T01:14:50.373+0000] {processor.py:914} INFO - Processing file /opt/airflow/dags/cotacoes_moedas_dag.py for tasks to queue
[2026-07-18T01:14:50.376+0000] {logging_mixin.py:190} INFO - [2026-07-18T01:14:50.376+0000] {dagbag.py:588} INFO - Filling up the DagBag from /opt/airflow/dags/cotacoes_moedas_dag.py
[2026-07-18T01:14:50.393+0000] {processor.py:925} INFO - DAG(s) 'cotacoes_moedas' retrieved from /opt/airflow/dags/cotacoes_moedas_dag.py
[2026-07-18T01:14:50.418+0000] {logging_mixin.py:190} INFO - [2026-07-18T01:14:50.417+0000] {dag.py:3239} INFO - Sync 1 DAGs
[2026-07-18T01:14:50.441+0000] {logging_mixin.py:190} INFO - [2026-07-18T01:14:50.440+0000] {dag.py:4180} INFO - Setting next_dagrun for cotacoes_moedas to 2026-07-18 01:10:00+00:00, run_after=2026-07-18 01:15:00+00:00
[2026-07-18T01:14:50.461+0000] {processor.py:208} INFO - Processing /opt/airflow/dags/cotacoes_moedas_dag.py took 0.097 seconds
[2026-07-18T01:15:00.541+0000] {processor.py:186} INFO - Started process (PID=275) to work on /opt/airflow/dags/cotacoes_moedas_dag.py
[2026-07-18T01:15:00.543+0000] {processor.py:914} INFO - Processing file /opt/airflow/dags/cotacoes_moedas_dag.py for tasks to queue
[2026-07-18T01:15:00.545+0000] {logging_mixin.py:190} INFO - [2026-07-18T01:15:00.545+0000] {dagbag.py:588} INFO - Filling up the DagBag from /opt/airflow/dags/cotacoes_moedas_dag.py
[2026-07-18T01:15:00.562+0000] {processor.py:925} INFO - DAG(s) 'cotacoes_moedas' retrieved from /opt/airflow/dags/cotacoes_moedas_dag.py
[2026-07-18T01:15:00.587+0000] {logging_mixin.py:190} INFO - [2026-07-18T01:15:00.587+0000] {dag.py:3239} INFO - Sync 1 DAGs
[2026-07-18T01:15:00.608+0000] {logging_mixin.py:190} INFO - [2026-07-18T01:15:00.607+0000] {dag.py:4180} INFO - Setting next_dagrun for cotacoes_moedas to 2026-07-18 01:10:00+00:00, run_after=2026-07-18 01:15:00+00:00
[2026-07-18T01:15:00.624+0000] {processor.py:208} INFO - Processing /opt/airflow/dags/cotacoes_moedas_dag.py took 0.090 seconds
[2026-07-18T01:15:10.708+0000] {processor.py:186} INFO - Started process (PID=276) to work on /opt/airflow/dags/cotacoes_moedas_dag.py
[2026-07-18T01:15:10.709+0000] {processor.py:914} INFO - Processing file /opt/airflow/dags/cotacoes_moedas_dag.py for tasks to queue
[2026-07-18T01:15:10.712+0000] {logging_mixin.py:190} INFO - [2026-07-18T01:15:10.711+0000] {dagbag.py:588} INFO - Filling up the DagBag from /opt/airflow/dags/cotacoes_moedas_dag.py
[2026-07-18T01:15:10.725+0000] {processor.py:925} INFO - DAG(s) 'cotacoes_moedas' retrieved from /opt/airflow/dags/cotacoes_moedas_dag.py
[2026-07-18T01:15:10.745+0000] {logging_mixin.py:190} INFO - [2026-07-18T01:15:10.745+0000] {dag.py:3239} INFO - Sync 1 DAGs
[2026-07-18T01:15:10.761+0000] {logging_mixin.py:190} INFO - [2026-07-18T01:15:10.761+0000] {dag.py:4180} INFO - Setting next_dagrun for cotacoes_moedas to 2026-07-18 01:15:00+00:00, run_after=2026-07-18 01:20:00+00:00
[2026-07-18T01:15:10.775+0000] {processor.py:208} INFO - Processing /opt/airflow/dags/cotacoes_moedas_dag.py took 0.074 seconds
[2026-07-18T01:15:20.857+0000] {processor.py:186} INFO - Started process (PID=283) to work on /opt/airflow/dags/cotacoes_moedas_dag.py
[2026-07-18T01:15:20.858+0000] {processor.py:914} INFO - Processing file /opt/airflow/dags/cotacoes_moedas_dag.py for tasks to queue
[2026-07-18T01:15:20.860+0000] {logging_mixin.py:190} INFO - [2026-07-18T01:15:20.860+0000] {dagbag.py:588} INFO - Filling up the DagBag from /opt/airflow/dags/cotacoes_moedas_dag.py
[2026-07-18T01:15:20.877+0000] {processor.py:925} INFO - DAG(s) 'cotacoes_moedas' retrieved from /opt/airflow/dags/cotacoes_moedas_dag.py
[2026-07-18T01:15:20.898+0000] {logging_mixin.py:190} INFO - [2026-07-18T01:15:20.897+0000] {dag.py:3239} INFO - Sync 1 DAGs
[2026-07-18T01:15:20.914+0000] {logging_mixin.py:190} INFO - [2026-07-18T01:15:20.914+0000] {dag.py:4180} INFO - Setting next_dagrun for cotacoes_moedas to 2026-07-18 01:15:00+00:00, run_after=2026-07-18 01:20:00+00:00
[2026-07-18T01:15:20.929+0000] {processor.py:208} INFO - Processing /opt/airflow/dags/cotacoes_moedas_dag.py took 0.078 seconds
[2026-07-18T01:15:31.006+0000] {processor.py:186} INFO - Started process (PID=284) to work on /opt/airflow/dags/cotacoes_moedas_dag.py
[2026-07-18T01:15:31.008+0000] {processor.py:914} INFO - Processing file /opt/airflow/dags/cotacoes_moedas_dag.py for tasks to queue
[2026-07-18T01:15:31.010+0000] {logging_mixin.py:190} INFO - [2026-07-18T01:15:31.010+0000] {dagbag.py:588} INFO - Filling up the DagBag from /opt/airflow/dags/cotacoes_moedas_dag.py
[2026-07-18T01:15:31.025+0000] {processor.py:925} INFO - DAG(s) 'cotacoes_moedas' retrieved from /opt/airflow/dags/cotacoes_moedas_dag.py
[2026-07-18T01:15:31.051+0000] {logging_mixin.py:190} INFO - [2026-07-18T01:15:31.050+0000] {dag.py:3239} INFO - Sync 1 DAGs
[2026-07-18T01:15:31.071+0000] {logging_mixin.py:190} INFO - [2026-07-18T01:15:31.070+0000] {dag.py:4180} INFO - Setting next_dagrun for cotacoes_moedas to 2026-07-18 01:15:00+00:00, run_after=2026-07-18 01:20:00+00:00
[2026-07-18T01:15:31.087+0000] {processor.py:208} INFO - Processing /opt/airflow/dags/cotacoes_moedas_dag.py took 0.087 seconds
[2026-07-18T01:15:41.161+0000] {processor.py:186} INFO - Started process (PID=285) to work on /opt/airflow/dags/cotacoes_moedas_dag.py
[2026-07-18T01:15:41.163+0000] {processor.py:914} INFO - Processing file /opt/airflow/dags/cotacoes_moedas_dag.py for tasks to queue
[2026-07-18T01:15:41.165+0000] {logging_mixin.py:190} INFO - [2026-07-18T01:15:41.165+0000] {dagbag.py:588} INFO - Filling up the DagBag from /opt/airflow/dags/cotacoes_moedas_dag.py
[2026-07-18T01:15:41.180+0000] {processor.py:925} INFO - DAG(s) 'cotacoes_moedas' retrieved from /opt/airflow/dags/cotacoes_moedas_dag.py
[2026-07-18T01:15:41.206+0000] {logging_mixin.py:190} INFO - [2026-07-18T01:15:41.205+0000] {dag.py:3239} INFO - Sync 1 DAGs
[2026-07-18T01:15:41.226+0000] {logging_mixin.py:190} INFO - [2026-07-18T01:15:41.226+0000] {dag.py:4180} INFO - Setting next_dagrun for cotacoes_moedas to 2026-07-18 01:15:00+00:00, run_after=2026-07-18 01:20:00+00:00
[2026-07-18T01:15:41.243+0000] {processor.py:208} INFO - Processing /opt/airflow/dags/cotacoes_moedas_dag.py took 0.089 seconds
[2026-07-18T01:15:51.332+0000] {processor.py:186} INFO - Started process (PID=292) to work on /opt/airflow/dags/cotacoes_moedas_dag.py
[2026-07-18T01:15:51.334+0000] {processor.py:914} INFO - Processing file /opt/airflow/dags/cotacoes_moedas_dag.py for tasks to queue
[2026-07-18T01:15:51.337+0000] {logging_mixin.py:190} INFO - [2026-07-18T01:15:51.336+0000] {dagbag.py:588} INFO - Filling up the DagBag from /opt/airflow/dags/cotacoes_moedas_dag.py
[2026-07-18T01:15:51.356+0000] {processor.py:925} INFO - DAG(s) 'cotacoes_moedas' retrieved from /opt/airflow/dags/cotacoes_moedas_dag.py
[2026-07-18T01:15:51.386+0000] {logging_mixin.py:190} INFO - [2026-07-18T01:15:51.386+0000] {dag.py:3239} INFO - Sync 1 DAGs
[2026-07-18T01:15:51.409+0000] {logging_mixin.py:190} INFO - [2026-07-18T01:15:51.409+0000] {dag.py:4180} INFO - Setting next_dagrun for cotacoes_moedas to 2026-07-18 01:15:00+00:00, run_after=2026-07-18 01:20:00+00:00
[2026-07-18T01:15:51.429+0000] {processor.py:208} INFO - Processing /opt/airflow/dags/cotacoes_moedas_dag.py took 0.104 seconds
[2026-07-18T01:16:01.503+0000] {processor.py:186} INFO - Started process (PID=293) to work on /opt/airflow/dags/cotacoes_moedas_dag.py
[2026-07-18T01:16:01.504+0000] {processor.py:914} INFO - Processing file /opt/airflow/dags/cotacoes_moedas_dag.py for tasks to queue
[2026-07-18T01:16:01.506+0000] {logging_mixin.py:190} INFO - [2026-07-18T01:16:01.506+0000] {dagbag.py:588} INFO - Filling up the DagBag from /opt/airflow/dags/cotacoes_moedas_dag.py
[2026-07-18T01:16:01.521+0000] {processor.py:925} INFO - DAG(s) 'cotacoes_moedas' retrieved from /opt/airflow/dags/cotacoes_moedas_dag.py
[2026-07-18T01:16:01.546+0000] {logging_mixin.py:190} INFO - [2026-07-18T01:16:01.545+0000] {dag.py:3239} INFO - Sync 1 DAGs
[2026-07-18T01:16:01.564+0000] {logging_mixin.py:190} INFO - [2026-07-18T01:16:01.564+0000] {dag.py:4180} INFO - Setting next_dagrun for cotacoes_moedas to 2026-07-18 01:15:00+00:00, run_after=2026-07-18 01:20:00+00:00
[2026-07-18T01:16:01.581+0000] {processor.py:208} INFO - Processing /opt/airflow/dags/cotacoes_moedas_dag.py took 0.084 seconds
[2026-07-18T01:16:11.664+0000] {processor.py:186} INFO - Started process (PID=294) to work on /opt/airflow/dags/cotacoes_moedas_dag.py
[2026-07-18T01:16:11.666+0000] {processor.py:914} INFO - Processing file /opt/airflow/dags/cotacoes_moedas_dag.py for tasks to queue
[2026-07-18T01:16:11.668+0000] {logging_mixin.py:190} INFO - [2026-07-18T01:16:11.668+0000] {dagbag.py:588} INFO - Filling up the DagBag from /opt/airflow/dags/cotacoes_moedas_dag.py
[2026-07-18T01:16:11.681+0000] {processor.py:925} INFO - DAG(s) 'cotacoes_moedas' retrieved from /opt/airflow/dags/cotacoes_moedas_dag.py
[2026-07-18T01:16:11.702+0000] {logging_mixin.py:190} INFO - [2026-07-18T01:16:11.702+0000] {dag.py:3239} INFO - Sync 1 DAGs
[2026-07-18T01:16:11.718+0000] {logging_mixin.py:190} INFO - [2026-07-18T01:16:11.718+0000] {dag.py:4180} INFO - Setting next_dagrun for cotacoes_moedas to 2026-07-18 01:15:00+00:00, run_after=2026-07-18 01:20:00+00:00
[2026-07-18T01:16:11.731+0000] {processor.py:208} INFO - Processing /opt/airflow/dags/cotacoes_moedas_dag.py took 0.073 seconds
[2026-07-18T01:16:21.803+0000] {processor.py:186} INFO - Started process (PID=301) to work on /opt/airflow/dags/cotacoes_moedas_dag.py
[2026-07-18T01:16:21.804+0000] {processor.py:914} INFO - Processing file /opt/airflow/dags/cotacoes_moedas_dag.py for tasks to queue
[2026-07-18T01:16:21.807+0000] {logging_mixin.py:190} INFO - [2026-07-18T01:16:21.806+0000] {dagbag.py:588} INFO - Filling up the DagBag from /opt/airflow/dags/cotacoes_moedas_dag.py
[2026-07-18T01:16:21.821+0000] {processor.py:925} INFO - DAG(s) 'cotacoes_moedas' retrieved from /opt/airflow/dags/cotacoes_moedas_dag.py
[2026-07-18T01:16:21.842+0000] {logging_mixin.py:190} INFO - [2026-07-18T01:16:21.842+0000] {dag.py:3239} INFO - Sync 1 DAGs
[2026-07-18T01:16:21.862+0000] {logging_mixin.py:190} INFO - [2026-07-18T01:16:21.862+0000] {dag.py:4180} INFO - Setting next_dagrun for cotacoes_moedas to 2026-07-18 01:15:00+00:00, run_after=2026-07-18 01:20:00+00:00
[2026-07-18T01:16:21.879+0000] {processor.py:208} INFO - Processing /opt/airflow/dags/cotacoes_moedas_dag.py took 0.082 seconds
[2026-07-18T01:16:31.916+0000] {processor.py:186} INFO - Started process (PID=302) to work on /opt/airflow/dags/cotacoes_moedas_dag.py
[2026-07-18T01:16:31.917+0000] {processor.py:914} INFO - Processing file /opt/airflow/dags/cotacoes_moedas_dag.py for tasks to queue
[2026-07-18T01:16:31.920+0000] {logging_mixin.py:190} INFO - [2026-07-18T01:16:31.919+0000] {dagbag.py:588} INFO - Filling up the DagBag from /opt/airflow/dags/cotacoes_moedas_dag.py
[2026-07-18T01:16:31.937+0000] {processor.py:925} INFO - DAG(s) 'cotacoes_moedas' retrieved from /opt/airflow/dags/cotacoes_moedas_dag.py
[2026-07-18T01:16:31.961+0000] {logging_mixin.py:190} INFO - [2026-07-18T01:16:31.961+0000] {dag.py:3239} INFO - Sync 1 DAGs
[2026-07-18T01:16:31.982+0000] {logging_mixin.py:190} INFO - [2026-07-18T01:16:31.981+0000] {dag.py:4180} INFO - Setting next_dagrun for cotacoes_moedas to 2026-07-18 01:15:00+00:00, run_after=2026-07-18 01:20:00+00:00
[2026-07-18T01:16:31.995+0000] {processor.py:208} INFO - Processing /opt/airflow/dags/cotacoes_moedas_dag.py took 0.086 seconds
[2026-07-18T01:16:42.042+0000] {processor.py:186} INFO - Started process (PID=303) to work on /opt/airflow/dags/cotacoes_moedas_dag.py
[2026-07-18T01:16:42.044+0000] {processor.py:914} INFO - Processing file /opt/airflow/dags/cotacoes_moedas_dag.py for tasks to queue
[2026-07-18T01:16:42.046+0000] {logging_mixin.py:190} INFO - [2026-07-18T01:16:42.045+0000] {dagbag.py:588} INFO - Filling up the DagBag from /opt/airflow/dags/cotacoes_moedas_dag.py
[2026-07-18T01:16:42.061+0000] {processor.py:925} INFO - DAG(s) 'cotacoes_moedas' retrieved from /opt/airflow/dags/cotacoes_moedas_dag.py
[2026-07-18T01:16:42.080+0000] {logging_mixin.py:190} INFO - [2026-07-18T01:16:42.080+0000] {dag.py:3239} INFO - Sync 1 DAGs
[2026-07-18T01:16:42.097+0000] {logging_mixin.py:190} INFO - [2026-07-18T01:16:42.097+0000] {dag.py:4180} INFO - Setting next_dagrun for cotacoes_moedas to 2026-07-18 01:15:00+00:00, run_after=2026-07-18 01:20:00+00:00
[2026-07-18T01:16:42.111+0000] {processor.py:208} INFO - Processing /opt/airflow/dags/cotacoes_moedas_dag.py took 0.074 seconds
[2026-07-18T01:16:52.191+0000] {processor.py:186} INFO - Started process (PID=310) to work on /opt/airflow/dags/cotacoes_moedas_dag.py
[2026-07-18T01:16:52.192+0000] {processor.py:914} INFO - Processing file /opt/airflow/dags/cotacoes_moedas_dag.py for tasks to queue
[2026-07-18T01:16:52.194+0000] {logging_mixin.py:190} INFO - [2026-07-18T01:16:52.194+0000] {dagbag.py:588} INFO - Filling up the DagBag from /opt/airflow/dags/cotacoes_moedas_dag.py
[2026-07-18T01:16:52.208+0000] {processor.py:925} INFO - DAG(s) 'cotacoes_moedas' retrieved from /opt/airflow/dags/cotacoes_moedas_dag.py
[2026-07-18T01:16:52.230+0000] {logging_mixin.py:190} INFO - [2026-07-18T01:16:52.230+0000] {dag.py:3239} INFO - Sync 1 DAGs
[2026-07-18T01:16:52.247+0000] {logging_mixin.py:190} INFO - [2026-07-18T01:16:52.247+0000] {dag.py:4180} INFO - Setting next_dagrun for cotacoes_moedas to 2026-07-18 01:15:00+00:00, run_after=2026-07-18 01:20:00+00:00
[2026-07-18T01:16:52.260+0000] {processor.py:208} INFO - Processing /opt/airflow/dags/cotacoes_moedas_dag.py took 0.076 seconds
[2026-07-18T01:17:02.349+0000] {processor.py:186} INFO - Started process (PID=311) to work on /opt/airflow/dags/cotacoes_moedas_dag.py
[2026-07-18T01:17:02.350+0000] {processor.py:914} INFO - Processing file /opt/airflow/dags/cotacoes_moedas_dag.py for tasks to queue
[2026-07-18T01:17:02.352+0000] {logging_mixin.py:190} INFO - [2026-07-18T01:17:02.352+0000] {dagbag.py:588} INFO - Filling up the DagBag from /opt/airflow/dags/cotacoes_moedas_dag.py
[2026-07-18T01:17:02.365+0000] {processor.py:925} INFO - DAG(s) 'cotacoes_moedas' retrieved from /opt/airflow/dags/cotacoes_moedas_dag.py
[2026-07-18T01:17:02.389+0000] {logging_mixin.py:190} INFO - [2026-07-18T01:17:02.389+0000] {dag.py:3239} INFO - Sync 1 DAGs
[2026-07-18T01:17:02.410+0000] {logging_mixin.py:190} INFO - [2026-07-18T01:17:02.410+0000] {dag.py:4180} INFO - Setting next_dagrun for cotacoes_moedas to 2026-07-18 01:15:00+00:00, run_after=2026-07-18 01:20:00+00:00
[2026-07-18T01:17:02.424+0000] {processor.py:208} INFO - Processing /opt/airflow/dags/cotacoes_moedas_dag.py took 0.082 seconds
[2026-07-18T01:17:12.460+0000] {processor.py:186} INFO - Started process (PID=312) to work on /opt/airflow/dags/cotacoes_moedas_dag.py
[2026-07-18T01:17:12.462+0000] {processor.py:914} INFO - Processing file /opt/airflow/dags/cotacoes_moedas_dag.py for tasks to queue
[2026-07-18T01:17:12.464+0000] {logging_mixin.py:190} INFO - [2026-07-18T01:17:12.464+0000] {dagbag.py:588} INFO - Filling up the DagBag from /opt/airflow/dags/cotacoes_moedas_dag.py
[2026-07-18T01:17:12.480+0000] {processor.py:925} INFO - DAG(s) 'cotacoes_moedas' retrieved from /opt/airflow/dags/cotacoes_moedas_dag.py
[2026-07-18T01:17:12.503+0000] {logging_mixin.py:190} INFO - [2026-07-18T01:17:12.503+0000] {dag.py:3239} INFO - Sync 1 DAGs
[2026-07-18T01:17:12.525+0000] {logging_mixin.py:190} INFO - [2026-07-18T01:17:12.525+0000] {dag.py:4180} INFO - Setting next_dagrun for cotacoes_moedas to 2026-07-18 01:15:00+00:00, run_after=2026-07-18 01:20:00+00:00
[2026-07-18T01:17:12.539+0000] {processor.py:208} INFO - Processing /opt/airflow/dags/cotacoes_moedas_dag.py took 0.085 seconds
[2026-07-18T01:17:22.618+0000] {processor.py:186} INFO - Started process (PID=320) to work on /opt/airflow/dags/cotacoes_moedas_dag.py
[2026-07-18T01:17:22.620+0000] {processor.py:914} INFO - Processing file /opt/airflow/dags/cotacoes_moedas_dag.py for tasks to queue
[2026-07-18T01:17:22.623+0000] {logging_mixin.py:190} INFO - [2026-07-18T01:17:22.623+0000] {dagbag.py:588} INFO - Filling up the DagBag from /opt/airflow/dags/cotacoes_moedas_dag.py
[2026-07-18T01:17:22.646+0000] {processor.py:925} INFO - DAG(s) 'cotacoes_moedas' retrieved from /opt/airflow/dags/cotacoes_moedas_dag.py
[2026-07-18T01:17:22.669+0000] {logging_mixin.py:190} INFO - [2026-07-18T01:17:22.668+0000] {dag.py:3239} INFO - Sync 1 DAGs
[2026-07-18T01:17:22.689+0000] {logging_mixin.py:190} INFO - [2026-07-18T01:17:22.689+0000] {dag.py:4180} INFO - Setting next_dagrun for cotacoes_moedas to 2026-07-18 01:15:00+00:00, run_after=2026-07-18 01:20:00+00:00
[2026-07-18T01:17:22.713+0000] {processor.py:208} INFO - Processing /opt/airflow/dags/cotacoes_moedas_dag.py took 0.101 seconds
[2026-07-18T01:17:32.796+0000] {processor.py:186} INFO - Started process (PID=321) to work on /opt/airflow/dags/cotacoes_moedas_dag.py
[2026-07-18T01:17:32.798+0000] {processor.py:914} INFO - Processing file /opt/airflow/dags/cotacoes_moedas_dag.py for tasks to queue
[2026-07-18T01:17:32.800+0000] {logging_mixin.py:190} INFO - [2026-07-18T01:17:32.800+0000] {dagbag.py:588} INFO - Filling up the DagBag from /opt/airflow/dags/cotacoes_moedas_dag.py
[2026-07-18T01:17:32.818+0000] {processor.py:925} INFO - DAG(s) 'cotacoes_moedas' retrieved from /opt/airflow/dags/cotacoes_moedas_dag.py
[2026-07-18T01:17:32.844+0000] {logging_mixin.py:190} INFO - [2026-07-18T01:17:32.843+0000] {dag.py:3239} INFO - Sync 1 DAGs
[2026-07-18T01:17:32.884+0000] {logging_mixin.py:190} INFO - [2026-07-18T01:17:32.884+0000] {dag.py:4180} INFO - Setting next_dagrun for cotacoes_moedas to 2026-07-18 01:15:00+00:00, run_after=2026-07-18 01:20:00+00:00
[2026-07-18T01:17:32.908+0000] {processor.py:208} INFO - Processing /opt/airflow/dags/cotacoes_moedas_dag.py took 0.118 seconds
[2026-07-18T01:17:42.998+0000] {processor.py:186} INFO - Started process (PID=322) to work on /opt/airflow/dags/cotacoes_moedas_dag.py
[2026-07-18T01:17:42.999+0000] {processor.py:914} INFO - Processing file /opt/airflow/dags/cotacoes_moedas_dag.py for tasks to queue
[2026-07-18T01:17:43.002+0000] {logging_mixin.py:190} INFO - [2026-07-18T01:17:43.002+0000] {dagbag.py:588} INFO - Filling up the DagBag from /opt/airflow/dags/cotacoes_moedas_dag.py
[2026-07-18T01:17:43.020+0000] {processor.py:925} INFO - DAG(s) 'cotacoes_moedas' retrieved from /opt/airflow/dags/cotacoes_moedas_dag.py
[2026-07-18T01:17:43.044+0000] {logging_mixin.py:190} INFO - [2026-07-18T01:17:43.044+0000] {dag.py:3239} INFO - Sync 1 DAGs
[2026-07-18T01:17:43.064+0000] {logging_mixin.py:190} INFO - [2026-07-18T01:17:43.064+0000] {dag.py:4180} INFO - Setting next_dagrun for cotacoes_moedas to 2026-07-18 01:15:00+00:00, run_after=2026-07-18 01:20:00+00:00
[2026-07-18T01:17:43.080+0000] {processor.py:208} INFO - Processing /opt/airflow/dags/cotacoes_moedas_dag.py took 0.090 seconds
[2026-07-18T01:17:53.155+0000] {processor.py:186} INFO - Started process (PID=329) to work on /opt/airflow/dags/cotacoes_moedas_dag.py
[2026-07-18T01:17:53.157+0000] {processor.py:914} INFO - Processing file /opt/airflow/dags/cotacoes_moedas_dag.py for tasks to queue
[2026-07-18T01:17:53.159+0000] {logging_mixin.py:190} INFO - [2026-07-18T01:17:53.159+0000] {dagbag.py:588} INFO - Filling up the DagBag from /opt/airflow/dags/cotacoes_moedas_dag.py
[2026-07-18T01:17:53.174+0000] {processor.py:925} INFO - DAG(s) 'cotacoes_moedas' retrieved from /opt/airflow/dags/cotacoes_moedas_dag.py
[2026-07-18T01:17:53.195+0000] {logging_mixin.py:190} INFO - [2026-07-18T01:17:53.195+0000] {dag.py:3239} INFO - Sync 1 DAGs
[2026-07-18T01:17:53.213+0000] {logging_mixin.py:190} INFO - [2026-07-18T01:17:53.212+0000] {dag.py:4180} INFO - Setting next_dagrun for cotacoes_moedas to 2026-07-18 01:15:00+00:00, run_after=2026-07-18 01:20:00+00:00
[2026-07-18T01:17:53.227+0000] {processor.py:208} INFO - Processing /opt/airflow/dags/cotacoes_moedas_dag.py took 0.077 seconds
[2026-07-18T01:18:03.261+0000] {processor.py:186} INFO - Started process (PID=330) to work on /opt/airflow/dags/cotacoes_moedas_dag.py
[2026-07-18T01:18:03.262+0000] {processor.py:914} INFO - Processing file /opt/airflow/dags/cotacoes_moedas_dag.py for tasks to queue
[2026-07-18T01:18:03.266+0000] {logging_mixin.py:190} INFO - [2026-07-18T01:18:03.265+0000] {dagbag.py:588} INFO - Filling up the DagBag from /opt/airflow/dags/cotacoes_moedas_dag.py
[2026-07-18T01:18:03.290+0000] {processor.py:925} INFO - DAG(s) 'cotacoes_moedas' retrieved from /opt/airflow/dags/cotacoes_moedas_dag.py
[2026-07-18T01:18:03.321+0000] {logging_mixin.py:190} INFO - [2026-07-18T01:18:03.321+0000] {dag.py:3239} INFO - Sync 1 DAGs
[2026-07-18T01:18:03.351+0000] {logging_mixin.py:190} INFO - [2026-07-18T01:18:03.351+0000] {dag.py:4180} INFO - Setting next_dagrun for cotacoes_moedas to 2026-07-18 01:15:00+00:00, run_after=2026-07-18 01:20:00+00:00
[2026-07-18T01:18:03.372+0000] {processor.py:208} INFO - Processing /opt/airflow/dags/cotacoes_moedas_dag.py took 0.119 seconds
[2026-07-18T01:18:13.443+0000] {processor.py:186} INFO - Started process (PID=331) to work on /opt/airflow/dags/cotacoes_moedas_dag.py
[2026-07-18T01:18:13.444+0000] {processor.py:914} INFO - Processing file /opt/airflow/dags/cotacoes_moedas_dag.py for tasks to queue
[2026-07-18T01:18:13.446+0000] {logging_mixin.py:190} INFO - [2026-07-18T01:18:13.446+0000] {dagbag.py:588} INFO - Filling up the DagBag from /opt/airflow/dags/cotacoes_moedas_dag.py
[2026-07-18T01:18:13.460+0000] {processor.py:925} INFO - DAG(s) 'cotacoes_moedas' retrieved from /opt/airflow/dags/cotacoes_moedas_dag.py
[2026-07-18T01:18:13.481+0000] {logging_mixin.py:190} INFO - [2026-07-18T01:18:13.480+0000] {dag.py:3239} INFO - Sync 1 DAGs
[2026-07-18T01:18:13.497+0000] {logging_mixin.py:190} INFO - [2026-07-18T01:18:13.497+0000] {dag.py:4180} INFO - Setting next_dagrun for cotacoes_moedas to 2026-07-18 01:15:00+00:00, run_after=2026-07-18 01:20:00+00:00
[2026-07-18T01:18:13.510+0000] {processor.py:208} INFO - Processing /opt/airflow/dags/cotacoes_moedas_dag.py took 0.074 seconds
[2026-07-18T01:18:23.590+0000] {processor.py:186} INFO - Started process (PID=338) to work on /opt/airflow/dags/cotacoes_moedas_dag.py
[2026-07-18T01:18:23.591+0000] {processor.py:914} INFO - Processing file /opt/airflow/dags/cotacoes_moedas_dag.py for tasks to queue
[2026-07-18T01:18:23.594+0000] {logging_mixin.py:190} INFO - [2026-07-18T01:18:23.593+0000] {dagbag.py:588} INFO - Filling up the DagBag from /opt/airflow/dags/cotacoes_moedas_dag.py
[2026-07-18T01:18:23.609+0000] {processor.py:925} INFO - DAG(s) 'cotacoes_moedas' retrieved from /opt/airflow/dags/cotacoes_moedas_dag.py
[2026-07-18T01:18:23.633+0000] {logging_mixin.py:190} INFO - [2026-07-18T01:18:23.632+0000] {dag.py:3239} INFO - Sync 1 DAGs
[2026-07-18T01:18:23.651+0000] {logging_mixin.py:190} INFO - [2026-07-18T01:18:23.651+0000] {dag.py:4180} INFO - Setting next_dagrun for cotacoes_moedas to 2026-07-18 01:15:00+00:00, run_after=2026-07-18 01:20:00+00:00
[2026-07-18T01:18:23.667+0000] {processor.py:208} INFO - Processing /opt/airflow/dags/cotacoes_moedas_dag.py took 0.083 seconds
[2026-07-18T01:18:33.747+0000] {processor.py:186} INFO - Started process (PID=339) to work on /opt/airflow/dags/cotacoes_moedas_dag.py
[2026-07-18T01:18:33.748+0000] {processor.py:914} INFO - Processing file /opt/airflow/dags/cotacoes_moedas_dag.py for tasks to queue
[2026-07-18T01:18:33.750+0000] {logging_mixin.py:190} INFO - [2026-07-18T01:18:33.750+0000] {dagbag.py:588} INFO - Filling up the DagBag from /opt/airflow/dags/cotacoes_moedas_dag.py
[2026-07-18T01:18:33.765+0000] {processor.py:925} INFO - DAG(s) 'cotacoes_moedas' retrieved from /opt/airflow/dags/cotacoes_moedas_dag.py
[2026-07-18T01:18:33.790+0000] {logging_mixin.py:190} INFO - [2026-07-18T01:18:33.789+0000] {dag.py:3239} INFO - Sync 1 DAGs
[2026-07-18T01:18:33.810+0000] {logging_mixin.py:190} INFO - [2026-07-18T01:18:33.809+0000] {dag.py:4180} INFO - Setting next_dagrun for cotacoes_moedas to 2026-07-18 01:15:00+00:00, run_after=2026-07-18 01:20:00+00:00
[2026-07-18T01:18:33.826+0000] {processor.py:208} INFO - Processing /opt/airflow/dags/cotacoes_moedas_dag.py took 0.086 seconds
[2026-07-18T01:18:43.904+0000] {processor.py:186} INFO - Started process (PID=340) to work on /opt/airflow/dags/cotacoes_moedas_dag.py
[2026-07-18T01:18:43.906+0000] {processor.py:914} INFO - Processing file /opt/airflow/dags/cotacoes_moedas_dag.py for tasks to queue
[2026-07-18T01:18:43.909+0000] {logging_mixin.py:190} INFO - [2026-07-18T01:18:43.908+0000] {dagbag.py:588} INFO - Filling up the DagBag from /opt/airflow/dags/cotacoes_moedas_dag.py
[2026-07-18T01:18:43.924+0000] {processor.py:925} INFO - DAG(s) 'cotacoes_moedas' retrieved from /opt/airflow/dags/cotacoes_moedas_dag.py
[2026-07-18T01:18:43.949+0000] {logging_mixin.py:190} INFO - [2026-07-18T01:18:43.949+0000] {dag.py:3239} INFO - Sync 1 DAGs
[2026-07-18T01:18:43.969+0000] {logging_mixin.py:190} INFO - [2026-07-18T01:18:43.969+0000] {dag.py:4180} INFO - Setting next_dagrun for cotacoes_moedas to 2026-07-18 01:15:00+00:00, run_after=2026-07-18 01:20:00+00:00
[2026-07-18T01:18:43.990+0000] {processor.py:208} INFO - Processing /opt/airflow/dags/cotacoes_moedas_dag.py took 0.091 seconds
[2026-07-18T01:18:54.069+0000] {processor.py:186} INFO - Started process (PID=347) to work on /opt/airflow/dags/cotacoes_moedas_dag.py
[2026-07-18T01:18:54.071+0000] {processor.py:914} INFO - Processing file /opt/airflow/dags/cotacoes_moedas_dag.py for tasks to queue
[2026-07-18T01:18:54.074+0000] {logging_mixin.py:190} INFO - [2026-07-18T01:18:54.073+0000] {dagbag.py:588} INFO - Filling up the DagBag from /opt/airflow/dags/cotacoes_moedas_dag.py
[2026-07-18T01:18:54.089+0000] {processor.py:925} INFO - DAG(s) 'cotacoes_moedas' retrieved from /opt/airflow/dags/cotacoes_moedas_dag.py
[2026-07-18T01:18:54.109+0000] {logging_mixin.py:190} INFO - [2026-07-18T01:18:54.109+0000] {dag.py:3239} INFO - Sync 1 DAGs
[2026-07-18T01:18:54.127+0000] {logging_mixin.py:190} INFO - [2026-07-18T01:18:54.127+0000] {dag.py:4180} INFO - Setting next_dagrun for cotacoes_moedas to 2026-07-18 01:15:00+00:00, run_after=2026-07-18 01:20:00+00:00
[2026-07-18T01:18:54.141+0000] {processor.py:208} INFO - Processing /opt/airflow/dags/cotacoes_moedas_dag.py took 0.079 seconds
[2026-07-18T01:19:04.234+0000] {processor.py:186} INFO - Started process (PID=348) to work on /opt/airflow/dags/cotacoes_moedas_dag.py
[2026-07-18T01:19:04.235+0000] {processor.py:914} INFO - Processing file /opt/airflow/dags/cotacoes_moedas_dag.py for tasks to queue
[2026-07-18T01:19:04.238+0000] {logging_mixin.py:190} INFO - [2026-07-18T01:19:04.238+0000] {dagbag.py:588} INFO - Filling up the DagBag from /opt/airflow/dags/cotacoes_moedas_dag.py
[2026-07-18T01:19:04.262+0000] {processor.py:925} INFO - DAG(s) 'cotacoes_moedas' retrieved from /opt/airflow/dags/cotacoes_moedas_dag.py
[2026-07-18T01:19:04.291+0000] {logging_mixin.py:190} INFO - [2026-07-18T01:19:04.291+0000] {dag.py:3239} INFO - Sync 1 DAGs
[2026-07-18T01:19:04.314+0000] {logging_mixin.py:190} INFO - [2026-07-18T01:19:04.313+0000] {dag.py:4180} INFO - Setting next_dagrun for cotacoes_moedas to 2026-07-18 01:15:00+00:00, run_after=2026-07-18 01:20:00+00:00
[2026-07-18T01:19:04.330+0000] {processor.py:208} INFO - Processing /opt/airflow/dags/cotacoes_moedas_dag.py took 0.104 seconds
[2026-07-18T01:19:14.403+0000] {processor.py:186} INFO - Started process (PID=349) to work on /opt/airflow/dags/cotacoes_moedas_dag.py
[2026-07-18T01:19:14.404+0000] {processor.py:914} INFO - Processing file /opt/airflow/dags/cotacoes_moedas_dag.py for tasks to queue
[2026-07-18T01:19:14.406+0000] {logging_mixin.py:190} INFO - [2026-07-18T01:19:14.406+0000] {dagbag.py:588} INFO - Filling up the DagBag from /opt/airflow/dags/cotacoes_moedas_dag.py
[2026-07-18T01:19:14.423+0000] {processor.py:925} INFO - DAG(s) 'cotacoes_moedas' retrieved from /opt/airflow/dags/cotacoes_moedas_dag.py
[2026-07-18T01:19:14.443+0000] {logging_mixin.py:190} INFO - [2026-07-18T01:19:14.442+0000] {dag.py:3239} INFO - Sync 1 DAGs
[2026-07-18T01:19:14.460+0000] {logging_mixin.py:190} INFO - [2026-07-18T01:19:14.459+0000] {dag.py:4180} INFO - Setting next_dagrun for cotacoes_moedas to 2026-07-18 01:15:00+00:00, run_after=2026-07-18 01:20:00+00:00
[2026-07-18T01:19:14.474+0000] {processor.py:208} INFO - Processing /opt/airflow/dags/cotacoes_moedas_dag.py took 0.076 seconds
[2026-07-18T01:19:24.563+0000] {processor.py:186} INFO - Started process (PID=356) to work on /opt/airflow/dags/cotacoes_moedas_dag.py
[2026-07-18T01:19:24.564+0000] {processor.py:914} INFO - Processing file /opt/airflow/dags/cotacoes_moedas_dag.py for tasks to queue
[2026-07-18T01:19:24.566+0000] {logging_mixin.py:190} INFO - [2026-07-18T01:19:24.566+0000] {dagbag.py:588} INFO - Filling up the DagBag from /opt/airflow/dags/cotacoes_moedas_dag.py
[2026-07-18T01:19:24.587+0000] {processor.py:925} INFO - DAG(s) 'cotacoes_moedas' retrieved from /opt/airflow/dags/cotacoes_moedas_dag.py
[2026-07-18T01:19:24.608+0000] {logging_mixin.py:190} INFO - [2026-07-18T01:19:24.608+0000] {dag.py:3239} INFO - Sync 1 DAGs
[2026-07-18T01:19:24.630+0000] {logging_mixin.py:190} INFO - [2026-07-18T01:19:24.630+0000] {dag.py:4180} INFO - Setting next_dagrun for cotacoes_moedas to 2026-07-18 01:15:00+00:00, run_after=2026-07-18 01:20:00+00:00
[2026-07-18T01:19:24.643+0000] {processor.py:208} INFO - Processing /opt/airflow/dags/cotacoes_moedas_dag.py took 0.086 seconds
[2026-07-18T01:19:34.724+0000] {processor.py:186} INFO - Started process (PID=357) to work on /opt/airflow/dags/cotacoes_moedas_dag.py
[2026-07-18T01:19:34.725+0000] {processor.py:914} INFO - Processing file /opt/airflow/dags/cotacoes_moedas_dag.py for tasks to queue
[2026-07-18T01:19:34.727+0000] {logging_mixin.py:190} INFO - [2026-07-18T01:19:34.727+0000] {dagbag.py:588} INFO - Filling up the DagBag from /opt/airflow/dags/cotacoes_moedas_dag.py
[2026-07-18T01:19:34.742+0000] {processor.py:925} INFO - DAG(s) 'cotacoes_moedas' retrieved from /opt/airflow/dags/cotacoes_moedas_dag.py
[2026-07-18T01:19:34.768+0000] {logging_mixin.py:190} INFO - [2026-07-18T01:19:34.768+0000] {dag.py:3239} INFO - Sync 1 DAGs
[2026-07-18T01:19:34.787+0000] {logging_mixin.py:190} INFO - [2026-07-18T01:19:34.787+0000] {dag.py:4180} INFO - Setting next_dagrun for cotacoes_moedas to 2026-07-18 01:15:00+00:00, run_after=2026-07-18 01:20:00+00:00
[2026-07-18T01:19:34.803+0000] {processor.py:208} INFO - Processing /opt/airflow/dags/cotacoes_moedas_dag.py took 0.086 seconds
[2026-07-18T01:19:44.897+0000] {processor.py:186} INFO - Started process (PID=358) to work on /opt/airflow/dags/cotacoes_moedas_dag.py
[2026-07-18T01:19:44.899+0000] {processor.py:914} INFO - Processing file /opt/airflow/dags/cotacoes_moedas_dag.py for tasks to queue
[2026-07-18T01:19:44.901+0000] {logging_mixin.py:190} INFO - [2026-07-18T01:19:44.901+0000] {dagbag.py:588} INFO - Filling up the DagBag from /opt/airflow/dags/cotacoes_moedas_dag.py
[2026-07-18T01:19:44.919+0000] {processor.py:925} INFO - DAG(s) 'cotacoes_moedas' retrieved from /opt/airflow/dags/cotacoes_moedas_dag.py
[2026-07-18T01:19:44.938+0000] {logging_mixin.py:190} INFO - [2026-07-18T01:19:44.938+0000] {dag.py:3239} INFO - Sync 1 DAGs
[2026-07-18T01:19:44.955+0000] {logging_mixin.py:190} INFO - [2026-07-18T01:19:44.955+0000] {dag.py:4180} INFO - Setting next_dagrun for cotacoes_moedas to 2026-07-18 01:15:00+00:00, run_after=2026-07-18 01:20:00+00:00
[2026-07-18T01:19:44.970+0000] {processor.py:208} INFO - Processing /opt/airflow/dags/cotacoes_moedas_dag.py took 0.081 seconds
[2026-07-18T01:19:55.053+0000] {processor.py:186} INFO - Started process (PID=365) to work on /opt/airflow/dags/cotacoes_moedas_dag.py
[2026-07-18T01:19:55.054+0000] {processor.py:914} INFO - Processing file /opt/airflow/dags/cotacoes_moedas_dag.py for tasks to queue
[2026-07-18T01:19:55.056+0000] {logging_mixin.py:190} INFO - [2026-07-18T01:19:55.056+0000] {dagbag.py:588} INFO - Filling up the DagBag from /opt/airflow/dags/cotacoes_moedas_dag.py
[2026-07-18T01:19:55.084+0000] {processor.py:925} INFO - DAG(s) 'cotacoes_moedas' retrieved from /opt/airflow/dags/cotacoes_moedas_dag.py
[2026-07-18T01:19:55.110+0000] {logging_mixin.py:190} INFO - [2026-07-18T01:19:55.110+0000] {dag.py:3239} INFO - Sync 1 DAGs
[2026-07-18T01:19:55.130+0000] {logging_mixin.py:190} INFO - [2026-07-18T01:19:55.130+0000] {dag.py:4180} INFO - Setting next_dagrun for cotacoes_moedas to 2026-07-18 01:15:00+00:00, run_after=2026-07-18 01:20:00+00:00
[2026-07-18T01:19:55.146+0000] {processor.py:208} INFO - Processing /opt/airflow/dags/cotacoes_moedas_dag.py took 0.099 seconds
[2026-07-18T01:20:05.228+0000] {processor.py:186} INFO - Started process (PID=366) to work on /opt/airflow/dags/cotacoes_moedas_dag.py
[2026-07-18T01:20:05.229+0000] {processor.py:914} INFO - Processing file /opt/airflow/dags/cotacoes_moedas_dag.py for tasks to queue
[2026-07-18T01:20:05.232+0000] {logging_mixin.py:190} INFO - [2026-07-18T01:20:05.232+0000] {dagbag.py:588} INFO - Filling up the DagBag from /opt/airflow/dags/cotacoes_moedas_dag.py
[2026-07-18T01:20:05.246+0000] {processor.py:925} INFO - DAG(s) 'cotacoes_moedas' retrieved from /opt/airflow/dags/cotacoes_moedas_dag.py
[2026-07-18T01:20:05.267+0000] {logging_mixin.py:190} INFO - [2026-07-18T01:20:05.267+0000] {dag.py:3239} INFO - Sync 1 DAGs
[2026-07-18T01:20:05.287+0000] {logging_mixin.py:190} INFO - [2026-07-18T01:20:05.286+0000] {dag.py:4180} INFO - Setting next_dagrun for cotacoes_moedas to 2026-07-18 01:20:00+00:00, run_after=2026-07-18 01:25:00+00:00
[2026-07-18T01:20:05.304+0000] {processor.py:208} INFO - Processing /opt/airflow/dags/cotacoes_moedas_dag.py took 0.083 seconds
[2026-07-18T01:20:15.390+0000] {processor.py:186} INFO - Started process (PID=367) to work on /opt/airflow/dags/cotacoes_moedas_dag.py
[2026-07-18T01:20:15.392+0000] {processor.py:914} INFO - Processing file /opt/airflow/dags/cotacoes_moedas_dag.py for tasks to queue
[2026-07-18T01:20:15.394+0000] {logging_mixin.py:190} INFO - [2026-07-18T01:20:15.394+0000] {dagbag.py:588} INFO - Filling up the DagBag from /opt/airflow/dags/cotacoes_moedas_dag.py
[2026-07-18T01:20:15.414+0000] {processor.py:925} INFO - DAG(s) 'cotacoes_moedas' retrieved from /opt/airflow/dags/cotacoes_moedas_dag.py
[2026-07-18T01:20:15.436+0000] {logging_mixin.py:190} INFO - [2026-07-18T01:20:15.436+0000] {dag.py:3239} INFO - Sync 1 DAGs
[2026-07-18T01:20:15.454+0000] {logging_mixin.py:190} INFO - [2026-07-18T01:20:15.454+0000] {dag.py:4180} INFO - Setting next_dagrun for cotacoes_moedas to 2026-07-18 01:20:00+00:00, run_after=2026-07-18 01:25:00+00:00
[2026-07-18T01:20:15.468+0000] {processor.py:208} INFO - Processing /opt/airflow/dags/cotacoes_moedas_dag.py took 0.084 seconds
[2026-07-18T01:20:25.556+0000] {processor.py:186} INFO - Started process (PID=374) to work on /opt/airflow/dags/cotacoes_moedas_dag.py
[2026-07-18T01:20:25.558+0000] {processor.py:914} INFO - Processing file /opt/airflow/dags/cotacoes_moedas_dag.py for tasks to queue
[2026-07-18T01:20:25.560+0000] {logging_mixin.py:190} INFO - [2026-07-18T01:20:25.560+0000] {dagbag.py:588} INFO - Filling up the DagBag from /opt/airflow/dags/cotacoes_moedas_dag.py
[2026-07-18T01:20:25.576+0000] {processor.py:925} INFO - DAG(s) 'cotacoes_moedas' retrieved from /opt/airflow/dags/cotacoes_moedas_dag.py
[2026-07-18T01:20:25.597+0000] {logging_mixin.py:190} INFO - [2026-07-18T01:20:25.597+0000] {dag.py:3239} INFO - Sync 1 DAGs
[2026-07-18T01:20:25.616+0000] {logging_mixin.py:190} INFO - [2026-07-18T01:20:25.616+0000] {dag.py:4180} INFO - Setting next_dagrun for cotacoes_moedas to 2026-07-18 01:20:00+00:00, run_after=2026-07-18 01:25:00+00:00
[2026-07-18T01:20:25.632+0000] {processor.py:208} INFO - Processing /opt/airflow/dags/cotacoes_moedas_dag.py took 0.082 seconds
[2026-07-18T01:20:35.708+0000] {processor.py:186} INFO - Started process (PID=375) to work on /opt/airflow/dags/cotacoes_moedas_dag.py
[2026-07-18T01:20:35.710+0000] {processor.py:914} INFO - Processing file /opt/airflow/dags/cotacoes_moedas_dag.py for tasks to queue
[2026-07-18T01:20:35.712+0000] {logging_mixin.py:190} INFO - [2026-07-18T01:20:35.712+0000] {dagbag.py:588} INFO - Filling up the DagBag from /opt/airflow/dags/cotacoes_moedas_dag.py
[2026-07-18T01:20:35.728+0000] {processor.py:925} INFO - DAG(s) 'cotacoes_moedas' retrieved from /opt/airflow/dags/cotacoes_moedas_dag.py
[2026-07-18T01:20:35.749+0000] {logging_mixin.py:190} INFO - [2026-07-18T01:20:35.749+0000] {dag.py:3239} INFO - Sync 1 DAGs
[2026-07-18T01:20:35.768+0000] {logging_mixin.py:190} INFO - [2026-07-18T01:20:35.767+0000] {dag.py:4180} INFO - Setting next_dagrun for cotacoes_moedas to 2026-07-18 01:20:00+00:00, run_after=2026-07-18 01:25:00+00:00
[2026-07-18T01:20:35.784+0000] {processor.py:208} INFO - Processing /opt/airflow/dags/cotacoes_moedas_dag.py took 0.082 seconds
[2026-07-18T01:20:45.860+0000] {processor.py:186} INFO - Started process (PID=376) to work on /opt/airflow/dags/cotacoes_moedas_dag.py
[2026-07-18T01:20:45.861+0000] {processor.py:914} INFO - Processing file /opt/airflow/dags/cotacoes_moedas_dag.py for tasks to queue
[2026-07-18T01:20:45.863+0000] {logging_mixin.py:190} INFO - [2026-07-18T01:20:45.863+0000] {dagbag.py:588} INFO - Filling up the DagBag from /opt/airflow/dags/cotacoes_moedas_dag.py
[2026-07-18T01:20:45.878+0000] {processor.py:925} INFO - DAG(s) 'cotacoes_moedas' retrieved from /opt/airflow/dags/cotacoes_moedas_dag.py
[2026-07-18T01:20:45.898+0000] {logging_mixin.py:190} INFO - [2026-07-18T01:20:45.898+0000] {dag.py:3239} INFO - Sync 1 DAGs
[2026-07-18T01:20:45.917+0000] {logging_mixin.py:190} INFO - [2026-07-18T01:20:45.916+0000] {dag.py:4180} INFO - Setting next_dagrun for cotacoes_moedas to 2026-07-18 01:20:00+00:00, run_after=2026-07-18 01:25:00+00:00
[2026-07-18T01:20:45.931+0000] {processor.py:208} INFO - Processing /opt/airflow/dags/cotacoes_moedas_dag.py took 0.077 seconds
