[2026-06-21T21:59:05.746+0000] {local_task_job_runner.py:123} INFO - ::group::Pre task execution logs
[2026-06-21T21:59:05.891+0000] {taskinstance.py:2614} INFO - Dependencies all met for dep_context=non-requeueable deps ti=<TaskInstance: demo_tmp_celery_bug.read_6 manual__2026-06-21T21:57:47.960253+00:00 [queued]>
[2026-06-21T21:59:05.990+0000] {taskinstance.py:2614} INFO - Dependencies all met for dep_context=requeueable deps ti=<TaskInstance: demo_tmp_celery_bug.read_6 manual__2026-06-21T21:57:47.960253+00:00 [queued]>
[2026-06-21T21:59:05.994+0000] {taskinstance.py:2867} INFO - Starting attempt 1 of 1
[2026-06-21T21:59:06.074+0000] {taskinstance.py:2890} INFO - Executing <Task(PythonOperator): read_6> on 2026-06-21 21:57:47.960253+00:00
[2026-06-21T21:59:06.112+0000] {standard_task_runner.py:104} INFO - Running: ['***', 'tasks', 'run', 'demo_tmp_celery_bug', 'read_6', 'manual__2026-06-21T21:57:47.960253+00:00', '--job-id', '464', '--raw', '--subdir', 'DAGS_FOLDER/demo_tmp_celery_bug.py', '--cfg-path', '/tmp/tmpjm0pxzjw']
[2026-06-21T21:59:06.117+0000] {standard_task_runner.py:105} INFO - Job 464: Subtask read_6
[2026-06-21T21:59:06.115+0000] {warnings.py:112} WARNING - /home/***/.local/lib/python3.12/site-packages/***/task/task_runner/standard_task_runner.py:70: DeprecationWarning: This process (pid=860) is multi-threaded, use of fork() may lead to deadlocks in the child.
  pid = os.fork()

[2026-06-21T21:59:06.130+0000] {standard_task_runner.py:72} INFO - Started process 871 to run task
[2026-06-21T21:59:06.417+0000] {task_command.py:467} INFO - Running <TaskInstance: demo_tmp_celery_bug.read_6 manual__2026-06-21T21:57:47.960253+00:00 [running]> on host 3f8339d18026
[2026-06-21T21:59:06.775+0000] {taskinstance.py:3134} INFO - Exporting env vars: AIRFLOW_CTX_DAG_OWNER='***' AIRFLOW_CTX_DAG_ID='demo_tmp_celery_bug' AIRFLOW_CTX_TASK_ID='read_6' AIRFLOW_CTX_EXECUTION_DATE='2026-06-21T21:57:47.960253+00:00' AIRFLOW_CTX_TRY_NUMBER='1' AIRFLOW_CTX_DAG_RUN_ID='manual__2026-06-21T21:57:47.960253+00:00'
[2026-06-21T21:59:06.802+0000] {taskinstance.py:732} INFO - ::endgroup::
[2026-06-21T21:59:06.862+0000] {logging_mixin.py:190} INFO - ======================================================================
[2026-06-21T21:59:06.864+0000] {logging_mixin.py:190} INFO - [READ 6] ESTE WORKER -> hostname=3f8339d18026 pid=871
[2026-06-21T21:59:06.869+0000] {logging_mixin.py:190} INFO - [READ 6] Procurando arquivo: /tmp/celery_demo/data_6.txt
[2026-06-21T21:59:06.873+0000] {logging_mixin.py:190} INFO - ======================================================================
[2026-06-21T21:59:06.876+0000] {logging_mixin.py:190} INFO - [READ 6] SUCESSO — arquivo encontrado neste worker.
[2026-06-21T21:59:06.880+0000] {logging_mixin.py:190} INFO - [READ 6] Conteúdo: Arquivo 6 escrito por: hostname=3f8339d18026 pid=826
[2026-06-21T21:59:06.886+0000] {logging_mixin.py:190} INFO - [READ 6] (write e read caíram no MESMO worker desta vez — por isso funcionou)
[2026-06-21T21:59:06.891+0000] {python.py:240} INFO - Done. Returned value was: None
[2026-06-21T21:59:06.940+0000] {taskinstance.py:341} INFO - ::group::Post task execution logs
[2026-06-21T21:59:06.942+0000] {taskinstance.py:353} INFO - Marking task as SUCCESS. dag_id=demo_tmp_celery_bug, task_id=read_6, run_id=manual__2026-06-21T21:57:47.960253+00:00, execution_date=20260621T215747, start_date=20260621T215905, end_date=20260621T215906
[2026-06-21T21:59:07.176+0000] {local_task_job_runner.py:266} INFO - Task exited with return code 0
[2026-06-21T21:59:07.361+0000] {taskinstance.py:3901} INFO - 0 downstream tasks scheduled from follow-on schedule check
[2026-06-21T21:59:07.377+0000] {local_task_job_runner.py:245} INFO - ::endgroup::
