[2026-06-21T21:55:44.640+0000] {local_task_job_runner.py:123} INFO - ::group::Pre task execution logs
[2026-06-21T21:55:44.668+0000] {taskinstance.py:2614} INFO - Dependencies all met for dep_context=non-requeueable deps ti=<TaskInstance: demo_tmp_celery_bug.write_7 manual__2026-06-21T21:55:42.753873+00:00 [queued]>
[2026-06-21T21:55:44.685+0000] {taskinstance.py:2614} INFO - Dependencies all met for dep_context=requeueable deps ti=<TaskInstance: demo_tmp_celery_bug.write_7 manual__2026-06-21T21:55:42.753873+00:00 [queued]>
[2026-06-21T21:55:44.687+0000] {taskinstance.py:2867} INFO - Starting attempt 1 of 1
[2026-06-21T21:55:44.710+0000] {taskinstance.py:2890} INFO - Executing <Task(PythonOperator): write_7> on 2026-06-21 21:55:42.753873+00:00
[2026-06-21T21:55:44.725+0000] {standard_task_runner.py:104} INFO - Running: ['***', 'tasks', 'run', 'demo_tmp_celery_bug', 'write_7', 'manual__2026-06-21T21:55:42.753873+00:00', '--job-id', '62', '--raw', '--subdir', 'DAGS_FOLDER/demo_tmp_celery_bug.py', '--cfg-path', '/tmp/tmpasb96pbh']
[2026-06-21T21:55:44.723+0000] {warnings.py:112} WARNING - /home/***/.local/lib/python3.12/site-packages/***/task/task_runner/standard_task_runner.py:70: DeprecationWarning: This process (pid=202) is multi-threaded, use of fork() may lead to deadlocks in the child.
  pid = os.fork()

[2026-06-21T21:55:44.728+0000] {standard_task_runner.py:105} INFO - Job 62: Subtask write_7
[2026-06-21T21:55:44.729+0000] {standard_task_runner.py:72} INFO - Started process 210 to run task
[2026-06-21T21:55:44.873+0000] {task_command.py:467} INFO - Running <TaskInstance: demo_tmp_celery_bug.write_7 manual__2026-06-21T21:55:42.753873+00:00 [running]> on host 4970a61b9d60
[2026-06-21T21:55:45.017+0000] {taskinstance.py:3134} INFO - Exporting env vars: AIRFLOW_CTX_DAG_OWNER='***' AIRFLOW_CTX_DAG_ID='demo_tmp_celery_bug' AIRFLOW_CTX_TASK_ID='write_7' AIRFLOW_CTX_EXECUTION_DATE='2026-06-21T21:55:42.753873+00:00' AIRFLOW_CTX_TRY_NUMBER='1' AIRFLOW_CTX_DAG_RUN_ID='manual__2026-06-21T21:55:42.753873+00:00'
[2026-06-21T21:55:45.020+0000] {taskinstance.py:732} INFO - ::endgroup::
[2026-06-21T21:55:45.052+0000] {logging_mixin.py:190} INFO - ======================================================================
[2026-06-21T21:55:45.053+0000] {logging_mixin.py:190} INFO - [WRITE 7] Arquivo criado em: /tmp/celery_demo/data_7.txt
[2026-06-21T21:55:45.054+0000] {logging_mixin.py:190} INFO - [WRITE 7] ESTE WORKER -> hostname=4970a61b9d60 pid=210
[2026-06-21T21:55:45.057+0000] {logging_mixin.py:190} INFO - ======================================================================
[2026-06-21T21:55:45.058+0000] {logging_mixin.py:190} INFO - [WRITE 7] Se a read_7 cair em OUTRO worker, ela NÃO vai encontrar este arquivo.
[2026-06-21T21:55:45.059+0000] {python.py:240} INFO - Done. Returned value was: None
[2026-06-21T21:55:45.077+0000] {taskinstance.py:341} INFO - ::group::Post task execution logs
[2026-06-21T21:55:45.078+0000] {taskinstance.py:353} INFO - Marking task as SUCCESS. dag_id=demo_tmp_celery_bug, task_id=write_7, run_id=manual__2026-06-21T21:55:42.753873+00:00, execution_date=20260621T215542, start_date=20260621T215544, end_date=20260621T215545
[2026-06-21T21:55:45.163+0000] {local_task_job_runner.py:266} INFO - Task exited with return code 0
[2026-06-21T21:55:45.260+0000] {taskinstance.py:3901} INFO - 1 downstream tasks scheduled from follow-on schedule check
[2026-06-21T21:55:45.264+0000] {local_task_job_runner.py:245} INFO - ::endgroup::
