[2026-06-21T21:55:46.605+0000] {local_task_job_runner.py:123} INFO - ::group::Pre task execution logs
[2026-06-21T21:55:46.643+0000] {taskinstance.py:2614} INFO - Dependencies all met for dep_context=non-requeueable deps ti=<TaskInstance: demo_tmp_celery_bug.read_5 manual__2026-06-21T21:55:42.753873+00:00 [queued]>
[2026-06-21T21:55:46.661+0000] {taskinstance.py:2614} INFO - Dependencies all met for dep_context=requeueable deps ti=<TaskInstance: demo_tmp_celery_bug.read_5 manual__2026-06-21T21:55:42.753873+00:00 [queued]>
[2026-06-21T21:55:46.663+0000] {taskinstance.py:2867} INFO - Starting attempt 1 of 1
[2026-06-21T21:55:46.684+0000] {taskinstance.py:2890} INFO - Executing <Task(PythonOperator): read_5> on 2026-06-21 21:55:42.753873+00:00
[2026-06-21T21:55:46.695+0000] {warnings.py:112} WARNING - /home/***/.local/lib/python3.12/site-packages/***/task/task_runner/standard_task_runner.py:70: DeprecationWarning: This process (pid=218) is multi-threaded, use of fork() may lead to deadlocks in the child.
  pid = os.fork()

[2026-06-21T21:55:46.698+0000] {standard_task_runner.py:104} INFO - Running: ['***', 'tasks', 'run', 'demo_tmp_celery_bug', 'read_5', 'manual__2026-06-21T21:55:42.753873+00:00', '--job-id', '71', '--raw', '--subdir', 'DAGS_FOLDER/demo_tmp_celery_bug.py', '--cfg-path', '/tmp/tmp1o05gv5p']
[2026-06-21T21:55:46.700+0000] {standard_task_runner.py:72} INFO - Started process 222 to run task
[2026-06-21T21:55:46.701+0000] {standard_task_runner.py:105} INFO - Job 71: Subtask read_5
[2026-06-21T21:55:46.799+0000] {task_command.py:467} INFO - Running <TaskInstance: demo_tmp_celery_bug.read_5 manual__2026-06-21T21:55:42.753873+00:00 [running]> on host 4970a61b9d60
[2026-06-21T21:55:46.924+0000] {taskinstance.py:3134} INFO - Exporting env vars: AIRFLOW_CTX_DAG_OWNER='***' AIRFLOW_CTX_DAG_ID='demo_tmp_celery_bug' AIRFLOW_CTX_TASK_ID='read_5' AIRFLOW_CTX_EXECUTION_DATE='2026-06-21T21:55:42.753873+00:00' AIRFLOW_CTX_TRY_NUMBER='1' AIRFLOW_CTX_DAG_RUN_ID='manual__2026-06-21T21:55:42.753873+00:00'
[2026-06-21T21:55:46.926+0000] {taskinstance.py:732} INFO - ::endgroup::
[2026-06-21T21:55:46.952+0000] {logging_mixin.py:190} INFO - ======================================================================
[2026-06-21T21:55:46.953+0000] {logging_mixin.py:190} INFO - [READ 5] ESTE WORKER -> hostname=4970a61b9d60 pid=222
[2026-06-21T21:55:46.954+0000] {logging_mixin.py:190} INFO - [READ 5] Procurando arquivo: /tmp/celery_demo/data_5.txt
[2026-06-21T21:55:46.955+0000] {logging_mixin.py:190} INFO - ======================================================================
[2026-06-21T21:55:46.956+0000] {logging_mixin.py:190} INFO - 
>>> BUG REPRODUZIDO! <<<
A read_5 rodou em hostname=4970a61b9d60 pid=222
mas o arquivo /tmp/celery_demo/data_5.txt não existe NESTE worker.
Provavelmente a write_5 rodou em OUTRO worker,
cujo /tmp é um filesystem totalmente separado deste.
[2026-06-21T21:55:46.958+0000] {taskinstance.py:3313} ERROR - Task failed with exception
Traceback (most recent call last):
  File "/home/airflow/.local/lib/python3.12/site-packages/airflow/models/taskinstance.py", line 768, in _execute_task
    result = _execute_callable(context=context, **execute_callable_kwargs)
             ^^^^^^^^^^^^^^^^^^^^^^^^^^^^^^^^^^^^^^^^^^^^^^^^^^^^^^^^^^^^^
  File "/home/airflow/.local/lib/python3.12/site-packages/airflow/models/taskinstance.py", line 734, in _execute_callable
    return ExecutionCallableRunner(
           ^^^^^^^^^^^^^^^^^^^^^^^^
  File "/home/airflow/.local/lib/python3.12/site-packages/airflow/utils/operator_helpers.py", line 252, in run
    return self.func(*args, **kwargs)
           ^^^^^^^^^^^^^^^^^^^^^^^^^^
  File "/home/airflow/.local/lib/python3.12/site-packages/airflow/models/baseoperator.py", line 424, in wrapper
    return func(self, *args, **kwargs)
           ^^^^^^^^^^^^^^^^^^^^^^^^^^^
  File "/home/airflow/.local/lib/python3.12/site-packages/airflow/operators/python.py", line 238, in execute
    return_value = self.execute_callable()
                   ^^^^^^^^^^^^^^^^^^^^^^^
  File "/home/airflow/.local/lib/python3.12/site-packages/airflow/operators/python.py", line 256, in execute_callable
    return runner.run(*self.op_args, **self.op_kwargs)
           ^^^^^^^^^^^^^^^^^^^^^^^^^^^^^^^^^^^^^^^^^^^
  File "/home/airflow/.local/lib/python3.12/site-packages/airflow/utils/operator_helpers.py", line 252, in run
    return self.func(*args, **kwargs)
           ^^^^^^^^^^^^^^^^^^^^^^^^^^
  File "/opt/airflow/dags/demo_tmp_celery_bug.py", line 85, in read_file
    raise FileNotFoundError(msg)
FileNotFoundError: 
>>> BUG REPRODUZIDO! <<<
A read_5 rodou em hostname=4970a61b9d60 pid=222
mas o arquivo /tmp/celery_demo/data_5.txt não existe NESTE worker.
Provavelmente a write_5 rodou em OUTRO worker,
cujo /tmp é um filesystem totalmente separado deste.

[2026-06-21T21:55:46.977+0000] {taskinstance.py:1226} INFO - Marking task as FAILED. dag_id=demo_tmp_celery_bug, task_id=read_5, run_id=manual__2026-06-21T21:55:42.753873+00:00, execution_date=20260621T215542, start_date=20260621T215546, end_date=20260621T215546
[2026-06-21T21:55:47.016+0000] {taskinstance.py:341} INFO - ::group::Post task execution logs
[2026-06-21T21:55:47.017+0000] {standard_task_runner.py:124} ERROR - Failed to execute job 71 for task read_5 (
>>> BUG REPRODUZIDO! <<<
A read_5 rodou em hostname=4970a61b9d60 pid=222
mas o arquivo /tmp/celery_demo/data_5.txt não existe NESTE worker.
Provavelmente a write_5 rodou em OUTRO worker,
cujo /tmp é um filesystem totalmente separado deste.
; 222)
Traceback (most recent call last):
  File "/home/airflow/.local/lib/python3.12/site-packages/airflow/task/task_runner/standard_task_runner.py", line 117, in _start_by_fork
    ret = args.func(args, dag=self.dag)
          ^^^^^^^^^^^^^^^^^^^^^^^^^^^^^
  File "/home/airflow/.local/lib/python3.12/site-packages/airflow/cli/cli_config.py", line 49, in command
    return func(*args, **kwargs)
           ^^^^^^^^^^^^^^^^^^^^^
  File "/home/airflow/.local/lib/python3.12/site-packages/airflow/utils/cli.py", line 116, in wrapper
    return f(*args, **kwargs)
           ^^^^^^^^^^^^^^^^^^
  File "/home/airflow/.local/lib/python3.12/site-packages/airflow/cli/commands/task_command.py", line 483, in task_run
    task_return_code = _run_task_by_selected_method(args, _dag, ti)
                       ^^^^^^^^^^^^^^^^^^^^^^^^^^^^^^^^^^^^^^^^^^^^
  File "/home/airflow/.local/lib/python3.12/site-packages/airflow/cli/commands/task_command.py", line 256, in _run_task_by_selected_method
    return _run_raw_task(args, ti)
           ^^^^^^^^^^^^^^^^^^^^^^^
  File "/home/airflow/.local/lib/python3.12/site-packages/airflow/cli/commands/task_command.py", line 341, in _run_raw_task
    return ti._run_raw_task(
           ^^^^^^^^^^^^^^^^^
  File "/home/airflow/.local/lib/python3.12/site-packages/airflow/utils/session.py", line 97, in wrapper
    return func(*args, session=session, **kwargs)
           ^^^^^^^^^^^^^^^^^^^^^^^^^^^^^^^^^^^^^^
  File "/home/airflow/.local/lib/python3.12/site-packages/airflow/models/taskinstance.py", line 3006, in _run_raw_task
    return _run_raw_task(
           ^^^^^^^^^^^^^^
  File "/home/airflow/.local/lib/python3.12/site-packages/airflow/models/taskinstance.py", line 274, in _run_raw_task
    TaskInstance._execute_task_with_callbacks(
  File "/home/airflow/.local/lib/python3.12/site-packages/airflow/models/taskinstance.py", line 3161, in _execute_task_with_callbacks
    result = self._execute_task(context, task_orig)
             ^^^^^^^^^^^^^^^^^^^^^^^^^^^^^^^^^^^^^^
  File "/home/airflow/.local/lib/python3.12/site-packages/airflow/models/taskinstance.py", line 3185, in _execute_task
    return _execute_task(self, context, task_orig)
           ^^^^^^^^^^^^^^^^^^^^^^^^^^^^^^^^^^^^^^^
  File "/home/airflow/.local/lib/python3.12/site-packages/airflow/models/taskinstance.py", line 768, in _execute_task
    result = _execute_callable(context=context, **execute_callable_kwargs)
             ^^^^^^^^^^^^^^^^^^^^^^^^^^^^^^^^^^^^^^^^^^^^^^^^^^^^^^^^^^^^^
  File "/home/airflow/.local/lib/python3.12/site-packages/airflow/models/taskinstance.py", line 734, in _execute_callable
    return ExecutionCallableRunner(
           ^^^^^^^^^^^^^^^^^^^^^^^^
  File "/home/airflow/.local/lib/python3.12/site-packages/airflow/utils/operator_helpers.py", line 252, in run
    return self.func(*args, **kwargs)
           ^^^^^^^^^^^^^^^^^^^^^^^^^^
  File "/home/airflow/.local/lib/python3.12/site-packages/airflow/models/baseoperator.py", line 424, in wrapper
    return func(self, *args, **kwargs)
           ^^^^^^^^^^^^^^^^^^^^^^^^^^^
  File "/home/airflow/.local/lib/python3.12/site-packages/airflow/operators/python.py", line 238, in execute
    return_value = self.execute_callable()
                   ^^^^^^^^^^^^^^^^^^^^^^^
  File "/home/airflow/.local/lib/python3.12/site-packages/airflow/operators/python.py", line 256, in execute_callable
    return runner.run(*self.op_args, **self.op_kwargs)
           ^^^^^^^^^^^^^^^^^^^^^^^^^^^^^^^^^^^^^^^^^^^
  File "/home/airflow/.local/lib/python3.12/site-packages/airflow/utils/operator_helpers.py", line 252, in run
    return self.func(*args, **kwargs)
           ^^^^^^^^^^^^^^^^^^^^^^^^^^
  File "/opt/airflow/dags/demo_tmp_celery_bug.py", line 85, in read_file
    raise FileNotFoundError(msg)
FileNotFoundError: 
>>> BUG REPRODUZIDO! <<<
A read_5 rodou em hostname=4970a61b9d60 pid=222
mas o arquivo /tmp/celery_demo/data_5.txt não existe NESTE worker.
Provavelmente a write_5 rodou em OUTRO worker,
cujo /tmp é um filesystem totalmente separado deste.

[2026-06-21T21:55:47.040+0000] {local_task_job_runner.py:266} INFO - Task exited with return code 1
[2026-06-21T21:55:47.054+0000] {local_task_job_runner.py:245} INFO - ::endgroup::
