[2026-06-21T21:58:30.093+0000] {local_task_job_runner.py:123} INFO - ::group::Pre task execution logs
[2026-06-21T21:58:30.362+0000] {taskinstance.py:2614} INFO - Dependencies all met for dep_context=non-requeueable deps ti=<TaskInstance: demo_tmp_celery_bug.write_7 manual__2026-06-21T21:57:49.119847+00:00 [queued]>
[2026-06-21T21:58:30.511+0000] {taskinstance.py:2614} INFO - Dependencies all met for dep_context=requeueable deps ti=<TaskInstance: demo_tmp_celery_bug.write_7 manual__2026-06-21T21:57:49.119847+00:00 [queued]>
[2026-06-21T21:58:30.526+0000] {taskinstance.py:2867} INFO - Starting attempt 1 of 1
[2026-06-21T21:58:30.644+0000] {taskinstance.py:2890} INFO - Executing <Task(PythonOperator): write_7> on 2026-06-21 21:57:49.119847+00:00
[2026-06-21T21:58:30.708+0000] {warnings.py:112} WARNING - /home/***/.local/lib/python3.12/site-packages/***/task/task_runner/standard_task_runner.py:70: DeprecationWarning: This process (pid=669) is multi-threaded, use of fork() may lead to deadlocks in the child.
  pid = os.fork()

[2026-06-21T21:58:30.712+0000] {standard_task_runner.py:104} INFO - Running: ['***', 'tasks', 'run', 'demo_tmp_celery_bug', 'write_7', 'manual__2026-06-21T21:57:49.119847+00:00', '--job-id', '367', '--raw', '--subdir', 'DAGS_FOLDER/demo_tmp_celery_bug.py', '--cfg-path', '/tmp/tmppz2g02b6']
[2026-06-21T21:58:30.741+0000] {standard_task_runner.py:105} INFO - Job 367: Subtask write_7
[2026-06-21T21:58:30.737+0000] {standard_task_runner.py:72} INFO - Started process 685 to run task
[2026-06-21T21:58:31.232+0000] {task_command.py:467} INFO - Running <TaskInstance: demo_tmp_celery_bug.write_7 manual__2026-06-21T21:57:49.119847+00:00 [running]> on host 4970a61b9d60
[2026-06-21T21:58:32.272+0000] {taskinstance.py:3134} INFO - Exporting env vars: AIRFLOW_CTX_DAG_OWNER='***' AIRFLOW_CTX_DAG_ID='demo_tmp_celery_bug' AIRFLOW_CTX_TASK_ID='write_7' AIRFLOW_CTX_EXECUTION_DATE='2026-06-21T21:57:49.119847+00:00' AIRFLOW_CTX_TRY_NUMBER='1' AIRFLOW_CTX_DAG_RUN_ID='manual__2026-06-21T21:57:49.119847+00:00'
[2026-06-21T21:58:32.302+0000] {taskinstance.py:732} INFO - ::endgroup::
[2026-06-21T21:58:32.448+0000] {logging_mixin.py:190} INFO - ======================================================================
[2026-06-21T21:58:32.454+0000] {logging_mixin.py:190} INFO - [WRITE 7] Arquivo criado em: /tmp/celery_demo/data_7.txt
[2026-06-21T21:58:32.466+0000] {logging_mixin.py:190} INFO - [WRITE 7] ESTE WORKER -> hostname=4970a61b9d60 pid=685
[2026-06-21T21:58:32.470+0000] {logging_mixin.py:190} INFO - ======================================================================
[2026-06-21T21:58:32.474+0000] {logging_mixin.py:190} INFO - [WRITE 7] Se a read_7 cair em OUTRO worker, ela NÃO vai encontrar este arquivo.
[2026-06-21T21:58:32.483+0000] {python.py:240} INFO - Done. Returned value was: None
[2026-06-21T21:58:32.557+0000] {taskinstance.py:341} INFO - ::group::Post task execution logs
[2026-06-21T21:58:32.571+0000] {taskinstance.py:353} INFO - Marking task as SUCCESS. dag_id=demo_tmp_celery_bug, task_id=write_7, run_id=manual__2026-06-21T21:57:49.119847+00:00, execution_date=20260621T215749, start_date=20260621T215830, end_date=20260621T215832
[2026-06-21T21:58:32.914+0000] {local_task_job_runner.py:266} INFO - Task exited with return code 0
[2026-06-21T21:58:33.183+0000] {taskinstance.py:3901} INFO - 1 downstream tasks scheduled from follow-on schedule check
[2026-06-21T21:58:33.193+0000] {local_task_job_runner.py:245} INFO - ::endgroup::
