[2026-06-21T21:57:00.395+0000] {local_task_job_runner.py:123} INFO - ::group::Pre task execution logs
[2026-06-21T21:57:00.462+0000] {taskinstance.py:2614} INFO - Dependencies all met for dep_context=non-requeueable deps ti=<TaskInstance: demo_tmp_celery_bug.read_6 manual__2026-06-21T21:56:51.160229+00:00 [queued]>
[2026-06-21T21:57:00.493+0000] {taskinstance.py:2614} INFO - Dependencies all met for dep_context=requeueable deps ti=<TaskInstance: demo_tmp_celery_bug.read_6 manual__2026-06-21T21:56:51.160229+00:00 [queued]>
[2026-06-21T21:57:00.507+0000] {taskinstance.py:2867} INFO - Starting attempt 1 of 1
[2026-06-21T21:57:00.552+0000] {taskinstance.py:2890} INFO - Executing <Task(PythonOperator): read_6> on 2026-06-21 21:56:51.160229+00:00
[2026-06-21T21:57:00.580+0000] {warnings.py:112} WARNING - /home/***/.local/lib/python3.12/site-packages/***/task/task_runner/standard_task_runner.py:70: DeprecationWarning: This process (pid=437) is multi-threaded, use of fork() may lead to deadlocks in the child.
  pid = os.fork()

[2026-06-21T21:57:00.588+0000] {standard_task_runner.py:72} INFO - Started process 440 to run task
[2026-06-21T21:57:00.589+0000] {standard_task_runner.py:104} INFO - Running: ['***', 'tasks', 'run', 'demo_tmp_celery_bug', 'read_6', 'manual__2026-06-21T21:56:51.160229+00:00', '--job-id', '207', '--raw', '--subdir', 'DAGS_FOLDER/demo_tmp_celery_bug.py', '--cfg-path', '/tmp/tmpm87h4qr7']
[2026-06-21T21:57:00.605+0000] {standard_task_runner.py:105} INFO - Job 207: Subtask read_6
[2026-06-21T21:57:00.819+0000] {task_command.py:467} INFO - Running <TaskInstance: demo_tmp_celery_bug.read_6 manual__2026-06-21T21:56:51.160229+00:00 [running]> on host 4970a61b9d60
[2026-06-21T21:57:01.087+0000] {taskinstance.py:3134} INFO - Exporting env vars: AIRFLOW_CTX_DAG_OWNER='***' AIRFLOW_CTX_DAG_ID='demo_tmp_celery_bug' AIRFLOW_CTX_TASK_ID='read_6' AIRFLOW_CTX_EXECUTION_DATE='2026-06-21T21:56:51.160229+00:00' AIRFLOW_CTX_TRY_NUMBER='1' AIRFLOW_CTX_DAG_RUN_ID='manual__2026-06-21T21:56:51.160229+00:00'
[2026-06-21T21:57:01.129+0000] {taskinstance.py:732} INFO - ::endgroup::
[2026-06-21T21:57:01.215+0000] {logging_mixin.py:190} INFO - ======================================================================
[2026-06-21T21:57:01.220+0000] {logging_mixin.py:190} INFO - [READ 6] ESTE WORKER -> hostname=4970a61b9d60 pid=440
[2026-06-21T21:57:01.222+0000] {logging_mixin.py:190} INFO - [READ 6] Procurando arquivo: /tmp/celery_demo/data_6.txt
[2026-06-21T21:57:01.228+0000] {logging_mixin.py:190} INFO - ======================================================================
[2026-06-21T21:57:01.235+0000] {logging_mixin.py:190} INFO - [READ 6] SUCESSO — arquivo encontrado neste worker.
[2026-06-21T21:57:01.239+0000] {logging_mixin.py:190} INFO - [READ 6] Conteúdo: Arquivo 6 escrito por: hostname=4970a61b9d60 pid=403
[2026-06-21T21:57:01.241+0000] {logging_mixin.py:190} INFO - [READ 6] (write e read caíram no MESMO worker desta vez — por isso funcionou)
[2026-06-21T21:57:01.244+0000] {python.py:240} INFO - Done. Returned value was: None
[2026-06-21T21:57:01.287+0000] {taskinstance.py:341} INFO - ::group::Post task execution logs
[2026-06-21T21:57:01.290+0000] {taskinstance.py:353} INFO - Marking task as SUCCESS. dag_id=demo_tmp_celery_bug, task_id=read_6, run_id=manual__2026-06-21T21:56:51.160229+00:00, execution_date=20260621T215651, start_date=20260621T215700, end_date=20260621T215701
[2026-06-21T21:57:01.459+0000] {local_task_job_runner.py:266} INFO - Task exited with return code 0
[2026-06-21T21:57:01.496+0000] {local_task_job_runner.py:245} INFO - ::endgroup::
