[2026-06-21T21:58:44.110+0000] {local_task_job_runner.py:123} INFO - ::group::Pre task execution logs
[2026-06-21T21:58:44.272+0000] {taskinstance.py:2614} INFO - Dependencies all met for dep_context=non-requeueable deps ti=<TaskInstance: demo_tmp_celery_bug.read_3 manual__2026-06-21T21:57:43.404741+00:00 [queued]>
[2026-06-21T21:58:44.317+0000] {taskinstance.py:2614} INFO - Dependencies all met for dep_context=requeueable deps ti=<TaskInstance: demo_tmp_celery_bug.read_3 manual__2026-06-21T21:57:43.404741+00:00 [queued]>
[2026-06-21T21:58:44.324+0000] {taskinstance.py:2867} INFO - Starting attempt 1 of 1
[2026-06-21T21:58:44.568+0000] {taskinstance.py:2890} INFO - Executing <Task(PythonOperator): read_3> on 2026-06-21 21:57:43.404741+00:00
[2026-06-21T21:58:44.592+0000] {standard_task_runner.py:104} INFO - Running: ['***', 'tasks', 'run', 'demo_tmp_celery_bug', 'read_3', 'manual__2026-06-21T21:57:43.404741+00:00', '--job-id', '403', '--raw', '--subdir', 'DAGS_FOLDER/demo_tmp_celery_bug.py', '--cfg-path', '/tmp/tmptffjif27']
[2026-06-21T21:58:44.587+0000] {warnings.py:112} WARNING - /home/***/.local/lib/python3.12/site-packages/***/task/task_runner/standard_task_runner.py:70: DeprecationWarning: This process (pid=721) is multi-threaded, use of fork() may lead to deadlocks in the child.
  pid = os.fork()

[2026-06-21T21:58:44.598+0000] {standard_task_runner.py:105} INFO - Job 403: Subtask read_3
[2026-06-21T21:58:44.609+0000] {standard_task_runner.py:72} INFO - Started process 745 to run task
[2026-06-21T21:58:44.883+0000] {task_command.py:467} INFO - Running <TaskInstance: demo_tmp_celery_bug.read_3 manual__2026-06-21T21:57:43.404741+00:00 [running]> on host 4970a61b9d60
[2026-06-21T21:58:45.467+0000] {taskinstance.py:3134} INFO - Exporting env vars: AIRFLOW_CTX_DAG_OWNER='***' AIRFLOW_CTX_DAG_ID='demo_tmp_celery_bug' AIRFLOW_CTX_TASK_ID='read_3' AIRFLOW_CTX_EXECUTION_DATE='2026-06-21T21:57:43.404741+00:00' AIRFLOW_CTX_TRY_NUMBER='1' AIRFLOW_CTX_DAG_RUN_ID='manual__2026-06-21T21:57:43.404741+00:00'
[2026-06-21T21:58:45.477+0000] {taskinstance.py:732} INFO - ::endgroup::
[2026-06-21T21:58:45.573+0000] {logging_mixin.py:190} INFO - ======================================================================
[2026-06-21T21:58:45.577+0000] {logging_mixin.py:190} INFO - [READ 3] ESTE WORKER -> hostname=4970a61b9d60 pid=745
[2026-06-21T21:58:45.582+0000] {logging_mixin.py:190} INFO - [READ 3] Procurando arquivo: /tmp/celery_demo/data_3.txt
[2026-06-21T21:58:45.586+0000] {logging_mixin.py:190} INFO - ======================================================================
[2026-06-21T21:58:45.589+0000] {logging_mixin.py:190} INFO - [READ 3] SUCESSO — arquivo encontrado neste worker.
[2026-06-21T21:58:45.592+0000] {logging_mixin.py:190} INFO - [READ 3] Conteúdo: Arquivo 3 escrito por: hostname=4970a61b9d60 pid=710
[2026-06-21T21:58:45.598+0000] {logging_mixin.py:190} INFO - [READ 3] (write e read caíram no MESMO worker desta vez — por isso funcionou)
[2026-06-21T21:58:45.602+0000] {python.py:240} INFO - Done. Returned value was: None
[2026-06-21T21:58:45.702+0000] {taskinstance.py:341} INFO - ::group::Post task execution logs
[2026-06-21T21:58:45.706+0000] {taskinstance.py:353} INFO - Marking task as SUCCESS. dag_id=demo_tmp_celery_bug, task_id=read_3, run_id=manual__2026-06-21T21:57:43.404741+00:00, execution_date=20260621T215743, start_date=20260621T215844, end_date=20260621T215845
[2026-06-21T21:58:45.919+0000] {local_task_job_runner.py:266} INFO - Task exited with return code 0
[2026-06-21T21:58:46.012+0000] {local_task_job_runner.py:245} INFO - ::endgroup::
