[2026-06-21T21:59:05.950+0000] {local_task_job_runner.py:123} INFO - ::group::Pre task execution logs
[2026-06-21T21:59:06.118+0000] {taskinstance.py:2614} INFO - Dependencies all met for dep_context=non-requeueable deps ti=<TaskInstance: demo_tmp_celery_bug.read_3 manual__2026-06-21T21:57:47.960253+00:00 [queued]>
[2026-06-21T21:59:06.207+0000] {taskinstance.py:2614} INFO - Dependencies all met for dep_context=requeueable deps ti=<TaskInstance: demo_tmp_celery_bug.read_3 manual__2026-06-21T21:57:47.960253+00:00 [queued]>
[2026-06-21T21:59:06.214+0000] {taskinstance.py:2867} INFO - Starting attempt 1 of 1
[2026-06-21T21:59:06.325+0000] {taskinstance.py:2890} INFO - Executing <Task(PythonOperator): read_3> on 2026-06-21 21:57:47.960253+00:00
[2026-06-21T21:59:06.351+0000] {warnings.py:112} WARNING - /home/***/.local/lib/python3.12/site-packages/***/task/task_runner/standard_task_runner.py:70: DeprecationWarning: This process (pid=816) is multi-threaded, use of fork() may lead to deadlocks in the child.
  pid = os.fork()

[2026-06-21T21:59:06.364+0000] {standard_task_runner.py:72} INFO - Started process 831 to run task
[2026-06-21T21:59:06.370+0000] {standard_task_runner.py:104} INFO - Running: ['***', 'tasks', 'run', 'demo_tmp_celery_bug', 'read_3', 'manual__2026-06-21T21:57:47.960253+00:00', '--job-id', '465', '--raw', '--subdir', 'DAGS_FOLDER/demo_tmp_celery_bug.py', '--cfg-path', '/tmp/tmp86n0m3wv']
[2026-06-21T21:59:06.383+0000] {standard_task_runner.py:105} INFO - Job 465: Subtask read_3
[2026-06-21T21:59:06.686+0000] {task_command.py:467} INFO - Running <TaskInstance: demo_tmp_celery_bug.read_3 manual__2026-06-21T21:57:47.960253+00:00 [running]> on host 4970a61b9d60
[2026-06-21T21:59:07.157+0000] {taskinstance.py:3134} INFO - Exporting env vars: AIRFLOW_CTX_DAG_OWNER='***' AIRFLOW_CTX_DAG_ID='demo_tmp_celery_bug' AIRFLOW_CTX_TASK_ID='read_3' AIRFLOW_CTX_EXECUTION_DATE='2026-06-21T21:57:47.960253+00:00' AIRFLOW_CTX_TRY_NUMBER='1' AIRFLOW_CTX_DAG_RUN_ID='manual__2026-06-21T21:57:47.960253+00:00'
[2026-06-21T21:59:07.177+0000] {taskinstance.py:732} INFO - ::endgroup::
[2026-06-21T21:59:07.247+0000] {logging_mixin.py:190} INFO - ======================================================================
[2026-06-21T21:59:07.251+0000] {logging_mixin.py:190} INFO - [READ 3] ESTE WORKER -> hostname=4970a61b9d60 pid=831
[2026-06-21T21:59:07.261+0000] {logging_mixin.py:190} INFO - [READ 3] Procurando arquivo: /tmp/celery_demo/data_3.txt
[2026-06-21T21:59:07.264+0000] {logging_mixin.py:190} INFO - ======================================================================
[2026-06-21T21:59:07.267+0000] {logging_mixin.py:190} INFO - [READ 3] SUCESSO — arquivo encontrado neste worker.
[2026-06-21T21:59:07.276+0000] {logging_mixin.py:190} INFO - [READ 3] Conteúdo: Arquivo 3 escrito por: hostname=4970a61b9d60 pid=777
[2026-06-21T21:59:07.278+0000] {logging_mixin.py:190} INFO - [READ 3] (write e read caíram no MESMO worker desta vez — por isso funcionou)
[2026-06-21T21:59:07.290+0000] {python.py:240} INFO - Done. Returned value was: None
[2026-06-21T21:59:07.366+0000] {taskinstance.py:341} INFO - ::group::Post task execution logs
[2026-06-21T21:59:07.372+0000] {taskinstance.py:353} INFO - Marking task as SUCCESS. dag_id=demo_tmp_celery_bug, task_id=read_3, run_id=manual__2026-06-21T21:57:47.960253+00:00, execution_date=20260621T215747, start_date=20260621T215906, end_date=20260621T215907
[2026-06-21T21:59:07.503+0000] {local_task_job_runner.py:266} INFO - Task exited with return code 0
[2026-06-21T21:59:07.651+0000] {taskinstance.py:3901} INFO - 0 downstream tasks scheduled from follow-on schedule check
[2026-06-21T21:59:07.673+0000] {local_task_job_runner.py:245} INFO - ::endgroup::
