[2026-06-21T22:00:16.454+0000] {local_task_job_runner.py:123} INFO - ::group::Pre task execution logs
[2026-06-21T22:00:16.485+0000] {taskinstance.py:2614} INFO - Dependencies all met for dep_context=non-requeueable deps ti=<TaskInstance: demo_tmp_celery_bug.read_3 manual__2026-06-21T21:57:49.119847+00:00 [queued]>
[2026-06-21T22:00:16.503+0000] {taskinstance.py:2614} INFO - Dependencies all met for dep_context=requeueable deps ti=<TaskInstance: demo_tmp_celery_bug.read_3 manual__2026-06-21T21:57:49.119847+00:00 [queued]>
[2026-06-21T22:00:16.505+0000] {taskinstance.py:2867} INFO - Starting attempt 1 of 1
[2026-06-21T22:00:16.530+0000] {taskinstance.py:2890} INFO - Executing <Task(PythonOperator): read_3> on 2026-06-21 21:57:49.119847+00:00
[2026-06-21T22:00:16.543+0000] {warnings.py:112} WARNING - /home/***/.local/lib/python3.12/site-packages/***/task/task_runner/standard_task_runner.py:70: DeprecationWarning: This process (pid=108) is multi-threaded, use of fork() may lead to deadlocks in the child.
  pid = os.fork()

[2026-06-21T22:00:16.546+0000] {standard_task_runner.py:104} INFO - Running: ['***', 'tasks', 'run', 'demo_tmp_celery_bug', 'read_3', 'manual__2026-06-21T21:57:49.119847+00:00', '--job-id', '523', '--raw', '--subdir', 'DAGS_FOLDER/demo_tmp_celery_bug.py', '--cfg-path', '/tmp/tmpyjirmdxo']
[2026-06-21T22:00:16.548+0000] {standard_task_runner.py:72} INFO - Started process 112 to run task
[2026-06-21T22:00:16.549+0000] {standard_task_runner.py:105} INFO - Job 523: Subtask read_3
[2026-06-21T22:00:16.655+0000] {task_command.py:467} INFO - Running <TaskInstance: demo_tmp_celery_bug.read_3 manual__2026-06-21T21:57:49.119847+00:00 [running]> on host 3f8339d18026
[2026-06-21T22:00:16.832+0000] {taskinstance.py:3134} INFO - Exporting env vars: AIRFLOW_CTX_DAG_OWNER='***' AIRFLOW_CTX_DAG_ID='demo_tmp_celery_bug' AIRFLOW_CTX_TASK_ID='read_3' AIRFLOW_CTX_EXECUTION_DATE='2026-06-21T21:57:49.119847+00:00' AIRFLOW_CTX_TRY_NUMBER='1' AIRFLOW_CTX_DAG_RUN_ID='manual__2026-06-21T21:57:49.119847+00:00'
[2026-06-21T22:00:16.835+0000] {taskinstance.py:732} INFO - ::endgroup::
[2026-06-21T22:00:16.865+0000] {logging_mixin.py:190} INFO - ======================================================================
[2026-06-21T22:00:16.869+0000] {logging_mixin.py:190} INFO - [READ 3] ESTE WORKER -> hostname=3f8339d18026 pid=112
[2026-06-21T22:00:16.870+0000] {logging_mixin.py:190} INFO - [READ 3] Procurando arquivo: /tmp/celery_demo/data_3.txt
[2026-06-21T22:00:16.872+0000] {logging_mixin.py:190} INFO - ======================================================================
[2026-06-21T22:00:16.873+0000] {logging_mixin.py:190} INFO - [READ 3] SUCESSO — arquivo encontrado neste worker.
[2026-06-21T22:00:16.875+0000] {logging_mixin.py:190} INFO - [READ 3] Conteúdo: Arquivo 3 escrito por: hostname=3f8339d18026 pid=839
[2026-06-21T22:00:16.877+0000] {logging_mixin.py:190} INFO - [READ 3] (write e read caíram no MESMO worker desta vez — por isso funcionou)
[2026-06-21T22:00:16.878+0000] {python.py:240} INFO - Done. Returned value was: None
[2026-06-21T22:00:16.906+0000] {taskinstance.py:341} INFO - ::group::Post task execution logs
[2026-06-21T22:00:16.909+0000] {taskinstance.py:353} INFO - Marking task as SUCCESS. dag_id=demo_tmp_celery_bug, task_id=read_3, run_id=manual__2026-06-21T21:57:49.119847+00:00, execution_date=20260621T215749, start_date=20260621T220016, end_date=20260621T220016
[2026-06-21T22:00:16.970+0000] {local_task_job_runner.py:266} INFO - Task exited with return code 0
[2026-06-21T22:00:17.008+0000] {taskinstance.py:3901} INFO - 0 downstream tasks scheduled from follow-on schedule check
[2026-06-21T22:00:17.013+0000] {local_task_job_runner.py:245} INFO - ::endgroup::
