[2026-06-21T21:59:11.822+0000] {local_task_job_runner.py:123} INFO - ::group::Pre task execution logs
[2026-06-21T21:59:11.906+0000] {taskinstance.py:2614} INFO - Dependencies all met for dep_context=non-requeueable deps ti=<TaskInstance: demo_tmp_celery_bug.read_4 manual__2026-06-21T21:57:48.137656+00:00 [queued]>
[2026-06-21T21:59:11.952+0000] {taskinstance.py:2614} INFO - Dependencies all met for dep_context=requeueable deps ti=<TaskInstance: demo_tmp_celery_bug.read_4 manual__2026-06-21T21:57:48.137656+00:00 [queued]>
[2026-06-21T21:59:11.958+0000] {taskinstance.py:2867} INFO - Starting attempt 1 of 1
[2026-06-21T21:59:12.287+0000] {taskinstance.py:2890} INFO - Executing <Task(PythonOperator): read_4> on 2026-06-21 21:57:48.137656+00:00
[2026-06-21T21:59:12.329+0000] {warnings.py:112} WARNING - /home/***/.local/lib/python3.12/site-packages/***/task/task_runner/standard_task_runner.py:70: DeprecationWarning: This process (pid=840) is multi-threaded, use of fork() may lead to deadlocks in the child.
  pid = os.fork()

[2026-06-21T21:59:12.335+0000] {standard_task_runner.py:104} INFO - Running: ['***', 'tasks', 'run', 'demo_tmp_celery_bug', 'read_4', 'manual__2026-06-21T21:57:48.137656+00:00', '--job-id', '482', '--raw', '--subdir', 'DAGS_FOLDER/demo_tmp_celery_bug.py', '--cfg-path', '/tmp/tmp69aifyge']
[2026-06-21T21:59:12.343+0000] {standard_task_runner.py:72} INFO - Started process 855 to run task
[2026-06-21T21:59:12.346+0000] {standard_task_runner.py:105} INFO - Job 482: Subtask read_4
[2026-06-21T21:59:12.691+0000] {task_command.py:467} INFO - Running <TaskInstance: demo_tmp_celery_bug.read_4 manual__2026-06-21T21:57:48.137656+00:00 [running]> on host 4970a61b9d60
[2026-06-21T21:59:13.313+0000] {taskinstance.py:3134} INFO - Exporting env vars: AIRFLOW_CTX_DAG_OWNER='***' AIRFLOW_CTX_DAG_ID='demo_tmp_celery_bug' AIRFLOW_CTX_TASK_ID='read_4' AIRFLOW_CTX_EXECUTION_DATE='2026-06-21T21:57:48.137656+00:00' AIRFLOW_CTX_TRY_NUMBER='1' AIRFLOW_CTX_DAG_RUN_ID='manual__2026-06-21T21:57:48.137656+00:00'
[2026-06-21T21:59:13.322+0000] {taskinstance.py:732} INFO - ::endgroup::
[2026-06-21T21:59:13.388+0000] {logging_mixin.py:190} INFO - ======================================================================
[2026-06-21T21:59:13.390+0000] {logging_mixin.py:190} INFO - [READ 4] ESTE WORKER -> hostname=4970a61b9d60 pid=855
[2026-06-21T21:59:13.398+0000] {logging_mixin.py:190} INFO - [READ 4] Procurando arquivo: /tmp/celery_demo/data_4.txt
[2026-06-21T21:59:13.403+0000] {logging_mixin.py:190} INFO - ======================================================================
[2026-06-21T21:59:13.406+0000] {logging_mixin.py:190} INFO - [READ 4] SUCESSO — arquivo encontrado neste worker.
[2026-06-21T21:59:13.413+0000] {logging_mixin.py:190} INFO - [READ 4] Conteúdo: Arquivo 4 escrito por: hostname=4970a61b9d60 pid=801
[2026-06-21T21:59:13.424+0000] {logging_mixin.py:190} INFO - [READ 4] (write e read caíram no MESMO worker desta vez — por isso funcionou)
[2026-06-21T21:59:13.430+0000] {python.py:240} INFO - Done. Returned value was: None
[2026-06-21T21:59:13.468+0000] {taskinstance.py:341} INFO - ::group::Post task execution logs
[2026-06-21T21:59:13.470+0000] {taskinstance.py:353} INFO - Marking task as SUCCESS. dag_id=demo_tmp_celery_bug, task_id=read_4, run_id=manual__2026-06-21T21:57:48.137656+00:00, execution_date=20260621T215748, start_date=20260621T215911, end_date=20260621T215913
[2026-06-21T21:59:13.605+0000] {local_task_job_runner.py:266} INFO - Task exited with return code 0
[2026-06-21T21:59:13.643+0000] {local_task_job_runner.py:245} INFO - ::endgroup::
