[2026-06-21T21:57:28.313+0000] {local_task_job_runner.py:123} INFO - ::group::Pre task execution logs
[2026-06-21T21:57:28.344+0000] {taskinstance.py:2614} INFO - Dependencies all met for dep_context=non-requeueable deps ti=<TaskInstance: demo_tmp_celery_bug.write_4 manual__2026-06-21T21:57:26.701171+00:00 [queued]>
[2026-06-21T21:57:28.363+0000] {taskinstance.py:2614} INFO - Dependencies all met for dep_context=requeueable deps ti=<TaskInstance: demo_tmp_celery_bug.write_4 manual__2026-06-21T21:57:26.701171+00:00 [queued]>
[2026-06-21T21:57:28.365+0000] {taskinstance.py:2867} INFO - Starting attempt 1 of 1
[2026-06-21T21:57:28.390+0000] {taskinstance.py:2890} INFO - Executing <Task(PythonOperator): write_4> on 2026-06-21 21:57:26.701171+00:00
[2026-06-21T21:57:28.405+0000] {warnings.py:112} WARNING - /home/***/.local/lib/python3.12/site-packages/***/task/task_runner/standard_task_runner.py:70: DeprecationWarning: This process (pid=510) is multi-threaded, use of fork() may lead to deadlocks in the child.
  pid = os.fork()

[2026-06-21T21:57:28.408+0000] {standard_task_runner.py:104} INFO - Running: ['***', 'tasks', 'run', 'demo_tmp_celery_bug', 'write_4', 'manual__2026-06-21T21:57:26.701171+00:00', '--job-id', '242', '--raw', '--subdir', 'DAGS_FOLDER/demo_tmp_celery_bug.py', '--cfg-path', '/tmp/tmpz1ene7vt']
[2026-06-21T21:57:28.412+0000] {standard_task_runner.py:72} INFO - Started process 514 to run task
[2026-06-21T21:57:28.413+0000] {standard_task_runner.py:105} INFO - Job 242: Subtask write_4
[2026-06-21T21:57:28.510+0000] {task_command.py:467} INFO - Running <TaskInstance: demo_tmp_celery_bug.write_4 manual__2026-06-21T21:57:26.701171+00:00 [running]> on host 3f8339d18026
[2026-06-21T21:57:28.716+0000] {taskinstance.py:3134} INFO - Exporting env vars: AIRFLOW_CTX_DAG_OWNER='***' AIRFLOW_CTX_DAG_ID='demo_tmp_celery_bug' AIRFLOW_CTX_TASK_ID='write_4' AIRFLOW_CTX_EXECUTION_DATE='2026-06-21T21:57:26.701171+00:00' AIRFLOW_CTX_TRY_NUMBER='1' AIRFLOW_CTX_DAG_RUN_ID='manual__2026-06-21T21:57:26.701171+00:00'
[2026-06-21T21:57:28.723+0000] {taskinstance.py:732} INFO - ::endgroup::
[2026-06-21T21:57:28.761+0000] {logging_mixin.py:190} INFO - ======================================================================
[2026-06-21T21:57:28.763+0000] {logging_mixin.py:190} INFO - [WRITE 4] Arquivo criado em: /tmp/celery_demo/data_4.txt
[2026-06-21T21:57:28.766+0000] {logging_mixin.py:190} INFO - [WRITE 4] ESTE WORKER -> hostname=3f8339d18026 pid=514
[2026-06-21T21:57:28.769+0000] {logging_mixin.py:190} INFO - ======================================================================
[2026-06-21T21:57:28.772+0000] {logging_mixin.py:190} INFO - [WRITE 4] Se a read_4 cair em OUTRO worker, ela NÃO vai encontrar este arquivo.
[2026-06-21T21:57:28.774+0000] {python.py:240} INFO - Done. Returned value was: None
[2026-06-21T21:57:28.803+0000] {taskinstance.py:341} INFO - ::group::Post task execution logs
[2026-06-21T21:57:28.804+0000] {taskinstance.py:353} INFO - Marking task as SUCCESS. dag_id=demo_tmp_celery_bug, task_id=write_4, run_id=manual__2026-06-21T21:57:26.701171+00:00, execution_date=20260621T215726, start_date=20260621T215728, end_date=20260621T215728
[2026-06-21T21:57:28.928+0000] {local_task_job_runner.py:266} INFO - Task exited with return code 0
[2026-06-21T21:57:28.946+0000] {local_task_job_runner.py:245} INFO - ::endgroup::
