[2026-06-21T21:55:59.495+0000] {local_task_job_runner.py:123} INFO - ::group::Pre task execution logs
[2026-06-21T21:55:59.543+0000] {taskinstance.py:2614} INFO - Dependencies all met for dep_context=non-requeueable deps ti=<TaskInstance: demo_tmp_celery_bug.write_4 manual__2026-06-21T21:55:57.556411+00:00 [queued]>
[2026-06-21T21:55:59.562+0000] {taskinstance.py:2614} INFO - Dependencies all met for dep_context=requeueable deps ti=<TaskInstance: demo_tmp_celery_bug.write_4 manual__2026-06-21T21:55:57.556411+00:00 [queued]>
[2026-06-21T21:55:59.563+0000] {taskinstance.py:2867} INFO - Starting attempt 1 of 1
[2026-06-21T21:55:59.595+0000] {taskinstance.py:2890} INFO - Executing <Task(PythonOperator): write_4> on 2026-06-21 21:55:57.556411+00:00
[2026-06-21T21:55:59.616+0000] {warnings.py:112} WARNING - /home/***/.local/lib/python3.12/site-packages/***/task/task_runner/standard_task_runner.py:70: DeprecationWarning: This process (pid=269) is multi-threaded, use of fork() may lead to deadlocks in the child.
  pid = os.fork()

[2026-06-21T21:55:59.626+0000] {standard_task_runner.py:72} INFO - Started process 279 to run task
[2026-06-21T21:55:59.615+0000] {standard_task_runner.py:104} INFO - Running: ['***', 'tasks', 'run', 'demo_tmp_celery_bug', 'write_4', 'manual__2026-06-21T21:55:57.556411+00:00', '--job-id', '110', '--raw', '--subdir', 'DAGS_FOLDER/demo_tmp_celery_bug.py', '--cfg-path', '/tmp/tmpxv3wh7fg']
[2026-06-21T21:55:59.630+0000] {standard_task_runner.py:105} INFO - Job 110: Subtask write_4
[2026-06-21T21:55:59.761+0000] {task_command.py:467} INFO - Running <TaskInstance: demo_tmp_celery_bug.write_4 manual__2026-06-21T21:55:57.556411+00:00 [running]> on host 4970a61b9d60
[2026-06-21T21:55:59.908+0000] {taskinstance.py:3134} INFO - Exporting env vars: AIRFLOW_CTX_DAG_OWNER='***' AIRFLOW_CTX_DAG_ID='demo_tmp_celery_bug' AIRFLOW_CTX_TASK_ID='write_4' AIRFLOW_CTX_EXECUTION_DATE='2026-06-21T21:55:57.556411+00:00' AIRFLOW_CTX_TRY_NUMBER='1' AIRFLOW_CTX_DAG_RUN_ID='manual__2026-06-21T21:55:57.556411+00:00'
[2026-06-21T21:55:59.910+0000] {taskinstance.py:732} INFO - ::endgroup::
[2026-06-21T21:55:59.938+0000] {logging_mixin.py:190} INFO - ======================================================================
[2026-06-21T21:55:59.939+0000] {logging_mixin.py:190} INFO - [WRITE 4] Arquivo criado em: /tmp/celery_demo/data_4.txt
[2026-06-21T21:55:59.940+0000] {logging_mixin.py:190} INFO - [WRITE 4] ESTE WORKER -> hostname=4970a61b9d60 pid=279
[2026-06-21T21:55:59.942+0000] {logging_mixin.py:190} INFO - ======================================================================
[2026-06-21T21:55:59.943+0000] {logging_mixin.py:190} INFO - [WRITE 4] Se a read_4 cair em OUTRO worker, ela NÃO vai encontrar este arquivo.
[2026-06-21T21:55:59.944+0000] {python.py:240} INFO - Done. Returned value was: None
[2026-06-21T21:55:59.962+0000] {taskinstance.py:341} INFO - ::group::Post task execution logs
[2026-06-21T21:55:59.963+0000] {taskinstance.py:353} INFO - Marking task as SUCCESS. dag_id=demo_tmp_celery_bug, task_id=write_4, run_id=manual__2026-06-21T21:55:57.556411+00:00, execution_date=20260621T215557, start_date=20260621T215559, end_date=20260621T215559
[2026-06-21T21:56:00.025+0000] {local_task_job_runner.py:266} INFO - Task exited with return code 0
[2026-06-21T21:56:00.087+0000] {taskinstance.py:3901} INFO - 1 downstream tasks scheduled from follow-on schedule check
[2026-06-21T21:56:00.091+0000] {local_task_job_runner.py:245} INFO - ::endgroup::
