[2026-06-21T21:55:58.860+0000] {local_task_job_runner.py:123} INFO - ::group::Pre task execution logs
[2026-06-21T21:55:58.902+0000] {taskinstance.py:2614} INFO - Dependencies all met for dep_context=non-requeueable deps ti=<TaskInstance: demo_tmp_celery_bug.write_6 manual__2026-06-21T21:55:56.169394+00:00 [queued]>
[2026-06-21T21:55:58.927+0000] {taskinstance.py:2614} INFO - Dependencies all met for dep_context=requeueable deps ti=<TaskInstance: demo_tmp_celery_bug.write_6 manual__2026-06-21T21:55:56.169394+00:00 [queued]>
[2026-06-21T21:55:58.929+0000] {taskinstance.py:2867} INFO - Starting attempt 1 of 1
[2026-06-21T21:55:58.967+0000] {taskinstance.py:2890} INFO - Executing <Task(PythonOperator): write_6> on 2026-06-21 21:55:56.169394+00:00
[2026-06-21T21:55:58.987+0000] {standard_task_runner.py:104} INFO - Running: ['***', 'tasks', 'run', 'demo_tmp_celery_bug', 'write_6', 'manual__2026-06-21T21:55:56.169394+00:00', '--job-id', '103', '--raw', '--subdir', 'DAGS_FOLDER/demo_tmp_celery_bug.py', '--cfg-path', '/tmp/tmp4c4cqdys']
[2026-06-21T21:55:58.990+0000] {standard_task_runner.py:105} INFO - Job 103: Subtask write_6
[2026-06-21T21:55:58.985+0000] {warnings.py:112} WARNING - /home/***/.local/lib/python3.12/site-packages/***/task/task_runner/standard_task_runner.py:70: DeprecationWarning: This process (pid=277) is multi-threaded, use of fork() may lead to deadlocks in the child.
  pid = os.fork()

[2026-06-21T21:55:58.996+0000] {standard_task_runner.py:72} INFO - Started process 285 to run task
[2026-06-21T21:55:59.100+0000] {task_command.py:467} INFO - Running <TaskInstance: demo_tmp_celery_bug.write_6 manual__2026-06-21T21:55:56.169394+00:00 [running]> on host 3f8339d18026
[2026-06-21T21:55:59.369+0000] {taskinstance.py:3134} INFO - Exporting env vars: AIRFLOW_CTX_DAG_OWNER='***' AIRFLOW_CTX_DAG_ID='demo_tmp_celery_bug' AIRFLOW_CTX_TASK_ID='write_6' AIRFLOW_CTX_EXECUTION_DATE='2026-06-21T21:55:56.169394+00:00' AIRFLOW_CTX_TRY_NUMBER='1' AIRFLOW_CTX_DAG_RUN_ID='manual__2026-06-21T21:55:56.169394+00:00'
[2026-06-21T21:55:59.371+0000] {taskinstance.py:732} INFO - ::endgroup::
[2026-06-21T21:55:59.401+0000] {logging_mixin.py:190} INFO - ======================================================================
[2026-06-21T21:55:59.404+0000] {logging_mixin.py:190} INFO - [WRITE 6] Arquivo criado em: /tmp/celery_demo/data_6.txt
[2026-06-21T21:55:59.406+0000] {logging_mixin.py:190} INFO - [WRITE 6] ESTE WORKER -> hostname=3f8339d18026 pid=285
[2026-06-21T21:55:59.407+0000] {logging_mixin.py:190} INFO - ======================================================================
[2026-06-21T21:55:59.408+0000] {logging_mixin.py:190} INFO - [WRITE 6] Se a read_6 cair em OUTRO worker, ela NÃO vai encontrar este arquivo.
[2026-06-21T21:55:59.409+0000] {python.py:240} INFO - Done. Returned value was: None
[2026-06-21T21:55:59.426+0000] {taskinstance.py:341} INFO - ::group::Post task execution logs
[2026-06-21T21:55:59.430+0000] {taskinstance.py:353} INFO - Marking task as SUCCESS. dag_id=demo_tmp_celery_bug, task_id=write_6, run_id=manual__2026-06-21T21:55:56.169394+00:00, execution_date=20260621T215556, start_date=20260621T215558, end_date=20260621T215559
[2026-06-21T21:55:59.502+0000] {local_task_job_runner.py:266} INFO - Task exited with return code 0
[2026-06-21T21:55:59.585+0000] {taskinstance.py:3901} INFO - 1 downstream tasks scheduled from follow-on schedule check
[2026-06-21T21:55:59.596+0000] {local_task_job_runner.py:245} INFO - ::endgroup::
