[2026-06-21T22:02:12.655+0000] {local_task_job_runner.py:123} INFO - ::group::Pre task execution logs
[2026-06-21T22:02:12.671+0000] {taskinstance.py:2614} INFO - Dependencies all met for dep_context=non-requeueable deps ti=<TaskInstance: public_api_pipeline.transform_forecast manual__2026-06-21T22:02:08.139240+00:00 [queued]>
[2026-06-21T22:02:12.679+0000] {taskinstance.py:2614} INFO - Dependencies all met for dep_context=requeueable deps ti=<TaskInstance: public_api_pipeline.transform_forecast manual__2026-06-21T22:02:08.139240+00:00 [queued]>
[2026-06-21T22:02:12.680+0000] {taskinstance.py:2867} INFO - Starting attempt 1 of 4
[2026-06-21T22:02:12.690+0000] {taskinstance.py:2890} INFO - Executing <Task(_PythonDecoratedOperator): transform_forecast> on 2026-06-21 22:02:08.139240+00:00
[2026-06-21T22:02:12.696+0000] {warnings.py:112} WARNING - /home/***/.local/lib/python3.12/site-packages/***/task/task_runner/standard_task_runner.py:70: DeprecationWarning: This process (pid=286) is multi-threaded, use of fork() may lead to deadlocks in the child.
  pid = os.fork()

[2026-06-21T22:02:12.697+0000] {standard_task_runner.py:104} INFO - Running: ['***', 'tasks', 'run', 'public_api_pipeline', 'transform_forecast', 'manual__2026-06-21T22:02:08.139240+00:00', '--job-id', '613', '--raw', '--subdir', 'DAGS_FOLDER/public_api_pipeline.py', '--cfg-path', '/tmp/tmp24l0bh26']
[2026-06-21T22:02:12.698+0000] {standard_task_runner.py:72} INFO - Started process 287 to run task
[2026-06-21T22:02:12.699+0000] {standard_task_runner.py:105} INFO - Job 613: Subtask transform_forecast
[2026-06-21T22:02:12.756+0000] {task_command.py:467} INFO - Running <TaskInstance: public_api_pipeline.transform_forecast manual__2026-06-21T22:02:08.139240+00:00 [running]> on host 4970a61b9d60
[2026-06-21T22:02:12.826+0000] {taskinstance.py:3134} INFO - Exporting env vars: AIRFLOW_CTX_DAG_OWNER='vinicius' AIRFLOW_CTX_DAG_ID='public_api_pipeline' AIRFLOW_CTX_TASK_ID='transform_forecast' AIRFLOW_CTX_EXECUTION_DATE='2026-06-21T22:02:08.139240+00:00' AIRFLOW_CTX_TRY_NUMBER='1' AIRFLOW_CTX_DAG_RUN_ID='manual__2026-06-21T22:02:08.139240+00:00'
[2026-06-21T22:02:12.828+0000] {taskinstance.py:732} INFO - ::endgroup::
[2026-06-21T22:02:12.831+0000] {logging_mixin.py:190} INFO - [transform_forecast] {'city': 'São Paulo', 'country': 'Brasil', 'unit': '°C', 'count': 24, 'min': 11.4, 'min_at': '2026-06-21T07:00', 'max': 20.3, 'max_at': '2026-06-21T15:00', 'avg': 15.41}
[2026-06-21T22:02:12.832+0000] {python.py:240} INFO - Done. Returned value was: {'city': 'São Paulo', 'country': 'Brasil', 'unit': '°C', 'count': 24, 'min': 11.4, 'min_at': '2026-06-21T07:00', 'max': 20.3, 'max_at': '2026-06-21T15:00', 'avg': 15.41}
[2026-06-21T22:02:12.862+0000] {taskinstance.py:341} INFO - ::group::Post task execution logs
[2026-06-21T22:02:12.863+0000] {taskinstance.py:353} INFO - Marking task as SUCCESS. dag_id=public_api_pipeline, task_id=transform_forecast, run_id=manual__2026-06-21T22:02:08.139240+00:00, execution_date=20260621T220208, start_date=20260621T220212, end_date=20260621T220212
[2026-06-21T22:02:12.914+0000] {local_task_job_runner.py:266} INFO - Task exited with return code 0
[2026-06-21T22:02:12.934+0000] {taskinstance.py:3901} INFO - 1 downstream tasks scheduled from follow-on schedule check
[2026-06-21T22:02:12.936+0000] {local_task_job_runner.py:245} INFO - ::endgroup::
