[2026-06-21T21:58:16.225+0000] {local_task_job_runner.py:123} INFO - ::group::Pre task execution logs
[2026-06-21T21:58:16.299+0000] {taskinstance.py:2614} INFO - Dependencies all met for dep_context=non-requeueable deps ti=<TaskInstance: demo_tmp_celery_bug.write_4 manual__2026-06-21T21:57:48.391912+00:00 [queued]>
[2026-06-21T21:58:16.330+0000] {taskinstance.py:2614} INFO - Dependencies all met for dep_context=requeueable deps ti=<TaskInstance: demo_tmp_celery_bug.write_4 manual__2026-06-21T21:57:48.391912+00:00 [queued]>
[2026-06-21T21:58:16.334+0000] {taskinstance.py:2867} INFO - Starting attempt 1 of 1
[2026-06-21T21:58:16.763+0000] {taskinstance.py:2890} INFO - Executing <Task(PythonOperator): write_4> on 2026-06-21 21:57:48.391912+00:00
[2026-06-21T21:58:16.863+0000] {warnings.py:112} WARNING - /home/***/.local/lib/python3.12/site-packages/***/task/task_runner/standard_task_runner.py:70: DeprecationWarning: This process (pid=656) is multi-threaded, use of fork() may lead to deadlocks in the child.
  pid = os.fork()

[2026-06-21T21:58:16.952+0000] {standard_task_runner.py:72} INFO - Started process 669 to run task
[2026-06-21T21:58:16.983+0000] {standard_task_runner.py:104} INFO - Running: ['***', 'tasks', 'run', 'demo_tmp_celery_bug', 'write_4', 'manual__2026-06-21T21:57:48.391912+00:00', '--job-id', '338', '--raw', '--subdir', 'DAGS_FOLDER/demo_tmp_celery_bug.py', '--cfg-path', '/tmp/tmpf643wbol']
[2026-06-21T21:58:17.088+0000] {standard_task_runner.py:105} INFO - Job 338: Subtask write_4
[2026-06-21T21:58:17.685+0000] {task_command.py:467} INFO - Running <TaskInstance: demo_tmp_celery_bug.write_4 manual__2026-06-21T21:57:48.391912+00:00 [running]> on host 3f8339d18026
[2026-06-21T21:58:18.463+0000] {taskinstance.py:3134} INFO - Exporting env vars: AIRFLOW_CTX_DAG_OWNER='***' AIRFLOW_CTX_DAG_ID='demo_tmp_celery_bug' AIRFLOW_CTX_TASK_ID='write_4' AIRFLOW_CTX_EXECUTION_DATE='2026-06-21T21:57:48.391912+00:00' AIRFLOW_CTX_TRY_NUMBER='1' AIRFLOW_CTX_DAG_RUN_ID='manual__2026-06-21T21:57:48.391912+00:00'
[2026-06-21T21:58:18.494+0000] {taskinstance.py:732} INFO - ::endgroup::
[2026-06-21T21:58:18.593+0000] {logging_mixin.py:190} INFO - ======================================================================
[2026-06-21T21:58:18.595+0000] {logging_mixin.py:190} INFO - [WRITE 4] Arquivo criado em: /tmp/celery_demo/data_4.txt
[2026-06-21T21:58:18.608+0000] {logging_mixin.py:190} INFO - [WRITE 4] ESTE WORKER -> hostname=3f8339d18026 pid=669
[2026-06-21T21:58:18.611+0000] {logging_mixin.py:190} INFO - ======================================================================
[2026-06-21T21:58:18.624+0000] {logging_mixin.py:190} INFO - [WRITE 4] Se a read_4 cair em OUTRO worker, ela NÃO vai encontrar este arquivo.
[2026-06-21T21:58:18.626+0000] {python.py:240} INFO - Done. Returned value was: None
[2026-06-21T21:58:18.736+0000] {taskinstance.py:341} INFO - ::group::Post task execution logs
[2026-06-21T21:58:18.741+0000] {taskinstance.py:353} INFO - Marking task as SUCCESS. dag_id=demo_tmp_celery_bug, task_id=write_4, run_id=manual__2026-06-21T21:57:48.391912+00:00, execution_date=20260621T215748, start_date=20260621T215816, end_date=20260621T215818
[2026-06-21T21:58:19.019+0000] {local_task_job_runner.py:266} INFO - Task exited with return code 0
[2026-06-21T21:58:19.113+0000] {taskinstance.py:3901} INFO - 1 downstream tasks scheduled from follow-on schedule check
[2026-06-21T21:58:19.127+0000] {local_task_job_runner.py:245} INFO - ::endgroup::
