[2026-06-21T22:00:16.538+0000] {local_task_job_runner.py:123} INFO - ::group::Pre task execution logs
[2026-06-21T22:00:16.584+0000] {taskinstance.py:2614} INFO - Dependencies all met for dep_context=non-requeueable deps ti=<TaskInstance: demo_tmp_celery_bug.read_4 manual__2026-06-21T21:57:48.990793+00:00 [queued]>
[2026-06-21T22:00:16.608+0000] {taskinstance.py:2614} INFO - Dependencies all met for dep_context=requeueable deps ti=<TaskInstance: demo_tmp_celery_bug.read_4 manual__2026-06-21T21:57:48.990793+00:00 [queued]>
[2026-06-21T22:00:16.610+0000] {taskinstance.py:2867} INFO - Starting attempt 1 of 1
[2026-06-21T22:00:16.636+0000] {taskinstance.py:2890} INFO - Executing <Task(PythonOperator): read_4> on 2026-06-21 21:57:48.990793+00:00
[2026-06-21T22:00:16.651+0000] {warnings.py:112} WARNING - /home/***/.local/lib/python3.12/site-packages/***/task/task_runner/standard_task_runner.py:70: DeprecationWarning: This process (pid=109) is multi-threaded, use of fork() may lead to deadlocks in the child.
  pid = os.fork()

[2026-06-21T22:00:16.654+0000] {standard_task_runner.py:104} INFO - Running: ['***', 'tasks', 'run', 'demo_tmp_celery_bug', 'read_4', 'manual__2026-06-21T21:57:48.990793+00:00', '--job-id', '528', '--raw', '--subdir', 'DAGS_FOLDER/demo_tmp_celery_bug.py', '--cfg-path', '/tmp/tmpj_kp0nf3']
[2026-06-21T22:00:16.657+0000] {standard_task_runner.py:72} INFO - Started process 118 to run task
[2026-06-21T22:00:16.659+0000] {standard_task_runner.py:105} INFO - Job 528: Subtask read_4
[2026-06-21T22:00:16.782+0000] {task_command.py:467} INFO - Running <TaskInstance: demo_tmp_celery_bug.read_4 manual__2026-06-21T21:57:48.990793+00:00 [running]> on host 3f8339d18026
[2026-06-21T22:00:16.962+0000] {taskinstance.py:3134} INFO - Exporting env vars: AIRFLOW_CTX_DAG_OWNER='***' AIRFLOW_CTX_DAG_ID='demo_tmp_celery_bug' AIRFLOW_CTX_TASK_ID='read_4' AIRFLOW_CTX_EXECUTION_DATE='2026-06-21T21:57:48.990793+00:00' AIRFLOW_CTX_TRY_NUMBER='1' AIRFLOW_CTX_DAG_RUN_ID='manual__2026-06-21T21:57:48.990793+00:00'
[2026-06-21T22:00:16.965+0000] {taskinstance.py:732} INFO - ::endgroup::
[2026-06-21T22:00:17.009+0000] {logging_mixin.py:190} INFO - ======================================================================
[2026-06-21T22:00:17.013+0000] {logging_mixin.py:190} INFO - [READ 4] ESTE WORKER -> hostname=3f8339d18026 pid=118
[2026-06-21T22:00:17.016+0000] {logging_mixin.py:190} INFO - [READ 4] Procurando arquivo: /tmp/celery_demo/data_4.txt
[2026-06-21T22:00:17.019+0000] {logging_mixin.py:190} INFO - ======================================================================
[2026-06-21T22:00:17.023+0000] {logging_mixin.py:190} INFO - [READ 4] SUCESSO — arquivo encontrado neste worker.
[2026-06-21T22:00:17.027+0000] {logging_mixin.py:190} INFO - [READ 4] Conteúdo: Arquivo 4 escrito por: hostname=3f8339d18026 pid=884
[2026-06-21T22:00:17.029+0000] {logging_mixin.py:190} INFO - [READ 4] (write e read caíram no MESMO worker desta vez — por isso funcionou)
[2026-06-21T22:00:17.031+0000] {python.py:240} INFO - Done. Returned value was: None
[2026-06-21T22:00:17.049+0000] {taskinstance.py:341} INFO - ::group::Post task execution logs
[2026-06-21T22:00:17.051+0000] {taskinstance.py:353} INFO - Marking task as SUCCESS. dag_id=demo_tmp_celery_bug, task_id=read_4, run_id=manual__2026-06-21T21:57:48.990793+00:00, execution_date=20260621T215748, start_date=20260621T220016, end_date=20260621T220017
[2026-06-21T22:00:17.129+0000] {local_task_job_runner.py:266} INFO - Task exited with return code 0
[2026-06-21T22:00:17.164+0000] {local_task_job_runner.py:245} INFO - ::endgroup::
