[2026-06-21T21:58:54.206+0000] {local_task_job_runner.py:123} INFO - ::group::Pre task execution logs
[2026-06-21T21:58:54.376+0000] {taskinstance.py:2614} INFO - Dependencies all met for dep_context=non-requeueable deps ti=<TaskInstance: demo_tmp_celery_bug.read_7 manual__2026-06-21T21:57:46.546020+00:00 [queued]>
[2026-06-21T21:58:54.454+0000] {taskinstance.py:2614} INFO - Dependencies all met for dep_context=requeueable deps ti=<TaskInstance: demo_tmp_celery_bug.read_7 manual__2026-06-21T21:57:46.546020+00:00 [queued]>
[2026-06-21T21:58:54.464+0000] {taskinstance.py:2867} INFO - Starting attempt 1 of 1
[2026-06-21T21:58:54.528+0000] {taskinstance.py:2890} INFO - Executing <Task(PythonOperator): read_7> on 2026-06-21 21:57:46.546020+00:00
[2026-06-21T21:58:54.550+0000] {warnings.py:112} WARNING - /home/***/.local/lib/python3.12/site-packages/***/task/task_runner/standard_task_runner.py:70: DeprecationWarning: This process (pid=768) is multi-threaded, use of fork() may lead to deadlocks in the child.
  pid = os.fork()

[2026-06-21T21:58:54.565+0000] {standard_task_runner.py:104} INFO - Running: ['***', 'tasks', 'run', 'demo_tmp_celery_bug', 'read_7', 'manual__2026-06-21T21:57:46.546020+00:00', '--job-id', '433', '--raw', '--subdir', 'DAGS_FOLDER/demo_tmp_celery_bug.py', '--cfg-path', '/tmp/tmp08ryqbe8']
[2026-06-21T21:58:54.567+0000] {standard_task_runner.py:72} INFO - Started process 783 to run task
[2026-06-21T21:58:54.571+0000] {standard_task_runner.py:105} INFO - Job 433: Subtask read_7
[2026-06-21T21:58:54.835+0000] {task_command.py:467} INFO - Running <TaskInstance: demo_tmp_celery_bug.read_7 manual__2026-06-21T21:57:46.546020+00:00 [running]> on host 4970a61b9d60
[2026-06-21T21:58:55.344+0000] {taskinstance.py:3134} INFO - Exporting env vars: AIRFLOW_CTX_DAG_OWNER='***' AIRFLOW_CTX_DAG_ID='demo_tmp_celery_bug' AIRFLOW_CTX_TASK_ID='read_7' AIRFLOW_CTX_EXECUTION_DATE='2026-06-21T21:57:46.546020+00:00' AIRFLOW_CTX_TRY_NUMBER='1' AIRFLOW_CTX_DAG_RUN_ID='manual__2026-06-21T21:57:46.546020+00:00'
[2026-06-21T21:58:55.349+0000] {taskinstance.py:732} INFO - ::endgroup::
[2026-06-21T21:58:55.438+0000] {logging_mixin.py:190} INFO - ======================================================================
[2026-06-21T21:58:55.441+0000] {logging_mixin.py:190} INFO - [READ 7] ESTE WORKER -> hostname=4970a61b9d60 pid=783
[2026-06-21T21:58:55.444+0000] {logging_mixin.py:190} INFO - [READ 7] Procurando arquivo: /tmp/celery_demo/data_7.txt
[2026-06-21T21:58:55.446+0000] {logging_mixin.py:190} INFO - ======================================================================
[2026-06-21T21:58:55.451+0000] {logging_mixin.py:190} INFO - [READ 7] SUCESSO — arquivo encontrado neste worker.
[2026-06-21T21:58:55.457+0000] {logging_mixin.py:190} INFO - [READ 7] Conteúdo: Arquivo 7 escrito por: hostname=4970a61b9d60 pid=725
[2026-06-21T21:58:55.460+0000] {logging_mixin.py:190} INFO - [READ 7] (write e read caíram no MESMO worker desta vez — por isso funcionou)
[2026-06-21T21:58:55.467+0000] {python.py:240} INFO - Done. Returned value was: None
[2026-06-21T21:58:55.505+0000] {taskinstance.py:341} INFO - ::group::Post task execution logs
[2026-06-21T21:58:55.509+0000] {taskinstance.py:353} INFO - Marking task as SUCCESS. dag_id=demo_tmp_celery_bug, task_id=read_7, run_id=manual__2026-06-21T21:57:46.546020+00:00, execution_date=20260621T215746, start_date=20260621T215854, end_date=20260621T215855
[2026-06-21T21:58:55.648+0000] {local_task_job_runner.py:266} INFO - Task exited with return code 0
[2026-06-21T21:58:55.703+0000] {local_task_job_runner.py:245} INFO - ::endgroup::
