[2026-06-21T21:58:46.682+0000] {local_task_job_runner.py:123} INFO - ::group::Pre task execution logs
[2026-06-21T21:58:46.754+0000] {taskinstance.py:2614} INFO - Dependencies all met for dep_context=non-requeueable deps ti=<TaskInstance: demo_tmp_celery_bug.read_6 manual__2026-06-21T21:57:44.773145+00:00 [queued]>
[2026-06-21T21:58:46.791+0000] {taskinstance.py:2614} INFO - Dependencies all met for dep_context=requeueable deps ti=<TaskInstance: demo_tmp_celery_bug.read_6 manual__2026-06-21T21:57:44.773145+00:00 [queued]>
[2026-06-21T21:58:46.799+0000] {taskinstance.py:2867} INFO - Starting attempt 1 of 1
[2026-06-21T21:58:46.837+0000] {taskinstance.py:2890} INFO - Executing <Task(PythonOperator): read_6> on 2026-06-21 21:57:44.773145+00:00
[2026-06-21T21:58:46.867+0000] {standard_task_runner.py:104} INFO - Running: ['***', 'tasks', 'run', 'demo_tmp_celery_bug', 'read_6', 'manual__2026-06-21T21:57:44.773145+00:00', '--job-id', '406', '--raw', '--subdir', 'DAGS_FOLDER/demo_tmp_celery_bug.py', '--cfg-path', '/tmp/tmpk5bnxxw0']
[2026-06-21T21:58:46.876+0000] {standard_task_runner.py:105} INFO - Job 406: Subtask read_6
[2026-06-21T21:58:46.864+0000] {warnings.py:112} WARNING - /home/***/.local/lib/python3.12/site-packages/***/task/task_runner/standard_task_runner.py:70: DeprecationWarning: This process (pid=742) is multi-threaded, use of fork() may lead to deadlocks in the child.
  pid = os.fork()

[2026-06-21T21:58:46.895+0000] {standard_task_runner.py:72} INFO - Started process 749 to run task
[2026-06-21T21:58:47.157+0000] {task_command.py:467} INFO - Running <TaskInstance: demo_tmp_celery_bug.read_6 manual__2026-06-21T21:57:44.773145+00:00 [running]> on host 4970a61b9d60
[2026-06-21T21:58:47.561+0000] {taskinstance.py:3134} INFO - Exporting env vars: AIRFLOW_CTX_DAG_OWNER='***' AIRFLOW_CTX_DAG_ID='demo_tmp_celery_bug' AIRFLOW_CTX_TASK_ID='read_6' AIRFLOW_CTX_EXECUTION_DATE='2026-06-21T21:57:44.773145+00:00' AIRFLOW_CTX_TRY_NUMBER='1' AIRFLOW_CTX_DAG_RUN_ID='manual__2026-06-21T21:57:44.773145+00:00'
[2026-06-21T21:58:47.573+0000] {taskinstance.py:732} INFO - ::endgroup::
[2026-06-21T21:58:47.682+0000] {logging_mixin.py:190} INFO - ======================================================================
[2026-06-21T21:58:47.686+0000] {logging_mixin.py:190} INFO - [READ 6] ESTE WORKER -> hostname=4970a61b9d60 pid=749
[2026-06-21T21:58:47.688+0000] {logging_mixin.py:190} INFO - [READ 6] Procurando arquivo: /tmp/celery_demo/data_6.txt
[2026-06-21T21:58:47.692+0000] {logging_mixin.py:190} INFO - ======================================================================
[2026-06-21T21:58:47.694+0000] {logging_mixin.py:190} INFO - [READ 6] SUCESSO — arquivo encontrado neste worker.
[2026-06-21T21:58:47.702+0000] {logging_mixin.py:190} INFO - [READ 6] Conteúdo: Arquivo 6 escrito por: hostname=4970a61b9d60 pid=722
[2026-06-21T21:58:47.704+0000] {logging_mixin.py:190} INFO - [READ 6] (write e read caíram no MESMO worker desta vez — por isso funcionou)
[2026-06-21T21:58:47.709+0000] {python.py:240} INFO - Done. Returned value was: None
[2026-06-21T21:58:47.749+0000] {taskinstance.py:341} INFO - ::group::Post task execution logs
[2026-06-21T21:58:47.763+0000] {taskinstance.py:353} INFO - Marking task as SUCCESS. dag_id=demo_tmp_celery_bug, task_id=read_6, run_id=manual__2026-06-21T21:57:44.773145+00:00, execution_date=20260621T215744, start_date=20260621T215846, end_date=20260621T215847
[2026-06-21T21:58:47.937+0000] {local_task_job_runner.py:266} INFO - Task exited with return code 0
[2026-06-21T21:58:48.081+0000] {taskinstance.py:3901} INFO - 0 downstream tasks scheduled from follow-on schedule check
[2026-06-21T21:58:48.108+0000] {local_task_job_runner.py:245} INFO - ::endgroup::
