[2026-06-21T21:56:50.986+0000] {local_task_job_runner.py:123} INFO - ::group::Pre task execution logs
[2026-06-21T21:56:51.029+0000] {taskinstance.py:2614} INFO - Dependencies all met for dep_context=non-requeueable deps ti=<TaskInstance: demo_tmp_celery_bug.write_7 manual__2026-06-21T21:56:49.587953+00:00 [queued]>
[2026-06-21T21:56:51.044+0000] {taskinstance.py:2614} INFO - Dependencies all met for dep_context=requeueable deps ti=<TaskInstance: demo_tmp_celery_bug.write_7 manual__2026-06-21T21:56:49.587953+00:00 [queued]>
[2026-06-21T21:56:51.053+0000] {taskinstance.py:2867} INFO - Starting attempt 1 of 1
[2026-06-21T21:56:51.076+0000] {taskinstance.py:2890} INFO - Executing <Task(PythonOperator): write_7> on 2026-06-21 21:56:49.587953+00:00
[2026-06-21T21:56:51.092+0000] {warnings.py:112} WARNING - /home/***/.local/lib/python3.12/site-packages/***/task/task_runner/standard_task_runner.py:70: DeprecationWarning: This process (pid=378) is multi-threaded, use of fork() may lead to deadlocks in the child.
  pid = os.fork()

[2026-06-21T21:56:51.102+0000] {standard_task_runner.py:72} INFO - Started process 390 to run task
[2026-06-21T21:56:51.099+0000] {standard_task_runner.py:104} INFO - Running: ['***', 'tasks', 'run', 'demo_tmp_celery_bug', 'write_7', 'manual__2026-06-21T21:56:49.587953+00:00', '--job-id', '164', '--raw', '--subdir', 'DAGS_FOLDER/demo_tmp_celery_bug.py', '--cfg-path', '/tmp/tmp5amvpxaw']
[2026-06-21T21:56:51.109+0000] {standard_task_runner.py:105} INFO - Job 164: Subtask write_7
[2026-06-21T21:56:51.325+0000] {task_command.py:467} INFO - Running <TaskInstance: demo_tmp_celery_bug.write_7 manual__2026-06-21T21:56:49.587953+00:00 [running]> on host 3f8339d18026
[2026-06-21T21:56:51.609+0000] {taskinstance.py:3134} INFO - Exporting env vars: AIRFLOW_CTX_DAG_OWNER='***' AIRFLOW_CTX_DAG_ID='demo_tmp_celery_bug' AIRFLOW_CTX_TASK_ID='write_7' AIRFLOW_CTX_EXECUTION_DATE='2026-06-21T21:56:49.587953+00:00' AIRFLOW_CTX_TRY_NUMBER='1' AIRFLOW_CTX_DAG_RUN_ID='manual__2026-06-21T21:56:49.587953+00:00'
[2026-06-21T21:56:51.611+0000] {taskinstance.py:732} INFO - ::endgroup::
[2026-06-21T21:56:51.657+0000] {logging_mixin.py:190} INFO - ======================================================================
[2026-06-21T21:56:51.662+0000] {logging_mixin.py:190} INFO - [WRITE 7] Arquivo criado em: /tmp/celery_demo/data_7.txt
[2026-06-21T21:56:51.664+0000] {logging_mixin.py:190} INFO - [WRITE 7] ESTE WORKER -> hostname=3f8339d18026 pid=390
[2026-06-21T21:56:51.677+0000] {logging_mixin.py:190} INFO - ======================================================================
[2026-06-21T21:56:51.684+0000] {logging_mixin.py:190} INFO - [WRITE 7] Se a read_7 cair em OUTRO worker, ela NÃO vai encontrar este arquivo.
[2026-06-21T21:56:51.691+0000] {python.py:240} INFO - Done. Returned value was: None
[2026-06-21T21:56:51.736+0000] {taskinstance.py:341} INFO - ::group::Post task execution logs
[2026-06-21T21:56:51.740+0000] {taskinstance.py:353} INFO - Marking task as SUCCESS. dag_id=demo_tmp_celery_bug, task_id=write_7, run_id=manual__2026-06-21T21:56:49.587953+00:00, execution_date=20260621T215649, start_date=20260621T215651, end_date=20260621T215651
[2026-06-21T21:56:51.896+0000] {local_task_job_runner.py:266} INFO - Task exited with return code 0
[2026-06-21T21:56:51.915+0000] {local_task_job_runner.py:245} INFO - ::endgroup::
