[2026-06-21T22:01:47.502+0000] {local_task_job_runner.py:123} INFO - ::group::Pre task execution logs
[2026-06-21T22:01:47.530+0000] {taskinstance.py:2614} INFO - Dependencies all met for dep_context=non-requeueable deps ti=<TaskInstance: demo_tmp_celery_bug.write_5 manual__2026-06-21T22:01:45.763339+00:00 [queued]>
[2026-06-21T22:01:47.545+0000] {taskinstance.py:2614} INFO - Dependencies all met for dep_context=requeueable deps ti=<TaskInstance: demo_tmp_celery_bug.write_5 manual__2026-06-21T22:01:45.763339+00:00 [queued]>
[2026-06-21T22:01:47.546+0000] {taskinstance.py:2867} INFO - Starting attempt 1 of 1
[2026-06-21T22:01:47.577+0000] {taskinstance.py:2890} INFO - Executing <Task(PythonOperator): write_5> on 2026-06-21 22:01:45.763339+00:00
[2026-06-21T22:01:47.593+0000] {standard_task_runner.py:104} INFO - Running: ['***', 'tasks', 'run', 'demo_tmp_celery_bug', 'write_5', 'manual__2026-06-21T22:01:45.763339+00:00', '--job-id', '594', '--raw', '--subdir', 'DAGS_FOLDER/demo_tmp_celery_bug.py', '--cfg-path', '/tmp/tmpw7c1tkuq']
[2026-06-21T22:01:47.600+0000] {standard_task_runner.py:105} INFO - Job 594: Subtask write_5
[2026-06-21T22:01:47.591+0000] {warnings.py:112} WARNING - /home/***/.local/lib/python3.12/site-packages/***/task/task_runner/standard_task_runner.py:70: DeprecationWarning: This process (pid=226) is multi-threaded, use of fork() may lead to deadlocks in the child.
  pid = os.fork()

[2026-06-21T22:01:47.604+0000] {standard_task_runner.py:72} INFO - Started process 238 to run task
[2026-06-21T22:01:47.714+0000] {task_command.py:467} INFO - Running <TaskInstance: demo_tmp_celery_bug.write_5 manual__2026-06-21T22:01:45.763339+00:00 [running]> on host 3f8339d18026
[2026-06-21T22:01:47.867+0000] {taskinstance.py:3134} INFO - Exporting env vars: AIRFLOW_CTX_DAG_OWNER='***' AIRFLOW_CTX_DAG_ID='demo_tmp_celery_bug' AIRFLOW_CTX_TASK_ID='write_5' AIRFLOW_CTX_EXECUTION_DATE='2026-06-21T22:01:45.763339+00:00' AIRFLOW_CTX_TRY_NUMBER='1' AIRFLOW_CTX_DAG_RUN_ID='manual__2026-06-21T22:01:45.763339+00:00'
[2026-06-21T22:01:47.869+0000] {taskinstance.py:732} INFO - ::endgroup::
[2026-06-21T22:01:47.898+0000] {logging_mixin.py:190} INFO - ======================================================================
[2026-06-21T22:01:47.899+0000] {logging_mixin.py:190} INFO - [WRITE 5] Arquivo criado em: /tmp/celery_demo/data_5.txt
[2026-06-21T22:01:47.901+0000] {logging_mixin.py:190} INFO - [WRITE 5] ESTE WORKER -> hostname=3f8339d18026 pid=238
[2026-06-21T22:01:47.902+0000] {logging_mixin.py:190} INFO - ======================================================================
[2026-06-21T22:01:47.904+0000] {logging_mixin.py:190} INFO - [WRITE 5] Se a read_5 cair em OUTRO worker, ela NÃO vai encontrar este arquivo.
[2026-06-21T22:01:47.905+0000] {python.py:240} INFO - Done. Returned value was: None
[2026-06-21T22:01:47.922+0000] {taskinstance.py:341} INFO - ::group::Post task execution logs
[2026-06-21T22:01:47.924+0000] {taskinstance.py:353} INFO - Marking task as SUCCESS. dag_id=demo_tmp_celery_bug, task_id=write_5, run_id=manual__2026-06-21T22:01:45.763339+00:00, execution_date=20260621T220145, start_date=20260621T220147, end_date=20260621T220147
[2026-06-21T22:01:47.990+0000] {local_task_job_runner.py:266} INFO - Task exited with return code 0
[2026-06-21T22:01:48.010+0000] {local_task_job_runner.py:245} INFO - ::endgroup::
