[2026-06-21T21:56:50.845+0000] {local_task_job_runner.py:123} INFO - ::group::Pre task execution logs
[2026-06-21T21:56:50.879+0000] {taskinstance.py:2614} INFO - Dependencies all met for dep_context=non-requeueable deps ti=<TaskInstance: demo_tmp_celery_bug.write_3 manual__2026-06-21T21:56:49.587953+00:00 [queued]>
[2026-06-21T21:56:50.895+0000] {taskinstance.py:2614} INFO - Dependencies all met for dep_context=requeueable deps ti=<TaskInstance: demo_tmp_celery_bug.write_3 manual__2026-06-21T21:56:49.587953+00:00 [queued]>
[2026-06-21T21:56:50.898+0000] {taskinstance.py:2867} INFO - Starting attempt 1 of 1
[2026-06-21T21:56:50.933+0000] {taskinstance.py:2890} INFO - Executing <Task(PythonOperator): write_3> on 2026-06-21 21:56:49.587953+00:00
[2026-06-21T21:56:50.953+0000] {warnings.py:112} WARNING - /home/***/.local/lib/python3.12/site-packages/***/task/task_runner/standard_task_runner.py:70: DeprecationWarning: This process (pid=359) is multi-threaded, use of fork() may lead to deadlocks in the child.
  pid = os.fork()

[2026-06-21T21:56:50.958+0000] {standard_task_runner.py:72} INFO - Started process 363 to run task
[2026-06-21T21:56:50.966+0000] {standard_task_runner.py:104} INFO - Running: ['***', 'tasks', 'run', 'demo_tmp_celery_bug', 'write_3', 'manual__2026-06-21T21:56:49.587953+00:00', '--job-id', '158', '--raw', '--subdir', 'DAGS_FOLDER/demo_tmp_celery_bug.py', '--cfg-path', '/tmp/tmpgy6hny5w']
[2026-06-21T21:56:50.969+0000] {standard_task_runner.py:105} INFO - Job 158: Subtask write_3
[2026-06-21T21:56:51.177+0000] {task_command.py:467} INFO - Running <TaskInstance: demo_tmp_celery_bug.write_3 manual__2026-06-21T21:56:49.587953+00:00 [running]> on host 4970a61b9d60
[2026-06-21T21:56:51.516+0000] {taskinstance.py:3134} INFO - Exporting env vars: AIRFLOW_CTX_DAG_OWNER='***' AIRFLOW_CTX_DAG_ID='demo_tmp_celery_bug' AIRFLOW_CTX_TASK_ID='write_3' AIRFLOW_CTX_EXECUTION_DATE='2026-06-21T21:56:49.587953+00:00' AIRFLOW_CTX_TRY_NUMBER='1' AIRFLOW_CTX_DAG_RUN_ID='manual__2026-06-21T21:56:49.587953+00:00'
[2026-06-21T21:56:51.532+0000] {taskinstance.py:732} INFO - ::endgroup::
[2026-06-21T21:56:51.622+0000] {logging_mixin.py:190} INFO - ======================================================================
[2026-06-21T21:56:51.624+0000] {logging_mixin.py:190} INFO - [WRITE 3] Arquivo criado em: /tmp/celery_demo/data_3.txt
[2026-06-21T21:56:51.652+0000] {logging_mixin.py:190} INFO - [WRITE 3] ESTE WORKER -> hostname=4970a61b9d60 pid=363
[2026-06-21T21:56:51.658+0000] {logging_mixin.py:190} INFO - ======================================================================
[2026-06-21T21:56:51.660+0000] {logging_mixin.py:190} INFO - [WRITE 3] Se a read_3 cair em OUTRO worker, ela NÃO vai encontrar este arquivo.
[2026-06-21T21:56:51.662+0000] {python.py:240} INFO - Done. Returned value was: None
[2026-06-21T21:56:51.694+0000] {taskinstance.py:341} INFO - ::group::Post task execution logs
[2026-06-21T21:56:51.695+0000] {taskinstance.py:353} INFO - Marking task as SUCCESS. dag_id=demo_tmp_celery_bug, task_id=write_3, run_id=manual__2026-06-21T21:56:49.587953+00:00, execution_date=20260621T215649, start_date=20260621T215650, end_date=20260621T215651
[2026-06-21T21:56:51.819+0000] {local_task_job_runner.py:266} INFO - Task exited with return code 0
[2026-06-21T21:56:51.966+0000] {taskinstance.py:3901} INFO - 1 downstream tasks scheduled from follow-on schedule check
[2026-06-21T21:56:51.980+0000] {local_task_job_runner.py:245} INFO - ::endgroup::
