[2026-06-21T21:56:40.559+0000] {local_task_job_runner.py:123} INFO - ::group::Pre task execution logs
[2026-06-21T21:56:40.592+0000] {taskinstance.py:2614} INFO - Dependencies all met for dep_context=non-requeueable deps ti=<TaskInstance: demo_tmp_celery_bug.read_5 manual__2026-06-21T21:56:37.738303+00:00 [queued]>
[2026-06-21T21:56:40.608+0000] {taskinstance.py:2614} INFO - Dependencies all met for dep_context=requeueable deps ti=<TaskInstance: demo_tmp_celery_bug.read_5 manual__2026-06-21T21:56:37.738303+00:00 [queued]>
[2026-06-21T21:56:40.610+0000] {taskinstance.py:2867} INFO - Starting attempt 1 of 1
[2026-06-21T21:56:40.631+0000] {taskinstance.py:2890} INFO - Executing <Task(PythonOperator): read_5> on 2026-06-21 21:56:37.738303+00:00
[2026-06-21T21:56:40.646+0000] {warnings.py:112} WARNING - /home/***/.local/lib/python3.12/site-packages/***/task/task_runner/standard_task_runner.py:70: DeprecationWarning: This process (pid=339) is multi-threaded, use of fork() may lead to deadlocks in the child.
  pid = os.fork()

[2026-06-21T21:56:40.650+0000] {standard_task_runner.py:72} INFO - Started process 343 to run task
[2026-06-21T21:56:40.649+0000] {standard_task_runner.py:104} INFO - Running: ['***', 'tasks', 'run', 'demo_tmp_celery_bug', 'read_5', 'manual__2026-06-21T21:56:37.738303+00:00', '--job-id', '151', '--raw', '--subdir', 'DAGS_FOLDER/demo_tmp_celery_bug.py', '--cfg-path', '/tmp/tmpadnzhwui']
[2026-06-21T21:56:40.652+0000] {standard_task_runner.py:105} INFO - Job 151: Subtask read_5
[2026-06-21T21:56:40.746+0000] {task_command.py:467} INFO - Running <TaskInstance: demo_tmp_celery_bug.read_5 manual__2026-06-21T21:56:37.738303+00:00 [running]> on host 4970a61b9d60
[2026-06-21T21:56:40.878+0000] {taskinstance.py:3134} INFO - Exporting env vars: AIRFLOW_CTX_DAG_OWNER='***' AIRFLOW_CTX_DAG_ID='demo_tmp_celery_bug' AIRFLOW_CTX_TASK_ID='read_5' AIRFLOW_CTX_EXECUTION_DATE='2026-06-21T21:56:37.738303+00:00' AIRFLOW_CTX_TRY_NUMBER='1' AIRFLOW_CTX_DAG_RUN_ID='manual__2026-06-21T21:56:37.738303+00:00'
[2026-06-21T21:56:40.881+0000] {taskinstance.py:732} INFO - ::endgroup::
[2026-06-21T21:56:40.907+0000] {logging_mixin.py:190} INFO - ======================================================================
[2026-06-21T21:56:40.908+0000] {logging_mixin.py:190} INFO - [READ 5] ESTE WORKER -> hostname=4970a61b9d60 pid=343
[2026-06-21T21:56:40.910+0000] {logging_mixin.py:190} INFO - [READ 5] Procurando arquivo: /tmp/celery_demo/data_5.txt
[2026-06-21T21:56:40.913+0000] {logging_mixin.py:190} INFO - ======================================================================
[2026-06-21T21:56:40.914+0000] {logging_mixin.py:190} INFO - [READ 5] SUCESSO — arquivo encontrado neste worker.
[2026-06-21T21:56:40.915+0000] {logging_mixin.py:190} INFO - [READ 5] Conteúdo: Arquivo 5 escrito por: hostname=4970a61b9d60 pid=285
[2026-06-21T21:56:40.916+0000] {logging_mixin.py:190} INFO - [READ 5] (write e read caíram no MESMO worker desta vez — por isso funcionou)
[2026-06-21T21:56:40.917+0000] {python.py:240} INFO - Done. Returned value was: None
[2026-06-21T21:56:40.933+0000] {taskinstance.py:341} INFO - ::group::Post task execution logs
[2026-06-21T21:56:40.934+0000] {taskinstance.py:353} INFO - Marking task as SUCCESS. dag_id=demo_tmp_celery_bug, task_id=read_5, run_id=manual__2026-06-21T21:56:37.738303+00:00, execution_date=20260621T215637, start_date=20260621T215640, end_date=20260621T215640
[2026-06-21T21:56:40.989+0000] {local_task_job_runner.py:266} INFO - Task exited with return code 0
[2026-06-21T21:56:41.006+0000] {local_task_job_runner.py:245} INFO - ::endgroup::
