[2026-06-21T21:55:44.717+0000] {local_task_job_runner.py:123} INFO - ::group::Pre task execution logs
[2026-06-21T21:55:44.751+0000] {taskinstance.py:2614} INFO - Dependencies all met for dep_context=non-requeueable deps ti=<TaskInstance: demo_tmp_celery_bug.write_4 manual__2026-06-21T21:55:42.753873+00:00 [queued]>
[2026-06-21T21:55:44.768+0000] {taskinstance.py:2614} INFO - Dependencies all met for dep_context=requeueable deps ti=<TaskInstance: demo_tmp_celery_bug.write_4 manual__2026-06-21T21:55:42.753873+00:00 [queued]>
[2026-06-21T21:55:44.771+0000] {taskinstance.py:2867} INFO - Starting attempt 1 of 1
[2026-06-21T21:55:44.800+0000] {taskinstance.py:2890} INFO - Executing <Task(PythonOperator): write_4> on 2026-06-21 21:55:42.753873+00:00
[2026-06-21T21:55:44.814+0000] {warnings.py:112} WARNING - /home/***/.local/lib/python3.12/site-packages/***/task/task_runner/standard_task_runner.py:70: DeprecationWarning: This process (pid=216) is multi-threaded, use of fork() may lead to deadlocks in the child.
  pid = os.fork()

[2026-06-21T21:55:44.820+0000] {standard_task_runner.py:104} INFO - Running: ['***', 'tasks', 'run', 'demo_tmp_celery_bug', 'write_4', 'manual__2026-06-21T21:55:42.753873+00:00', '--job-id', '67', '--raw', '--subdir', 'DAGS_FOLDER/demo_tmp_celery_bug.py', '--cfg-path', '/tmp/tmpac9b2gy9']
[2026-06-21T21:55:44.825+0000] {standard_task_runner.py:105} INFO - Job 67: Subtask write_4
[2026-06-21T21:55:44.823+0000] {standard_task_runner.py:72} INFO - Started process 224 to run task
[2026-06-21T21:55:44.947+0000] {task_command.py:467} INFO - Running <TaskInstance: demo_tmp_celery_bug.write_4 manual__2026-06-21T21:55:42.753873+00:00 [running]> on host 3f8339d18026
[2026-06-21T21:55:45.102+0000] {taskinstance.py:3134} INFO - Exporting env vars: AIRFLOW_CTX_DAG_OWNER='***' AIRFLOW_CTX_DAG_ID='demo_tmp_celery_bug' AIRFLOW_CTX_TASK_ID='write_4' AIRFLOW_CTX_EXECUTION_DATE='2026-06-21T21:55:42.753873+00:00' AIRFLOW_CTX_TRY_NUMBER='1' AIRFLOW_CTX_DAG_RUN_ID='manual__2026-06-21T21:55:42.753873+00:00'
[2026-06-21T21:55:45.106+0000] {taskinstance.py:732} INFO - ::endgroup::
[2026-06-21T21:55:45.135+0000] {logging_mixin.py:190} INFO - ======================================================================
[2026-06-21T21:55:45.137+0000] {logging_mixin.py:190} INFO - [WRITE 4] Arquivo criado em: /tmp/celery_demo/data_4.txt
[2026-06-21T21:55:45.140+0000] {logging_mixin.py:190} INFO - [WRITE 4] ESTE WORKER -> hostname=3f8339d18026 pid=224
[2026-06-21T21:55:45.141+0000] {logging_mixin.py:190} INFO - ======================================================================
[2026-06-21T21:55:45.143+0000] {logging_mixin.py:190} INFO - [WRITE 4] Se a read_4 cair em OUTRO worker, ela NÃO vai encontrar este arquivo.
[2026-06-21T21:55:45.145+0000] {python.py:240} INFO - Done. Returned value was: None
[2026-06-21T21:55:45.178+0000] {taskinstance.py:341} INFO - ::group::Post task execution logs
[2026-06-21T21:55:45.179+0000] {taskinstance.py:353} INFO - Marking task as SUCCESS. dag_id=demo_tmp_celery_bug, task_id=write_4, run_id=manual__2026-06-21T21:55:42.753873+00:00, execution_date=20260621T215542, start_date=20260621T215544, end_date=20260621T215545
[2026-06-21T21:55:45.253+0000] {local_task_job_runner.py:266} INFO - Task exited with return code 0
[2026-06-21T21:55:45.316+0000] {taskinstance.py:3901} INFO - 1 downstream tasks scheduled from follow-on schedule check
[2026-06-21T21:55:45.319+0000] {local_task_job_runner.py:245} INFO - ::endgroup::
