[2026-06-21T21:55:59.761+0000] {local_task_job_runner.py:123} INFO - ::group::Pre task execution logs
[2026-06-21T21:55:59.796+0000] {taskinstance.py:2614} INFO - Dependencies all met for dep_context=non-requeueable deps ti=<TaskInstance: demo_tmp_celery_bug.write_5 manual__2026-06-21T21:55:57.556411+00:00 [queued]>
[2026-06-21T21:55:59.816+0000] {taskinstance.py:2614} INFO - Dependencies all met for dep_context=requeueable deps ti=<TaskInstance: demo_tmp_celery_bug.write_5 manual__2026-06-21T21:55:57.556411+00:00 [queued]>
[2026-06-21T21:55:59.818+0000] {taskinstance.py:2867} INFO - Starting attempt 1 of 1
[2026-06-21T21:55:59.842+0000] {taskinstance.py:2890} INFO - Executing <Task(PythonOperator): write_5> on 2026-06-21 21:55:57.556411+00:00
[2026-06-21T21:55:59.855+0000] {warnings.py:112} WARNING - /home/***/.local/lib/python3.12/site-packages/***/task/task_runner/standard_task_runner.py:70: DeprecationWarning: This process (pid=270) is multi-threaded, use of fork() may lead to deadlocks in the child.
  pid = os.fork()

[2026-06-21T21:55:59.859+0000] {standard_task_runner.py:104} INFO - Running: ['***', 'tasks', 'run', 'demo_tmp_celery_bug', 'write_5', 'manual__2026-06-21T21:55:57.556411+00:00', '--job-id', '116', '--raw', '--subdir', 'DAGS_FOLDER/demo_tmp_celery_bug.py', '--cfg-path', '/tmp/tmp31ubhv41']
[2026-06-21T21:55:59.861+0000] {standard_task_runner.py:72} INFO - Started process 285 to run task
[2026-06-21T21:55:59.866+0000] {standard_task_runner.py:105} INFO - Job 116: Subtask write_5
[2026-06-21T21:55:59.954+0000] {task_command.py:467} INFO - Running <TaskInstance: demo_tmp_celery_bug.write_5 manual__2026-06-21T21:55:57.556411+00:00 [running]> on host 4970a61b9d60
[2026-06-21T21:56:00.090+0000] {taskinstance.py:3134} INFO - Exporting env vars: AIRFLOW_CTX_DAG_OWNER='***' AIRFLOW_CTX_DAG_ID='demo_tmp_celery_bug' AIRFLOW_CTX_TASK_ID='write_5' AIRFLOW_CTX_EXECUTION_DATE='2026-06-21T21:55:57.556411+00:00' AIRFLOW_CTX_TRY_NUMBER='1' AIRFLOW_CTX_DAG_RUN_ID='manual__2026-06-21T21:55:57.556411+00:00'
[2026-06-21T21:56:00.093+0000] {taskinstance.py:732} INFO - ::endgroup::
[2026-06-21T21:56:00.116+0000] {logging_mixin.py:190} INFO - ======================================================================
[2026-06-21T21:56:00.118+0000] {logging_mixin.py:190} INFO - [WRITE 5] Arquivo criado em: /tmp/celery_demo/data_5.txt
[2026-06-21T21:56:00.119+0000] {logging_mixin.py:190} INFO - [WRITE 5] ESTE WORKER -> hostname=4970a61b9d60 pid=285
[2026-06-21T21:56:00.120+0000] {logging_mixin.py:190} INFO - ======================================================================
[2026-06-21T21:56:00.121+0000] {logging_mixin.py:190} INFO - [WRITE 5] Se a read_5 cair em OUTRO worker, ela NÃO vai encontrar este arquivo.
[2026-06-21T21:56:00.122+0000] {python.py:240} INFO - Done. Returned value was: None
[2026-06-21T21:56:00.137+0000] {taskinstance.py:341} INFO - ::group::Post task execution logs
[2026-06-21T21:56:00.138+0000] {taskinstance.py:353} INFO - Marking task as SUCCESS. dag_id=demo_tmp_celery_bug, task_id=write_5, run_id=manual__2026-06-21T21:55:57.556411+00:00, execution_date=20260621T215557, start_date=20260621T215559, end_date=20260621T215600
[2026-06-21T21:56:00.206+0000] {local_task_job_runner.py:266} INFO - Task exited with return code 0
[2026-06-21T21:56:00.219+0000] {local_task_job_runner.py:245} INFO - ::endgroup::
