[2026-06-21T21:58:12.549+0000] {local_task_job_runner.py:123} INFO - ::group::Pre task execution logs
[2026-06-21T21:58:12.672+0000] {taskinstance.py:2614} INFO - Dependencies all met for dep_context=non-requeueable deps ti=<TaskInstance: demo_tmp_celery_bug.write_1 manual__2026-06-21T21:57:48.248264+00:00 [queued]>
[2026-06-21T21:58:12.716+0000] {taskinstance.py:2614} INFO - Dependencies all met for dep_context=requeueable deps ti=<TaskInstance: demo_tmp_celery_bug.write_1 manual__2026-06-21T21:57:48.248264+00:00 [queued]>
[2026-06-21T21:58:12.720+0000] {taskinstance.py:2867} INFO - Starting attempt 1 of 1
[2026-06-21T21:58:12.841+0000] {taskinstance.py:2890} INFO - Executing <Task(PythonOperator): write_1> on 2026-06-21 21:57:48.248264+00:00
[2026-06-21T21:58:12.893+0000] {warnings.py:112} WARNING - /home/***/.local/lib/python3.12/site-packages/***/task/task_runner/standard_task_runner.py:70: DeprecationWarning: This process (pid=648) is multi-threaded, use of fork() may lead to deadlocks in the child.
  pid = os.fork()

[2026-06-21T21:58:12.912+0000] {standard_task_runner.py:72} INFO - Started process 658 to run task
[2026-06-21T21:58:12.902+0000] {standard_task_runner.py:104} INFO - Running: ['***', 'tasks', 'run', 'demo_tmp_celery_bug', 'write_1', 'manual__2026-06-21T21:57:48.248264+00:00', '--job-id', '330', '--raw', '--subdir', 'DAGS_FOLDER/demo_tmp_celery_bug.py', '--cfg-path', '/tmp/tmpz9d4ps40']
[2026-06-21T21:58:12.923+0000] {standard_task_runner.py:105} INFO - Job 330: Subtask write_1
[2026-06-21T21:58:13.360+0000] {task_command.py:467} INFO - Running <TaskInstance: demo_tmp_celery_bug.write_1 manual__2026-06-21T21:57:48.248264+00:00 [running]> on host 3f8339d18026
[2026-06-21T21:58:14.405+0000] {taskinstance.py:3134} INFO - Exporting env vars: AIRFLOW_CTX_DAG_OWNER='***' AIRFLOW_CTX_DAG_ID='demo_tmp_celery_bug' AIRFLOW_CTX_TASK_ID='write_1' AIRFLOW_CTX_EXECUTION_DATE='2026-06-21T21:57:48.248264+00:00' AIRFLOW_CTX_TRY_NUMBER='1' AIRFLOW_CTX_DAG_RUN_ID='manual__2026-06-21T21:57:48.248264+00:00'
[2026-06-21T21:58:14.423+0000] {taskinstance.py:732} INFO - ::endgroup::
[2026-06-21T21:58:14.643+0000] {logging_mixin.py:190} INFO - ======================================================================
[2026-06-21T21:58:14.649+0000] {logging_mixin.py:190} INFO - [WRITE 1] Arquivo criado em: /tmp/celery_demo/data_1.txt
[2026-06-21T21:58:14.658+0000] {logging_mixin.py:190} INFO - [WRITE 1] ESTE WORKER -> hostname=3f8339d18026 pid=658
[2026-06-21T21:58:14.677+0000] {logging_mixin.py:190} INFO - ======================================================================
[2026-06-21T21:58:14.679+0000] {logging_mixin.py:190} INFO - [WRITE 1] Se a read_1 cair em OUTRO worker, ela NÃO vai encontrar este arquivo.
[2026-06-21T21:58:14.681+0000] {python.py:240} INFO - Done. Returned value was: None
[2026-06-21T21:58:14.771+0000] {taskinstance.py:341} INFO - ::group::Post task execution logs
[2026-06-21T21:58:14.795+0000] {taskinstance.py:353} INFO - Marking task as SUCCESS. dag_id=demo_tmp_celery_bug, task_id=write_1, run_id=manual__2026-06-21T21:57:48.248264+00:00, execution_date=20260621T215748, start_date=20260621T215812, end_date=20260621T215814
[2026-06-21T21:58:15.243+0000] {local_task_job_runner.py:266} INFO - Task exited with return code 0
[2026-06-21T21:58:15.388+0000] {local_task_job_runner.py:245} INFO - ::endgroup::
