[2026-06-21T21:57:22.934+0000] {local_task_job_runner.py:123} INFO - ::group::Pre task execution logs
[2026-06-21T21:57:22.959+0000] {taskinstance.py:2614} INFO - Dependencies all met for dep_context=non-requeueable deps ti=<TaskInstance: demo_tmp_celery_bug.write_3 manual__2026-06-21T21:57:21.496799+00:00 [queued]>
[2026-06-21T21:57:22.972+0000] {taskinstance.py:2614} INFO - Dependencies all met for dep_context=requeueable deps ti=<TaskInstance: demo_tmp_celery_bug.write_3 manual__2026-06-21T21:57:21.496799+00:00 [queued]>
[2026-06-21T21:57:22.973+0000] {taskinstance.py:2867} INFO - Starting attempt 1 of 1
[2026-06-21T21:57:22.993+0000] {taskinstance.py:2890} INFO - Executing <Task(PythonOperator): write_3> on 2026-06-21 21:57:21.496799+00:00
[2026-06-21T21:57:23.004+0000] {warnings.py:112} WARNING - /home/***/.local/lib/python3.12/site-packages/***/task/task_runner/standard_task_runner.py:70: DeprecationWarning: This process (pid=457) is multi-threaded, use of fork() may lead to deadlocks in the child.
  pid = os.fork()

[2026-06-21T21:57:23.007+0000] {standard_task_runner.py:104} INFO - Running: ['***', 'tasks', 'run', 'demo_tmp_celery_bug', 'write_3', 'manual__2026-06-21T21:57:21.496799+00:00', '--job-id', '225', '--raw', '--subdir', 'DAGS_FOLDER/demo_tmp_celery_bug.py', '--cfg-path', '/tmp/tmpe6ole8s1']
[2026-06-21T21:57:23.009+0000] {standard_task_runner.py:72} INFO - Started process 460 to run task
[2026-06-21T21:57:23.010+0000] {standard_task_runner.py:105} INFO - Job 225: Subtask write_3
[2026-06-21T21:57:23.102+0000] {task_command.py:467} INFO - Running <TaskInstance: demo_tmp_celery_bug.write_3 manual__2026-06-21T21:57:21.496799+00:00 [running]> on host 4970a61b9d60
[2026-06-21T21:57:23.236+0000] {taskinstance.py:3134} INFO - Exporting env vars: AIRFLOW_CTX_DAG_OWNER='***' AIRFLOW_CTX_DAG_ID='demo_tmp_celery_bug' AIRFLOW_CTX_TASK_ID='write_3' AIRFLOW_CTX_EXECUTION_DATE='2026-06-21T21:57:21.496799+00:00' AIRFLOW_CTX_TRY_NUMBER='1' AIRFLOW_CTX_DAG_RUN_ID='manual__2026-06-21T21:57:21.496799+00:00'
[2026-06-21T21:57:23.238+0000] {taskinstance.py:732} INFO - ::endgroup::
[2026-06-21T21:57:23.260+0000] {logging_mixin.py:190} INFO - ======================================================================
[2026-06-21T21:57:23.262+0000] {logging_mixin.py:190} INFO - [WRITE 3] Arquivo criado em: /tmp/celery_demo/data_3.txt
[2026-06-21T21:57:23.263+0000] {logging_mixin.py:190} INFO - [WRITE 3] ESTE WORKER -> hostname=4970a61b9d60 pid=460
[2026-06-21T21:57:23.264+0000] {logging_mixin.py:190} INFO - ======================================================================
[2026-06-21T21:57:23.264+0000] {logging_mixin.py:190} INFO - [WRITE 3] Se a read_3 cair em OUTRO worker, ela NÃO vai encontrar este arquivo.
[2026-06-21T21:57:23.266+0000] {python.py:240} INFO - Done. Returned value was: None
[2026-06-21T21:57:23.281+0000] {taskinstance.py:341} INFO - ::group::Post task execution logs
[2026-06-21T21:57:23.286+0000] {taskinstance.py:353} INFO - Marking task as SUCCESS. dag_id=demo_tmp_celery_bug, task_id=write_3, run_id=manual__2026-06-21T21:57:21.496799+00:00, execution_date=20260621T215721, start_date=20260621T215722, end_date=20260621T215723
[2026-06-21T21:57:23.348+0000] {local_task_job_runner.py:266} INFO - Task exited with return code 0
[2026-06-21T21:57:23.362+0000] {local_task_job_runner.py:245} INFO - ::endgroup::
