[2026-06-21T21:58:16.009+0000] {local_task_job_runner.py:123} INFO - ::group::Pre task execution logs
[2026-06-21T21:58:16.218+0000] {taskinstance.py:2614} INFO - Dependencies all met for dep_context=non-requeueable deps ti=<TaskInstance: demo_tmp_celery_bug.write_5 manual__2026-06-21T21:57:48.391912+00:00 [queued]>
[2026-06-21T21:58:16.301+0000] {taskinstance.py:2614} INFO - Dependencies all met for dep_context=requeueable deps ti=<TaskInstance: demo_tmp_celery_bug.write_5 manual__2026-06-21T21:57:48.391912+00:00 [queued]>
[2026-06-21T21:58:16.304+0000] {taskinstance.py:2867} INFO - Starting attempt 1 of 1
[2026-06-21T21:58:16.376+0000] {taskinstance.py:2890} INFO - Executing <Task(PythonOperator): write_5> on 2026-06-21 21:57:48.391912+00:00
[2026-06-21T21:58:16.401+0000] {warnings.py:112} WARNING - /home/***/.local/lib/python3.12/site-packages/***/task/task_runner/standard_task_runner.py:70: DeprecationWarning: This process (pid=655) is multi-threaded, use of fork() may lead to deadlocks in the child.
  pid = os.fork()

[2026-06-21T21:58:16.413+0000] {standard_task_runner.py:104} INFO - Running: ['***', 'tasks', 'run', 'demo_tmp_celery_bug', 'write_5', 'manual__2026-06-21T21:57:48.391912+00:00', '--job-id', '337', '--raw', '--subdir', 'DAGS_FOLDER/demo_tmp_celery_bug.py', '--cfg-path', '/tmp/tmpw3_smrk_']
[2026-06-21T21:58:16.423+0000] {standard_task_runner.py:72} INFO - Started process 667 to run task
[2026-06-21T21:58:16.426+0000] {standard_task_runner.py:105} INFO - Job 337: Subtask write_5
[2026-06-21T21:58:16.850+0000] {task_command.py:467} INFO - Running <TaskInstance: demo_tmp_celery_bug.write_5 manual__2026-06-21T21:57:48.391912+00:00 [running]> on host 3f8339d18026
[2026-06-21T21:58:17.799+0000] {taskinstance.py:3134} INFO - Exporting env vars: AIRFLOW_CTX_DAG_OWNER='***' AIRFLOW_CTX_DAG_ID='demo_tmp_celery_bug' AIRFLOW_CTX_TASK_ID='write_5' AIRFLOW_CTX_EXECUTION_DATE='2026-06-21T21:57:48.391912+00:00' AIRFLOW_CTX_TRY_NUMBER='1' AIRFLOW_CTX_DAG_RUN_ID='manual__2026-06-21T21:57:48.391912+00:00'
[2026-06-21T21:58:17.820+0000] {taskinstance.py:732} INFO - ::endgroup::
[2026-06-21T21:58:17.953+0000] {logging_mixin.py:190} INFO - ======================================================================
[2026-06-21T21:58:17.955+0000] {logging_mixin.py:190} INFO - [WRITE 5] Arquivo criado em: /tmp/celery_demo/data_5.txt
[2026-06-21T21:58:17.958+0000] {logging_mixin.py:190} INFO - [WRITE 5] ESTE WORKER -> hostname=3f8339d18026 pid=667
[2026-06-21T21:58:17.962+0000] {logging_mixin.py:190} INFO - ======================================================================
[2026-06-21T21:58:17.970+0000] {logging_mixin.py:190} INFO - [WRITE 5] Se a read_5 cair em OUTRO worker, ela NÃO vai encontrar este arquivo.
[2026-06-21T21:58:17.975+0000] {python.py:240} INFO - Done. Returned value was: None
[2026-06-21T21:58:18.030+0000] {taskinstance.py:341} INFO - ::group::Post task execution logs
[2026-06-21T21:58:18.037+0000] {taskinstance.py:353} INFO - Marking task as SUCCESS. dag_id=demo_tmp_celery_bug, task_id=write_5, run_id=manual__2026-06-21T21:57:48.391912+00:00, execution_date=20260621T215748, start_date=20260621T215816, end_date=20260621T215818
[2026-06-21T21:58:18.359+0000] {local_task_job_runner.py:266} INFO - Task exited with return code 0
[2026-06-21T21:58:18.610+0000] {taskinstance.py:3901} INFO - 1 downstream tasks scheduled from follow-on schedule check
[2026-06-21T21:58:18.642+0000] {local_task_job_runner.py:245} INFO - ::endgroup::
