[2026-06-21T22:02:13.772+0000] {local_task_job_runner.py:123} INFO - ::group::Pre task execution logs
[2026-06-21T22:02:13.789+0000] {taskinstance.py:2614} INFO - Dependencies all met for dep_context=non-requeueable deps ti=<TaskInstance: public_api_pipeline.check_quality manual__2026-06-21T22:02:08.139240+00:00 [queued]>
[2026-06-21T22:02:13.797+0000] {taskinstance.py:2614} INFO - Dependencies all met for dep_context=requeueable deps ti=<TaskInstance: public_api_pipeline.check_quality manual__2026-06-21T22:02:08.139240+00:00 [queued]>
[2026-06-21T22:02:13.798+0000] {taskinstance.py:2867} INFO - Starting attempt 1 of 4
[2026-06-21T22:02:13.807+0000] {taskinstance.py:2890} INFO - Executing <Task(_PythonDecoratedOperator): check_quality> on 2026-06-21 22:02:08.139240+00:00
[2026-06-21T22:02:13.813+0000] {warnings.py:112} WARNING - /home/***/.local/lib/python3.12/site-packages/***/task/task_runner/standard_task_runner.py:70: DeprecationWarning: This process (pid=267) is multi-threaded, use of fork() may lead to deadlocks in the child.
  pid = os.fork()

[2026-06-21T22:02:13.815+0000] {standard_task_runner.py:104} INFO - Running: ['***', 'tasks', 'run', 'public_api_pipeline', 'check_quality', 'manual__2026-06-21T22:02:08.139240+00:00', '--job-id', '614', '--raw', '--subdir', 'DAGS_FOLDER/public_api_pipeline.py', '--cfg-path', '/tmp/tmpja33e1v0']
[2026-06-21T22:02:13.816+0000] {standard_task_runner.py:72} INFO - Started process 268 to run task
[2026-06-21T22:02:13.816+0000] {standard_task_runner.py:105} INFO - Job 614: Subtask check_quality
[2026-06-21T22:02:13.866+0000] {task_command.py:467} INFO - Running <TaskInstance: public_api_pipeline.check_quality manual__2026-06-21T22:02:08.139240+00:00 [running]> on host 3f8339d18026
[2026-06-21T22:02:13.935+0000] {taskinstance.py:3134} INFO - Exporting env vars: AIRFLOW_CTX_DAG_OWNER='vinicius' AIRFLOW_CTX_DAG_ID='public_api_pipeline' AIRFLOW_CTX_TASK_ID='check_quality' AIRFLOW_CTX_EXECUTION_DATE='2026-06-21T22:02:08.139240+00:00' AIRFLOW_CTX_TRY_NUMBER='1' AIRFLOW_CTX_DAG_RUN_ID='manual__2026-06-21T22:02:08.139240+00:00'
[2026-06-21T22:02:13.937+0000] {taskinstance.py:732} INFO - ::endgroup::
[2026-06-21T22:02:13.939+0000] {logging_mixin.py:190} INFO - [check_quality] OK - dados passaram nas validacoes
[2026-06-21T22:02:13.940+0000] {python.py:240} INFO - Done. Returned value was: {'city': 'São Paulo', 'country': 'Brasil', 'unit': '°C', 'count': 24, 'min': 11.4, 'min_at': '2026-06-21T07:00', 'max': 20.3, 'max_at': '2026-06-21T15:00', 'avg': 15.41, 'quality': 'ok'}
[2026-06-21T22:02:13.971+0000] {taskinstance.py:341} INFO - ::group::Post task execution logs
[2026-06-21T22:02:13.972+0000] {taskinstance.py:353} INFO - Marking task as SUCCESS. dag_id=public_api_pipeline, task_id=check_quality, run_id=manual__2026-06-21T22:02:08.139240+00:00, execution_date=20260621T220208, start_date=20260621T220213, end_date=20260621T220213
[2026-06-21T22:02:14.032+0000] {local_task_job_runner.py:266} INFO - Task exited with return code 0
[2026-06-21T22:02:14.048+0000] {taskinstance.py:3901} INFO - 1 downstream tasks scheduled from follow-on schedule check
[2026-06-21T22:02:14.050+0000] {local_task_job_runner.py:245} INFO - ::endgroup::
