[2026-06-21T21:56:02.077+0000] {local_task_job_runner.py:123} INFO - ::group::Pre task execution logs
[2026-06-21T21:56:02.157+0000] {taskinstance.py:2614} INFO - Dependencies all met for dep_context=non-requeueable deps ti=<TaskInstance: demo_tmp_celery_bug.read_6 manual__2026-06-21T21:55:56.169394+00:00 [queued]>
[2026-06-21T21:56:02.186+0000] {taskinstance.py:2614} INFO - Dependencies all met for dep_context=requeueable deps ti=<TaskInstance: demo_tmp_celery_bug.read_6 manual__2026-06-21T21:55:56.169394+00:00 [queued]>
[2026-06-21T21:56:02.195+0000] {taskinstance.py:2867} INFO - Starting attempt 1 of 1
[2026-06-21T21:56:02.223+0000] {taskinstance.py:2890} INFO - Executing <Task(PythonOperator): read_6> on 2026-06-21 21:55:56.169394+00:00
[2026-06-21T21:56:02.246+0000] {warnings.py:112} WARNING - /home/***/.local/lib/python3.12/site-packages/***/task/task_runner/standard_task_runner.py:70: DeprecationWarning: This process (pid=294) is multi-threaded, use of fork() may lead to deadlocks in the child.
  pid = os.fork()

[2026-06-21T21:56:02.254+0000] {standard_task_runner.py:72} INFO - Started process 309 to run task
[2026-06-21T21:56:02.251+0000] {standard_task_runner.py:104} INFO - Running: ['***', 'tasks', 'run', 'demo_tmp_celery_bug', 'read_6', 'manual__2026-06-21T21:55:56.169394+00:00', '--job-id', '133', '--raw', '--subdir', 'DAGS_FOLDER/demo_tmp_celery_bug.py', '--cfg-path', '/tmp/tmp4pa06rkn']
[2026-06-21T21:56:02.261+0000] {standard_task_runner.py:105} INFO - Job 133: Subtask read_6
[2026-06-21T21:56:02.415+0000] {task_command.py:467} INFO - Running <TaskInstance: demo_tmp_celery_bug.read_6 manual__2026-06-21T21:55:56.169394+00:00 [running]> on host 4970a61b9d60
[2026-06-21T21:56:02.531+0000] {taskinstance.py:3134} INFO - Exporting env vars: AIRFLOW_CTX_DAG_OWNER='***' AIRFLOW_CTX_DAG_ID='demo_tmp_celery_bug' AIRFLOW_CTX_TASK_ID='read_6' AIRFLOW_CTX_EXECUTION_DATE='2026-06-21T21:55:56.169394+00:00' AIRFLOW_CTX_TRY_NUMBER='1' AIRFLOW_CTX_DAG_RUN_ID='manual__2026-06-21T21:55:56.169394+00:00'
[2026-06-21T21:56:02.533+0000] {taskinstance.py:732} INFO - ::endgroup::
[2026-06-21T21:56:02.550+0000] {logging_mixin.py:190} INFO - ======================================================================
[2026-06-21T21:56:02.551+0000] {logging_mixin.py:190} INFO - [READ 6] ESTE WORKER -> hostname=4970a61b9d60 pid=309
[2026-06-21T21:56:02.552+0000] {logging_mixin.py:190} INFO - [READ 6] Procurando arquivo: /tmp/celery_demo/data_6.txt
[2026-06-21T21:56:02.553+0000] {logging_mixin.py:190} INFO - ======================================================================
[2026-06-21T21:56:02.554+0000] {logging_mixin.py:190} INFO - [READ 6] SUCESSO — arquivo encontrado neste worker.
[2026-06-21T21:56:02.555+0000] {logging_mixin.py:190} INFO - [READ 6] Conteúdo: Arquivo 6 escrito por: hostname=4970a61b9d60 pid=237
[2026-06-21T21:56:02.556+0000] {logging_mixin.py:190} INFO - [READ 6] (write e read caíram no MESMO worker desta vez — por isso funcionou)
[2026-06-21T21:56:02.556+0000] {python.py:240} INFO - Done. Returned value was: None
[2026-06-21T21:56:02.568+0000] {taskinstance.py:341} INFO - ::group::Post task execution logs
[2026-06-21T21:56:02.569+0000] {taskinstance.py:353} INFO - Marking task as SUCCESS. dag_id=demo_tmp_celery_bug, task_id=read_6, run_id=manual__2026-06-21T21:55:56.169394+00:00, execution_date=20260621T215556, start_date=20260621T215602, end_date=20260621T215602
[2026-06-21T21:56:02.618+0000] {local_task_job_runner.py:266} INFO - Task exited with return code 0
[2026-06-21T21:56:02.644+0000] {taskinstance.py:3901} INFO - 0 downstream tasks scheduled from follow-on schedule check
[2026-06-21T21:56:02.647+0000] {local_task_job_runner.py:245} INFO - ::endgroup::
