[2026-06-21T21:58:28.275+0000] {local_task_job_runner.py:123} INFO - ::group::Pre task execution logs
[2026-06-21T21:58:28.408+0000] {taskinstance.py:2614} INFO - Dependencies all met for dep_context=non-requeueable deps ti=<TaskInstance: demo_tmp_celery_bug.write_7 manual__2026-06-21T21:57:48.990793+00:00 [queued]>
[2026-06-21T21:58:28.482+0000] {taskinstance.py:2614} INFO - Dependencies all met for dep_context=requeueable deps ti=<TaskInstance: demo_tmp_celery_bug.write_7 manual__2026-06-21T21:57:48.990793+00:00 [queued]>
[2026-06-21T21:58:28.485+0000] {taskinstance.py:2867} INFO - Starting attempt 1 of 1
[2026-06-21T21:58:28.570+0000] {taskinstance.py:2890} INFO - Executing <Task(PythonOperator): write_7> on 2026-06-21 21:57:48.990793+00:00
[2026-06-21T21:58:28.617+0000] {warnings.py:112} WARNING - /home/***/.local/lib/python3.12/site-packages/***/task/task_runner/standard_task_runner.py:70: DeprecationWarning: This process (pid=692) is multi-threaded, use of fork() may lead to deadlocks in the child.
  pid = os.fork()

[2026-06-21T21:58:28.625+0000] {standard_task_runner.py:104} INFO - Running: ['***', 'tasks', 'run', 'demo_tmp_celery_bug', 'write_7', 'manual__2026-06-21T21:57:48.990793+00:00', '--job-id', '360', '--raw', '--subdir', 'DAGS_FOLDER/demo_tmp_celery_bug.py', '--cfg-path', '/tmp/tmpgg4en1wc']
[2026-06-21T21:58:28.630+0000] {standard_task_runner.py:105} INFO - Job 360: Subtask write_7
[2026-06-21T21:58:28.628+0000] {standard_task_runner.py:72} INFO - Started process 703 to run task
[2026-06-21T21:58:28.969+0000] {task_command.py:467} INFO - Running <TaskInstance: demo_tmp_celery_bug.write_7 manual__2026-06-21T21:57:48.990793+00:00 [running]> on host 3f8339d18026
[2026-06-21T21:58:29.719+0000] {taskinstance.py:3134} INFO - Exporting env vars: AIRFLOW_CTX_DAG_OWNER='***' AIRFLOW_CTX_DAG_ID='demo_tmp_celery_bug' AIRFLOW_CTX_TASK_ID='write_7' AIRFLOW_CTX_EXECUTION_DATE='2026-06-21T21:57:48.990793+00:00' AIRFLOW_CTX_TRY_NUMBER='1' AIRFLOW_CTX_DAG_RUN_ID='manual__2026-06-21T21:57:48.990793+00:00'
[2026-06-21T21:58:29.731+0000] {taskinstance.py:732} INFO - ::endgroup::
[2026-06-21T21:58:29.804+0000] {logging_mixin.py:190} INFO - ======================================================================
[2026-06-21T21:58:29.807+0000] {logging_mixin.py:190} INFO - [WRITE 7] Arquivo criado em: /tmp/celery_demo/data_7.txt
[2026-06-21T21:58:29.814+0000] {logging_mixin.py:190} INFO - [WRITE 7] ESTE WORKER -> hostname=3f8339d18026 pid=703
[2026-06-21T21:58:29.816+0000] {logging_mixin.py:190} INFO - ======================================================================
[2026-06-21T21:58:29.819+0000] {logging_mixin.py:190} INFO - [WRITE 7] Se a read_7 cair em OUTRO worker, ela NÃO vai encontrar este arquivo.
[2026-06-21T21:58:29.824+0000] {python.py:240} INFO - Done. Returned value was: None
[2026-06-21T21:58:29.883+0000] {taskinstance.py:341} INFO - ::group::Post task execution logs
[2026-06-21T21:58:29.887+0000] {taskinstance.py:353} INFO - Marking task as SUCCESS. dag_id=demo_tmp_celery_bug, task_id=write_7, run_id=manual__2026-06-21T21:57:48.990793+00:00, execution_date=20260621T215748, start_date=20260621T215828, end_date=20260621T215829
[2026-06-21T21:58:30.475+0000] {local_task_job_runner.py:266} INFO - Task exited with return code 0
[2026-06-21T21:58:30.554+0000] {local_task_job_runner.py:245} INFO - ::endgroup::
