[2026-06-21T21:56:03.157+0000] {local_task_job_runner.py:123} INFO - ::group::Pre task execution logs
[2026-06-21T21:56:03.189+0000] {taskinstance.py:2614} INFO - Dependencies all met for dep_context=non-requeueable deps ti=<TaskInstance: demo_tmp_celery_bug.read_4 manual__2026-06-21T21:55:57.556411+00:00 [queued]>
[2026-06-21T21:56:03.210+0000] {taskinstance.py:2614} INFO - Dependencies all met for dep_context=requeueable deps ti=<TaskInstance: demo_tmp_celery_bug.read_4 manual__2026-06-21T21:55:57.556411+00:00 [queued]>
[2026-06-21T21:56:03.215+0000] {taskinstance.py:2867} INFO - Starting attempt 1 of 1
[2026-06-21T21:56:03.238+0000] {taskinstance.py:2890} INFO - Executing <Task(PythonOperator): read_4> on 2026-06-21 21:55:57.556411+00:00
[2026-06-21T21:56:03.251+0000] {standard_task_runner.py:104} INFO - Running: ['***', 'tasks', 'run', 'demo_tmp_celery_bug', 'read_4', 'manual__2026-06-21T21:55:57.556411+00:00', '--job-id', '134', '--raw', '--subdir', 'DAGS_FOLDER/demo_tmp_celery_bug.py', '--cfg-path', '/tmp/tmpon125vfy']
[2026-06-21T21:56:03.249+0000] {warnings.py:112} WARNING - /home/***/.local/lib/python3.12/site-packages/***/task/task_runner/standard_task_runner.py:70: DeprecationWarning: This process (pid=311) is multi-threaded, use of fork() may lead to deadlocks in the child.
  pid = os.fork()

[2026-06-21T21:56:03.254+0000] {standard_task_runner.py:105} INFO - Job 134: Subtask read_4
[2026-06-21T21:56:03.254+0000] {standard_task_runner.py:72} INFO - Started process 315 to run task
[2026-06-21T21:56:03.348+0000] {task_command.py:467} INFO - Running <TaskInstance: demo_tmp_celery_bug.read_4 manual__2026-06-21T21:55:57.556411+00:00 [running]> on host 4970a61b9d60
[2026-06-21T21:56:03.477+0000] {taskinstance.py:3134} INFO - Exporting env vars: AIRFLOW_CTX_DAG_OWNER='***' AIRFLOW_CTX_DAG_ID='demo_tmp_celery_bug' AIRFLOW_CTX_TASK_ID='read_4' AIRFLOW_CTX_EXECUTION_DATE='2026-06-21T21:55:57.556411+00:00' AIRFLOW_CTX_TRY_NUMBER='1' AIRFLOW_CTX_DAG_RUN_ID='manual__2026-06-21T21:55:57.556411+00:00'
[2026-06-21T21:56:03.479+0000] {taskinstance.py:732} INFO - ::endgroup::
[2026-06-21T21:56:03.504+0000] {logging_mixin.py:190} INFO - ======================================================================
[2026-06-21T21:56:03.505+0000] {logging_mixin.py:190} INFO - [READ 4] ESTE WORKER -> hostname=4970a61b9d60 pid=315
[2026-06-21T21:56:03.507+0000] {logging_mixin.py:190} INFO - [READ 4] Procurando arquivo: /tmp/celery_demo/data_4.txt
[2026-06-21T21:56:03.509+0000] {logging_mixin.py:190} INFO - ======================================================================
[2026-06-21T21:56:03.510+0000] {logging_mixin.py:190} INFO - [READ 4] SUCESSO — arquivo encontrado neste worker.
[2026-06-21T21:56:03.512+0000] {logging_mixin.py:190} INFO - [READ 4] Conteúdo: Arquivo 4 escrito por: hostname=4970a61b9d60 pid=279
[2026-06-21T21:56:03.514+0000] {logging_mixin.py:190} INFO - [READ 4] (write e read caíram no MESMO worker desta vez — por isso funcionou)
[2026-06-21T21:56:03.516+0000] {python.py:240} INFO - Done. Returned value was: None
[2026-06-21T21:56:03.532+0000] {taskinstance.py:341} INFO - ::group::Post task execution logs
[2026-06-21T21:56:03.534+0000] {taskinstance.py:353} INFO - Marking task as SUCCESS. dag_id=demo_tmp_celery_bug, task_id=read_4, run_id=manual__2026-06-21T21:55:57.556411+00:00, execution_date=20260621T215557, start_date=20260621T215603, end_date=20260621T215603
[2026-06-21T21:56:03.594+0000] {local_task_job_runner.py:266} INFO - Task exited with return code 0
[2026-06-21T21:56:03.621+0000] {taskinstance.py:3901} INFO - 0 downstream tasks scheduled from follow-on schedule check
[2026-06-21T21:56:03.624+0000] {local_task_job_runner.py:245} INFO - ::endgroup::
