[2026-06-21T21:59:07.753+0000] {local_task_job_runner.py:123} INFO - ::group::Pre task execution logs
[2026-06-21T21:59:07.863+0000] {taskinstance.py:2614} INFO - Dependencies all met for dep_context=non-requeueable deps ti=<TaskInstance: demo_tmp_celery_bug.read_1 manual__2026-06-21T21:57:47.960253+00:00 [queued]>
[2026-06-21T21:59:07.911+0000] {taskinstance.py:2614} INFO - Dependencies all met for dep_context=requeueable deps ti=<TaskInstance: demo_tmp_celery_bug.read_1 manual__2026-06-21T21:57:47.960253+00:00 [queued]>
[2026-06-21T21:59:07.913+0000] {taskinstance.py:2867} INFO - Starting attempt 1 of 1
[2026-06-21T21:59:07.965+0000] {taskinstance.py:2890} INFO - Executing <Task(PythonOperator): read_1> on 2026-06-21 21:57:47.960253+00:00
[2026-06-21T21:59:07.999+0000] {standard_task_runner.py:104} INFO - Running: ['***', 'tasks', 'run', 'demo_tmp_celery_bug', 'read_1', 'manual__2026-06-21T21:57:47.960253+00:00', '--job-id', '468', '--raw', '--subdir', 'DAGS_FOLDER/demo_tmp_celery_bug.py', '--cfg-path', '/tmp/tmpx54wmk4k']
[2026-06-21T21:59:08.012+0000] {standard_task_runner.py:105} INFO - Job 468: Subtask read_1
[2026-06-21T21:59:07.999+0000] {warnings.py:112} WARNING - /home/***/.local/lib/python3.12/site-packages/***/task/task_runner/standard_task_runner.py:70: DeprecationWarning: This process (pid=865) is multi-threaded, use of fork() may lead to deadlocks in the child.
  pid = os.fork()

[2026-06-21T21:59:08.021+0000] {standard_task_runner.py:72} INFO - Started process 878 to run task
[2026-06-21T21:59:08.288+0000] {task_command.py:467} INFO - Running <TaskInstance: demo_tmp_celery_bug.read_1 manual__2026-06-21T21:57:47.960253+00:00 [running]> on host 3f8339d18026
[2026-06-21T21:59:08.669+0000] {taskinstance.py:3134} INFO - Exporting env vars: AIRFLOW_CTX_DAG_OWNER='***' AIRFLOW_CTX_DAG_ID='demo_tmp_celery_bug' AIRFLOW_CTX_TASK_ID='read_1' AIRFLOW_CTX_EXECUTION_DATE='2026-06-21T21:57:47.960253+00:00' AIRFLOW_CTX_TRY_NUMBER='1' AIRFLOW_CTX_DAG_RUN_ID='manual__2026-06-21T21:57:47.960253+00:00'
[2026-06-21T21:59:08.678+0000] {taskinstance.py:732} INFO - ::endgroup::
[2026-06-21T21:59:08.759+0000] {logging_mixin.py:190} INFO - ======================================================================
[2026-06-21T21:59:08.766+0000] {logging_mixin.py:190} INFO - [READ 1] ESTE WORKER -> hostname=3f8339d18026 pid=878
[2026-06-21T21:59:08.768+0000] {logging_mixin.py:190} INFO - [READ 1] Procurando arquivo: /tmp/celery_demo/data_1.txt
[2026-06-21T21:59:08.772+0000] {logging_mixin.py:190} INFO - ======================================================================
[2026-06-21T21:59:08.775+0000] {logging_mixin.py:190} INFO - [READ 1] SUCESSO — arquivo encontrado neste worker.
[2026-06-21T21:59:08.779+0000] {logging_mixin.py:190} INFO - [READ 1] Conteúdo: Arquivo 1 escrito por: hostname=3f8339d18026 pid=848
[2026-06-21T21:59:08.784+0000] {logging_mixin.py:190} INFO - [READ 1] (write e read caíram no MESMO worker desta vez — por isso funcionou)
[2026-06-21T21:59:08.794+0000] {python.py:240} INFO - Done. Returned value was: None
[2026-06-21T21:59:08.845+0000] {taskinstance.py:341} INFO - ::group::Post task execution logs
[2026-06-21T21:59:08.850+0000] {taskinstance.py:353} INFO - Marking task as SUCCESS. dag_id=demo_tmp_celery_bug, task_id=read_1, run_id=manual__2026-06-21T21:57:47.960253+00:00, execution_date=20260621T215747, start_date=20260621T215907, end_date=20260621T215908
[2026-06-21T21:59:09.077+0000] {local_task_job_runner.py:266} INFO - Task exited with return code 0
[2026-06-21T21:59:09.164+0000] {local_task_job_runner.py:245} INFO - ::endgroup::
