[2026-06-21T21:58:28.375+0000] {local_task_job_runner.py:123} INFO - ::group::Pre task execution logs
[2026-06-21T21:58:28.641+0000] {taskinstance.py:2614} INFO - Dependencies all met for dep_context=non-requeueable deps ti=<TaskInstance: demo_tmp_celery_bug.write_2 manual__2026-06-21T21:57:48.990793+00:00 [queued]>
[2026-06-21T21:58:28.694+0000] {taskinstance.py:2614} INFO - Dependencies all met for dep_context=requeueable deps ti=<TaskInstance: demo_tmp_celery_bug.write_2 manual__2026-06-21T21:57:48.990793+00:00 [queued]>
[2026-06-21T21:58:28.697+0000] {taskinstance.py:2867} INFO - Starting attempt 1 of 1
[2026-06-21T21:58:28.764+0000] {taskinstance.py:2890} INFO - Executing <Task(PythonOperator): write_2> on 2026-06-21 21:57:48.990793+00:00
[2026-06-21T21:58:28.817+0000] {standard_task_runner.py:104} INFO - Running: ['***', 'tasks', 'run', 'demo_tmp_celery_bug', 'write_2', 'manual__2026-06-21T21:57:48.990793+00:00', '--job-id', '361', '--raw', '--subdir', 'DAGS_FOLDER/demo_tmp_celery_bug.py', '--cfg-path', '/tmp/tmpu5q3222c']
[2026-06-21T21:58:28.806+0000] {warnings.py:112} WARNING - /home/***/.local/lib/python3.12/site-packages/***/task/task_runner/standard_task_runner.py:70: DeprecationWarning: This process (pid=664) is multi-threaded, use of fork() may lead to deadlocks in the child.
  pid = os.fork()

[2026-06-21T21:58:28.837+0000] {standard_task_runner.py:72} INFO - Started process 678 to run task
[2026-06-21T21:58:28.824+0000] {standard_task_runner.py:105} INFO - Job 361: Subtask write_2
[2026-06-21T21:58:29.237+0000] {task_command.py:467} INFO - Running <TaskInstance: demo_tmp_celery_bug.write_2 manual__2026-06-21T21:57:48.990793+00:00 [running]> on host 4970a61b9d60
[2026-06-21T21:58:31.027+0000] {taskinstance.py:3134} INFO - Exporting env vars: AIRFLOW_CTX_DAG_OWNER='***' AIRFLOW_CTX_DAG_ID='demo_tmp_celery_bug' AIRFLOW_CTX_TASK_ID='write_2' AIRFLOW_CTX_EXECUTION_DATE='2026-06-21T21:57:48.990793+00:00' AIRFLOW_CTX_TRY_NUMBER='1' AIRFLOW_CTX_DAG_RUN_ID='manual__2026-06-21T21:57:48.990793+00:00'
[2026-06-21T21:58:31.059+0000] {taskinstance.py:732} INFO - ::endgroup::
[2026-06-21T21:58:31.162+0000] {logging_mixin.py:190} INFO - ======================================================================
[2026-06-21T21:58:31.166+0000] {logging_mixin.py:190} INFO - [WRITE 2] Arquivo criado em: /tmp/celery_demo/data_2.txt
[2026-06-21T21:58:31.169+0000] {logging_mixin.py:190} INFO - [WRITE 2] ESTE WORKER -> hostname=4970a61b9d60 pid=678
[2026-06-21T21:58:31.172+0000] {logging_mixin.py:190} INFO - ======================================================================
[2026-06-21T21:58:31.176+0000] {logging_mixin.py:190} INFO - [WRITE 2] Se a read_2 cair em OUTRO worker, ela NÃO vai encontrar este arquivo.
[2026-06-21T21:58:31.183+0000] {python.py:240} INFO - Done. Returned value was: None
[2026-06-21T21:58:31.229+0000] {taskinstance.py:341} INFO - ::group::Post task execution logs
[2026-06-21T21:58:31.276+0000] {taskinstance.py:353} INFO - Marking task as SUCCESS. dag_id=demo_tmp_celery_bug, task_id=write_2, run_id=manual__2026-06-21T21:57:48.990793+00:00, execution_date=20260621T215748, start_date=20260621T215828, end_date=20260621T215831
[2026-06-21T21:58:31.978+0000] {local_task_job_runner.py:266} INFO - Task exited with return code 0
[2026-06-21T21:58:32.058+0000] {local_task_job_runner.py:245} INFO - ::endgroup::
