[2026-06-21T21:57:24.212+0000] {local_task_job_runner.py:123} INFO - ::group::Pre task execution logs
[2026-06-21T21:57:24.248+0000] {taskinstance.py:2614} INFO - Dependencies all met for dep_context=non-requeueable deps ti=<TaskInstance: demo_tmp_celery_bug.read_2 manual__2026-06-21T21:57:21.496799+00:00 [queued]>
[2026-06-21T21:57:24.264+0000] {taskinstance.py:2614} INFO - Dependencies all met for dep_context=requeueable deps ti=<TaskInstance: demo_tmp_celery_bug.read_2 manual__2026-06-21T21:57:21.496799+00:00 [queued]>
[2026-06-21T21:57:24.265+0000] {taskinstance.py:2867} INFO - Starting attempt 1 of 1
[2026-06-21T21:57:24.287+0000] {taskinstance.py:2890} INFO - Executing <Task(PythonOperator): read_2> on 2026-06-21 21:57:21.496799+00:00
[2026-06-21T21:57:24.296+0000] {warnings.py:112} WARNING - /home/***/.local/lib/python3.12/site-packages/***/task/task_runner/standard_task_runner.py:70: DeprecationWarning: This process (pid=467) is multi-threaded, use of fork() may lead to deadlocks in the child.
  pid = os.fork()

[2026-06-21T21:57:24.299+0000] {standard_task_runner.py:104} INFO - Running: ['***', 'tasks', 'run', 'demo_tmp_celery_bug', 'read_2', 'manual__2026-06-21T21:57:21.496799+00:00', '--job-id', '233', '--raw', '--subdir', 'DAGS_FOLDER/demo_tmp_celery_bug.py', '--cfg-path', '/tmp/tmp9zjb4r8v']
[2026-06-21T21:57:24.300+0000] {standard_task_runner.py:72} INFO - Started process 470 to run task
[2026-06-21T21:57:24.301+0000] {standard_task_runner.py:105} INFO - Job 233: Subtask read_2
[2026-06-21T21:57:24.393+0000] {task_command.py:467} INFO - Running <TaskInstance: demo_tmp_celery_bug.read_2 manual__2026-06-21T21:57:21.496799+00:00 [running]> on host 4970a61b9d60
[2026-06-21T21:57:24.541+0000] {taskinstance.py:3134} INFO - Exporting env vars: AIRFLOW_CTX_DAG_OWNER='***' AIRFLOW_CTX_DAG_ID='demo_tmp_celery_bug' AIRFLOW_CTX_TASK_ID='read_2' AIRFLOW_CTX_EXECUTION_DATE='2026-06-21T21:57:21.496799+00:00' AIRFLOW_CTX_TRY_NUMBER='1' AIRFLOW_CTX_DAG_RUN_ID='manual__2026-06-21T21:57:21.496799+00:00'
[2026-06-21T21:57:24.547+0000] {taskinstance.py:732} INFO - ::endgroup::
[2026-06-21T21:57:24.574+0000] {logging_mixin.py:190} INFO - ======================================================================
[2026-06-21T21:57:24.575+0000] {logging_mixin.py:190} INFO - [READ 2] ESTE WORKER -> hostname=4970a61b9d60 pid=470
[2026-06-21T21:57:24.576+0000] {logging_mixin.py:190} INFO - [READ 2] Procurando arquivo: /tmp/celery_demo/data_2.txt
[2026-06-21T21:57:24.577+0000] {logging_mixin.py:190} INFO - ======================================================================
[2026-06-21T21:57:24.579+0000] {logging_mixin.py:190} INFO - [READ 2] SUCESSO — arquivo encontrado neste worker.
[2026-06-21T21:57:24.580+0000] {logging_mixin.py:190} INFO - [READ 2] Conteúdo: Arquivo 2 escrito por: hostname=4970a61b9d60 pid=375
[2026-06-21T21:57:24.585+0000] {logging_mixin.py:190} INFO - [READ 2] (write e read caíram no MESMO worker desta vez — por isso funcionou)
[2026-06-21T21:57:24.589+0000] {python.py:240} INFO - Done. Returned value was: None
[2026-06-21T21:57:24.603+0000] {taskinstance.py:341} INFO - ::group::Post task execution logs
[2026-06-21T21:57:24.605+0000] {taskinstance.py:353} INFO - Marking task as SUCCESS. dag_id=demo_tmp_celery_bug, task_id=read_2, run_id=manual__2026-06-21T21:57:21.496799+00:00, execution_date=20260621T215721, start_date=20260621T215724, end_date=20260621T215724
[2026-06-21T21:57:24.684+0000] {local_task_job_runner.py:266} INFO - Task exited with return code 0
[2026-06-21T21:57:24.710+0000] {taskinstance.py:3901} INFO - 0 downstream tasks scheduled from follow-on schedule check
[2026-06-21T21:57:24.714+0000] {local_task_job_runner.py:245} INFO - ::endgroup::
