[2026-06-21T22:02:11.008+0000] {local_task_job_runner.py:123} INFO - ::group::Pre task execution logs
[2026-06-21T22:02:11.026+0000] {taskinstance.py:2614} INFO - Dependencies all met for dep_context=non-requeueable deps ti=<TaskInstance: public_api_pipeline.check_quality scheduled__2026-06-20T00:00:00+00:00 [queued]>
[2026-06-21T22:02:11.034+0000] {taskinstance.py:2614} INFO - Dependencies all met for dep_context=requeueable deps ti=<TaskInstance: public_api_pipeline.check_quality scheduled__2026-06-20T00:00:00+00:00 [queued]>
[2026-06-21T22:02:11.035+0000] {taskinstance.py:2867} INFO - Starting attempt 1 of 4
[2026-06-21T22:02:11.050+0000] {taskinstance.py:2890} INFO - Executing <Task(_PythonDecoratedOperator): check_quality> on 2026-06-20 00:00:00+00:00
[2026-06-21T22:02:11.056+0000] {warnings.py:112} WARNING - /home/***/.local/lib/python3.12/site-packages/***/task/task_runner/standard_task_runner.py:70: DeprecationWarning: This process (pid=283) is multi-threaded, use of fork() may lead to deadlocks in the child.
  pid = os.fork()

[2026-06-21T22:02:11.057+0000] {standard_task_runner.py:104} INFO - Running: ['***', 'tasks', 'run', 'public_api_pipeline', 'check_quality', 'scheduled__2026-06-20T00:00:00+00:00', '--job-id', '611', '--raw', '--subdir', 'DAGS_FOLDER/public_api_pipeline.py', '--cfg-path', '/tmp/tmpoce4f5u5']
[2026-06-21T22:02:11.058+0000] {standard_task_runner.py:72} INFO - Started process 284 to run task
[2026-06-21T22:02:11.059+0000] {standard_task_runner.py:105} INFO - Job 611: Subtask check_quality
[2026-06-21T22:02:11.117+0000] {task_command.py:467} INFO - Running <TaskInstance: public_api_pipeline.check_quality scheduled__2026-06-20T00:00:00+00:00 [running]> on host 4970a61b9d60
[2026-06-21T22:02:11.193+0000] {taskinstance.py:3134} INFO - Exporting env vars: AIRFLOW_CTX_DAG_OWNER='vinicius' AIRFLOW_CTX_DAG_ID='public_api_pipeline' AIRFLOW_CTX_TASK_ID='check_quality' AIRFLOW_CTX_EXECUTION_DATE='2026-06-20T00:00:00+00:00' AIRFLOW_CTX_TRY_NUMBER='1' AIRFLOW_CTX_DAG_RUN_ID='scheduled__2026-06-20T00:00:00+00:00'
[2026-06-21T22:02:11.195+0000] {taskinstance.py:732} INFO - ::endgroup::
[2026-06-21T22:02:11.198+0000] {logging_mixin.py:190} INFO - [check_quality] OK - dados passaram nas validacoes
[2026-06-21T22:02:11.199+0000] {python.py:240} INFO - Done. Returned value was: {'city': 'São Paulo', 'country': 'Brasil', 'unit': '°C', 'count': 24, 'min': 11.4, 'min_at': '2026-06-21T07:00', 'max': 20.3, 'max_at': '2026-06-21T15:00', 'avg': 15.41, 'quality': 'ok'}
[2026-06-21T22:02:11.229+0000] {taskinstance.py:341} INFO - ::group::Post task execution logs
[2026-06-21T22:02:11.231+0000] {taskinstance.py:353} INFO - Marking task as SUCCESS. dag_id=public_api_pipeline, task_id=check_quality, run_id=scheduled__2026-06-20T00:00:00+00:00, execution_date=20260620T000000, start_date=20260621T220211, end_date=20260621T220211
[2026-06-21T22:02:11.274+0000] {local_task_job_runner.py:266} INFO - Task exited with return code 0
[2026-06-21T22:02:11.292+0000] {taskinstance.py:3901} INFO - 1 downstream tasks scheduled from follow-on schedule check
[2026-06-21T22:02:11.294+0000] {local_task_job_runner.py:245} INFO - ::endgroup::
