[2026-06-21T21:57:28.309+0000] {local_task_job_runner.py:123} INFO - ::group::Pre task execution logs
[2026-06-21T21:57:28.337+0000] {taskinstance.py:2614} INFO - Dependencies all met for dep_context=non-requeueable deps ti=<TaskInstance: demo_tmp_celery_bug.write_3 manual__2026-06-21T21:57:26.701171+00:00 [queued]>
[2026-06-21T21:57:28.351+0000] {taskinstance.py:2614} INFO - Dependencies all met for dep_context=requeueable deps ti=<TaskInstance: demo_tmp_celery_bug.write_3 manual__2026-06-21T21:57:26.701171+00:00 [queued]>
[2026-06-21T21:57:28.352+0000] {taskinstance.py:2867} INFO - Starting attempt 1 of 1
[2026-06-21T21:57:28.377+0000] {taskinstance.py:2890} INFO - Executing <Task(PythonOperator): write_3> on 2026-06-21 21:57:26.701171+00:00
[2026-06-21T21:57:28.388+0000] {warnings.py:112} WARNING - /home/***/.local/lib/python3.12/site-packages/***/task/task_runner/standard_task_runner.py:70: DeprecationWarning: This process (pid=483) is multi-threaded, use of fork() may lead to deadlocks in the child.
  pid = os.fork()

[2026-06-21T21:57:28.393+0000] {standard_task_runner.py:72} INFO - Started process 486 to run task
[2026-06-21T21:57:28.392+0000] {standard_task_runner.py:104} INFO - Running: ['***', 'tasks', 'run', 'demo_tmp_celery_bug', 'write_3', 'manual__2026-06-21T21:57:26.701171+00:00', '--job-id', '240', '--raw', '--subdir', 'DAGS_FOLDER/demo_tmp_celery_bug.py', '--cfg-path', '/tmp/tmp3kh67mc3']
[2026-06-21T21:57:28.399+0000] {standard_task_runner.py:105} INFO - Job 240: Subtask write_3
[2026-06-21T21:57:28.498+0000] {task_command.py:467} INFO - Running <TaskInstance: demo_tmp_celery_bug.write_3 manual__2026-06-21T21:57:26.701171+00:00 [running]> on host 4970a61b9d60
[2026-06-21T21:57:28.696+0000] {taskinstance.py:3134} INFO - Exporting env vars: AIRFLOW_CTX_DAG_OWNER='***' AIRFLOW_CTX_DAG_ID='demo_tmp_celery_bug' AIRFLOW_CTX_TASK_ID='write_3' AIRFLOW_CTX_EXECUTION_DATE='2026-06-21T21:57:26.701171+00:00' AIRFLOW_CTX_TRY_NUMBER='1' AIRFLOW_CTX_DAG_RUN_ID='manual__2026-06-21T21:57:26.701171+00:00'
[2026-06-21T21:57:28.704+0000] {taskinstance.py:732} INFO - ::endgroup::
[2026-06-21T21:57:28.744+0000] {logging_mixin.py:190} INFO - ======================================================================
[2026-06-21T21:57:28.745+0000] {logging_mixin.py:190} INFO - [WRITE 3] Arquivo criado em: /tmp/celery_demo/data_3.txt
[2026-06-21T21:57:28.747+0000] {logging_mixin.py:190} INFO - [WRITE 3] ESTE WORKER -> hostname=4970a61b9d60 pid=486
[2026-06-21T21:57:28.748+0000] {logging_mixin.py:190} INFO - ======================================================================
[2026-06-21T21:57:28.750+0000] {logging_mixin.py:190} INFO - [WRITE 3] Se a read_3 cair em OUTRO worker, ela NÃO vai encontrar este arquivo.
[2026-06-21T21:57:28.751+0000] {python.py:240} INFO - Done. Returned value was: None
[2026-06-21T21:57:28.775+0000] {taskinstance.py:341} INFO - ::group::Post task execution logs
[2026-06-21T21:57:28.778+0000] {taskinstance.py:353} INFO - Marking task as SUCCESS. dag_id=demo_tmp_celery_bug, task_id=write_3, run_id=manual__2026-06-21T21:57:26.701171+00:00, execution_date=20260621T215726, start_date=20260621T215728, end_date=20260621T215728
[2026-06-21T21:57:28.861+0000] {local_task_job_runner.py:266} INFO - Task exited with return code 0
[2026-06-21T21:57:28.947+0000] {taskinstance.py:3901} INFO - 0 downstream tasks scheduled from follow-on schedule check
[2026-06-21T21:57:28.952+0000] {local_task_job_runner.py:245} INFO - ::endgroup::
