[2026-06-21T22:00:21.762+0000] {local_task_job_runner.py:123} INFO - ::group::Pre task execution logs
[2026-06-21T22:00:21.805+0000] {taskinstance.py:2614} INFO - Dependencies all met for dep_context=non-requeueable deps ti=<TaskInstance: demo_tmp_celery_bug.read_1 manual__2026-06-21T21:57:49.411671+00:00 [queued]>
[2026-06-21T22:00:21.823+0000] {taskinstance.py:2614} INFO - Dependencies all met for dep_context=requeueable deps ti=<TaskInstance: demo_tmp_celery_bug.read_1 manual__2026-06-21T21:57:49.411671+00:00 [queued]>
[2026-06-21T22:00:21.826+0000] {taskinstance.py:2867} INFO - Starting attempt 1 of 1
[2026-06-21T22:00:21.849+0000] {taskinstance.py:2890} INFO - Executing <Task(PythonOperator): read_1> on 2026-06-21 21:57:49.411671+00:00
[2026-06-21T22:00:21.862+0000] {warnings.py:112} WARNING - /home/***/.local/lib/python3.12/site-packages/***/task/task_runner/standard_task_runner.py:70: DeprecationWarning: This process (pid=146) is multi-threaded, use of fork() may lead to deadlocks in the child.
  pid = os.fork()

[2026-06-21T22:00:21.866+0000] {standard_task_runner.py:72} INFO - Started process 151 to run task
[2026-06-21T22:00:21.869+0000] {standard_task_runner.py:104} INFO - Running: ['***', 'tasks', 'run', 'demo_tmp_celery_bug', 'read_1', 'manual__2026-06-21T21:57:49.411671+00:00', '--job-id', '552', '--raw', '--subdir', 'DAGS_FOLDER/demo_tmp_celery_bug.py', '--cfg-path', '/tmp/tmp3t3kwnpk']
[2026-06-21T22:00:21.872+0000] {standard_task_runner.py:105} INFO - Job 552: Subtask read_1
[2026-06-21T22:00:21.982+0000] {task_command.py:467} INFO - Running <TaskInstance: demo_tmp_celery_bug.read_1 manual__2026-06-21T21:57:49.411671+00:00 [running]> on host 3f8339d18026
[2026-06-21T22:00:22.156+0000] {taskinstance.py:3134} INFO - Exporting env vars: AIRFLOW_CTX_DAG_OWNER='***' AIRFLOW_CTX_DAG_ID='demo_tmp_celery_bug' AIRFLOW_CTX_TASK_ID='read_1' AIRFLOW_CTX_EXECUTION_DATE='2026-06-21T21:57:49.411671+00:00' AIRFLOW_CTX_TRY_NUMBER='1' AIRFLOW_CTX_DAG_RUN_ID='manual__2026-06-21T21:57:49.411671+00:00'
[2026-06-21T22:00:22.160+0000] {taskinstance.py:732} INFO - ::endgroup::
[2026-06-21T22:00:22.200+0000] {logging_mixin.py:190} INFO - ======================================================================
[2026-06-21T22:00:22.202+0000] {logging_mixin.py:190} INFO - [READ 1] ESTE WORKER -> hostname=3f8339d18026 pid=151
[2026-06-21T22:00:22.204+0000] {logging_mixin.py:190} INFO - [READ 1] Procurando arquivo: /tmp/celery_demo/data_1.txt
[2026-06-21T22:00:22.206+0000] {logging_mixin.py:190} INFO - ======================================================================
[2026-06-21T22:00:22.208+0000] {logging_mixin.py:190} INFO - [READ 1] SUCESSO — arquivo encontrado neste worker.
[2026-06-21T22:00:22.210+0000] {logging_mixin.py:190} INFO - [READ 1] Conteúdo: Arquivo 1 escrito por: hostname=3f8339d18026 pid=890
[2026-06-21T22:00:22.211+0000] {logging_mixin.py:190} INFO - [READ 1] (write e read caíram no MESMO worker desta vez — por isso funcionou)
[2026-06-21T22:00:22.213+0000] {python.py:240} INFO - Done. Returned value was: None
[2026-06-21T22:00:22.238+0000] {taskinstance.py:341} INFO - ::group::Post task execution logs
[2026-06-21T22:00:22.240+0000] {taskinstance.py:353} INFO - Marking task as SUCCESS. dag_id=demo_tmp_celery_bug, task_id=read_1, run_id=manual__2026-06-21T21:57:49.411671+00:00, execution_date=20260621T215749, start_date=20260621T220021, end_date=20260621T220022
[2026-06-21T22:00:22.291+0000] {local_task_job_runner.py:266} INFO - Task exited with return code 0
[2026-06-21T22:00:22.322+0000] {taskinstance.py:3901} INFO - 0 downstream tasks scheduled from follow-on schedule check
[2026-06-21T22:00:22.326+0000] {local_task_job_runner.py:245} INFO - ::endgroup::
