[2026-06-21T21:57:43.091+0000] {local_task_job_runner.py:123} INFO - ::group::Pre task execution logs
[2026-06-21T21:57:43.144+0000] {taskinstance.py:2614} INFO - Dependencies all met for dep_context=non-requeueable deps ti=<TaskInstance: demo_tmp_celery_bug.write_0 manual__2026-06-21T21:57:41.492403+00:00 [queued]>
[2026-06-21T21:57:43.172+0000] {taskinstance.py:2614} INFO - Dependencies all met for dep_context=requeueable deps ti=<TaskInstance: demo_tmp_celery_bug.write_0 manual__2026-06-21T21:57:41.492403+00:00 [queued]>
[2026-06-21T21:57:43.175+0000] {taskinstance.py:2867} INFO - Starting attempt 1 of 1
[2026-06-21T21:57:43.213+0000] {taskinstance.py:2890} INFO - Executing <Task(PythonOperator): write_0> on 2026-06-21 21:57:41.492403+00:00
[2026-06-21T21:57:43.233+0000] {standard_task_runner.py:104} INFO - Running: ['***', 'tasks', 'run', 'demo_tmp_celery_bug', 'write_0', 'manual__2026-06-21T21:57:41.492403+00:00', '--job-id', '256', '--raw', '--subdir', 'DAGS_FOLDER/demo_tmp_celery_bug.py', '--cfg-path', '/tmp/tmp46nyeko_']
[2026-06-21T21:57:43.231+0000] {warnings.py:112} WARNING - /home/***/.local/lib/python3.12/site-packages/***/task/task_runner/standard_task_runner.py:70: DeprecationWarning: This process (pid=539) is multi-threaded, use of fork() may lead to deadlocks in the child.
  pid = os.fork()

[2026-06-21T21:57:43.236+0000] {standard_task_runner.py:105} INFO - Job 256: Subtask write_0
[2026-06-21T21:57:43.238+0000] {standard_task_runner.py:72} INFO - Started process 544 to run task
[2026-06-21T21:57:43.475+0000] {task_command.py:467} INFO - Running <TaskInstance: demo_tmp_celery_bug.write_0 manual__2026-06-21T21:57:41.492403+00:00 [running]> on host 3f8339d18026
[2026-06-21T21:57:43.803+0000] {taskinstance.py:3134} INFO - Exporting env vars: AIRFLOW_CTX_DAG_OWNER='***' AIRFLOW_CTX_DAG_ID='demo_tmp_celery_bug' AIRFLOW_CTX_TASK_ID='write_0' AIRFLOW_CTX_EXECUTION_DATE='2026-06-21T21:57:41.492403+00:00' AIRFLOW_CTX_TRY_NUMBER='1' AIRFLOW_CTX_DAG_RUN_ID='manual__2026-06-21T21:57:41.492403+00:00'
[2026-06-21T21:57:43.826+0000] {taskinstance.py:732} INFO - ::endgroup::
[2026-06-21T21:57:43.911+0000] {logging_mixin.py:190} INFO - ======================================================================
[2026-06-21T21:57:43.917+0000] {logging_mixin.py:190} INFO - [WRITE 0] Arquivo criado em: /tmp/celery_demo/data_0.txt
[2026-06-21T21:57:43.921+0000] {logging_mixin.py:190} INFO - [WRITE 0] ESTE WORKER -> hostname=3f8339d18026 pid=544
[2026-06-21T21:57:43.924+0000] {logging_mixin.py:190} INFO - ======================================================================
[2026-06-21T21:57:43.928+0000] {logging_mixin.py:190} INFO - [WRITE 0] Se a read_0 cair em OUTRO worker, ela NÃO vai encontrar este arquivo.
[2026-06-21T21:57:43.935+0000] {python.py:240} INFO - Done. Returned value was: None
[2026-06-21T21:57:43.983+0000] {taskinstance.py:341} INFO - ::group::Post task execution logs
[2026-06-21T21:57:43.991+0000] {taskinstance.py:353} INFO - Marking task as SUCCESS. dag_id=demo_tmp_celery_bug, task_id=write_0, run_id=manual__2026-06-21T21:57:41.492403+00:00, execution_date=20260621T215741, start_date=20260621T215743, end_date=20260621T215743
[2026-06-21T21:57:44.166+0000] {local_task_job_runner.py:266} INFO - Task exited with return code 0
[2026-06-21T21:57:44.199+0000] {local_task_job_runner.py:245} INFO - ::endgroup::
