[2026-06-21T21:57:28.309+0000] {local_task_job_runner.py:123} INFO - ::group::Pre task execution logs
[2026-06-21T21:57:28.341+0000] {taskinstance.py:2614} INFO - Dependencies all met for dep_context=non-requeueable deps ti=<TaskInstance: demo_tmp_celery_bug.write_5 manual__2026-06-21T21:57:26.701171+00:00 [queued]>
[2026-06-21T21:57:28.356+0000] {taskinstance.py:2614} INFO - Dependencies all met for dep_context=requeueable deps ti=<TaskInstance: demo_tmp_celery_bug.write_5 manual__2026-06-21T21:57:26.701171+00:00 [queued]>
[2026-06-21T21:57:28.358+0000] {taskinstance.py:2867} INFO - Starting attempt 1 of 1
[2026-06-21T21:57:28.383+0000] {taskinstance.py:2890} INFO - Executing <Task(PythonOperator): write_5> on 2026-06-21 21:57:26.701171+00:00
[2026-06-21T21:57:28.396+0000] {warnings.py:112} WARNING - /home/***/.local/lib/python3.12/site-packages/***/task/task_runner/standard_task_runner.py:70: DeprecationWarning: This process (pid=508) is multi-threaded, use of fork() may lead to deadlocks in the child.
  pid = os.fork()

[2026-06-21T21:57:28.398+0000] {standard_task_runner.py:104} INFO - Running: ['***', 'tasks', 'run', 'demo_tmp_celery_bug', 'write_5', 'manual__2026-06-21T21:57:26.701171+00:00', '--job-id', '241', '--raw', '--subdir', 'DAGS_FOLDER/demo_tmp_celery_bug.py', '--cfg-path', '/tmp/tmpl1_s34_n']
[2026-06-21T21:57:28.401+0000] {standard_task_runner.py:72} INFO - Started process 513 to run task
[2026-06-21T21:57:28.401+0000] {standard_task_runner.py:105} INFO - Job 241: Subtask write_5
[2026-06-21T21:57:28.508+0000] {task_command.py:467} INFO - Running <TaskInstance: demo_tmp_celery_bug.write_5 manual__2026-06-21T21:57:26.701171+00:00 [running]> on host 3f8339d18026
[2026-06-21T21:57:28.737+0000] {taskinstance.py:3134} INFO - Exporting env vars: AIRFLOW_CTX_DAG_OWNER='***' AIRFLOW_CTX_DAG_ID='demo_tmp_celery_bug' AIRFLOW_CTX_TASK_ID='write_5' AIRFLOW_CTX_EXECUTION_DATE='2026-06-21T21:57:26.701171+00:00' AIRFLOW_CTX_TRY_NUMBER='1' AIRFLOW_CTX_DAG_RUN_ID='manual__2026-06-21T21:57:26.701171+00:00'
[2026-06-21T21:57:28.742+0000] {taskinstance.py:732} INFO - ::endgroup::
[2026-06-21T21:57:28.788+0000] {logging_mixin.py:190} INFO - ======================================================================
[2026-06-21T21:57:28.791+0000] {logging_mixin.py:190} INFO - [WRITE 5] Arquivo criado em: /tmp/celery_demo/data_5.txt
[2026-06-21T21:57:28.792+0000] {logging_mixin.py:190} INFO - [WRITE 5] ESTE WORKER -> hostname=3f8339d18026 pid=513
[2026-06-21T21:57:28.794+0000] {logging_mixin.py:190} INFO - ======================================================================
[2026-06-21T21:57:28.801+0000] {logging_mixin.py:190} INFO - [WRITE 5] Se a read_5 cair em OUTRO worker, ela NÃO vai encontrar este arquivo.
[2026-06-21T21:57:28.804+0000] {python.py:240} INFO - Done. Returned value was: None
[2026-06-21T21:57:28.830+0000] {taskinstance.py:341} INFO - ::group::Post task execution logs
[2026-06-21T21:57:28.831+0000] {taskinstance.py:353} INFO - Marking task as SUCCESS. dag_id=demo_tmp_celery_bug, task_id=write_5, run_id=manual__2026-06-21T21:57:26.701171+00:00, execution_date=20260621T215726, start_date=20260621T215728, end_date=20260621T215728
[2026-06-21T21:57:29.037+0000] {local_task_job_runner.py:266} INFO - Task exited with return code 0
[2026-06-21T21:57:29.061+0000] {local_task_job_runner.py:245} INFO - ::endgroup::
