[2026-06-21T21:56:01.363+0000] {local_task_job_runner.py:123} INFO - ::group::Pre task execution logs
[2026-06-21T21:56:01.397+0000] {taskinstance.py:2614} INFO - Dependencies all met for dep_context=non-requeueable deps ti=<TaskInstance: demo_tmp_celery_bug.read_7 manual__2026-06-21T21:55:55.233945+00:00 [queued]>
[2026-06-21T21:56:01.423+0000] {taskinstance.py:2614} INFO - Dependencies all met for dep_context=requeueable deps ti=<TaskInstance: demo_tmp_celery_bug.read_7 manual__2026-06-21T21:55:55.233945+00:00 [queued]>
[2026-06-21T21:56:01.425+0000] {taskinstance.py:2867} INFO - Starting attempt 1 of 1
[2026-06-21T21:56:01.447+0000] {taskinstance.py:2890} INFO - Executing <Task(PythonOperator): read_7> on 2026-06-21 21:55:55.233945+00:00
[2026-06-21T21:56:01.460+0000] {warnings.py:112} WARNING - /home/***/.local/lib/python3.12/site-packages/***/task/task_runner/standard_task_runner.py:70: DeprecationWarning: This process (pid=288) is multi-threaded, use of fork() may lead to deadlocks in the child.
  pid = os.fork()

[2026-06-21T21:56:01.466+0000] {standard_task_runner.py:72} INFO - Started process 301 to run task
[2026-06-21T21:56:01.469+0000] {standard_task_runner.py:104} INFO - Running: ['***', 'tasks', 'run', 'demo_tmp_celery_bug', 'read_7', 'manual__2026-06-21T21:55:55.233945+00:00', '--job-id', '126', '--raw', '--subdir', 'DAGS_FOLDER/demo_tmp_celery_bug.py', '--cfg-path', '/tmp/tmpfqm387st']
[2026-06-21T21:56:01.475+0000] {standard_task_runner.py:105} INFO - Job 126: Subtask read_7
[2026-06-21T21:56:01.639+0000] {task_command.py:467} INFO - Running <TaskInstance: demo_tmp_celery_bug.read_7 manual__2026-06-21T21:55:55.233945+00:00 [running]> on host 4970a61b9d60
[2026-06-21T21:56:01.945+0000] {taskinstance.py:3134} INFO - Exporting env vars: AIRFLOW_CTX_DAG_OWNER='***' AIRFLOW_CTX_DAG_ID='demo_tmp_celery_bug' AIRFLOW_CTX_TASK_ID='read_7' AIRFLOW_CTX_EXECUTION_DATE='2026-06-21T21:55:55.233945+00:00' AIRFLOW_CTX_TRY_NUMBER='1' AIRFLOW_CTX_DAG_RUN_ID='manual__2026-06-21T21:55:55.233945+00:00'
[2026-06-21T21:56:01.961+0000] {taskinstance.py:732} INFO - ::endgroup::
[2026-06-21T21:56:02.017+0000] {logging_mixin.py:190} INFO - ======================================================================
[2026-06-21T21:56:02.018+0000] {logging_mixin.py:190} INFO - [READ 7] ESTE WORKER -> hostname=4970a61b9d60 pid=301
[2026-06-21T21:56:02.026+0000] {logging_mixin.py:190} INFO - [READ 7] Procurando arquivo: /tmp/celery_demo/data_7.txt
[2026-06-21T21:56:02.029+0000] {logging_mixin.py:190} INFO - ======================================================================
[2026-06-21T21:56:02.031+0000] {logging_mixin.py:190} INFO - [READ 7] SUCESSO — arquivo encontrado neste worker.
[2026-06-21T21:56:02.033+0000] {logging_mixin.py:190} INFO - [READ 7] Conteúdo: Arquivo 7 escrito por: hostname=4970a61b9d60 pid=255
[2026-06-21T21:56:02.050+0000] {logging_mixin.py:190} INFO - [READ 7] (write e read caíram no MESMO worker desta vez — por isso funcionou)
[2026-06-21T21:56:02.059+0000] {python.py:240} INFO - Done. Returned value was: None
[2026-06-21T21:56:02.090+0000] {taskinstance.py:341} INFO - ::group::Post task execution logs
[2026-06-21T21:56:02.093+0000] {taskinstance.py:353} INFO - Marking task as SUCCESS. dag_id=demo_tmp_celery_bug, task_id=read_7, run_id=manual__2026-06-21T21:55:55.233945+00:00, execution_date=20260621T215555, start_date=20260621T215601, end_date=20260621T215602
[2026-06-21T21:56:02.215+0000] {local_task_job_runner.py:266} INFO - Task exited with return code 0
[2026-06-21T21:56:02.262+0000] {taskinstance.py:3901} INFO - 0 downstream tasks scheduled from follow-on schedule check
[2026-06-21T21:56:02.270+0000] {local_task_job_runner.py:245} INFO - ::endgroup::
