[2026-06-21T22:00:21.729+0000] {local_task_job_runner.py:123} INFO - ::group::Pre task execution logs
[2026-06-21T22:00:21.772+0000] {taskinstance.py:2614} INFO - Dependencies all met for dep_context=non-requeueable deps ti=<TaskInstance: demo_tmp_celery_bug.read_0 manual__2026-06-21T21:57:49.610716+00:00 [queued]>
[2026-06-21T22:00:21.791+0000] {taskinstance.py:2614} INFO - Dependencies all met for dep_context=requeueable deps ti=<TaskInstance: demo_tmp_celery_bug.read_0 manual__2026-06-21T21:57:49.610716+00:00 [queued]>
[2026-06-21T22:00:21.793+0000] {taskinstance.py:2867} INFO - Starting attempt 1 of 1
[2026-06-21T22:00:21.814+0000] {taskinstance.py:2890} INFO - Executing <Task(PythonOperator): read_0> on 2026-06-21 21:57:49.610716+00:00
[2026-06-21T22:00:21.828+0000] {standard_task_runner.py:104} INFO - Running: ['***', 'tasks', 'run', 'demo_tmp_celery_bug', 'read_0', 'manual__2026-06-21T21:57:49.610716+00:00', '--job-id', '548', '--raw', '--subdir', 'DAGS_FOLDER/demo_tmp_celery_bug.py', '--cfg-path', '/tmp/tmpa3yybsir']
[2026-06-21T22:00:21.826+0000] {warnings.py:112} WARNING - /home/***/.local/lib/python3.12/site-packages/***/task/task_runner/standard_task_runner.py:70: DeprecationWarning: This process (pid=170) is multi-threaded, use of fork() may lead to deadlocks in the child.
  pid = os.fork()

[2026-06-21T22:00:21.831+0000] {standard_task_runner.py:105} INFO - Job 548: Subtask read_0
[2026-06-21T22:00:21.832+0000] {standard_task_runner.py:72} INFO - Started process 173 to run task
[2026-06-21T22:00:21.938+0000] {task_command.py:467} INFO - Running <TaskInstance: demo_tmp_celery_bug.read_0 manual__2026-06-21T21:57:49.610716+00:00 [running]> on host 4970a61b9d60
[2026-06-21T22:00:22.115+0000] {taskinstance.py:3134} INFO - Exporting env vars: AIRFLOW_CTX_DAG_OWNER='***' AIRFLOW_CTX_DAG_ID='demo_tmp_celery_bug' AIRFLOW_CTX_TASK_ID='read_0' AIRFLOW_CTX_EXECUTION_DATE='2026-06-21T21:57:49.610716+00:00' AIRFLOW_CTX_TRY_NUMBER='1' AIRFLOW_CTX_DAG_RUN_ID='manual__2026-06-21T21:57:49.610716+00:00'
[2026-06-21T22:00:22.118+0000] {taskinstance.py:732} INFO - ::endgroup::
[2026-06-21T22:00:22.149+0000] {logging_mixin.py:190} INFO - ======================================================================
[2026-06-21T22:00:22.152+0000] {logging_mixin.py:190} INFO - [READ 0] ESTE WORKER -> hostname=4970a61b9d60 pid=173
[2026-06-21T22:00:22.153+0000] {logging_mixin.py:190} INFO - [READ 0] Procurando arquivo: /tmp/celery_demo/data_0.txt
[2026-06-21T22:00:22.155+0000] {logging_mixin.py:190} INFO - ======================================================================
[2026-06-21T22:00:22.156+0000] {logging_mixin.py:190} INFO - [READ 0] SUCESSO — arquivo encontrado neste worker.
[2026-06-21T22:00:22.157+0000] {logging_mixin.py:190} INFO - [READ 0] Conteúdo: Arquivo 0 escrito por: hostname=4970a61b9d60 pid=807
[2026-06-21T22:00:22.159+0000] {logging_mixin.py:190} INFO - [READ 0] (write e read caíram no MESMO worker desta vez — por isso funcionou)
[2026-06-21T22:00:22.161+0000] {python.py:240} INFO - Done. Returned value was: None
[2026-06-21T22:00:22.182+0000] {taskinstance.py:341} INFO - ::group::Post task execution logs
[2026-06-21T22:00:22.184+0000] {taskinstance.py:353} INFO - Marking task as SUCCESS. dag_id=demo_tmp_celery_bug, task_id=read_0, run_id=manual__2026-06-21T21:57:49.610716+00:00, execution_date=20260621T215749, start_date=20260621T220021, end_date=20260621T220022
[2026-06-21T22:00:22.253+0000] {local_task_job_runner.py:266} INFO - Task exited with return code 0
[2026-06-21T22:00:22.283+0000] {taskinstance.py:3901} INFO - 0 downstream tasks scheduled from follow-on schedule check
[2026-06-21T22:00:22.287+0000] {local_task_job_runner.py:245} INFO - ::endgroup::
