[2026-06-21T22:02:09.925+0000] {local_task_job_runner.py:123} INFO - ::group::Pre task execution logs
[2026-06-21T22:02:09.945+0000] {taskinstance.py:2614} INFO - Dependencies all met for dep_context=non-requeueable deps ti=<TaskInstance: public_api_pipeline.transform_forecast scheduled__2026-06-20T00:00:00+00:00 [queued]>
[2026-06-21T22:02:09.955+0000] {taskinstance.py:2614} INFO - Dependencies all met for dep_context=requeueable deps ti=<TaskInstance: public_api_pipeline.transform_forecast scheduled__2026-06-20T00:00:00+00:00 [queued]>
[2026-06-21T22:02:09.957+0000] {taskinstance.py:2867} INFO - Starting attempt 1 of 4
[2026-06-21T22:02:09.970+0000] {taskinstance.py:2890} INFO - Executing <Task(_PythonDecoratedOperator): transform_forecast> on 2026-06-20 00:00:00+00:00
[2026-06-21T22:02:09.977+0000] {warnings.py:112} WARNING - /home/***/.local/lib/python3.12/site-packages/***/task/task_runner/standard_task_runner.py:70: DeprecationWarning: This process (pid=258) is multi-threaded, use of fork() may lead to deadlocks in the child.
  pid = os.fork()

[2026-06-21T22:02:09.978+0000] {standard_task_runner.py:104} INFO - Running: ['***', 'tasks', 'run', 'public_api_pipeline', 'transform_forecast', 'scheduled__2026-06-20T00:00:00+00:00', '--job-id', '609', '--raw', '--subdir', 'DAGS_FOLDER/public_api_pipeline.py', '--cfg-path', '/tmp/tmp_s_2u0z2']
[2026-06-21T22:02:09.979+0000] {standard_task_runner.py:72} INFO - Started process 259 to run task
[2026-06-21T22:02:09.980+0000] {standard_task_runner.py:105} INFO - Job 609: Subtask transform_forecast
[2026-06-21T22:02:10.037+0000] {task_command.py:467} INFO - Running <TaskInstance: public_api_pipeline.transform_forecast scheduled__2026-06-20T00:00:00+00:00 [running]> on host 3f8339d18026
[2026-06-21T22:02:10.110+0000] {taskinstance.py:3134} INFO - Exporting env vars: AIRFLOW_CTX_DAG_OWNER='vinicius' AIRFLOW_CTX_DAG_ID='public_api_pipeline' AIRFLOW_CTX_TASK_ID='transform_forecast' AIRFLOW_CTX_EXECUTION_DATE='2026-06-20T00:00:00+00:00' AIRFLOW_CTX_TRY_NUMBER='1' AIRFLOW_CTX_DAG_RUN_ID='scheduled__2026-06-20T00:00:00+00:00'
[2026-06-21T22:02:10.111+0000] {taskinstance.py:732} INFO - ::endgroup::
[2026-06-21T22:02:10.115+0000] {logging_mixin.py:190} INFO - [transform_forecast] {'city': 'São Paulo', 'country': 'Brasil', 'unit': '°C', 'count': 24, 'min': 11.4, 'min_at': '2026-06-21T07:00', 'max': 20.3, 'max_at': '2026-06-21T15:00', 'avg': 15.41}
[2026-06-21T22:02:10.116+0000] {python.py:240} INFO - Done. Returned value was: {'city': 'São Paulo', 'country': 'Brasil', 'unit': '°C', 'count': 24, 'min': 11.4, 'min_at': '2026-06-21T07:00', 'max': 20.3, 'max_at': '2026-06-21T15:00', 'avg': 15.41}
[2026-06-21T22:02:10.147+0000] {taskinstance.py:341} INFO - ::group::Post task execution logs
[2026-06-21T22:02:10.148+0000] {taskinstance.py:353} INFO - Marking task as SUCCESS. dag_id=public_api_pipeline, task_id=transform_forecast, run_id=scheduled__2026-06-20T00:00:00+00:00, execution_date=20260620T000000, start_date=20260621T220209, end_date=20260621T220210
[2026-06-21T22:02:10.196+0000] {local_task_job_runner.py:266} INFO - Task exited with return code 0
[2026-06-21T22:02:10.218+0000] {taskinstance.py:3901} INFO - 1 downstream tasks scheduled from follow-on schedule check
[2026-06-21T22:02:10.220+0000] {local_task_job_runner.py:245} INFO - ::endgroup::
