[2026-06-21T22:01:49.788+0000] {local_task_job_runner.py:123} INFO - ::group::Pre task execution logs
[2026-06-21T22:01:49.870+0000] {taskinstance.py:2614} INFO - Dependencies all met for dep_context=non-requeueable deps ti=<TaskInstance: demo_tmp_celery_bug.read_0 manual__2026-06-21T22:01:45.763339+00:00 [queued]>
[2026-06-21T22:01:49.901+0000] {taskinstance.py:2614} INFO - Dependencies all met for dep_context=requeueable deps ti=<TaskInstance: demo_tmp_celery_bug.read_0 manual__2026-06-21T22:01:45.763339+00:00 [queued]>
[2026-06-21T22:01:49.906+0000] {taskinstance.py:2867} INFO - Starting attempt 1 of 1
[2026-06-21T22:01:49.971+0000] {taskinstance.py:2890} INFO - Executing <Task(PythonOperator): read_0> on 2026-06-21 22:01:45.763339+00:00
[2026-06-21T22:01:49.990+0000] {warnings.py:112} WARNING - /home/***/.local/lib/python3.12/site-packages/***/task/task_runner/standard_task_runner.py:70: DeprecationWarning: This process (pid=265) is multi-threaded, use of fork() may lead to deadlocks in the child.
  pid = os.fork()

[2026-06-21T22:01:49.994+0000] {standard_task_runner.py:104} INFO - Running: ['***', 'tasks', 'run', 'demo_tmp_celery_bug', 'read_0', 'manual__2026-06-21T22:01:45.763339+00:00', '--job-id', '600', '--raw', '--subdir', 'DAGS_FOLDER/demo_tmp_celery_bug.py', '--cfg-path', '/tmp/tmpv623e15w']
[2026-06-21T22:01:49.997+0000] {standard_task_runner.py:72} INFO - Started process 270 to run task
[2026-06-21T22:01:50.002+0000] {standard_task_runner.py:105} INFO - Job 600: Subtask read_0
[2026-06-21T22:01:50.196+0000] {task_command.py:467} INFO - Running <TaskInstance: demo_tmp_celery_bug.read_0 manual__2026-06-21T22:01:45.763339+00:00 [running]> on host 4970a61b9d60
[2026-06-21T22:01:50.503+0000] {taskinstance.py:3134} INFO - Exporting env vars: AIRFLOW_CTX_DAG_OWNER='***' AIRFLOW_CTX_DAG_ID='demo_tmp_celery_bug' AIRFLOW_CTX_TASK_ID='read_0' AIRFLOW_CTX_EXECUTION_DATE='2026-06-21T22:01:45.763339+00:00' AIRFLOW_CTX_TRY_NUMBER='1' AIRFLOW_CTX_DAG_RUN_ID='manual__2026-06-21T22:01:45.763339+00:00'
[2026-06-21T22:01:50.508+0000] {taskinstance.py:732} INFO - ::endgroup::
[2026-06-21T22:01:50.562+0000] {logging_mixin.py:190} INFO - ======================================================================
[2026-06-21T22:01:50.569+0000] {logging_mixin.py:190} INFO - [READ 0] ESTE WORKER -> hostname=4970a61b9d60 pid=270
[2026-06-21T22:01:50.571+0000] {logging_mixin.py:190} INFO - [READ 0] Procurando arquivo: /tmp/celery_demo/data_0.txt
[2026-06-21T22:01:50.573+0000] {logging_mixin.py:190} INFO - ======================================================================
[2026-06-21T22:01:50.577+0000] {logging_mixin.py:190} INFO - [READ 0] SUCESSO — arquivo encontrado neste worker.
[2026-06-21T22:01:50.581+0000] {logging_mixin.py:190} INFO - [READ 0] Conteúdo: Arquivo 0 escrito por: hostname=4970a61b9d60 pid=257
[2026-06-21T22:01:50.585+0000] {logging_mixin.py:190} INFO - [READ 0] (write e read caíram no MESMO worker desta vez — por isso funcionou)
[2026-06-21T22:01:50.588+0000] {python.py:240} INFO - Done. Returned value was: None
[2026-06-21T22:01:50.616+0000] {taskinstance.py:341} INFO - ::group::Post task execution logs
[2026-06-21T22:01:50.618+0000] {taskinstance.py:353} INFO - Marking task as SUCCESS. dag_id=demo_tmp_celery_bug, task_id=read_0, run_id=manual__2026-06-21T22:01:45.763339+00:00, execution_date=20260621T220145, start_date=20260621T220149, end_date=20260621T220150
[2026-06-21T22:01:50.713+0000] {local_task_job_runner.py:266} INFO - Task exited with return code 0
[2026-06-21T22:01:50.776+0000] {taskinstance.py:3901} INFO - 0 downstream tasks scheduled from follow-on schedule check
[2026-06-21T22:01:50.799+0000] {local_task_job_runner.py:245} INFO - ::endgroup::
