[2026-06-21T21:57:00.777+0000] {local_task_job_runner.py:123} INFO - ::group::Pre task execution logs
[2026-06-21T21:57:00.843+0000] {taskinstance.py:2614} INFO - Dependencies all met for dep_context=non-requeueable deps ti=<TaskInstance: demo_tmp_celery_bug.read_4 manual__2026-06-21T21:56:51.160229+00:00 [queued]>
[2026-06-21T21:57:00.899+0000] {taskinstance.py:2614} INFO - Dependencies all met for dep_context=requeueable deps ti=<TaskInstance: demo_tmp_celery_bug.read_4 manual__2026-06-21T21:56:51.160229+00:00 [queued]>
[2026-06-21T21:57:00.912+0000] {taskinstance.py:2867} INFO - Starting attempt 1 of 1
[2026-06-21T21:57:00.998+0000] {taskinstance.py:2890} INFO - Executing <Task(PythonOperator): read_4> on 2026-06-21 21:56:51.160229+00:00
[2026-06-21T21:57:01.029+0000] {warnings.py:112} WARNING - /home/***/.local/lib/python3.12/site-packages/***/task/task_runner/standard_task_runner.py:70: DeprecationWarning: This process (pid=432) is multi-threaded, use of fork() may lead to deadlocks in the child.
  pid = os.fork()

[2026-06-21T21:57:01.035+0000] {standard_task_runner.py:72} INFO - Started process 450 to run task
[2026-06-21T21:57:01.039+0000] {standard_task_runner.py:104} INFO - Running: ['***', 'tasks', 'run', 'demo_tmp_celery_bug', 'read_4', 'manual__2026-06-21T21:56:51.160229+00:00', '--job-id', '218', '--raw', '--subdir', 'DAGS_FOLDER/demo_tmp_celery_bug.py', '--cfg-path', '/tmp/tmpjj814acf']
[2026-06-21T21:57:01.047+0000] {standard_task_runner.py:105} INFO - Job 218: Subtask read_4
[2026-06-21T21:57:01.341+0000] {task_command.py:467} INFO - Running <TaskInstance: demo_tmp_celery_bug.read_4 manual__2026-06-21T21:56:51.160229+00:00 [running]> on host 4970a61b9d60
[2026-06-21T21:57:01.676+0000] {taskinstance.py:3134} INFO - Exporting env vars: AIRFLOW_CTX_DAG_OWNER='***' AIRFLOW_CTX_DAG_ID='demo_tmp_celery_bug' AIRFLOW_CTX_TASK_ID='read_4' AIRFLOW_CTX_EXECUTION_DATE='2026-06-21T21:56:51.160229+00:00' AIRFLOW_CTX_TRY_NUMBER='1' AIRFLOW_CTX_DAG_RUN_ID='manual__2026-06-21T21:56:51.160229+00:00'
[2026-06-21T21:57:01.682+0000] {taskinstance.py:732} INFO - ::endgroup::
[2026-06-21T21:57:01.713+0000] {logging_mixin.py:190} INFO - ======================================================================
[2026-06-21T21:57:01.728+0000] {logging_mixin.py:190} INFO - [READ 4] ESTE WORKER -> hostname=4970a61b9d60 pid=450
[2026-06-21T21:57:01.732+0000] {logging_mixin.py:190} INFO - [READ 4] Procurando arquivo: /tmp/celery_demo/data_4.txt
[2026-06-21T21:57:01.733+0000] {logging_mixin.py:190} INFO - ======================================================================
[2026-06-21T21:57:01.734+0000] {logging_mixin.py:190} INFO - [READ 4] SUCESSO — arquivo encontrado neste worker.
[2026-06-21T21:57:01.735+0000] {logging_mixin.py:190} INFO - [READ 4] Conteúdo: Arquivo 4 escrito por: hostname=4970a61b9d60 pid=405
[2026-06-21T21:57:01.736+0000] {logging_mixin.py:190} INFO - [READ 4] (write e read caíram no MESMO worker desta vez — por isso funcionou)
[2026-06-21T21:57:01.737+0000] {python.py:240} INFO - Done. Returned value was: None
[2026-06-21T21:57:01.774+0000] {taskinstance.py:341} INFO - ::group::Post task execution logs
[2026-06-21T21:57:01.777+0000] {taskinstance.py:353} INFO - Marking task as SUCCESS. dag_id=demo_tmp_celery_bug, task_id=read_4, run_id=manual__2026-06-21T21:56:51.160229+00:00, execution_date=20260621T215651, start_date=20260621T215700, end_date=20260621T215701
[2026-06-21T21:57:01.852+0000] {local_task_job_runner.py:266} INFO - Task exited with return code 0
[2026-06-21T21:57:01.884+0000] {taskinstance.py:3901} INFO - 0 downstream tasks scheduled from follow-on schedule check
[2026-06-21T21:57:01.888+0000] {local_task_job_runner.py:245} INFO - ::endgroup::
