[2026-06-21T21:58:52.279+0000] {local_task_job_runner.py:123} INFO - ::group::Pre task execution logs
[2026-06-21T21:58:52.359+0000] {taskinstance.py:2614} INFO - Dependencies all met for dep_context=non-requeueable deps ti=<TaskInstance: demo_tmp_celery_bug.write_0 manual__2026-06-21T21:57:49.830888+00:00 [queued]>
[2026-06-21T21:58:52.400+0000] {taskinstance.py:2614} INFO - Dependencies all met for dep_context=requeueable deps ti=<TaskInstance: demo_tmp_celery_bug.write_0 manual__2026-06-21T21:57:49.830888+00:00 [queued]>
[2026-06-21T21:58:52.412+0000] {taskinstance.py:2867} INFO - Starting attempt 1 of 1
[2026-06-21T21:58:52.514+0000] {taskinstance.py:2890} INFO - Executing <Task(PythonOperator): write_0> on 2026-06-21 21:57:49.830888+00:00
[2026-06-21T21:58:52.622+0000] {warnings.py:112} WARNING - /home/***/.local/lib/python3.12/site-packages/***/task/task_runner/standard_task_runner.py:70: DeprecationWarning: This process (pid=763) is multi-threaded, use of fork() may lead to deadlocks in the child.
  pid = os.fork()

[2026-06-21T21:58:52.624+0000] {standard_task_runner.py:104} INFO - Running: ['***', 'tasks', 'run', 'demo_tmp_celery_bug', 'write_0', 'manual__2026-06-21T21:57:49.830888+00:00', '--job-id', '426', '--raw', '--subdir', 'DAGS_FOLDER/demo_tmp_celery_bug.py', '--cfg-path', '/tmp/tmp6oua74r6']
[2026-06-21T21:58:52.639+0000] {standard_task_runner.py:105} INFO - Job 426: Subtask write_0
[2026-06-21T21:58:52.646+0000] {standard_task_runner.py:72} INFO - Started process 775 to run task
[2026-06-21T21:58:52.986+0000] {task_command.py:467} INFO - Running <TaskInstance: demo_tmp_celery_bug.write_0 manual__2026-06-21T21:57:49.830888+00:00 [running]> on host 4970a61b9d60
[2026-06-21T21:58:53.654+0000] {taskinstance.py:3134} INFO - Exporting env vars: AIRFLOW_CTX_DAG_OWNER='***' AIRFLOW_CTX_DAG_ID='demo_tmp_celery_bug' AIRFLOW_CTX_TASK_ID='write_0' AIRFLOW_CTX_EXECUTION_DATE='2026-06-21T21:57:49.830888+00:00' AIRFLOW_CTX_TRY_NUMBER='1' AIRFLOW_CTX_DAG_RUN_ID='manual__2026-06-21T21:57:49.830888+00:00'
[2026-06-21T21:58:53.680+0000] {taskinstance.py:732} INFO - ::endgroup::
[2026-06-21T21:58:53.755+0000] {logging_mixin.py:190} INFO - ======================================================================
[2026-06-21T21:58:53.767+0000] {logging_mixin.py:190} INFO - [WRITE 0] Arquivo criado em: /tmp/celery_demo/data_0.txt
[2026-06-21T21:58:53.774+0000] {logging_mixin.py:190} INFO - [WRITE 0] ESTE WORKER -> hostname=4970a61b9d60 pid=775
[2026-06-21T21:58:53.780+0000] {logging_mixin.py:190} INFO - ======================================================================
[2026-06-21T21:58:53.785+0000] {logging_mixin.py:190} INFO - [WRITE 0] Se a read_0 cair em OUTRO worker, ela NÃO vai encontrar este arquivo.
[2026-06-21T21:58:53.787+0000] {python.py:240} INFO - Done. Returned value was: None
[2026-06-21T21:58:53.822+0000] {taskinstance.py:341} INFO - ::group::Post task execution logs
[2026-06-21T21:58:53.834+0000] {taskinstance.py:353} INFO - Marking task as SUCCESS. dag_id=demo_tmp_celery_bug, task_id=write_0, run_id=manual__2026-06-21T21:57:49.830888+00:00, execution_date=20260621T215749, start_date=20260621T215852, end_date=20260621T215853
[2026-06-21T21:58:54.047+0000] {local_task_job_runner.py:266} INFO - Task exited with return code 0
[2026-06-21T21:58:54.274+0000] {taskinstance.py:3901} INFO - 1 downstream tasks scheduled from follow-on schedule check
[2026-06-21T21:58:54.290+0000] {local_task_job_runner.py:245} INFO - ::endgroup::
