[2026-06-21T21:59:09.822+0000] {local_task_job_runner.py:123} INFO - ::group::Pre task execution logs
[2026-06-21T21:59:09.938+0000] {taskinstance.py:2614} INFO - Dependencies all met for dep_context=non-requeueable deps ti=<TaskInstance: demo_tmp_celery_bug.write_6 manual__2026-06-21T21:57:50.428461+00:00 [queued]>
[2026-06-21T21:59:10.054+0000] {taskinstance.py:2614} INFO - Dependencies all met for dep_context=requeueable deps ti=<TaskInstance: demo_tmp_celery_bug.write_6 manual__2026-06-21T21:57:50.428461+00:00 [queued]>
[2026-06-21T21:59:10.060+0000] {taskinstance.py:2867} INFO - Starting attempt 1 of 1
[2026-06-21T21:59:10.173+0000] {taskinstance.py:2890} INFO - Executing <Task(PythonOperator): write_6> on 2026-06-21 21:57:50.428461+00:00
[2026-06-21T21:59:10.209+0000] {warnings.py:112} WARNING - /home/***/.local/lib/python3.12/site-packages/***/task/task_runner/standard_task_runner.py:70: DeprecationWarning: This process (pid=833) is multi-threaded, use of fork() may lead to deadlocks in the child.
  pid = os.fork()

[2026-06-21T21:59:10.226+0000] {standard_task_runner.py:72} INFO - Started process 844 to run task
[2026-06-21T21:59:10.222+0000] {standard_task_runner.py:104} INFO - Running: ['***', 'tasks', 'run', 'demo_tmp_celery_bug', 'write_6', 'manual__2026-06-21T21:57:50.428461+00:00', '--job-id', '472', '--raw', '--subdir', 'DAGS_FOLDER/demo_tmp_celery_bug.py', '--cfg-path', '/tmp/tmpgvgna9uz']
[2026-06-21T21:59:10.239+0000] {standard_task_runner.py:105} INFO - Job 472: Subtask write_6
[2026-06-21T21:59:10.605+0000] {task_command.py:467} INFO - Running <TaskInstance: demo_tmp_celery_bug.write_6 manual__2026-06-21T21:57:50.428461+00:00 [running]> on host 4970a61b9d60
[2026-06-21T21:59:11.223+0000] {taskinstance.py:3134} INFO - Exporting env vars: AIRFLOW_CTX_DAG_OWNER='***' AIRFLOW_CTX_DAG_ID='demo_tmp_celery_bug' AIRFLOW_CTX_TASK_ID='write_6' AIRFLOW_CTX_EXECUTION_DATE='2026-06-21T21:57:50.428461+00:00' AIRFLOW_CTX_TRY_NUMBER='1' AIRFLOW_CTX_DAG_RUN_ID='manual__2026-06-21T21:57:50.428461+00:00'
[2026-06-21T21:59:11.238+0000] {taskinstance.py:732} INFO - ::endgroup::
[2026-06-21T21:59:11.281+0000] {logging_mixin.py:190} INFO - ======================================================================
[2026-06-21T21:59:11.282+0000] {logging_mixin.py:190} INFO - [WRITE 6] Arquivo criado em: /tmp/celery_demo/data_6.txt
[2026-06-21T21:59:11.284+0000] {logging_mixin.py:190} INFO - [WRITE 6] ESTE WORKER -> hostname=4970a61b9d60 pid=844
[2026-06-21T21:59:11.289+0000] {logging_mixin.py:190} INFO - ======================================================================
[2026-06-21T21:59:11.290+0000] {logging_mixin.py:190} INFO - [WRITE 6] Se a read_6 cair em OUTRO worker, ela NÃO vai encontrar este arquivo.
[2026-06-21T21:59:11.296+0000] {python.py:240} INFO - Done. Returned value was: None
[2026-06-21T21:59:11.376+0000] {taskinstance.py:341} INFO - ::group::Post task execution logs
[2026-06-21T21:59:11.385+0000] {taskinstance.py:353} INFO - Marking task as SUCCESS. dag_id=demo_tmp_celery_bug, task_id=write_6, run_id=manual__2026-06-21T21:57:50.428461+00:00, execution_date=20260621T215750, start_date=20260621T215909, end_date=20260621T215911
[2026-06-21T21:59:11.633+0000] {local_task_job_runner.py:266} INFO - Task exited with return code 0
[2026-06-21T21:59:11.684+0000] {local_task_job_runner.py:245} INFO - ::endgroup::
